#
# A fatal error has been detected by the Java Runtime Environment:
#
#  SIGSEGV (0xb) at pc=0x0000000041b6fefe, pid=23361, tid=0x00007f7bf3678700
#
# JRE version: OpenJDK Runtime Environment (8.0_92-b14) (build 1.8.0_92-b14)
# Java VM: OpenJDK 64-Bit Server VM (25.92-b14 mixed mode linux-amd64 compressed oops)
# Problematic frame:
# C  0x0000000041b6fefe
#
# Core dump written. Default location: /home/twittumz/Desktop/git/2DMapEditor/2dMapEditor/core or core.23361
#
# If you would like to submit a bug report, please visit:
#   http://bugreport.java.com/bugreport/crash.jsp
# The crash happened outside the Java Virtual Machine in native code.
# See problematic frame for where to report the bug.
#

---------------  T H R E A D  ---------------

Current thread (0x00007f7c202a5800):  JavaThread "AWT-EventQueue-0" [_thread_in_native, id=23390, stack(0x00007f7bf3578000,0x00007f7bf3679000)]

siginfo: si_signo: 11 (SIGSEGV), si_code: 1 (SEGV_MAPERR), si_addr: 0x0000000000000000

Registers:
RAX=0x00007f7b93052b60, RBX=0x000000004084b000, RCX=0x0000000000000000, RDX=0x0000000000000004
RSP=0x00007f7bf3676498, RBP=0x0000000000000040, RSI=0x0000000000000000, RDI=0x0000000000000000
R8 =0x00007f7ba0144d90, R9 =0x00000001020e5000, R10=0x00007f7ba11ac6d0, R11=0x0000000000000000
R12=0x0000000000000000, R13=0x0000000000000004, R14=0x0000000000000000, R15=0x00007f7ba0147f20
RIP=0x0000000041b6fefe, EFLAGS=0x0000000000010246, CSGSFS=0x002b000000000033, ERR=0x0000000000000004
  TRAPNO=0x000000000000000e

Top of Stack: (sp=0x00007f7bf3676498)
0x00007f7bf3676498:   00007f7b951b28c4 0000000500000000
0x00007f7bf36764a8:   000000004089bfa0 00007f7c202a5800
0x00007f7bf36764b8:   00007f7b951b333e 00007f7b93052b60
0x00007f7bf36764c8:   000000004084b000 000000004088fdf0
0x00007f7bf36764d8:   0000000000000005 0000000000000000
0x00007f7bf36764e8:   00007f7bf3676660 00007f7c202a5800
0x00007f7bf36764f8:   00007f7b94d9ec78 00007f7bf3676660
0x00007f7bf3676508:   00000004f218eba8 00007f7c200e4500
0x00007f7bf3676518:   00007f7c202a5800 00007f7c202a5800
0x00007f7bf3676528:   00007f7bf218eba8 00007f7bf3676590
0x00007f7bf3676538:   0000000000000000 00007f7bf218eba8
0x00007f7bf3676548:   00007f7bf152de78 00007f7bf3676590
0x00007f7bf3676558:   00007f7bf17df320 00000004f3519c28
0x00007f7bf3676568:   0000000500000000 00007f7bf3676660
0x00007f7bf3676578:   00007f7c202a59e0 00007f7bf3676618
0x00007f7bf3676588:   00007f7bf17df320 00007f7bf3676618
0x00007f7bf3676598:   00007f7c11017754 00007f7bf218eba8
0x00007f7bf36765a8:   0000000000000000 00007f7bf218eba8
0x00007f7bf36765b8:   00007f7bf3676660 00007f7bf3676618
0x00007f7bf36765c8:   00007f7c110174e7 00007f7c110174a2
0x00007f7bf36765d8:   00007f7bf36765d8 00007f7bf218eba8
0x00007f7bf36765e8:   00007f7bf3676660 00007f7bf2287028
0x00007f7bf36765f8:   0000000000000000 00007f7bf218eba8
0x00007f7bf3676608:   0000000000000000 00007f7bf3676638
0x00007f7bf3676618:   00007f7bf36766a8 00007f7c11007ffd
0x00007f7bf3676628:   0000000000000000 00007f7c11011278
0x00007f7bf3676638:   00007f7bf17df320 00007f7bf36766a8
0x00007f7bf3676648:   0000000000000004 0000000000000000
0x00007f7bf3676658:   0000000000000005 000000076d5143b8
0x00007f7bf3676668:   00007f7bf3676668 00007f7bf218eaf5
0x00007f7bf3676678:   00007f7bf36766e0 00007f7bf2287028
0x00007f7bf3676688:   0000000000000000 00007f7bf218eb08 

Instructions: (pc=0x0000000041b6fefe)
0x0000000041b6fede:   8b d1 49 8b cb 48 be 78 ca 89 40 00 00 00 00 48
0x0000000041b6feee:   8b 36 48 8b 76 08 48 8b f9 48 c1 e7 04 48 03 f7
0x0000000041b6fefe:   8b 3e 8b 6e 04 89 38 89 68 04 8b 7e 08 8b 6e 0c
0x0000000041b6ff0e:   89 78 08 89 68 0c 48 83 c0 10 ff c1 ff ca 75 c5 

Register to memory mapping:

RAX=0x00007f7b93052b60 is an unknown value
RBX=0x000000004084b000 is an unknown value
RCX=0x0000000000000000 is an unknown value
RDX=0x0000000000000004 is an unknown value
RSP=0x00007f7bf3676498 is pointing into the stack for thread: 0x00007f7c202a5800
RBP=0x0000000000000040 is an unknown value
RSI=0x0000000000000000 is an unknown value
RDI=0x0000000000000000 is an unknown value
R8 =0x00007f7ba0144d90 is an unknown value
R9 =0x00000001020e5000 is an unknown value
R10=0x00007f7ba11ac6d0 is an unknown value
R11=0x0000000000000000 is an unknown value
R12=0x0000000000000000 is an unknown value
R13=0x0000000000000004 is an unknown value
R14=0x0000000000000000 is an unknown value
R15=0x00007f7ba0147f20 is an unknown value


Stack: [0x00007f7bf3578000,0x00007f7bf3679000],  sp=0x00007f7bf3676498,  free space=1017k
Native frames: (J=compiled Java code, j=interpreted, Vv=VM code, C=native code)
C  0x0000000041b6fefe

Java frames: (J=compiled Java code, j=interpreted, Vv=VM code)
j  jogamp.opengl.gl4.GL4bcImpl.dispatch_glDrawArrays1(IIIJ)V+0
j  jogamp.opengl.gl4.GL4bcImpl.glDrawArrays(III)V+45
j  Engine.SpriteRenderer.Draw(Lcom/jogamp/opengl/GL2;)V+74
j  Engine.Engine.Render(Lcom/jogamp/opengl/GLAutoDrawable;)V+22
j  Editor.Window$1.display(Lcom/jogamp/opengl/GLAutoDrawable;)V+22
j  jogamp.opengl.GLDrawableHelper.displayImpl(Lcom/jogamp/opengl/GLAutoDrawable;)V+62
j  jogamp.opengl.GLDrawableHelper.display(Lcom/jogamp/opengl/GLAutoDrawable;)V+2
j  com.jogamp.opengl.awt.GLCanvas$11.run()V+118
j  jogamp.opengl.GLDrawableHelper.invokeGLImpl(Lcom/jogamp/opengl/GLDrawable;Lcom/jogamp/opengl/GLContext;Ljava/lang/Runnable;Ljava/lang/Runnable;)V+203
j  jogamp.opengl.GLDrawableHelper.invokeGL(Lcom/jogamp/opengl/GLDrawable;Lcom/jogamp/opengl/GLContext;Ljava/lang/Runnable;Ljava/lang/Runnable;)V+72
j  com.jogamp.opengl.awt.GLCanvas$12.run()V+104
j  java.awt.event.InvocationEvent.dispatch()V+11
j  java.awt.EventQueue.dispatchEventImpl(Ljava/awt/AWTEvent;Ljava/lang/Object;)V+21
j  java.awt.EventQueue.access$500(Ljava/awt/EventQueue;Ljava/awt/AWTEvent;Ljava/lang/Object;)V+3
j  java.awt.EventQueue$3.run()Ljava/lang/Void;+32
j  java.awt.EventQueue$3.run()Ljava/lang/Object;+1
v  ~StubRoutines::call_stub
j  java.security.AccessController.doPrivileged(Ljava/security/PrivilegedAction;Ljava/security/AccessControlContext;)Ljava/lang/Object;+0
j  java.security.ProtectionDomain$JavaSecurityAccessImpl.doIntersectionPrivilege(Ljava/security/PrivilegedAction;Ljava/security/AccessControlContext;Ljava/security/AccessControlContext;)Ljava/lang/Object;+18
j  java.awt.EventQueue.dispatchEvent(Ljava/awt/AWTEvent;)V+46
j  java.awt.EventDispatchThread.pumpOneEventForFilters(I)V+245
j  java.awt.EventDispatchThread.pumpEventsForFilter(ILjava/awt/Conditional;Ljava/awt/EventFilter;)V+35
j  java.awt.EventDispatchThread.pumpEventsForHierarchy(ILjava/awt/Conditional;Ljava/awt/Component;)V+11
j  java.awt.EventDispatchThread.pumpEvents(ILjava/awt/Conditional;)V+4
j  java.awt.EventDispatchThread.pumpEvents(Ljava/awt/Conditional;)V+3
j  java.awt.EventDispatchThread.run()V+9
v  ~StubRoutines::call_stub

---------------  P R O C E S S  ---------------

Java Threads: ( => current thread )
  0x00007f7c20008000 JavaThread "DestroyJavaVM" [_thread_blocked, id=23366, stack(0x00007f7c2983e000,0x00007f7c2993f000)]
  0x00007f7c205a6000 JavaThread "main-AWTAnimator#00" [_thread_blocked, id=23410, stack(0x00007f7b93ad6000,0x00007f7b93bd7000)]
  0x00007f7c2045a800 JavaThread "main-SharedResourceRunner" daemon [_thread_blocked, id=23398, stack(0x00007f7bf07cf000,0x00007f7bf08d0000)]
  0x00007f7c2043d800 JavaThread "main-SharedResourceRunner" daemon [_thread_blocked, id=23397, stack(0x00007f7bf2e16000,0x00007f7bf2f17000)]
  0x00007f7c202ef000 JavaThread "process reaper" daemon [_thread_blocked, id=23393, stack(0x00007f7bf333f000,0x00007f7bf3378000)]
=>0x00007f7c202a5800 JavaThread "AWT-EventQueue-0" [_thread_in_native, id=23390, stack(0x00007f7bf3578000,0x00007f7bf3679000)]
  0x00007f7c202a4000 JavaThread "AWT-Shutdown" [_thread_blocked, id=23389, stack(0x00007f7bf3679000,0x00007f7bf377a000)]
  0x00007f7c20299000 JavaThread "Image Fetcher 0" daemon [_thread_blocked, id=23388, stack(0x00007f7bf377a000,0x00007f7bf387b000)]
  0x00007f7c2025f800 JavaThread "AWT-XAWT" daemon [_thread_blocked, id=23387, stack(0x00007f7bf387b000,0x00007f7bf397c000)]
  0x00007f7c20238800 JavaThread "Java2D Disposer" daemon [_thread_blocked, id=23386, stack(0x00007f7bf8022000,0x00007f7bf8123000)]
  0x00007f7c200da000 JavaThread "Service Thread" daemon [_thread_blocked, id=23384, stack(0x00007f7bfac56000,0x00007f7bfad57000)]
  0x00007f7c200c5000 JavaThread "C1 CompilerThread3" daemon [_thread_blocked, id=23383, stack(0x00007f7bfad57000,0x00007f7bfae58000)]
  0x00007f7c200c3000 JavaThread "C2 CompilerThread2" daemon [_thread_blocked, id=23382, stack(0x00007f7bfae58000,0x00007f7bfaf59000)]
  0x00007f7c200c1000 JavaThread "C2 CompilerThread1" daemon [_thread_blocked, id=23381, stack(0x00007f7bfaf59000,0x00007f7bfb05a000)]
  0x00007f7c200be000 JavaThread "C2 CompilerThread0" daemon [_thread_blocked, id=23380, stack(0x00007f7bfb05a000,0x00007f7bfb15b000)]
  0x00007f7c200bc800 JavaThread "Signal Dispatcher" daemon [_thread_blocked, id=23379, stack(0x00007f7bfb15b000,0x00007f7bfb25c000)]
  0x00007f7c2008a000 JavaThread "Finalizer" daemon [_thread_blocked, id=23378, stack(0x00007f7bfb3f4000,0x00007f7bfb4f5000)]
  0x00007f7c20085800 JavaThread "Reference Handler" daemon [_thread_blocked, id=23377, stack(0x00007f7bfb4f5000,0x00007f7bfb5f6000)]

Other Threads:
  0x00007f7c2007e000 VMThread [stack: 0x00007f7bfb5f6000,0x00007f7bfb6f7000] [id=23376]
  0x00007f7c200dc800 WatcherThread [stack: 0x00007f7bfab55000,0x00007f7bfac56000] [id=23385]

VM state:not at safepoint (normal execution)

VM Mutex/Monitor currently owned by a thread: None

Heap:
 PSYoungGen      total 74752K, used 33955K [0x000000076cd80000, 0x0000000772080000, 0x00000007c0000000)
  eden space 64512K, 52% used [0x000000076cd80000,0x000000076eea8ee8,0x0000000770c80000)
  from space 10240K, 0% used [0x0000000771680000,0x0000000771680000,0x0000000772080000)
  to   space 10240K, 0% used [0x0000000770c80000,0x0000000770c80000,0x0000000771680000)
 ParOldGen       total 171008K, used 0K [0x00000006c6800000, 0x00000006d0f00000, 0x000000076cd80000)
  object space 171008K, 0% used [0x00000006c6800000,0x00000006c6800000,0x00000006d0f00000)
 Metaspace       used 17415K, capacity 17604K, committed 17792K, reserved 1064960K
  class space    used 1775K, capacity 1869K, committed 1920K, reserved 1048576K

Card table byte_map: [0x00007f7c2633e000,0x00007f7c26b0b000] byte_map_base: 0x00007f7c22d0a000

Marking Bits: (ParMarkBitMap*) 0x00007f7c28b51540
 Begin Bits: [0x00007f7bdc340000, 0x00007f7be01a0000)
 End Bits:   [0x00007f7be01a0000, 0x00007f7be4000000)

Polling page: 0x00007f7c29974000

CodeCache: size=245760Kb used=3492Kb max_used=3492Kb free=242267Kb
 bounds [0x00007f7c11000000, 0x00007f7c11370000, 0x00007f7c20000000]
 total_blobs=1806 nmethods=855 adapters=866
 compilation: enabled

Compilation events (10 events):
Event: 1.203 Thread 0x00007f7c200c1000 nmethod 846 0x00007f7c11365f10 code [0x00007f7c11366080, 0x00007f7c11366818]
Event: 1.203 Thread 0x00007f7c200c3000 nmethod 852 0x00007f7c11362f10 code [0x00007f7c11363060, 0x00007f7c11363158]
Event: 1.204 Thread 0x00007f7c200c5000 nmethod 851 0x00007f7c11363750 code [0x00007f7c11363a00, 0x00007f7c11365148]
Event: 1.204 Thread 0x00007f7c200c5000  853       1       com.jogamp.common.util.VersionNumber::getMajor (5 bytes)
Event: 1.204 Thread 0x00007f7c200c5000 nmethod 853 0x00007f7c11362b90 code [0x00007f7c11362ce0, 0x00007f7c11362df0]
Event: 1.208 Thread 0x00007f7c200be000 nmethod 848 0x00007f7c1136a450 code [0x00007f7c1136a600, 0x00007f7c1136b118]
Event: 1.214 Thread 0x00007f7c200c5000  854       3       java.util.jar.Attributes$Name::equals (39 bytes)
Event: 1.214 Thread 0x00007f7c200c5000 nmethod 854 0x00007f7c11369650 code [0x00007f7c113697e0, 0x00007f7c11369c88]
Event: 1.214 Thread 0x00007f7c200c5000  855       3       sun.misc.ASCIICaseInsensitiveComparator::compare (13 bytes)
Event: 1.214 Thread 0x00007f7c200c5000 nmethod 855 0x00007f7c11369090 code [0x00007f7c11369220, 0x00007f7c11369588]

GC Heap History (0 events):
No events

Deoptimization events (10 events):
Event: 0.910 Thread 0x00007f7c205a6000 Uncommon trap: reason=unstable_if action=reinterpret pc=0x00007f7c1131df8c method=java.awt.Component.isDisplayable()Z @ 4
Event: 0.910 Thread 0x00007f7c205a6000 Uncommon trap: reason=unstable_if action=reinterpret pc=0x00007f7c11318008 method=java.awt.Component.isDisplayable()Z @ 4
Event: 0.910 Thread 0x00007f7c205a6000 Uncommon trap: reason=unstable_if action=reinterpret pc=0x00007f7c1131c94c method=java.awt.Component.isDisplayable()Z @ 4
Event: 0.917 Thread 0x00007f7c205a6000 Uncommon trap: reason=unstable_if action=reinterpret pc=0x00007f7c113410b4 method=com.jogamp.opengl.awt.GLCanvas.validateGLDrawable()Z @ 22
Event: 0.919 Thread 0x00007f7c205a6000 Uncommon trap: reason=unstable_if action=reinterpret pc=0x00007f7c113438e8 method=com.jogamp.opengl.awt.GLCanvas.validateGLDrawable()Z @ 22
Event: 0.924 Thread 0x00007f7c205a6000 Uncommon trap: reason=unstable_if action=reinterpret pc=0x00007f7c1131fccc method=java.awt.Component.isDisplayable()Z @ 4
Event: 0.926 Thread 0x00007f7c205a6000 Uncommon trap: reason=unstable_if action=reinterpret pc=0x00007f7c11345af4 method=com.jogamp.opengl.awt.GLCanvas.validateGLDrawable()Z @ 22
Event: 0.975 Thread 0x00007f7c205a6000 Uncommon trap: reason=unstable_if action=reinterpret pc=0x00007f7c1134ee00 method=com.jogamp.opengl.awt.GLCanvas.validateGLDrawable()Z @ 43
Event: 0.976 Thread 0x00007f7c205a6000 Uncommon trap: reason=unstable_if action=reinterpret pc=0x00007f7c1134d390 method=com.jogamp.opengl.awt.GLCanvas.display()V @ 4
Event: 0.976 Thread 0x00007f7c205a6000 Uncommon trap: reason=unstable_if action=reinterpret pc=0x00007f7c1134c3d0 method=com.jogamp.opengl.awt.GLCanvas.display()V @ 4

Internal exceptions (10 events):
Event: 0.070 Thread 0x00007f7c20008000 Exception <a 'java/io/FileNotFoundException'> (0x000000076d0f2018) thrown at [/build/java8-openjdk/src/jdk8u-jdk8u92-b14/hotspot/src/share/vm/prims/jni.cpp, line 709]
Event: 0.070 Thread 0x00007f7c20008000 Exception <a 'java/io/FileNotFoundException'> (0x000000076d0f2a08) thrown at [/build/java8-openjdk/src/jdk8u-jdk8u92-b14/hotspot/src/share/vm/prims/jni.cpp, line 709]
Event: 0.077 Thread 0x00007f7c20008000 Exception <a 'java/lang/ClassNotFoundException': sun/dc/DuctusRenderingEngine> (0x000000076d10ad48) thrown at [/build/java8-openjdk/src/jdk8u-jdk8u92-b14/hotspot/src/share/vm/classfile/systemDictionary.cpp, line 210]
Event: 0.904 Thread 0x00007f7c20008000 Exception <a 'java/lang/reflect/InvocationTargetException'> (0x000000076e339488) thrown at [/build/java8-openjdk/src/jdk8u-jdk8u92-b14/hotspot/src/share/vm/runtime/reflection.cpp, line 1092]
Event: 0.909 Thread 0x00007f7c20008000 Exception <a 'java/lang/reflect/InvocationTargetException'> (0x000000076e348f38) thrown at [/build/java8-openjdk/src/jdk8u-jdk8u92-b14/hotspot/src/share/vm/runtime/reflection.cpp, line 1092]
Event: 0.914 Thread 0x00007f7c20008000 Exception <a 'java/lang/reflect/InvocationTargetException'> (0x000000076ec516d0) thrown at [/build/java8-openjdk/src/jdk8u-jdk8u92-b14/hotspot/src/share/vm/runtime/reflection.cpp, line 1092]
Event: 0.915 Thread 0x00007f7c20008000 Exception <a 'java/lang/reflect/InvocationTargetException'> (0x000000076ec6a2c8) thrown at [/build/java8-openjdk/src/jdk8u-jdk8u92-b14/hotspot/src/share/vm/runtime/reflection.cpp, line 1092]
Event: 0.975 Thread 0x00007f7c202a5800 Exception <a 'java/lang/reflect/InvocationTargetException'> (0x000000076d5114a8) thrown at [/build/java8-openjdk/src/jdk8u-jdk8u92-b14/hotspot/src/share/vm/runtime/reflection.cpp, line 1092]
Event: 0.976 Thread 0x00007f7c202a5800 Exception <a 'java/lang/reflect/InvocationTargetException'> (0x000000076d511b58) thrown at [/build/java8-openjdk/src/jdk8u-jdk8u92-b14/hotspot/src/share/vm/runtime/reflection.cpp, line 1092]
Event: 0.978 Thread 0x00007f7c202a5800 Exception <a 'java/lang/reflect/InvocationTargetException'> (0x000000076d512b70) thrown at [/build/java8-openjdk/src/jdk8u-jdk8u92-b14/hotspot/src/share/vm/runtime/reflection.cpp, line 1092]

Events (10 events):
Event: 1.214 loading class java/nio/HeapFloatBuffer
Event: 1.214 loading class java/nio/HeapFloatBuffer done
Event: 1.214 loading class com/jogamp/opengl/math/FloatUtil
Event: 1.214 loading class com/jogamp/opengl/math/FloatUtil done
Event: 1.215 loading class com/jogamp/common/util/FloatStack
Event: 1.215 loading class com/jogamp/common/util/FloatStack done
Event: 1.215 loading class com/jogamp/common/util/PrimitiveStack
Event: 1.215 loading class com/jogamp/common/util/PrimitiveStack done
Event: 1.215 loading class com/jogamp/opengl/math/VectorUtil
Event: 1.215 loading class com/jogamp/opengl/math/VectorUtil done


Dynamic libraries:
00400000-00401000 r-xp 00000000 08:03 5905458                            /usr/lib/jvm/java-8-openjdk/jre/bin/java
00600000-00601000 rw-p 00000000 08:03 5905458                            /usr/lib/jvm/java-8-openjdk/jre/bin/java
012a9000-012ca000 rw-p 00000000 00:00 0                                  [heap]
4084b000-408eb000 rw-p 00000000 00:00 0 
41ac4000-41b64000 rw-p 00000000 00:00 0 
41b6e000-41b70000 r-xs 00000000 00:23 307874                             /tmp/.glzHd18R (deleted)
6c6800000-6d0f00000 rw-p 00000000 00:00 0 
6d0f00000-76cd80000 ---p 00000000 00:00 0 
76cd80000-772080000 rw-p 00000000 00:00 0 
772080000-7c0000000 ---p 00000000 00:00 0 
7c0000000-7c01e0000 rw-p 00000000 00:00 0 
7c01e0000-800000000 ---p 00000000 00:00 0 
7f7b8c000000-7f7b8c021000 rw-p 00000000 00:00 0 
7f7b8c021000-7f7b90000000 ---p 00000000 00:00 0 
7f7b93050000-7f7b93150000 rw-s 4308d4000 00:06 15720                     /dev/nvidiactl
7f7b93150000-7f7b93163000 rw-s 376036000 00:06 15720                     /dev/nvidiactl
7f7b93163000-7f7b93183000 rw-s c03c0000 00:06 16655                      /dev/nvidia0
7f7b93183000-7f7b931c3000 rw-s 372ead000 00:06 15720                     /dev/nvidiactl
7f7b931c3000-7f7b931e3000 rw-s 3cbff0000 00:06 15720                     /dev/nvidiactl
7f7b931e3000-7f7b93223000 rw-s 3ed8cd000 00:06 15720                     /dev/nvidiactl
7f7b93223000-7f7b93243000 rw-s 438c16000 00:06 15720                     /dev/nvidiactl
7f7b93243000-7f7b93283000 rw-s 3f083c000 00:06 15720                     /dev/nvidiactl
7f7b93283000-7f7b93287000 r-xp 00000000 08:03 5249369                    /usr/lib/libcap.so.2.25
7f7b93287000-7f7b93486000 ---p 00004000 08:03 5249369                    /usr/lib/libcap.so.2.25
7f7b93486000-7f7b93487000 rw-p 00003000 08:03 5249369                    /usr/lib/libcap.so.2.25
7f7b93487000-7f7b9349b000 r-xp 00000000 08:03 5246162                    /usr/lib/libresolv-2.23.so
7f7b9349b000-7f7b9369a000 ---p 00014000 08:03 5246162                    /usr/lib/libresolv-2.23.so
7f7b9369a000-7f7b9369b000 r--p 00013000 08:03 5246162                    /usr/lib/libresolv-2.23.so
7f7b9369b000-7f7b9369c000 rw-p 00014000 08:03 5246162                    /usr/lib/libresolv-2.23.so
7f7b9369c000-7f7b9369e000 rw-p 00000000 00:00 0 
7f7b9369e000-7f7b936a3000 r-xp 00000000 08:03 5246154                    /usr/lib/libnss_dns-2.23.so
7f7b936a3000-7f7b938a2000 ---p 00005000 08:03 5246154                    /usr/lib/libnss_dns-2.23.so
7f7b938a2000-7f7b938a3000 r--p 00004000 08:03 5246154                    /usr/lib/libnss_dns-2.23.so
7f7b938a3000-7f7b938a4000 rw-p 00005000 08:03 5246154                    /usr/lib/libnss_dns-2.23.so
7f7b938b6000-7f7b938d6000 rw-s 6acd6000 00:06 15720                      /dev/nvidiactl
7f7b938d6000-7f7b93a56000 rw-p 00000000 00:00 0 
7f7b93a56000-7f7b93ad6000 ---p 00000000 00:00 0 
7f7b93ad6000-7f7b93ad9000 ---p 00000000 00:00 0 
7f7b93ad9000-7f7b93bd7000 rw-p 00000000 00:00 0 
7f7b93bd7000-7f7b93c57000 rw-s 3f0b6f000 00:06 15720                     /dev/nvidiactl
7f7b93c57000-7f7b93cd7000 rw-s 3fc59f000 00:06 15720                     /dev/nvidiactl
7f7b93cd7000-7f7b93d57000 rw-s 3dadff000 00:06 15720                     /dev/nvidiactl
7f7b93d57000-7f7b93e57000 rw-s 4036ce000 00:06 15720                     /dev/nvidiactl
7f7b93e57000-7f7b93e6a000 rw-s 403624000 00:06 15720                     /dev/nvidiactl
7f7b93e6a000-7f7b93e8a000 rw-s c0380000 00:06 16655                      /dev/nvidia0
7f7b93e8a000-7f7b93eca000 rw-s 3ca860000 00:06 15720                     /dev/nvidiactl
7f7b93eca000-7f7b93f0a000 rw-s 3cbca9000 00:06 15720                     /dev/nvidiactl
7f7b93f0a000-7f7b9400e000 rw-s 448ce6000 00:06 15720                     /dev/nvidiactl
7f7b9400e000-7f7b953a3000 r-xp 00000000 08:03 5268236                    /usr/lib/libnvidia-glcore.so.367.27
7f7b953a3000-7f7b953c3000 rwxp 01395000 08:03 5268236                    /usr/lib/libnvidia-glcore.so.367.27
7f7b953c3000-7f7b95763000 r-xp 013b5000 08:03 5268236                    /usr/lib/libnvidia-glcore.so.367.27
7f7b95763000-7f7b95963000 ---p 01755000 08:03 5268236                    /usr/lib/libnvidia-glcore.so.367.27
7f7b95963000-7f7b95d2b000 rw-p 01755000 08:03 5268236                    /usr/lib/libnvidia-glcore.so.367.27
7f7b95d2b000-7f7b95d43000 rw-p 00000000 00:00 0 
7f7b95d43000-7f7b95d46000 r-xp 00000000 08:03 5773637                    /usr/lib/tls/libnvidia-tls.so.367.27
7f7b95d46000-7f7b95f46000 ---p 00003000 08:03 5773637                    /usr/lib/tls/libnvidia-tls.so.367.27
7f7b95f46000-7f7b95f47000 rw-p 00003000 08:03 5773637                    /usr/lib/tls/libnvidia-tls.so.367.27
7f7b95f47000-7f7b9600f000 r-xp 00000000 08:03 5268220                    /usr/lib/libGLX_nvidia.so.367.27
7f7b9600f000-7f7b96043000 rwxp 000c8000 08:03 5268220                    /usr/lib/libGLX_nvidia.so.367.27
7f7b96043000-7f7b96056000 r-xp 000fc000 08:03 5268220                    /usr/lib/libGLX_nvidia.so.367.27
7f7b96056000-7f7b96256000 ---p 0010f000 08:03 5268220                    /usr/lib/libGLX_nvidia.so.367.27
7f7b96256000-7f7b9627e000 rw-p 0010f000 08:03 5268220                    /usr/lib/libGLX_nvidia.so.367.27
7f7b9627e000-7f7b96285000 rw-p 00000000 00:00 0 
7f7b96285000-7f7b96287000 r-xp 00000000 08:03 5269221                    /usr/lib/libXinerama.so.1.0.0
7f7b96287000-7f7b96486000 ---p 00002000 08:03 5269221                    /usr/lib/libXinerama.so.1.0.0
7f7b96486000-7f7b96487000 r--p 00001000 08:03 5269221                    /usr/lib/libXinerama.so.1.0.0
7f7b96487000-7f7b96488000 rw-p 00002000 08:03 5269221                    /usr/lib/libXinerama.so.1.0.0
7f7b96488000-7f7b97a54000 r-xp 00000000 08:03 5268233                    /usr/lib/libnvidia-eglcore.so.367.27
7f7b97a54000-7f7b97c54000 ---p 015cc000 08:03 5268233                    /usr/lib/libnvidia-eglcore.so.367.27
7f7b97c54000-7f7b97fec000 rw-p 015cc000 08:03 5268233                    /usr/lib/libnvidia-eglcore.so.367.27
7f7b97fec000-7f7b98000000 rw-p 00000000 00:00 0 
7f7b98000000-7f7b9855e000 rw-p 00000000 00:00 0 
7f7b9855e000-7f7b9c000000 ---p 00000000 00:00 0 
7f7b9c000000-7f7b9c4f4000 rw-p 00000000 00:00 0 
7f7b9c4f4000-7f7ba0000000 ---p 00000000 00:00 0 
7f7ba0000000-7f7ba11be000 rw-p 00000000 00:00 0 
7f7ba11be000-7f7ba4000000 ---p 00000000 00:00 0 
7f7ba4000000-7f7ba4021000 rw-p 00000000 00:00 0 
7f7ba4021000-7f7ba8000000 ---p 00000000 00:00 0 
7f7ba8000000-7f7ba8027000 rw-p 00000000 00:00 0 
7f7ba8027000-7f7bac000000 ---p 00000000 00:00 0 
7f7bac000000-7f7bac021000 rw-p 00000000 00:00 0 
7f7bac021000-7f7bb0000000 ---p 00000000 00:00 0 
7f7bb0000000-7f7bb0021000 rw-p 00000000 00:00 0 
7f7bb0021000-7f7bb4000000 ---p 00000000 00:00 0 
7f7bb4000000-7f7bb4021000 rw-p 00000000 00:00 0 
7f7bb4021000-7f7bb8000000 ---p 00000000 00:00 0 
7f7bb8000000-7f7bb8021000 rw-p 00000000 00:00 0 
7f7bb8021000-7f7bbc000000 ---p 00000000 00:00 0 
7f7bbc000000-7f7bbc021000 rw-p 00000000 00:00 0 
7f7bbc021000-7f7bc0000000 ---p 00000000 00:00 0 
7f7bc0000000-7f7bc0156000 rw-p 00000000 00:00 0 
7f7bc0156000-7f7bc4000000 ---p 00000000 00:00 0 
7f7bc4000000-7f7bc42c1000 rw-p 00000000 00:00 0 
7f7bc42c1000-7f7bc8000000 ---p 00000000 00:00 0 
7f7bc8000000-7f7bc80ab000 rw-p 00000000 00:00 0 
7f7bc80ab000-7f7bcc000000 ---p 00000000 00:00 0 
7f7bcc000000-7f7bcc18f000 rw-p 00000000 00:00 0 
7f7bcc18f000-7f7bd0000000 ---p 00000000 00:00 0 
7f7bd0000000-7f7bd0021000 rw-p 00000000 00:00 0 
7f7bd0021000-7f7bd4000000 ---p 00000000 00:00 0 
7f7bd4000000-7f7bd4021000 rw-p 00000000 00:00 0 
7f7bd4021000-7f7bd8000000 ---p 00000000 00:00 0 
7f7bd8000000-7f7bd8021000 rw-p 00000000 00:00 0 
7f7bd8021000-7f7bdc000000 ---p 00000000 00:00 0 
7f7bdc001000-7f7bdc041000 rw-s 3cbcb2000 00:06 15720                     /dev/nvidiactl
7f7bdc041000-7f7bdc04c000 r-xp 00000000 08:03 5268224                    /usr/lib/libGLESv1_CM_nvidia.so.367.27
7f7bdc04c000-7f7bdc24b000 ---p 0000b000 08:03 5268224                    /usr/lib/libGLESv1_CM_nvidia.so.367.27
7f7bdc24b000-7f7bdc24e000 rw-p 0000a000 08:03 5268224                    /usr/lib/libGLESv1_CM_nvidia.so.367.27
7f7bdc260000-7f7bdc280000 rw-s 3edaea000 00:06 15720                     /dev/nvidiactl
7f7bdc280000-7f7bdc2c0000 rw-s 00000000 08:03 3154616                    /home/twittumz/#3154616 (deleted)
7f7bdc2c0000-7f7bdc340000 rw-s 79497000 00:06 15720                      /dev/nvidiactl
7f7bdc340000-7f7be4000000 rw-p 00000000 00:00 0 
7f7be4000000-7f7be4021000 rw-p 00000000 00:00 0 
7f7be4021000-7f7be8000000 ---p 00000000 00:00 0 
7f7be8000000-7f7be8021000 rw-p 00000000 00:00 0 
7f7be8021000-7f7bec000000 ---p 00000000 00:00 0 
7f7bec000000-7f7bec021000 rw-p 00000000 00:00 0 
7f7bec021000-7f7bf0000000 ---p 00000000 00:00 0 
7f7bf0009000-7f7bf0029000 rw-s 372ddd000 00:06 15720                     /dev/nvidiactl
7f7bf0029000-7f7bf0069000 r-xs 00000000 08:03 3154616                    /home/twittumz/#3154616 (deleted)
7f7bf0069000-7f7bf00e9000 rw-s 3bffda000 00:06 15720                     /dev/nvidiactl
7f7bf00e9000-7f7bf0169000 rw-s 3f05fa000 00:06 15720                     /dev/nvidiactl
7f7bf0169000-7f7bf0269000 rw-s 375526000 00:06 15720                     /dev/nvidiactl
7f7bf0269000-7f7bf02a9000 rw-s 3cbffd000 00:06 15720                     /dev/nvidiactl
7f7bf02a9000-7f7bf02b8000 r-xp 00000000 08:03 5268258                    /usr/lib/libGLESv2_nvidia.so.367.27
7f7bf02b8000-7f7bf04b8000 ---p 0000f000 08:03 5268258                    /usr/lib/libGLESv2_nvidia.so.367.27
7f7bf04b8000-7f7bf04bc000 rw-p 0000f000 08:03 5268258                    /usr/lib/libGLESv2_nvidia.so.367.27
7f7bf04bc000-7f7bf05c0000 rw-s 448ce6000 00:06 15720                     /dev/nvidiactl
7f7bf05c0000-7f7bf05ce000 r-xp 00000000 08:03 5264554                    /usr/lib/libdrm.so.2.4.0
7f7bf05ce000-7f7bf07cd000 ---p 0000e000 08:03 5264554                    /usr/lib/libdrm.so.2.4.0
7f7bf07cd000-7f7bf07ce000 r--p 0000d000 08:03 5264554                    /usr/lib/libdrm.so.2.4.0
7f7bf07ce000-7f7bf07cf000 rw-p 0000e000 08:03 5264554                    /usr/lib/libdrm.so.2.4.0
7f7bf07cf000-7f7bf07d2000 ---p 00000000 00:00 0 
7f7bf07d2000-7f7bf08d0000 rw-p 00000000 00:00 0 
7f7bf08d0000-7f7bf092c000 r-xp 00000000 00:23 305968                     /tmp/jogamp_0000/file_cache/jln5110724700386343926/jln6596875522392765178/natives/linux-amd64/libjogl_mobile.so
7f7bf092c000-7f7bf0b2c000 ---p 0005c000 00:23 305968                     /tmp/jogamp_0000/file_cache/jln5110724700386343926/jln6596875522392765178/natives/linux-amd64/libjogl_mobile.so
7f7bf0b2c000-7f7bf0b2d000 rw-p 0005c000 00:23 305968                     /tmp/jogamp_0000/file_cache/jln5110724700386343926/jln6596875522392765178/natives/linux-amd64/libjogl_mobile.so
7f7bf0b2d000-7f7bf0b9f000 r-xp 00000000 08:03 5268234                    /usr/lib/libnvidia-glsi.so.367.27
7f7bf0b9f000-7f7bf0d9e000 ---p 00072000 08:03 5268234                    /usr/lib/libnvidia-glsi.so.367.27
7f7bf0d9e000-7f7bf0da7000 rw-p 00071000 08:03 5268234                    /usr/lib/libnvidia-glsi.so.367.27
7f7bf0da7000-7f7bf0db6000 rw-p 00000000 00:00 0 
7f7bf0db6000-7f7bf0e81000 r-xp 00000000 08:03 5268259                    /usr/lib/libEGL_nvidia.so.367.27
7f7bf0e81000-7f7bf1080000 ---p 000cb000 08:03 5268259                    /usr/lib/libEGL_nvidia.so.367.27
7f7bf1080000-7f7bf10ab000 rw-p 000ca000 08:03 5268259                    /usr/lib/libEGL_nvidia.so.367.27
7f7bf10ab000-7f7bf10bf000 rw-p 00000000 00:00 0 
7f7bf10bf000-7f7bf10c3000 r-xp 00000000 08:03 5773639                    /usr/lib/nvidia/libEGL.so.1
7f7bf10c3000-7f7bf12c2000 ---p 00004000 08:03 5773639                    /usr/lib/nvidia/libEGL.so.1
7f7bf12c2000-7f7bf12c3000 rw-p 00003000 08:03 5773639                    /usr/lib/nvidia/libEGL.so.1
7f7bf12c3000-7f7bf12c8000 r-xp 00000000 08:03 5773617                    /usr/lib/nvidia/libGLESv2.so.2.0.0
7f7bf12c8000-7f7bf12ca000 r-xp 00005000 08:03 5773617                    /usr/lib/nvidia/libGLESv2.so.2.0.0
7f7bf12ca000-7f7bf12ce000 r-xp 00007000 08:03 5773617                    /usr/lib/nvidia/libGLESv2.so.2.0.0
7f7bf12ce000-7f7bf14cd000 ---p 0000b000 08:03 5773617                    /usr/lib/nvidia/libGLESv2.so.2.0.0
7f7bf14cd000-7f7bf14ce000 r--p 0000a000 08:03 5773617                    /usr/lib/nvidia/libGLESv2.so.2.0.0
7f7bf14ce000-7f7bf14cf000 rw-p 0000b000 08:03 5773617                    /usr/lib/nvidia/libGLESv2.so.2.0.0
7f7bf14cf000-7f7bf1587000 r-xp 00000000 00:23 305967                     /tmp/jogamp_0000/file_cache/jln5110724700386343926/jln6596875522392765178/natives/linux-amd64/libjogl_desktop.so
7f7bf1587000-7f7bf1787000 ---p 000b8000 00:23 305967                     /tmp/jogamp_0000/file_cache/jln5110724700386343926/jln6596875522392765178/natives/linux-amd64/libjogl_desktop.so
7f7bf1787000-7f7bf1788000 rw-p 000b8000 00:23 305967                     /tmp/jogamp_0000/file_cache/jln5110724700386343926/jln6596875522392765178/natives/linux-amd64/libjogl_desktop.so
7f7bf1788000-7f7bf17db000 r-xp 00000000 08:03 5268203                    /usr/lib/libGLdispatch.so.0.0.0
7f7bf17db000-7f7bf17f4000 r-xp 00053000 08:03 5268203                    /usr/lib/libGLdispatch.so.0.0.0
7f7bf17f4000-7f7bf182f000 r-xp 0006c000 08:03 5268203                    /usr/lib/libGLdispatch.so.0.0.0
7f7bf182f000-7f7bf1a2e000 ---p 000a7000 08:03 5268203                    /usr/lib/libGLdispatch.so.0.0.0
7f7bf1a2e000-7f7bf1a3d000 r--p 000a6000 08:03 5268203                    /usr/lib/libGLdispatch.so.0.0.0
7f7bf1a3d000-7f7bf1a3e000 rw-p 000b5000 08:03 5268203                    /usr/lib/libGLdispatch.so.0.0.0
7f7bf1a3e000-7f7bf1a5e000 rw-p 00000000 00:00 0 
7f7bf1a5e000-7f7bf1a6e000 r-xp 00000000 08:03 5268199                    /usr/lib/libGLX.so.0.0.0
7f7bf1a6e000-7f7bf1c6e000 ---p 00010000 08:03 5268199                    /usr/lib/libGLX.so.0.0.0
7f7bf1c6e000-7f7bf1c6f000 r--p 00010000 08:03 5268199                    /usr/lib/libGLX.so.0.0.0
7f7bf1c6f000-7f7bf1c70000 rw-p 00011000 08:03 5268199                    /usr/lib/libGLX.so.0.0.0
7f7bf1c70000-7f7bf1c90000 rw-p 00000000 00:00 0 
7f7bf1c90000-7f7bf1cc0000 r-xp 00000000 08:03 5773620                    /usr/lib/nvidia/libGL.so.1.0.0
7f7bf1cc0000-7f7bf1cd9000 r-xp 00030000 08:03 5773620                    /usr/lib/nvidia/libGL.so.1.0.0
7f7bf1cd9000-7f7bf1d04000 r-xp 00049000 08:03 5773620                    /usr/lib/nvidia/libGL.so.1.0.0
7f7bf1d04000-7f7bf1f04000 ---p 00074000 08:03 5773620                    /usr/lib/nvidia/libGL.so.1.0.0
7f7bf1f04000-7f7bf1f05000 r--p 00074000 08:03 5773620                    /usr/lib/nvidia/libGL.so.1.0.0
7f7bf1f05000-7f7bf1f06000 rw-p 00075000 08:03 5773620                    /usr/lib/nvidia/libGL.so.1.0.0
7f7bf1f06000-7f7bf2107000 rw-p 00000000 00:00 0 
7f7bf2107000-7f7bf2307000 rw-p 00000000 00:00 0 
7f7bf2312000-7f7bf2332000 rw-s c0340000 00:06 16655                      /dev/nvidia0
7f7bf2332000-7f7bf2352000 rw-s 4082cb000 00:06 15720                     /dev/nvidiactl
7f7bf2352000-7f7bf2392000 rw-s 3a8510000 00:06 15720                     /dev/nvidiactl
7f7bf2392000-7f7bf23d2000 rw-s 3e58e1000 00:06 15720                     /dev/nvidiactl
7f7bf23d2000-7f7bf23d9000 r-xp 00000000 00:23 305970                     /tmp/jogamp_0000/file_cache/jln5110724700386343926/jln6596875522392765178/natives/linux-amd64/libnativewindow_x11.so
7f7bf23d9000-7f7bf25d8000 ---p 00007000 00:23 305970                     /tmp/jogamp_0000/file_cache/jln5110724700386343926/jln6596875522392765178/natives/linux-amd64/libnativewindow_x11.so
7f7bf25d8000-7f7bf25d9000 rw-p 00006000 00:23 305970                     /tmp/jogamp_0000/file_cache/jln5110724700386343926/jln6596875522392765178/natives/linux-amd64/libnativewindow_x11.so
7f7bf25d9000-7f7bf25de000 r-xp 00000000 08:03 5268760                    /usr/lib/libXxf86vm.so.1.0.0
7f7bf25de000-7f7bf27dd000 ---p 00005000 08:03 5268760                    /usr/lib/libXxf86vm.so.1.0.0
7f7bf27dd000-7f7bf27de000 r--p 00004000 08:03 5268760                    /usr/lib/libXxf86vm.so.1.0.0
7f7bf27de000-7f7bf27df000 rw-p 00005000 08:03 5268760                    /usr/lib/libXxf86vm.so.1.0.0
7f7bf27f1000-7f7bf2811000 rw-s 3cb50d000 00:06 15720                     /dev/nvidiactl
7f7bf2811000-7f7bf2813000 r-xp 00000000 00:23 305969                     /tmp/jogamp_0000/file_cache/jln5110724700386343926/jln6596875522392765178/natives/linux-amd64/libnativewindow_awt.so
7f7bf2813000-7f7bf2a12000 ---p 00002000 00:23 305969                     /tmp/jogamp_0000/file_cache/jln5110724700386343926/jln6596875522392765178/natives/linux-amd64/libnativewindow_awt.so
7f7bf2a12000-7f7bf2a13000 rw-p 00001000 00:23 305969                     /tmp/jogamp_0000/file_cache/jln5110724700386343926/jln6596875522392765178/natives/linux-amd64/libnativewindow_awt.so
7f7bf2a13000-7f7bf2a14000 r-xp 00000000 08:03 5905448                    /usr/lib/jvm/java-8-openjdk/jre/lib/amd64/libjawt.so
7f7bf2a14000-7f7bf2c13000 ---p 00001000 08:03 5905448                    /usr/lib/jvm/java-8-openjdk/jre/lib/amd64/libjawt.so
7f7bf2c13000-7f7bf2c14000 rw-p 00000000 08:03 5905448                    /usr/lib/jvm/java-8-openjdk/jre/lib/amd64/libjawt.so
7f7bf2c14000-7f7bf2c16000 r-xp 00000000 00:23 305966                     /tmp/jogamp_0000/file_cache/jln5110724700386343926/jln6596875522392765178/natives/linux-amd64/libgluegen-rt.so
7f7bf2c16000-7f7bf2e15000 ---p 00002000 00:23 305966                     /tmp/jogamp_0000/file_cache/jln5110724700386343926/jln6596875522392765178/natives/linux-amd64/libgluegen-rt.so
7f7bf2e15000-7f7bf2e16000 rw-p 00001000 00:23 305966                     /tmp/jogamp_0000/file_cache/jln5110724700386343926/jln6596875522392765178/natives/linux-amd64/libgluegen-rt.so
7f7bf2e16000-7f7bf2e19000 ---p 00000000 00:00 0 
7f7bf2e19000-7f7bf2f17000 rw-p 00000000 00:00 0 
7f7bf2f17000-7f7bf2f28000 r-xp 00000000 08:03 5905443                    /usr/lib/jvm/java-8-openjdk/jre/lib/amd64/libnio.so
7f7bf2f28000-7f7bf3127000 ---p 00011000 08:03 5905443                    /usr/lib/jvm/java-8-openjdk/jre/lib/amd64/libnio.so
7f7bf3127000-7f7bf3128000 rw-p 00010000 08:03 5905443                    /usr/lib/jvm/java-8-openjdk/jre/lib/amd64/libnio.so
7f7bf3128000-7f7bf313e000 r-xp 00000000 08:03 5905432                    /usr/lib/jvm/java-8-openjdk/jre/lib/amd64/libnet.so
7f7bf313e000-7f7bf333e000 ---p 00016000 08:03 5905432                    /usr/lib/jvm/java-8-openjdk/jre/lib/amd64/libnet.so
7f7bf333e000-7f7bf333f000 rw-p 00016000 08:03 5905432                    /usr/lib/jvm/java-8-openjdk/jre/lib/amd64/libnet.so
7f7bf333f000-7f7bf3342000 ---p 00000000 00:00 0 
7f7bf3342000-7f7bf3578000 rw-p 00000000 00:00 0 
7f7bf3578000-7f7bf357b000 ---p 00000000 00:00 0 
7f7bf357b000-7f7bf3679000 rw-p 00000000 00:00 0 
7f7bf3679000-7f7bf367c000 ---p 00000000 00:00 0 
7f7bf367c000-7f7bf377a000 rw-p 00000000 00:00 0 
7f7bf377a000-7f7bf377d000 ---p 00000000 00:00 0 
7f7bf377d000-7f7bf387b000 rw-p 00000000 00:00 0 
7f7bf387b000-7f7bf387e000 ---p 00000000 00:00 0 
7f7bf387e000-7f7bf397c000 rw-p 00000000 00:00 0 
7f7bf397c000-7f7bf3981000 r-xp 00000000 08:03 5268766                    /usr/lib/libXfixes.so.3.1.0
7f7bf3981000-7f7bf3b80000 ---p 00005000 08:03 5268766                    /usr/lib/libXfixes.so.3.1.0
7f7bf3b80000-7f7bf3b81000 r--p 00004000 08:03 5268766                    /usr/lib/libXfixes.so.3.1.0
7f7bf3b81000-7f7bf3b82000 rw-p 00005000 08:03 5268766                    /usr/lib/libXfixes.so.3.1.0
7f7bf3b82000-7f7bf3b8c000 r-xp 00000000 08:03 5269218                    /usr/lib/libXcursor.so.1.0.2
7f7bf3b8c000-7f7bf3d8b000 ---p 0000a000 08:03 5269218                    /usr/lib/libXcursor.so.1.0.2
7f7bf3d8b000-7f7bf3d8c000 r--p 00009000 08:03 5269218                    /usr/lib/libXcursor.so.1.0.2
7f7bf3d8c000-7f7bf3d8d000 rw-p 0000a000 08:03 5269218                    /usr/lib/libXcursor.so.1.0.2
7f7bf3d8d000-7f7bf3dff000 r-xp 00000000 08:03 5254181                    /usr/lib/libpcre.so.1.2.7
7f7bf3dff000-7f7bf3ffe000 ---p 00072000 08:03 5254181                    /usr/lib/libpcre.so.1.2.7
7f7bf3ffe000-7f7bf3fff000 r--p 00071000 08:03 5254181                    /usr/lib/libpcre.so.1.2.7
7f7bf3fff000-7f7bf4000000 rw-p 00072000 08:03 5254181                    /usr/lib/libpcre.so.1.2.7
7f7bf4000000-7f7bf4021000 rw-p 00000000 00:00 0 
7f7bf4021000-7f7bf8000000 ---p 00000000 00:00 0 
7f7bf8000000-7f7bf8002000 rw-s 00000000 00:23 307874                     /tmp/.glzHd18R (deleted)
7f7bf800a000-7f7bf800b000 rw-s 37145d000 00:06 15720                     /dev/nvidiactl
7f7bf800b000-7f7bf800c000 rw-s cfd6a000 00:06 16655                      /dev/nvidia0
7f7bf800c000-7f7bf800d000 rw-s cfd69000 00:06 16655                      /dev/nvidia0
7f7bf800d000-7f7bf800e000 rw-s cfd69000 00:06 16655                      /dev/nvidia0
7f7bf800e000-7f7bf801e000 r-xp 00000000 08:03 5253231                    /usr/lib/libnss_myhostname.so.2
7f7bf801e000-7f7bf801f000 ---p 00010000 08:03 5253231                    /usr/lib/libnss_myhostname.so.2
7f7bf801f000-7f7bf8021000 r--p 00010000 08:03 5253231                    /usr/lib/libnss_myhostname.so.2
7f7bf8021000-7f7bf8022000 rw-p 00012000 08:03 5253231                    /usr/lib/libnss_myhostname.so.2
7f7bf8022000-7f7bf8025000 ---p 00000000 00:00 0 
7f7bf8025000-7f7bf8123000 rw-p 00000000 00:00 0 
7f7bf8123000-7f7bf814d000 r-xp 00000000 08:03 5264449                    /usr/lib/libgraphite2.so.3.0.1
7f7bf814d000-7f7bf834c000 ---p 0002a000 08:03 5264449                    /usr/lib/libgraphite2.so.3.0.1
7f7bf834c000-7f7bf834e000 r--p 00029000 08:03 5264449                    /usr/lib/libgraphite2.so.3.0.1
7f7bf834e000-7f7bf834f000 rw-p 0002b000 08:03 5264449                    /usr/lib/libgraphite2.so.3.0.1
7f7bf834f000-7f7bf845c000 r-xp 00000000 08:03 5256081                    /usr/lib/libglib-2.0.so.0.4800.1
7f7bf845c000-7f7bf865b000 ---p 0010d000 08:03 5256081                    /usr/lib/libglib-2.0.so.0.4800.1
7f7bf865b000-7f7bf865c000 r--p 0010c000 08:03 5256081                    /usr/lib/libglib-2.0.so.0.4800.1
7f7bf865c000-7f7bf865d000 rw-p 0010d000 08:03 5256081                    /usr/lib/libglib-2.0.so.0.4800.1
7f7bf865d000-7f7bf865e000 rw-p 00000000 00:00 0 
7f7bf865e000-7f7bf86d8000 r-xp 00000000 08:03 5264460                    /usr/lib/libharfbuzz.so.0.10200.7
7f7bf86d8000-7f7bf88d8000 ---p 0007a000 08:03 5264460                    /usr/lib/libharfbuzz.so.0.10200.7
7f7bf88d8000-7f7bf88d9000 r--p 0007a000 08:03 5264460                    /usr/lib/libharfbuzz.so.0.10200.7
7f7bf88d9000-7f7bf88da000 rw-p 0007b000 08:03 5264460                    /usr/lib/libharfbuzz.so.0.10200.7
7f7bf88da000-7f7bf890e000 r-xp 00000000 08:03 5264433                    /usr/lib/libpng16.so.16.23.0
7f7bf890e000-7f7bf8b0e000 ---p 00034000 08:03 5264433                    /usr/lib/libpng16.so.16.23.0
7f7bf8b0e000-7f7bf8b0f000 r--p 00034000 08:03 5264433                    /usr/lib/libpng16.so.16.23.0
7f7bf8b0f000-7f7bf8b10000 rw-p 00035000 08:03 5264433                    /usr/lib/libpng16.so.16.23.0
7f7bf8b10000-7f7bf8b1f000 r-xp 00000000 08:03 5249251                    /usr/lib/libbz2.so.1.0.6
7f7bf8b1f000-7f7bf8d1e000 ---p 0000f000 08:03 5249251                    /usr/lib/libbz2.so.1.0.6
7f7bf8d1e000-7f7bf8d20000 rw-p 0000e000 08:03 5249251                    /usr/lib/libbz2.so.1.0.6
7f7bf8d20000-7f7bf8d36000 r-xp 00000000 08:03 5246433                    /usr/lib/libgcc_s.so.1
7f7bf8d36000-7f7bf8f35000 ---p 00016000 08:03 5246433                    /usr/lib/libgcc_s.so.1
7f7bf8f35000-7f7bf8f36000 rw-p 00015000 08:03 5246433                    /usr/lib/libgcc_s.so.1
7f7bf8f36000-7f7bf8fec000 r-xp 00000000 08:03 5264483                    /usr/lib/libfreetype.so.6.12.5
7f7bf8fec000-7f7bf91eb000 ---p 000b6000 08:03 5264483                    /usr/lib/libfreetype.so.6.12.5
7f7bf91eb000-7f7bf91f1000 r--p 000b5000 08:03 5264483                    /usr/lib/libfreetype.so.6.12.5
7f7bf91f1000-7f7bf91f2000 rw-p 000bb000 08:03 5264483                    /usr/lib/libfreetype.so.6.12.5
7f7bf91f2000-7f7bf9253000 r-xp 00000000 08:03 5905449                    /usr/lib/jvm/java-8-openjdk/jre/lib/amd64/libfontmanager.so
7f7bf9253000-7f7bf9453000 ---p 00061000 08:03 5905449                    /usr/lib/jvm/java-8-openjdk/jre/lib/amd64/libfontmanager.so
7f7bf9453000-7f7bf9457000 rw-p 00061000 08:03 5905449                    /usr/lib/jvm/java-8-openjdk/jre/lib/amd64/libfontmanager.so
7f7bf9457000-7f7bf945c000 r-xp 00000000 08:03 5264426                    /usr/lib/libXdmcp.so.6.0.0
7f7bf945c000-7f7bf965b000 ---p 00005000 08:03 5264426                    /usr/lib/libXdmcp.so.6.0.0
7f7bf965b000-7f7bf965c000 r--p 00004000 08:03 5264426                    /usr/lib/libXdmcp.so.6.0.0
7f7bf965c000-7f7bf965d000 rw-p 00005000 08:03 5264426                    /usr/lib/libXdmcp.so.6.0.0
7f7bf965d000-7f7bf965f000 r-xp 00000000 08:03 5264569                    /usr/lib/libXau.so.6.0.0
7f7bf965f000-7f7bf985f000 ---p 00002000 08:03 5264569                    /usr/lib/libXau.so.6.0.0
7f7bf985f000-7f7bf9860000 r--p 00002000 08:03 5264569                    /usr/lib/libXau.so.6.0.0
7f7bf9860000-7f7bf9861000 rw-p 00003000 08:03 5264569                    /usr/lib/libXau.so.6.0.0
7f7bf9861000-7f7bf9889000 r-xp 00000000 08:03 5264668                    /usr/lib/libxcb.so.1.1.0
7f7bf9889000-7f7bf9a88000 ---p 00028000 08:03 5264668                    /usr/lib/libxcb.so.1.1.0
7f7bf9a88000-7f7bf9a89000 r--p 00027000 08:03 5264668                    /usr/lib/libxcb.so.1.1.0
7f7bf9a89000-7f7bf9a8a000 rw-p 00028000 08:03 5264668                    /usr/lib/libxcb.so.1.1.0
7f7bf9a8a000-7f7bf9a99000 r-xp 00000000 08:03 5269325                    /usr/lib/libXi.so.6.1.0
7f7bf9a99000-7f7bf9c98000 ---p 0000f000 08:03 5269325                    /usr/lib/libXi.so.6.1.0
7f7bf9c98000-7f7bf9c99000 r--p 0000e000 08:03 5269325                    /usr/lib/libXi.so.6.1.0
7f7bf9c99000-7f7bf9c9a000 rw-p 0000f000 08:03 5269325                    /usr/lib/libXi.so.6.1.0
7f7bf9c9a000-7f7bf9c9f000 r-xp 00000000 08:03 5269506                    /usr/lib/libXtst.so.6.1.0
7f7bf9c9f000-7f7bf9e9e000 ---p 00005000 08:03 5269506                    /usr/lib/libXtst.so.6.1.0
7f7bf9e9e000-7f7bf9e9f000 r--p 00004000 08:03 5269506                    /usr/lib/libXtst.so.6.1.0
7f7bf9e9f000-7f7bf9ea0000 rw-p 00005000 08:03 5269506                    /usr/lib/libXtst.so.6.1.0
7f7bf9ea0000-7f7bf9ea9000 r-xp 00000000 08:03 5268501                    /usr/lib/libXrender.so.1.3.0
7f7bf9ea9000-7f7bfa0a8000 ---p 00009000 08:03 5268501                    /usr/lib/libXrender.so.1.3.0
7f7bfa0a8000-7f7bfa0a9000 r--p 00008000 08:03 5268501                    /usr/lib/libXrender.so.1.3.0
7f7bfa0a9000-7f7bfa0aa000 rw-p 00009000 08:03 5268501                    /usr/lib/libXrender.so.1.3.0
7f7bfa0aa000-7f7bfa1e5000 r-xp 00000000 08:03 5266962                    /usr/lib/libX11.so.6.3.0
7f7bfa1e5000-7f7bfa3e4000 ---p 0013b000 08:03 5266962                    /usr/lib/libX11.so.6.3.0
7f7bfa3e4000-7f7bfa3e6000 r--p 0013a000 08:03 5266962                    /usr/lib/libX11.so.6.3.0
7f7bfa3e6000-7f7bfa3eb000 rw-p 0013c000 08:03 5266962                    /usr/lib/libX11.so.6.3.0
7f7bfa3eb000-7f7bfa3ec000 rw-p 00000000 00:00 0 
7f7bfa3ec000-7f7bfa3fd000 r-xp 00000000 08:03 5268193                    /usr/lib/libXext.so.6.4.0
7f7bfa3fd000-7f7bfa5fc000 ---p 00011000 08:03 5268193                    /usr/lib/libXext.so.6.4.0
7f7bfa5fc000-7f7bfa5fd000 r--p 00010000 08:03 5268193                    /usr/lib/libXext.so.6.4.0
7f7bfa5fd000-7f7bfa5fe000 rw-p 00011000 08:03 5268193                    /usr/lib/libXext.so.6.4.0
7f7bfa5fe000-7f7bfa5ff000 rw-s 6ac0a000 00:06 15720                      /dev/nvidiactl
7f7bfa5ff000-7f7bfa630000 rw-p 00000000 00:00 0 
7f7bfa630000-7f7bfa683000 r-xp 00000000 08:03 5905447                    /usr/lib/jvm/java-8-openjdk/jre/lib/amd64/libawt_xawt.so
7f7bfa683000-7f7bfa883000 ---p 00053000 08:03 5905447                    /usr/lib/jvm/java-8-openjdk/jre/lib/amd64/libawt_xawt.so
7f7bfa883000-7f7bfa886000 rw-p 00053000 08:03 5905447                    /usr/lib/jvm/java-8-openjdk/jre/lib/amd64/libawt_xawt.so
7f7bfa886000-7f7bfa887000 rw-p 00000000 00:00 0 
7f7bfa887000-7f7bfa925000 r-xp 00000000 08:03 5905442                    /usr/lib/jvm/java-8-openjdk/jre/lib/amd64/libawt.so
7f7bfa925000-7f7bfab25000 ---p 0009e000 08:03 5905442                    /usr/lib/jvm/java-8-openjdk/jre/lib/amd64/libawt.so
7f7bfab25000-7f7bfab31000 rw-p 0009e000 08:03 5905442                    /usr/lib/jvm/java-8-openjdk/jre/lib/amd64/libawt.so
7f7bfab31000-7f7bfab55000 rw-p 00000000 00:00 0 
7f7bfab55000-7f7bfab56000 ---p 00000000 00:00 0 
7f7bfab56000-7f7bfac56000 rw-p 00000000 00:00 0 
7f7bfac56000-7f7bfac59000 ---p 00000000 00:00 0 
7f7bfac59000-7f7bfad57000 rw-p 00000000 00:00 0 
7f7bfad57000-7f7bfad5a000 ---p 00000000 00:00 0 
7f7bfad5a000-7f7bfae58000 rw-p 00000000 00:00 0 
7f7bfae58000-7f7bfae5b000 ---p 00000000 00:00 0 
7f7bfae5b000-7f7bfaf59000 rw-p 00000000 00:00 0 
7f7bfaf59000-7f7bfaf5c000 ---p 00000000 00:00 0 
7f7bfaf5c000-7f7bfb05a000 rw-p 00000000 00:00 0 
7f7bfb05a000-7f7bfb05d000 ---p 00000000 00:00 0 
7f7bfb05d000-7f7bfb15b000 rw-p 00000000 00:00 0 
7f7bfb15b000-7f7bfb15e000 ---p 00000000 00:00 0 
7f7bfb15e000-7f7bfb25c000 rw-p 00000000 00:00 0 
7f7bfb25c000-7f7bfb3f4000 r--p 00000000 08:03 5281274                    /usr/lib/locale/locale-archive
7f7bfb3f4000-7f7bfb3f7000 ---p 00000000 00:00 0 
7f7bfb3f7000-7f7bfb4f5000 rw-p 00000000 00:00 0 
7f7bfb4f5000-7f7bfb4f8000 ---p 00000000 00:00 0 
7f7bfb4f8000-7f7bfb5f6000 rw-p 00000000 00:00 0 
7f7bfb5f6000-7f7bfb5f7000 ---p 00000000 00:00 0 
7f7bfb5f7000-7f7bfc000000 rw-p 00000000 00:00 0 
7f7bfc000000-7f7bfc021000 rw-p 00000000 00:00 0 
7f7bfc021000-7f7c00000000 ---p 00000000 00:00 0 
7f7c00000000-7f7c00021000 rw-p 00000000 00:00 0 
7f7c00021000-7f7c04000000 ---p 00000000 00:00 0 
7f7c04000000-7f7c04021000 rw-p 00000000 00:00 0 
7f7c04021000-7f7c08000000 ---p 00000000 00:00 0 
7f7c08000000-7f7c08021000 rw-p 00000000 00:00 0 
7f7c08021000-7f7c0c000000 ---p 00000000 00:00 0 
7f7c0c000000-7f7c0c021000 rw-p 00000000 00:00 0 
7f7c0c021000-7f7c10000000 ---p 00000000 00:00 0 
7f7c10000000-7f7c10001000 rw-s 403623000 00:06 15720                     /dev/nvidiactl
7f7c10001000-7f7c10005000 rw-s 376031000 00:06 15720                     /dev/nvidiactl
7f7c10005000-7f7c10018000 rw-s 3a85ee000 00:06 15720                     /dev/nvidiactl
7f7c10018000-7f7c10028000 rw-s 00000000 08:03 3154615                    /home/twittumz/#3154615 (deleted)
7f7c10028000-7f7c1004c000 r--s 0031e000 08:03 3279997                    /home/twittumz/Desktop/git/2DMapEditor/libs/jogl/jar/jogl-all.jar
7f7c1004c000-7f7c11000000 rw-p 00000000 00:00 0 
7f7c11000000-7f7c11370000 rwxp 00000000 00:00 0 
7f7c11370000-7f7c20000000 ---p 00000000 00:00 0 
7f7c20000000-7f7c20a68000 rw-p 00000000 00:00 0 
7f7c20a68000-7f7c24000000 ---p 00000000 00:00 0 
7f7c24000000-7f7c24001000 rw-s cfd69000 00:06 16655                      /dev/nvidia0
7f7c24001000-7f7c24002000 rw-s cfd69000 00:06 16655                      /dev/nvidia0
7f7c24002000-7f7c24003000 rw-s cfd69000 00:06 16655                      /dev/nvidia0
7f7c24003000-7f7c24004000 rw-s 3eda29000 00:06 15720                     /dev/nvidiactl
7f7c24004000-7f7c24005000 rw-s de060000 00:06 16655                      /dev/nvidia0
7f7c24005000-7f7c24006000 rw-s 403560000 00:06 15720                     /dev/nvidiactl
7f7c24006000-7f7c2400a000 rw-s 3eda55000 00:06 15720                     /dev/nvidiactl
7f7c2400a000-7f7c2400b000 rw-s cfd69000 00:06 16655                      /dev/nvidia0
7f7c2400b000-7f7c2400c000 rw-s cfd69000 00:06 16655                      /dev/nvidia0
7f7c2400c000-7f7c2400d000 rw-s cfd69000 00:06 16655                      /dev/nvidia0
7f7c2400d000-7f7c2400e000 rw-s 3ebb1e000 00:06 15720                     /dev/nvidiactl
7f7c2400e000-7f7c2401e000 r-xs 00000000 08:03 3154615                    /home/twittumz/#3154615 (deleted)
7f7c2401e000-7f7c24020000 r--s 00000000 08:03 3279886                    /home/twittumz/Desktop/git/2DMapEditor/libs/jogl/jar/gluegen-rt-natives-linux-amd64.jar
7f7c24020000-7f7c243f4000 rw-p 00000000 00:00 0 
7f7c243f4000-7f7c245c1000 r--s 03bec000 08:03 5905403                    /usr/lib/jvm/java-8-openjdk/jre/lib/rt.jar
7f7c245c1000-7f7c25603000 rw-p 00000000 00:00 0 
7f7c25603000-7f7c25604000 ---p 00000000 00:00 0 
7f7c25604000-7f7c25704000 rw-p 00000000 00:00 0 
7f7c25704000-7f7c25705000 ---p 00000000 00:00 0 
7f7c25705000-7f7c25805000 rw-p 00000000 00:00 0 
7f7c25805000-7f7c25806000 ---p 00000000 00:00 0 
7f7c25806000-7f7c25906000 rw-p 00000000 00:00 0 
7f7c25906000-7f7c25907000 ---p 00000000 00:00 0 
7f7c25907000-7f7c25a07000 rw-p 00000000 00:00 0 
7f7c25a07000-7f7c25a08000 ---p 00000000 00:00 0 
7f7c25a08000-7f7c25b08000 rw-p 00000000 00:00 0 
7f7c25b08000-7f7c25b09000 ---p 00000000 00:00 0 
7f7c25b09000-7f7c25c09000 rw-p 00000000 00:00 0 
7f7c25c09000-7f7c25c0a000 ---p 00000000 00:00 0 
7f7c25c0a000-7f7c25d0a000 rw-p 00000000 00:00 0 
7f7c25d0a000-7f7c25d0b000 ---p 00000000 00:00 0 
7f7c25d0b000-7f7c25e5f000 rw-p 00000000 00:00 0 
7f7c25e5f000-7f7c2633e000 ---p 00000000 00:00 0 
7f7c2633e000-7f7c26392000 rw-p 00000000 00:00 0 
7f7c26392000-7f7c26870000 ---p 00000000 00:00 0 
7f7c26870000-7f7c2689b000 rw-p 00000000 00:00 0 
7f7c2689b000-7f7c26b0a000 ---p 00000000 00:00 0 
7f7c26b0a000-7f7c26b19000 rw-p 00000000 00:00 0 
7f7c26b19000-7f7c26ecb000 ---p 00000000 00:00 0 
7f7c26ecb000-7f7c26ed3000 r-xp 00000000 08:03 5905430                    /usr/lib/jvm/java-8-openjdk/jre/lib/amd64/libzip.so
7f7c26ed3000-7f7c270d2000 ---p 00008000 08:03 5905430                    /usr/lib/jvm/java-8-openjdk/jre/lib/amd64/libzip.so
7f7c270d2000-7f7c270d3000 rw-p 00007000 08:03 5905430                    /usr/lib/jvm/java-8-openjdk/jre/lib/amd64/libzip.so
7f7c270d3000-7f7c270de000 r-xp 00000000 08:03 5246155                    /usr/lib/libnss_files-2.23.so
7f7c270de000-7f7c272dd000 ---p 0000b000 08:03 5246155                    /usr/lib/libnss_files-2.23.so
7f7c272dd000-7f7c272de000 r--p 0000a000 08:03 5246155                    /usr/lib/libnss_files-2.23.so
7f7c272de000-7f7c272df000 rw-p 0000b000 08:03 5246155                    /usr/lib/libnss_files-2.23.so
7f7c272df000-7f7c272e5000 rw-p 00000000 00:00 0 
7f7c272e5000-7f7c27311000 r-xp 00000000 08:03 5905429                    /usr/lib/jvm/java-8-openjdk/jre/lib/amd64/libjava.so
7f7c27311000-7f7c27511000 ---p 0002c000 08:03 5905429                    /usr/lib/jvm/java-8-openjdk/jre/lib/amd64/libjava.so
7f7c27511000-7f7c27513000 rw-p 0002c000 08:03 5905429                    /usr/lib/jvm/java-8-openjdk/jre/lib/amd64/libjava.so
7f7c27513000-7f7c27520000 r-xp 00000000 08:03 5905422                    /usr/lib/jvm/java-8-openjdk/jre/lib/amd64/libverify.so
7f7c27520000-7f7c2771f000 ---p 0000d000 08:03 5905422                    /usr/lib/jvm/java-8-openjdk/jre/lib/amd64/libverify.so
7f7c2771f000-7f7c27721000 rw-p 0000c000 08:03 5905422                    /usr/lib/jvm/java-8-openjdk/jre/lib/amd64/libverify.so
7f7c27721000-7f7c27728000 r-xp 00000000 08:03 5246163                    /usr/lib/librt-2.23.so
7f7c27728000-7f7c27927000 ---p 00007000 08:03 5246163                    /usr/lib/librt-2.23.so
7f7c27927000-7f7c27928000 r--p 00006000 08:03 5246163                    /usr/lib/librt-2.23.so
7f7c27928000-7f7c27929000 rw-p 00007000 08:03 5246163                    /usr/lib/librt-2.23.so
7f7c27929000-7f7c27a2c000 r-xp 00000000 08:03 5246160                    /usr/lib/libm-2.23.so
7f7c27a2c000-7f7c27c2b000 ---p 00103000 08:03 5246160                    /usr/lib/libm-2.23.so
7f7c27c2b000-7f7c27c2c000 r--p 00102000 08:03 5246160                    /usr/lib/libm-2.23.so
7f7c27c2c000-7f7c27c2d000 rw-p 00103000 08:03 5246160                    /usr/lib/libm-2.23.so
7f7c27c2d000-7f7c28882000 r-xp 00000000 08:03 6170591                    /usr/lib/jvm/java-8-openjdk/jre/lib/amd64/server/libjvm.so
7f7c28882000-7f7c28a82000 ---p 00c55000 08:03 6170591                    /usr/lib/jvm/java-8-openjdk/jre/lib/amd64/server/libjvm.so
7f7c28a82000-7f7c28b3e000 rw-p 00c55000 08:03 6170591                    /usr/lib/jvm/java-8-openjdk/jre/lib/amd64/server/libjvm.so
7f7c28b3e000-7f7c28b6e000 rw-p 00000000 00:00 0 
7f7c28b6e000-7f7c28d05000 r-xp 00000000 08:03 5246102                    /usr/lib/libc-2.23.so
7f7c28d05000-7f7c28f05000 ---p 00197000 08:03 5246102                    /usr/lib/libc-2.23.so
7f7c28f05000-7f7c28f09000 r--p 00197000 08:03 5246102                    /usr/lib/libc-2.23.so
7f7c28f09000-7f7c28f0b000 rw-p 0019b000 08:03 5246102                    /usr/lib/libc-2.23.so
7f7c28f0b000-7f7c28f0f000 rw-p 00000000 00:00 0 
7f7c28f0f000-7f7c28f11000 r-xp 00000000 08:03 5246159                    /usr/lib/libdl-2.23.so
7f7c28f11000-7f7c29111000 ---p 00002000 08:03 5246159                    /usr/lib/libdl-2.23.so
7f7c29111000-7f7c29112000 r--p 00002000 08:03 5246159                    /usr/lib/libdl-2.23.so
7f7c29112000-7f7c29113000 rw-p 00003000 08:03 5246159                    /usr/lib/libdl-2.23.so
7f7c29113000-7f7c29120000 r-xp 00000000 08:03 6170588                    /usr/lib/jvm/java-8-openjdk/jre/lib/amd64/jli/libjli.so
7f7c29120000-7f7c2931f000 ---p 0000d000 08:03 6170588                    /usr/lib/jvm/java-8-openjdk/jre/lib/amd64/jli/libjli.so
7f7c2931f000-7f7c29320000 rw-p 0000c000 08:03 6170588                    /usr/lib/jvm/java-8-openjdk/jre/lib/amd64/jli/libjli.so
7f7c29320000-7f7c29335000 r-xp 00000000 08:03 5253324                    /usr/lib/libz.so.1.2.8
7f7c29335000-7f7c29534000 ---p 00015000 08:03 5253324                    /usr/lib/libz.so.1.2.8
7f7c29534000-7f7c29535000 r--p 00014000 08:03 5253324                    /usr/lib/libz.so.1.2.8
7f7c29535000-7f7c29536000 rw-p 00015000 08:03 5253324                    /usr/lib/libz.so.1.2.8
7f7c29536000-7f7c2954e000 r-xp 00000000 08:03 5246083                    /usr/lib/libpthread-2.23.so
7f7c2954e000-7f7c2974d000 ---p 00018000 08:03 5246083                    /usr/lib/libpthread-2.23.so
7f7c2974d000-7f7c2974e000 r--p 00017000 08:03 5246083                    /usr/lib/libpthread-2.23.so
7f7c2974e000-7f7c2974f000 rw-p 00018000 08:03 5246083                    /usr/lib/libpthread-2.23.so
7f7c2974f000-7f7c29753000 rw-p 00000000 00:00 0 
7f7c29753000-7f7c29776000 r-xp 00000000 08:03 5246101                    /usr/lib/ld-2.23.so
7f7c29776000-7f7c29777000 r--s 00036000 08:03 3279976                    /home/twittumz/Desktop/git/2DMapEditor/libs/jogl/jar/jogl-all-natives-linux-amd64.jar
7f7c29777000-7f7c29778000 r--p 00000000 00:00 0 
7f7c29778000-7f7c2977c000 r--s 00097000 08:03 5905401                    /usr/lib/jvm/java-8-openjdk/jre/lib/jsse.jar
7f7c2977c000-7f7c2978f000 r--s 00345000 08:03 5905402                    /usr/lib/jvm/java-8-openjdk/jre/lib/resources.jar
7f7c2978f000-7f7c29795000 r--s 0004f000 08:03 3279895                    /home/twittumz/Desktop/git/2DMapEditor/libs/jogl/jar/gluegen-rt.jar
7f7c29795000-7f7c2983e000 rw-p 00000000 00:00 0 
7f7c2983e000-7f7c29841000 ---p 00000000 00:00 0 
7f7c29841000-7f7c2996b000 rw-p 00000000 00:00 0 
7f7c2996b000-7f7c29973000 rw-s 00000000 00:23 308559                     /tmp/hsperfdata_twittumz/23361
7f7c29973000-7f7c29974000 rw-p 00000000 00:00 0 
7f7c29974000-7f7c29975000 r--p 00000000 00:00 0 
7f7c29975000-7f7c29976000 rw-p 00000000 00:00 0 
7f7c29976000-7f7c29977000 r--p 00023000 08:03 5246101                    /usr/lib/ld-2.23.so
7f7c29977000-7f7c29978000 rw-p 00024000 08:03 5246101                    /usr/lib/ld-2.23.so
7f7c29978000-7f7c29979000 rw-p 00000000 00:00 0 
7ffd2b161000-7ffd2b182000 rw-p 00000000 00:00 0                          [stack]
7ffd2b191000-7ffd2b194000 r--p 00000000 00:00 0                          [vvar]
7ffd2b194000-7ffd2b196000 r-xp 00000000 00:00 0                          [vdso]
ffffffffff600000-ffffffffff601000 r-xp 00000000 00:00 0                  [vsyscall]

VM Arguments:
jvm_args: -Dfile.encoding=UTF-8 
java_command: Editor.Main
java_class_path (initial): /home/twittumz/Desktop/git/2DMapEditor/2dMapEditor/bin:/home/twittumz/Desktop/git/2DMapEditor/libs/jogl/jar/gluegen-rt.jar:/home/twittumz/Desktop/git/2DMapEditor/libs/jogl/jar/jogl-all.jar
Launcher Type: SUN_STANDARD

Environment Variables:
PATH=/usr/local/sbin:/usr/local/bin:/usr/bin:/usr/lib/jvm/default/bin:/usr/bin/site_perl:/usr/bin/vendor_perl:/usr/bin/core_perl
USERNAME=twittumz
SHELL=/bin/bash
DISPLAY=:1

Signal Handlers:
SIGSEGV: [libjvm.so+0xa5a220], sa_mask[0]=11111111011111111101111111111110, sa_flags=SA_RESTART|SA_SIGINFO
SIGBUS: [libjvm.so+0xa5a220], sa_mask[0]=11111111011111111101111111111110, sa_flags=SA_RESTART|SA_SIGINFO
SIGFPE: [libjvm.so+0x8a5a90], sa_mask[0]=11111111011111111101111111111110, sa_flags=SA_RESTART|SA_SIGINFO
SIGPIPE: [libjvm.so+0x8a5a90], sa_mask[0]=11111111011111111101111111111110, sa_flags=SA_RESTART|SA_SIGINFO
SIGXFSZ: [libjvm.so+0x8a5a90], sa_mask[0]=11111111011111111101111111111110, sa_flags=SA_RESTART|SA_SIGINFO
SIGILL: [libjvm.so+0x8a5a90], sa_mask[0]=11111111011111111101111111111110, sa_flags=SA_RESTART|SA_SIGINFO
SIGUSR1: SIG_DFL, sa_mask[0]=00000000000000000000000000000000, sa_flags=none
SIGUSR2: [libjvm.so+0x8a5940], sa_mask[0]=00100000000000000000000000000000, sa_flags=SA_RESTART|SA_SIGINFO
SIGHUP: [libjvm.so+0x8a5e10], sa_mask[0]=11111111011111111101111111111110, sa_flags=SA_RESTART|SA_SIGINFO
SIGINT: [libjvm.so+0x8a5e10], sa_mask[0]=11111111011111111101111111111110, sa_flags=SA_RESTART|SA_SIGINFO
SIGTERM: [libjvm.so+0x8a5e10], sa_mask[0]=11111111011111111101111111111110, sa_flags=SA_RESTART|SA_SIGINFO
SIGQUIT: [libjvm.so+0x8a5e10], sa_mask[0]=11111111011111111101111111111110, sa_flags=SA_RESTART|SA_SIGINFO


---------------  S Y S T E M  ---------------

OS:NAME="Arch Linux"
ID=arch
PRETTY_NAME="Arch Linux"
ANSI_COLOR="0;36"
HOME_URL="https://www.archlinux.org/"
SUPPORT_URL="https://bbs.archlinux.org/"
BUG_REPORT_URL="https://bugs.archlinux.org/"


uname:Linux 4.6.3-1-ARCH #1 SMP PREEMPT Fri Jun 24 21:19:13 CEST 2016 x86_64
libc:glibc 2.23 NPTL 2.23 
rlimit: STACK 8192k, CORE infinity, NPROC 63849, NOFILE 4096, AS infinity
load average:1.08 0.79 0.64

/proc/meminfo:
MemTotal:       16350744 kB
MemFree:        10453840 kB
MemAvailable:   11955796 kB
Buffers:          102316 kB
Cached:          1638212 kB
SwapCached:            0 kB
Active:          4471540 kB
Inactive:        1031892 kB
Active(anon):    3764632 kB
Inactive(anon):    40520 kB
Active(file):     706908 kB
Inactive(file):   991372 kB
Unevictable:          16 kB
Mlocked:              16 kB
SwapTotal:       4191228 kB
SwapFree:        4191228 kB
Dirty:              1348 kB
Writeback:             0 kB
AnonPages:       3334304 kB
Mapped:           441116 kB
Shmem:             42252 kB
Slab:             168520 kB
SReclaimable:     122012 kB
SUnreclaim:        46508 kB
KernelStack:       11184 kB
PageTables:        35808 kB
NFS_Unstable:          0 kB
Bounce:                0 kB
WritebackTmp:          0 kB
CommitLimit:    12366600 kB
Committed_AS:    7132076 kB
VmallocTotal:   34359738367 kB
VmallocUsed:           0 kB
VmallocChunk:          0 kB
HardwareCorrupted:     0 kB
AnonHugePages:   1970176 kB
HugePages_Total:       0
HugePages_Free:        0
HugePages_Rsvd:        0
HugePages_Surp:        0
Hugepagesize:       2048 kB
DirectMap4k:      275932 kB
DirectMap2M:     6977536 kB
DirectMap1G:     9437184 kB


CPU:total 8 (4 cores per cpu, 2 threads per core) family 6 model 94 stepping 3, cmov, cx8, fxsr, mmx, sse, sse2, sse3, ssse3, sse4.1, sse4.2, popcnt, avx, avx2, aes, clmul, erms, rtm, 3dnowpref, lzcnt, ht, tsc, tscinvbit, bmi1, bmi2, adx

/proc/cpuinfo:
processor	: 0
vendor_id	: GenuineIntel
cpu family	: 6
model		: 94
model name	: Intel(R) Core(TM) i7-6700K CPU @ 4.00GHz
stepping	: 3
microcode	: 0x6a
cpu MHz		: 4155.468
cache size	: 8192 KB
physical id	: 0
siblings	: 8
core id		: 0
cpu cores	: 4
apicid		: 0
initial apicid	: 0
fpu		: yes
fpu_exception	: yes
cpuid level	: 22
wp		: yes
flags		: fpu vme de pse tsc msr pae mce cx8 apic sep mtrr pge mca cmov pat pse36 clflush dts acpi mmx fxsr sse sse2 ss ht tm pbe syscall nx pdpe1gb rdtscp lm constant_tsc art arch_perfmon pebs bts rep_good nopl xtopology nonstop_tsc aperfmperf eagerfpu pni pclmulqdq dtes64 monitor ds_cpl vmx est tm2 ssse3 sdbg fma cx16 xtpr pdcm pcid sse4_1 sse4_2 x2apic movbe popcnt tsc_deadline_timer aes xsave avx f16c rdrand lahf_lm abm 3dnowprefetch epb intel_pt tpr_shadow vnmi flexpriority ept vpid fsgsbase tsc_adjust bmi1 hle avx2 smep bmi2 erms invpcid rtm mpx rdseed adx smap clflushopt xsaveopt xsavec xgetbv1 dtherm ida arat pln pts hwp hwp_notify hwp_act_window hwp_epp
bugs		:
bogomips	: 8019.75
clflush size	: 64
cache_alignment	: 64
address sizes	: 39 bits physical, 48 bits virtual
power management:

processor	: 1
vendor_id	: GenuineIntel
cpu family	: 6
model		: 94
model name	: Intel(R) Core(TM) i7-6700K CPU @ 4.00GHz
stepping	: 3
microcode	: 0x6a
cpu MHz		: 4100.312
cache size	: 8192 KB
physical id	: 0
siblings	: 8
core id		: 1
cpu cores	: 4
apicid		: 2
initial apicid	: 2
fpu		: yes
fpu_exception	: yes
cpuid level	: 22
wp		: yes
flags		: fpu vme de pse tsc msr pae mce cx8 apic sep mtrr pge mca cmov pat pse36 clflush dts acpi mmx fxsr sse sse2 ss ht tm pbe syscall nx pdpe1gb rdtscp lm constant_tsc art arch_perfmon pebs bts rep_good nopl xtopology nonstop_tsc aperfmperf eagerfpu pni pclmulqdq dtes64 monitor ds_cpl vmx est tm2 ssse3 sdbg fma cx16 xtpr pdcm pcid sse4_1 sse4_2 x2apic movbe popcnt tsc_deadline_timer aes xsave avx f16c rdrand lahf_lm abm 3dnowprefetch epb intel_pt tpr_shadow vnmi flexpriority ept vpid fsgsbase tsc_adjust bmi1 hle avx2 smep bmi2 erms invpcid rtm mpx rdseed adx smap clflushopt xsaveopt xsavec xgetbv1 dtherm ida arat pln pts hwp hwp_notify hwp_act_window hwp_epp
bugs		:
bogomips	: 8020.83
clflush size	: 64
cache_alignment	: 64
address sizes	: 39 bits physical, 48 bits virtual
power management:

processor	: 2
vendor_id	: GenuineIntel
cpu family	: 6
model		: 94
model name	: Intel(R) Core(TM) i7-6700K CPU @ 4.00GHz
stepping	: 3
microcode	: 0x6a
cpu MHz		: 4124.843
cache size	: 8192 KB
physical id	: 0
siblings	: 8
core id		: 2
cpu cores	: 4
apicid		: 4
initial apicid	: 4
fpu		: yes
fpu_exception	: yes
cpuid level	: 22
wp		: yes
flags		: fpu vme de pse tsc msr pae mce cx8 apic sep mtrr pge mca cmov pat pse36 clflush dts acpi mmx fxsr sse sse2 ss ht tm pbe syscall nx pdpe1gb rdtscp lm constant_tsc art arch_perfmon pebs bts rep_good nopl xtopology nonstop_tsc aperfmperf eagerfpu pni pclmulqdq dtes64 monitor ds_cpl vmx est tm2 ssse3 sdbg fma cx16 xtpr pdcm pcid sse4_1 sse4_2 x2apic movbe popcnt tsc_deadline_timer aes xsave avx f16c rdrand lahf_lm abm 3dnowprefetch epb intel_pt tpr_shadow vnmi flexpriority ept vpid fsgsbase tsc_adjust bmi1 hle avx2 smep bmi2 erms invpcid rtm mpx rdseed adx smap clflushopt xsaveopt xsavec xgetbv1 dtherm ida arat pln pts hwp hwp_notify hwp_act_window hwp_epp
bugs		:
bogomips	: 8021.89
clflush size	: 64
cache_alignment	: 64
address sizes	: 39 bits physical, 48 bits virtual
power management:

processor	: 3
vendor_id	: GenuineIntel
cpu family	: 6
model		: 94
model name	: Intel(R) Core(TM) i7-6700K CPU @ 4.00GHz
stepping	: 3
microcode	: 0x6a
cpu MHz		: 4220.937
cache size	: 8192 KB
physical id	: 0
siblings	: 8
core id		: 3
cpu cores	: 4
apicid		: 6
initial apicid	: 6
fpu		: yes
fpu_exception	: yes
cpuid level	: 22
wp		: yes
flags		: fpu vme de pse tsc msr pae mce cx8 apic sep mtrr pge mca cmov pat pse36 clflush dts acpi mmx fxsr sse sse2 ss ht tm pbe syscall nx pdpe1gb rdtscp lm constant_tsc art arch_perfmon pebs bts rep_good nopl xtopology nonstop_tsc aperfmperf eagerfpu pni pclmulqdq dtes64 monitor ds_cpl vmx est tm2 ssse3 sdbg fma cx16 xtpr pdcm pcid sse4_1 sse4_2 x2apic movbe popcnt tsc_deadline_timer aes xsave avx f16c rdrand lahf_lm abm 3dnowprefetch epb intel_pt tpr_shadow vnmi flexpriority ept vpid fsgsbase tsc_adjust bmi1 hle avx2 smep bmi2 erms invpcid rtm mpx rdseed adx smap clflushopt xsaveopt xsavec xgetbv1 dtherm ida arat pln pts hwp hwp_notify hwp_act_window hwp_epp
bugs		:
bogomips	: 8021.88
clflush size	: 64
cache_alignment	: 64
address sizes	: 39 bits physical, 48 bits virtual
power management:

processor	: 4
vendor_id	: GenuineIntel
cpu family	: 6
model		: 94
model name	: Intel(R) Core(TM) i7-6700K CPU @ 4.00GHz
stepping	: 3
microcode	: 0x6a
cpu MHz		: 4143.281
cache size	: 8192 KB
physical id	: 0
siblings	: 8
core id		: 0
cpu cores	: 4
apicid		: 1
initial apicid	: 1
fpu		: yes
fpu_exception	: yes
cpuid level	: 22
wp		: yes
flags		: fpu vme de pse tsc msr pae mce cx8 apic sep mtrr pge mca cmov pat pse36 clflush dts acpi mmx fxsr sse sse2 ss ht tm pbe syscall nx pdpe1gb rdtscp lm constant_tsc art arch_perfmon pebs bts rep_good nopl xtopology nonstop_tsc aperfmperf eagerfpu pni pclmulqdq dtes64 monitor ds_cpl vmx est tm2 ssse3 sdbg fma cx16 xtpr pdcm pcid sse4_1 sse4_2 x2apic movbe popcnt tsc_deadline_timer aes xsave avx f16c rdrand lahf_lm abm 3dnowprefetch epb intel_pt tpr_shadow vnmi flexpriority ept vpid fsgsbase tsc_adjust bmi1 hle avx2 smep bmi2 erms invpcid rtm mpx rdseed adx smap clflushopt xsaveopt xsavec xgetbv1 dtherm ida arat pln pts hwp hwp_notify hwp_act_window hwp_epp
bugs		:
bogomips	: 8021.32
clflush size	: 64
cache_alignment	: 64
address sizes	: 39 bits physical, 48 bits virtual
power management:

processor	: 5
vendor_id	: GenuineIntel
cpu family	: 6
model		: 94
model name	: Intel(R) Core(TM) i7-6700K CPU @ 4.00GHz
stepping	: 3
microcode	: 0x6a
cpu MHz		: 4108.750
cache size	: 8192 KB
physical id	: 0
siblings	: 8
core id		: 1
cpu cores	: 4
apicid		: 3
initial apicid	: 3
fpu		: yes
fpu_exception	: yes
cpuid level	: 22
wp		: yes
flags		: fpu vme de pse tsc msr pae mce cx8 apic sep mtrr pge mca cmov pat pse36 clflush dts acpi mmx fxsr sse sse2 ss ht tm pbe syscall nx pdpe1gb rdtscp lm constant_tsc art arch_perfmon pebs bts rep_good nopl xtopology nonstop_tsc aperfmperf eagerfpu pni pclmulqdq dtes64 monitor ds_cpl vmx est tm2 ssse3 sdbg fma cx16 xtpr pdcm pcid sse4_1 sse4_2 x2apic movbe popcnt tsc_deadline_timer aes xsave avx f16c rdrand lahf_lm abm 3dnowprefetch epb intel_pt tpr_shadow vnmi flexpriority ept vpid fsgsbase tsc_adjust bmi1 hle avx2 smep bmi2 erms invpcid rtm mpx rdseed adx smap clflushopt xsaveopt xsavec xgetbv1 dtherm ida arat pln pts hwp hwp_notify hwp_act_window hwp_epp
bugs		:
bogomips	: 8021.93
clflush size	: 64
cache_alignment	: 64
address sizes	: 39 bits physical, 48 bits virtual
power management:

processor	: 6
vendor_id	: GenuineIntel
cpu family	: 6
model		: 94
model name	: Intel(R) Core(TM) i7-6700K CPU @ 4.00GHz
stepping	: 3
microcode	: 0x6a
cpu MHz		: 4107.343
cache size	: 8192 KB
physical id	: 0
siblings	: 8
core id		: 2
cpu cores	: 4
apicid		: 5
initial apicid	: 5
fpu		: yes
fpu_exception	: yes
cpuid level	: 22
wp		: yes
flags		: fpu vme de pse tsc msr pae mce cx8 apic sep mtrr pge mca cmov pat pse36 clflush dts acpi mmx fxsr sse sse2 ss ht tm pbe syscall nx pdpe1gb rdtscp lm constant_tsc art arch_perfmon pebs bts rep_good nopl xtopology nonstop_tsc aperfmperf eagerfpu pni pclmulqdq dtes64 monitor ds_cpl vmx est tm2 ssse3 sdbg fma cx16 xtpr pdcm pcid sse4_1 sse4_2 x2apic movbe popcnt tsc_deadline_timer aes xsave avx f16c rdrand lahf_lm abm 3dnowprefetch epb intel_pt tpr_shadow vnmi flexpriority ept vpid fsgsbase tsc_adjust bmi1 hle avx2 smep bmi2 erms invpcid rtm mpx rdseed adx smap clflushopt xsaveopt xsavec xgetbv1 dtherm ida arat pln pts hwp hwp_notify hwp_act_window hwp_epp
bugs		:
bogomips	: 8021.92
clflush size	: 64
cache_alignment	: 64
address sizes	: 39 bits physical, 48 bits virtual
power management:

processor	: 7
vendor_id	: GenuineIntel
cpu family	: 6
model		: 94
model name	: Intel(R) Core(TM) i7-6700K CPU @ 4.00GHz
stepping	: 3
microcode	: 0x6a
cpu MHz		: 4140.468
cache size	: 8192 KB
physical id	: 0
siblings	: 8
core id		: 3
cpu cores	: 4
apicid		: 7
initial apicid	: 7
fpu		: yes
fpu_exception	: yes
cpuid level	: 22
wp		: yes
flags		: fpu vme de pse tsc msr pae mce cx8 apic sep mtrr pge mca cmov pat pse36 clflush dts acpi mmx fxsr sse sse2 ss ht tm pbe syscall nx pdpe1gb rdtscp lm constant_tsc art arch_perfmon pebs bts rep_good nopl xtopology nonstop_tsc aperfmperf eagerfpu pni pclmulqdq dtes64 monitor ds_cpl vmx est tm2 ssse3 sdbg fma cx16 xtpr pdcm pcid sse4_1 sse4_2 x2apic movbe popcnt tsc_deadline_timer aes xsave avx f16c rdrand lahf_lm abm 3dnowprefetch epb intel_pt tpr_shadow vnmi flexpriority ept vpid fsgsbase tsc_adjust bmi1 hle avx2 smep bmi2 erms invpcid rtm mpx rdseed adx smap clflushopt xsaveopt xsavec xgetbv1 dtherm ida arat pln pts hwp hwp_notify hwp_act_window hwp_epp
bugs		:
bogomips	: 8021.93
clflush size	: 64
cache_alignment	: 64
address sizes	: 39 bits physical, 48 bits virtual
power management:



Memory: 4k page, physical 16350744k(10453840k free), swap 4191228k(4191228k free)

vm_info: OpenJDK 64-Bit Server VM (25.92-b14) for linux-amd64 JRE (1.8.0_92-b14), built on Apr 24 2016 15:02:36 by "builduser" with gcc 5.3.0

time: Sun Jul 31 00:49:51 2016
elapsed time: 1 seconds (0d 0h 0m 1s)

