#
# A fatal error has been detected by the Java Runtime Environment:
#
#  SIGSEGV (0xb) at pc=0x0000000040673efe, pid=4272, tid=0x00007f2d3f8eb700
#
# JRE version: OpenJDK Runtime Environment (8.0_92-b14) (build 1.8.0_92-b14)
# Java VM: OpenJDK 64-Bit Server VM (25.92-b14 mixed mode linux-amd64 compressed oops)
# Problematic frame:
# C  0x0000000040673efe
#
# Core dump written. Default location: /home/twittumz/Desktop/git/2DMapEditor/2dMapEditor/core or core.4272
#
# If you would like to submit a bug report, please visit:
#   http://bugreport.java.com/bugreport/crash.jsp
# The crash happened outside the Java Virtual Machine in native code.
# See problematic frame for where to report the bug.
#

---------------  T H R E A D  ---------------

Current thread (0x00007f2d642b0000):  JavaThread "AWT-EventQueue-0" [_thread_in_native, id=4301, stack(0x00007f2d3f7eb000,0x00007f2d3f8ec000)]

siginfo: si_signo: 11 (SIGSEGV), si_code: 1 (SEGV_MAPERR), si_addr: 0x0000000000000000

Registers:
RAX=0x00007f2cdb380b60, RBX=0x0000000041cb8000, RCX=0x0000000000000000, RDX=0x0000000000000004
RSP=0x00007f2d3f8e9498, RBP=0x0000000000000040, RSI=0x0000000000000000, RDI=0x0000000000000000
R8 =0x00007f2ce8223cb0, R9 =0x00000001022e5000, R10=0x00007f2ce91ac970, R11=0x0000000000000000
R12=0x0000000000000000, R13=0x0000000000000004, R14=0x0000000000000000, R15=0x00007f2ce8147f20
RIP=0x0000000040673efe, EFLAGS=0x0000000000010246, CSGSFS=0x002b000000000033, ERR=0x0000000000000004
  TRAPNO=0x000000000000000e

Top of Stack: (sp=0x00007f2d3f8e9498)
0x00007f2d3f8e9498:   00007f2d351b28c4 0000000500000000
0x00007f2d3f8e94a8:   0000000041d08fa0 00007f2d642b0000
0x00007f2d3f8e94b8:   00007f2d351b333e 00007f2cdb380b60
0x00007f2d3f8e94c8:   0000000041cb8000 0000000041cfcdf0
0x00007f2d3f8e94d8:   0000000000000005 0000000000000000
0x00007f2d3f8e94e8:   00007f2d3f8e9660 00007f2d642b0000
0x00007f2d3f8e94f8:   00007f2d34d9ec78 00007f2d3f8e9660
0x00007f2d3f8e9508:   000000043e46cba8 00007f2d640ec8b0
0x00007f2d3f8e9518:   00007f2d642b0000 00007f2d642b0000
0x00007f2d3f8e9528:   00007f2d3e46cba8 00007f2d3f8e9590
0x00007f2d3f8e9538:   0000000000000000 00007f2d3e46cba8
0x00007f2d3f8e9548:   00007f2d3d80be78 00007f2d3f8e9590
0x00007f2d3f8e9558:   00007f2d3dabd320 000000043f78cc28
0x00007f2d3f8e9568:   0000000500000000 00007f2d3f8e9660
0x00007f2d3f8e9578:   00007f2d642b01e0 00007f2d3f8e9618
0x00007f2d3f8e9588:   00007f2d3dabd320 00007f2d3f8e9618
0x00007f2d3f8e9598:   00007f2d55017754 00007f2d3e46cba8
0x00007f2d3f8e95a8:   0000000000000000 00007f2d3e46cba8
0x00007f2d3f8e95b8:   00007f2d3f8e9660 00007f2d3f8e9618
0x00007f2d3f8e95c8:   00007f2d550174e7 00007f2d550174a2
0x00007f2d3f8e95d8:   00007f2d3f8e95d8 00007f2d3e46cba8
0x00007f2d3f8e95e8:   00007f2d3f8e9660 00007f2d3e565028
0x00007f2d3f8e95f8:   0000000000000000 00007f2d3e46cba8
0x00007f2d3f8e9608:   0000000000000000 00007f2d3f8e9638
0x00007f2d3f8e9618:   00007f2d3f8e96a8 00007f2d55007ffd
0x00007f2d3f8e9628:   0000000000000000 00007f2d55011278
0x00007f2d3f8e9638:   00007f2d3dabd320 00007f2d3f8e96a8
0x00007f2d3f8e9648:   0000000000000004 0000000000000000
0x00007f2d3f8e9658:   0000000000000005 000000076d514418
0x00007f2d3f8e9668:   00007f2d3f8e9668 00007f2d3e46caf5
0x00007f2d3f8e9678:   00007f2d3f8e96e0 00007f2d3e565028
0x00007f2d3f8e9688:   0000000000000000 00007f2d3e46cb08 

Instructions: (pc=0x0000000040673efe)
0x0000000040673ede:   8b d1 49 8b cb 48 be 78 9a d0 41 00 00 00 00 48
0x0000000040673eee:   8b 36 48 8b 76 08 48 8b f9 48 c1 e7 04 48 03 f7
0x0000000040673efe:   8b 3e 8b 6e 04 89 38 89 68 04 8b 7e 08 8b 6e 0c
0x0000000040673f0e:   89 78 08 89 68 0c 48 83 c0 10 ff c1 ff ca 75 c5 

Register to memory mapping:

RAX=0x00007f2cdb380b60 is an unknown value
RBX=0x0000000041cb8000 is an unknown value
RCX=0x0000000000000000 is an unknown value
RDX=0x0000000000000004 is an unknown value
RSP=0x00007f2d3f8e9498 is pointing into the stack for thread: 0x00007f2d642b0000
RBP=0x0000000000000040 is an unknown value
RSI=0x0000000000000000 is an unknown value
RDI=0x0000000000000000 is an unknown value
R8 =0x00007f2ce8223cb0 is an unknown value
R9 =0x00000001022e5000 is an unknown value
R10=0x00007f2ce91ac970 is an unknown value
R11=0x0000000000000000 is an unknown value
R12=0x0000000000000000 is an unknown value
R13=0x0000000000000004 is an unknown value
R14=0x0000000000000000 is an unknown value
R15=0x00007f2ce8147f20 is an unknown value


Stack: [0x00007f2d3f7eb000,0x00007f2d3f8ec000],  sp=0x00007f2d3f8e9498,  free space=1017k
Native frames: (J=compiled Java code, j=interpreted, Vv=VM code, C=native code)
C  0x0000000040673efe

Java frames: (J=compiled Java code, j=interpreted, Vv=VM code)
j  jogamp.opengl.gl4.GL4bcImpl.dispatch_glDrawArrays1(IIIJ)V+0
j  jogamp.opengl.gl4.GL4bcImpl.glDrawArrays(III)V+45
j  Engine.SpriteRenderer.Draw(Lcom/jogamp/opengl/GL2;)V+74
j  Engine.Engine.Render(Lcom/jogamp/opengl/GLAutoDrawable;)V+22
j  Editor.Window$1.display(Lcom/jogamp/opengl/GLAutoDrawable;)V+22
j  jogamp.opengl.GLDrawableHelper.displayImpl(Lcom/jogamp/opengl/GLAutoDrawable;)V+62
j  jogamp.opengl.GLDrawableHelper.display(Lcom/jogamp/opengl/GLAutoDrawable;)V+2
j  com.jogamp.opengl.awt.GLCanvas$11.run()V+118
j  jogamp.opengl.GLDrawableHelper.invokeGLImpl(Lcom/jogamp/opengl/GLDrawable;Lcom/jogamp/opengl/GLContext;Ljava/lang/Runnable;Ljava/lang/Runnable;)V+203
j  jogamp.opengl.GLDrawableHelper.invokeGL(Lcom/jogamp/opengl/GLDrawable;Lcom/jogamp/opengl/GLContext;Ljava/lang/Runnable;Ljava/lang/Runnable;)V+72
j  com.jogamp.opengl.awt.GLCanvas$12.run()V+104
j  java.awt.event.InvocationEvent.dispatch()V+11
j  java.awt.EventQueue.dispatchEventImpl(Ljava/awt/AWTEvent;Ljava/lang/Object;)V+21
j  java.awt.EventQueue.access$500(Ljava/awt/EventQueue;Ljava/awt/AWTEvent;Ljava/lang/Object;)V+3
j  java.awt.EventQueue$3.run()Ljava/lang/Void;+32
j  java.awt.EventQueue$3.run()Ljava/lang/Object;+1
v  ~StubRoutines::call_stub
j  java.security.AccessController.doPrivileged(Ljava/security/PrivilegedAction;Ljava/security/AccessControlContext;)Ljava/lang/Object;+0
j  java.security.ProtectionDomain$JavaSecurityAccessImpl.doIntersectionPrivilege(Ljava/security/PrivilegedAction;Ljava/security/AccessControlContext;Ljava/security/AccessControlContext;)Ljava/lang/Object;+18
j  java.awt.EventQueue.dispatchEvent(Ljava/awt/AWTEvent;)V+46
j  java.awt.EventDispatchThread.pumpOneEventForFilters(I)V+245
j  java.awt.EventDispatchThread.pumpEventsForFilter(ILjava/awt/Conditional;Ljava/awt/EventFilter;)V+35
j  java.awt.EventDispatchThread.pumpEventsForHierarchy(ILjava/awt/Conditional;Ljava/awt/Component;)V+11
j  java.awt.EventDispatchThread.pumpEvents(ILjava/awt/Conditional;)V+4
j  java.awt.EventDispatchThread.pumpEvents(Ljava/awt/Conditional;)V+3
j  java.awt.EventDispatchThread.run()V+9
v  ~StubRoutines::call_stub

---------------  P R O C E S S  ---------------

Java Threads: ( => current thread )
  0x00007f2d64008000 JavaThread "DestroyJavaVM" [_thread_blocked, id=4278, stack(0x00007f2d6db5e000,0x00007f2d6dc5f000)]
  0x00007f2d645e0000 JavaThread "main-AWTAnimator#00" [_thread_blocked, id=4321, stack(0x00007f2cdbd7f000,0x00007f2cdbe80000)]
  0x00007f2d64494800 JavaThread "main-SharedResourceRunner" daemon [_thread_blocked, id=4309, stack(0x00007f2d3caad000,0x00007f2d3cbae000)]
  0x00007f2d64478000 JavaThread "main-SharedResourceRunner" daemon [_thread_blocked, id=4308, stack(0x00007f2d3f0c2000,0x00007f2d3f1c3000)]
  0x00007f2d642f9000 JavaThread "process reaper" daemon [_thread_blocked, id=4304, stack(0x00007f2d54010000,0x00007f2d54049000)]
=>0x00007f2d642b0000 JavaThread "AWT-EventQueue-0" [_thread_in_native, id=4301, stack(0x00007f2d3f7eb000,0x00007f2d3f8ec000)]
  0x00007f2d642ae000 JavaThread "AWT-Shutdown" [_thread_blocked, id=4300, stack(0x00007f2d3f8ec000,0x00007f2d3f9ed000)]
  0x00007f2d642a3000 JavaThread "Image Fetcher 0" daemon [_thread_blocked, id=4299, stack(0x00007f2d3f9ed000,0x00007f2d3faee000)]
  0x00007f2d64267800 JavaThread "AWT-XAWT" daemon [_thread_blocked, id=4298, stack(0x00007f2d3faee000,0x00007f2d3fbef000)]
  0x00007f2d64240800 JavaThread "Java2D Disposer" daemon [_thread_blocked, id=4297, stack(0x00007f2d4c0e4000,0x00007f2d4c1e5000)]
  0x00007f2d640d0000 JavaThread "Service Thread" daemon [_thread_blocked, id=4295, stack(0x00007f2d4ef59000,0x00007f2d4f05a000)]
  0x00007f2d640c5000 JavaThread "C1 CompilerThread3" daemon [_thread_blocked, id=4294, stack(0x00007f2d4f05a000,0x00007f2d4f15b000)]
  0x00007f2d640c3000 JavaThread "C2 CompilerThread2" daemon [_thread_blocked, id=4293, stack(0x00007f2d4f15b000,0x00007f2d4f25c000)]
  0x00007f2d640c1000 JavaThread "C2 CompilerThread1" daemon [_thread_blocked, id=4292, stack(0x00007f2d4f25c000,0x00007f2d4f35d000)]
  0x00007f2d640be000 JavaThread "C2 CompilerThread0" daemon [_thread_blocked, id=4291, stack(0x00007f2d4f35d000,0x00007f2d4f45e000)]
  0x00007f2d640bc800 JavaThread "Signal Dispatcher" daemon [_thread_blocked, id=4290, stack(0x00007f2d4f45e000,0x00007f2d4f55f000)]
  0x00007f2d6408a000 JavaThread "Finalizer" daemon [_thread_blocked, id=4289, stack(0x00007f2d4f6f7000,0x00007f2d4f7f8000)]
  0x00007f2d64085800 JavaThread "Reference Handler" daemon [_thread_blocked, id=4288, stack(0x00007f2d4f7f8000,0x00007f2d4f8f9000)]

Other Threads:
  0x00007f2d6407e000 VMThread [stack: 0x00007f2d4f8f9000,0x00007f2d4f9fa000] [id=4287]
  0x00007f2d640d2800 WatcherThread [stack: 0x00007f2d4ee58000,0x00007f2d4ef59000] [id=4296]

VM state:not at safepoint (normal execution)

VM Mutex/Monitor currently owned by a thread: None

Heap:
 PSYoungGen      total 74752K, used 33954K [0x000000076cd80000, 0x0000000772080000, 0x00000007c0000000)
  eden space 64512K, 52% used [0x000000076cd80000,0x000000076eea8b18,0x0000000770c80000)
  from space 10240K, 0% used [0x0000000771680000,0x0000000771680000,0x0000000772080000)
  to   space 10240K, 0% used [0x0000000770c80000,0x0000000770c80000,0x0000000771680000)
 ParOldGen       total 171008K, used 0K [0x00000006c6800000, 0x00000006d0f00000, 0x000000076cd80000)
  object space 171008K, 0% used [0x00000006c6800000,0x00000006c6800000,0x00000006d0f00000)
 Metaspace       used 17374K, capacity 17572K, committed 17792K, reserved 1064960K
  class space    used 1770K, capacity 1837K, committed 1920K, reserved 1048576K

Card table byte_map: [0x00007f2d6a65e000,0x00007f2d6ae2b000] byte_map_base: 0x00007f2d6702a000

Marking Bits: (ParMarkBitMap*) 0x00007f2d6ce71540
 Begin Bits: [0x00007f2d20340000, 0x00007f2d241a0000)
 End Bits:   [0x00007f2d241a0000, 0x00007f2d28000000)

Polling page: 0x00007f2d6dc94000

CodeCache: size=245760Kb used=3474Kb max_used=3474Kb free=242285Kb
 bounds [0x00007f2d55000000, 0x00007f2d55370000, 0x00007f2d64000000]
 total_blobs=1800 nmethods=853 adapters=862
 compilation: enabled

Compilation events (10 events):
Event: 1.170 Thread 0x00007f2d640c1000  850       4       java.lang.StringBuilder::<init> (7 bytes)
Event: 1.170 Thread 0x00007f2d640c1000 nmethod 850 0x00007f2d55362c90 code [0x00007f2d55362de0, 0x00007f2d55362ed8]
Event: 1.171 Thread 0x00007f2d640c5000 nmethod 849 0x00007f2d5535f290 code [0x00007f2d5535f540, 0x00007f2d55360c88]
Event: 1.171 Thread 0x00007f2d640c5000  851       1       com.jogamp.common.util.VersionNumber::getMajor (5 bytes)
Event: 1.171 Thread 0x00007f2d640c5000 nmethod 851 0x00007f2d5535efd0 code [0x00007f2d5535f120, 0x00007f2d5535f230]
Event: 1.178 Thread 0x00007f2d640c3000 nmethod 847 0x00007f2d553666d0 code [0x00007f2d55366880, 0x00007f2d55367398]
Event: 1.186 Thread 0x00007f2d640c5000  852       3       java.util.jar.Attributes$Name::equals (39 bytes)
Event: 1.186 Thread 0x00007f2d640c5000 nmethod 852 0x00007f2d553658d0 code [0x00007f2d55365a60, 0x00007f2d55365f08]
Event: 1.186 Thread 0x00007f2d640c5000  853       3       sun.misc.ASCIICaseInsensitiveComparator::compare (13 bytes)
Event: 1.186 Thread 0x00007f2d640c5000 nmethod 853 0x00007f2d55365310 code [0x00007f2d553654a0, 0x00007f2d55365808]

GC Heap History (0 events):
No events

Deoptimization events (10 events):
Event: 0.936 Thread 0x00007f2d645e0000 Uncommon trap: reason=unstable_if action=reinterpret pc=0x00007f2d55313f88 method=java.awt.Component.isDisplayable()Z @ 4
Event: 0.936 Thread 0x00007f2d645e0000 Uncommon trap: reason=unstable_if action=reinterpret pc=0x00007f2d5530fd4c method=java.awt.Component.isDisplayable()Z @ 4
Event: 0.941 Thread 0x00007f2d645e0000 Uncommon trap: reason=unstable_if action=reinterpret pc=0x00007f2d5533b174 method=com.jogamp.opengl.awt.GLCanvas.validateGLDrawable()Z @ 22
Event: 0.941 Thread 0x00007f2d645e0000 Uncommon trap: reason=unstable_if action=reinterpret pc=0x00007f2d553378b4 method=com.jogamp.opengl.awt.GLCanvas.validateGLDrawable()Z @ 22
Event: 0.943 Thread 0x00007f2d645e0000 Uncommon trap: reason=unstable_if action=reinterpret pc=0x00007f2d5533d8e8 method=com.jogamp.opengl.awt.GLCanvas.validateGLDrawable()Z @ 22
Event: 0.950 Thread 0x00007f2d645e0000 Uncommon trap: reason=unstable_if action=reinterpret pc=0x00007f2d5531504c method=java.awt.Component.isDisplayable()Z @ 4
Event: 1.029 Thread 0x00007f2d645e0000 Uncommon trap: reason=unstable_if action=reinterpret pc=0x00007f2d55342c9c method=com.jogamp.opengl.awt.GLCanvas.validateGLDrawable()Z @ 43
Event: 1.029 Thread 0x00007f2d64008000 Uncommon trap: reason=unstable_if action=reinterpret pc=0x00007f2d5534114c method=com.jogamp.opengl.awt.GLCanvas.validateGLDrawable()Z @ 43
Event: 1.029 Thread 0x00007f2d645e0000 Uncommon trap: reason=unstable_if action=reinterpret pc=0x00007f2d55345978 method=com.jogamp.opengl.awt.GLCanvas.validateGLDrawable()Z @ 33
Event: 1.047 Thread 0x00007f2d645e0000 Uncommon trap: reason=unstable_if action=reinterpret pc=0x00007f2d553591fc method=com.jogamp.opengl.awt.GLCanvas.display()V @ 45

Internal exceptions (10 events):
Event: 0.070 Thread 0x00007f2d64008000 Exception <a 'java/io/FileNotFoundException'> (0x000000076d0f2018) thrown at [/build/java8-openjdk/src/jdk8u-jdk8u92-b14/hotspot/src/share/vm/prims/jni.cpp, line 709]
Event: 0.070 Thread 0x00007f2d64008000 Exception <a 'java/io/FileNotFoundException'> (0x000000076d0f2a08) thrown at [/build/java8-openjdk/src/jdk8u-jdk8u92-b14/hotspot/src/share/vm/prims/jni.cpp, line 709]
Event: 0.077 Thread 0x00007f2d64008000 Exception <a 'java/lang/ClassNotFoundException': sun/dc/DuctusRenderingEngine> (0x000000076d10ad48) thrown at [/build/java8-openjdk/src/jdk8u-jdk8u92-b14/hotspot/src/share/vm/classfile/systemDictionary.cpp, line 210]
Event: 0.931 Thread 0x00007f2d64008000 Exception <a 'java/lang/reflect/InvocationTargetException'> (0x000000076e336d50) thrown at [/build/java8-openjdk/src/jdk8u-jdk8u92-b14/hotspot/src/share/vm/runtime/reflection.cpp, line 1092]
Event: 0.935 Thread 0x00007f2d64008000 Exception <a 'java/lang/reflect/InvocationTargetException'> (0x000000076e346e10) thrown at [/build/java8-openjdk/src/jdk8u-jdk8u92-b14/hotspot/src/share/vm/runtime/reflection.cpp, line 1092]
Event: 0.939 Thread 0x00007f2d64008000 Exception <a 'java/lang/reflect/InvocationTargetException'> (0x000000076ec51300) thrown at [/build/java8-openjdk/src/jdk8u-jdk8u92-b14/hotspot/src/share/vm/runtime/reflection.cpp, line 1092]
Event: 0.940 Thread 0x00007f2d64008000 Exception <a 'java/lang/reflect/InvocationTargetException'> (0x000000076ec69ef8) thrown at [/build/java8-openjdk/src/jdk8u-jdk8u92-b14/hotspot/src/share/vm/runtime/reflection.cpp, line 1092]
Event: 1.029 Thread 0x00007f2d642b0000 Exception <a 'java/lang/reflect/InvocationTargetException'> (0x000000076d5114e8) thrown at [/build/java8-openjdk/src/jdk8u-jdk8u92-b14/hotspot/src/share/vm/runtime/reflection.cpp, line 1092]
Event: 1.029 Thread 0x00007f2d642b0000 Exception <a 'java/lang/reflect/InvocationTargetException'> (0x000000076d511bb8) thrown at [/build/java8-openjdk/src/jdk8u-jdk8u92-b14/hotspot/src/share/vm/runtime/reflection.cpp, line 1092]
Event: 1.048 Thread 0x00007f2d642b0000 Exception <a 'java/lang/reflect/InvocationTargetException'> (0x000000076d512bd0) thrown at [/build/java8-openjdk/src/jdk8u-jdk8u92-b14/hotspot/src/share/vm/runtime/reflection.cpp, line 1092]

Events (10 events):
Event: 1.185 loading class com/jogamp/opengl/util/PMVMatrix
Event: 1.185 loading class com/jogamp/opengl/util/PMVMatrix done
Event: 1.186 loading class java/nio/HeapFloatBuffer
Event: 1.186 loading class java/nio/HeapFloatBuffer done
Event: 1.186 loading class com/jogamp/opengl/math/FloatUtil
Event: 1.186 loading class com/jogamp/opengl/math/FloatUtil done
Event: 1.187 loading class com/jogamp/common/util/FloatStack
Event: 1.187 loading class com/jogamp/common/util/FloatStack done
Event: 1.187 loading class com/jogamp/common/util/PrimitiveStack
Event: 1.187 loading class com/jogamp/common/util/PrimitiveStack done


Dynamic libraries:
00400000-00401000 r-xp 00000000 08:03 5905458                            /usr/lib/jvm/java-8-openjdk/jre/bin/java
00600000-00601000 rw-p 00000000 08:03 5905458                            /usr/lib/jvm/java-8-openjdk/jre/bin/java
00e3f000-00e60000 rw-p 00000000 00:00 0                                  [heap]
40672000-40674000 r-xs 00000000 00:23 207481                             /tmp/.glda1IbS (deleted)
41200000-412a0000 rw-p 00000000 00:00 0 
41cb8000-41d58000 rw-p 00000000 00:00 0 
6c6800000-6d0f00000 rw-p 00000000 00:00 0 
6d0f00000-76cd80000 ---p 00000000 00:00 0 
76cd80000-772080000 rw-p 00000000 00:00 0 
772080000-7c0000000 ---p 00000000 00:00 0 
7c0000000-7c01e0000 rw-p 00000000 00:00 0 
7c01e0000-800000000 ---p 00000000 00:00 0 
7f2cd0000000-7f2cd0021000 rw-p 00000000 00:00 0 
7f2cd0021000-7f2cd4000000 ---p 00000000 00:00 0 
7f2cd4000000-7f2cd44f2000 rw-p 00000000 00:00 0 
7f2cd44f2000-7f2cd8000000 ---p 00000000 00:00 0 
7f2cdb37e000-7f2cdb47e000 rw-s 38fecf000 00:06 2470                      /dev/nvidiactl
7f2cdb47e000-7f2cdb49e000 rw-s c0680000 00:06 15871                      /dev/nvidia0
7f2cdb49e000-7f2cdb4de000 rw-s 3bd862000 00:06 2470                      /dev/nvidiactl
7f2cdb4de000-7f2cdb4fe000 rw-s 390f99000 00:06 2470                      /dev/nvidiactl
7f2cdb4fe000-7f2cdb53e000 rw-s 63b73000 00:06 2470                       /dev/nvidiactl
7f2cdb53e000-7f2cdb55e000 rw-s 63b9f000 00:06 2470                       /dev/nvidiactl
7f2cdb55e000-7f2cdb562000 r-xp 00000000 08:03 5249369                    /usr/lib/libcap.so.2.25
7f2cdb562000-7f2cdb761000 ---p 00004000 08:03 5249369                    /usr/lib/libcap.so.2.25
7f2cdb761000-7f2cdb762000 rw-p 00003000 08:03 5249369                    /usr/lib/libcap.so.2.25
7f2cdb762000-7f2cdb776000 r-xp 00000000 08:03 5246162                    /usr/lib/libresolv-2.23.so
7f2cdb776000-7f2cdb975000 ---p 00014000 08:03 5246162                    /usr/lib/libresolv-2.23.so
7f2cdb975000-7f2cdb976000 r--p 00013000 08:03 5246162                    /usr/lib/libresolv-2.23.so
7f2cdb976000-7f2cdb977000 rw-p 00014000 08:03 5246162                    /usr/lib/libresolv-2.23.so
7f2cdb977000-7f2cdb979000 rw-p 00000000 00:00 0 
7f2cdb979000-7f2cdb97e000 r-xp 00000000 08:03 5246154                    /usr/lib/libnss_dns-2.23.so
7f2cdb97e000-7f2cdbb7d000 ---p 00005000 08:03 5246154                    /usr/lib/libnss_dns-2.23.so
7f2cdbb7d000-7f2cdbb7e000 r--p 00004000 08:03 5246154                    /usr/lib/libnss_dns-2.23.so
7f2cdbb7e000-7f2cdbb7f000 rw-p 00005000 08:03 5246154                    /usr/lib/libnss_dns-2.23.so
7f2cdbb7f000-7f2cdbcff000 rw-p 00000000 00:00 0 
7f2cdbcff000-7f2cdbd7f000 ---p 00000000 00:00 0 
7f2cdbd7f000-7f2cdbd82000 ---p 00000000 00:00 0 
7f2cdbd82000-7f2cdbe80000 rw-p 00000000 00:00 0 
7f2cdbe80000-7f2cdbf00000 rw-s 397a64000 00:06 2470                      /dev/nvidiactl
7f2cdbf00000-7f2cdbf80000 rw-s 386804000 00:06 2470                      /dev/nvidiactl
7f2cdbf80000-7f2cdc000000 rw-s 390551000 00:06 2470                      /dev/nvidiactl
7f2cdc000000-7f2cdc021000 rw-p 00000000 00:00 0 
7f2cdc021000-7f2ce0000000 ---p 00000000 00:00 0 
7f2ce0000000-7f2ce055e000 rw-p 00000000 00:00 0 
7f2ce055e000-7f2ce4000000 ---p 00000000 00:00 0 
7f2ce4000000-7f2ce4021000 rw-p 00000000 00:00 0 
7f2ce4021000-7f2ce8000000 ---p 00000000 00:00 0 
7f2ce8000000-7f2ce91ba000 rw-p 00000000 00:00 0 
7f2ce91ba000-7f2cec000000 ---p 00000000 00:00 0 
7f2cec000000-7f2cec021000 rw-p 00000000 00:00 0 
7f2cec021000-7f2cf0000000 ---p 00000000 00:00 0 
7f2cf0000000-7f2cf0022000 rw-p 00000000 00:00 0 
7f2cf0022000-7f2cf4000000 ---p 00000000 00:00 0 
7f2cf4000000-7f2cf4021000 rw-p 00000000 00:00 0 
7f2cf4021000-7f2cf8000000 ---p 00000000 00:00 0 
7f2cf8000000-7f2cf8021000 rw-p 00000000 00:00 0 
7f2cf8021000-7f2cfc000000 ---p 00000000 00:00 0 
7f2cfc000000-7f2cfc289000 rw-p 00000000 00:00 0 
7f2cfc289000-7f2d00000000 ---p 00000000 00:00 0 
7f2d00000000-7f2d00021000 rw-p 00000000 00:00 0 
7f2d00021000-7f2d04000000 ---p 00000000 00:00 0 
7f2d04000000-7f2d04150000 rw-p 00000000 00:00 0 
7f2d04150000-7f2d08000000 ---p 00000000 00:00 0 
7f2d08000000-7f2d08060000 rw-p 00000000 00:00 0 
7f2d08060000-7f2d0c000000 ---p 00000000 00:00 0 
7f2d0c000000-7f2d0c021000 rw-p 00000000 00:00 0 
7f2d0c021000-7f2d10000000 ---p 00000000 00:00 0 
7f2d10000000-7f2d10186000 rw-p 00000000 00:00 0 
7f2d10186000-7f2d14000000 ---p 00000000 00:00 0 
7f2d14000000-7f2d14021000 rw-p 00000000 00:00 0 
7f2d14021000-7f2d18000000 ---p 00000000 00:00 0 
7f2d18000000-7f2d18021000 rw-p 00000000 00:00 0 
7f2d18021000-7f2d1c000000 ---p 00000000 00:00 0 
7f2d1c000000-7f2d1c021000 rw-p 00000000 00:00 0 
7f2d1c021000-7f2d20000000 ---p 00000000 00:00 0 
7f2d2001c000-7f2d2005c000 rw-s 63a58000 00:06 2470                       /dev/nvidiactl
7f2d2005c000-7f2d2007c000 rw-s 6f628000 00:06 2470                       /dev/nvidiactl
7f2d2007c000-7f2d2017c000 rw-s 3906b4000 00:06 2470                      /dev/nvidiactl
7f2d2017c000-7f2d2019c000 rw-s c0640000 00:06 15871                      /dev/nvidia0
7f2d2019c000-7f2d201dc000 rw-s 386bbd000 00:06 2470                      /dev/nvidiactl
7f2d201dc000-7f2d201fc000 rw-s 3af802000 00:06 2470                      /dev/nvidiactl
7f2d201fc000-7f2d2023c000 rw-s 38fe05000 00:06 2470                      /dev/nvidiactl
7f2d2023c000-7f2d20340000 rw-s 454d4a000 00:06 2470                      /dev/nvidiactl
7f2d20340000-7f2d28000000 rw-p 00000000 00:00 0 
7f2d28000000-7f2d28021000 rw-p 00000000 00:00 0 
7f2d28021000-7f2d2c000000 ---p 00000000 00:00 0 
7f2d2c000000-7f2d2c021000 rw-p 00000000 00:00 0 
7f2d2c021000-7f2d30000000 ---p 00000000 00:00 0 
7f2d30000000-7f2d30021000 rw-p 00000000 00:00 0 
7f2d30021000-7f2d34000000 ---p 00000000 00:00 0 
7f2d3400e000-7f2d353a3000 r-xp 00000000 08:03 5268236                    /usr/lib/libnvidia-glcore.so.367.27
7f2d353a3000-7f2d353c3000 rwxp 01395000 08:03 5268236                    /usr/lib/libnvidia-glcore.so.367.27
7f2d353c3000-7f2d35763000 r-xp 013b5000 08:03 5268236                    /usr/lib/libnvidia-glcore.so.367.27
7f2d35763000-7f2d35963000 ---p 01755000 08:03 5268236                    /usr/lib/libnvidia-glcore.so.367.27
7f2d35963000-7f2d35d2b000 rw-p 01755000 08:03 5268236                    /usr/lib/libnvidia-glcore.so.367.27
7f2d35d2b000-7f2d35d43000 rw-p 00000000 00:00 0 
7f2d35d43000-7f2d35d46000 r-xp 00000000 08:03 5773637                    /usr/lib/tls/libnvidia-tls.so.367.27
7f2d35d46000-7f2d35f46000 ---p 00003000 08:03 5773637                    /usr/lib/tls/libnvidia-tls.so.367.27
7f2d35f46000-7f2d35f47000 rw-p 00003000 08:03 5773637                    /usr/lib/tls/libnvidia-tls.so.367.27
7f2d35f47000-7f2d3600f000 r-xp 00000000 08:03 5268220                    /usr/lib/libGLX_nvidia.so.367.27
7f2d3600f000-7f2d36043000 rwxp 000c8000 08:03 5268220                    /usr/lib/libGLX_nvidia.so.367.27
7f2d36043000-7f2d36056000 r-xp 000fc000 08:03 5268220                    /usr/lib/libGLX_nvidia.so.367.27
7f2d36056000-7f2d36256000 ---p 0010f000 08:03 5268220                    /usr/lib/libGLX_nvidia.so.367.27
7f2d36256000-7f2d3627e000 rw-p 0010f000 08:03 5268220                    /usr/lib/libGLX_nvidia.so.367.27
7f2d3627e000-7f2d36285000 rw-p 00000000 00:00 0 
7f2d36285000-7f2d36287000 r-xp 00000000 08:03 5269221                    /usr/lib/libXinerama.so.1.0.0
7f2d36287000-7f2d36486000 ---p 00002000 08:03 5269221                    /usr/lib/libXinerama.so.1.0.0
7f2d36486000-7f2d36487000 r--p 00001000 08:03 5269221                    /usr/lib/libXinerama.so.1.0.0
7f2d36487000-7f2d36488000 rw-p 00002000 08:03 5269221                    /usr/lib/libXinerama.so.1.0.0
7f2d36488000-7f2d37a54000 r-xp 00000000 08:03 5268233                    /usr/lib/libnvidia-eglcore.so.367.27
7f2d37a54000-7f2d37c54000 ---p 015cc000 08:03 5268233                    /usr/lib/libnvidia-eglcore.so.367.27
7f2d37c54000-7f2d37fec000 rw-p 015cc000 08:03 5268233                    /usr/lib/libnvidia-eglcore.so.367.27
7f2d37fec000-7f2d38000000 rw-p 00000000 00:00 0 
7f2d38000000-7f2d38021000 rw-p 00000000 00:00 0 
7f2d38021000-7f2d3c000000 ---p 00000000 00:00 0 
7f2d3c008000-7f2d3c048000 rw-s 390c63000 00:06 2470                      /dev/nvidiactl
7f2d3c048000-7f2d3c053000 r-xp 00000000 08:03 5268224                    /usr/lib/libGLESv1_CM_nvidia.so.367.27
7f2d3c053000-7f2d3c252000 ---p 0000b000 08:03 5268224                    /usr/lib/libGLESv1_CM_nvidia.so.367.27
7f2d3c252000-7f2d3c255000 rw-p 0000a000 08:03 5268224                    /usr/lib/libGLESv1_CM_nvidia.so.367.27
7f2d3c267000-7f2d3c287000 rw-s 39067b000 00:06 2470                      /dev/nvidiactl
7f2d3c287000-7f2d3c2c7000 rw-s 00000000 08:03 3152443                    /home/twittumz/#3152443 (deleted)
7f2d3c2c7000-7f2d3c307000 r-xs 00000000 08:03 3152443                    /home/twittumz/#3152443 (deleted)
7f2d3c307000-7f2d3c387000 rw-s 64001000 00:06 2470                       /dev/nvidiactl
7f2d3c387000-7f2d3c407000 rw-s 641c0000 00:06 2470                       /dev/nvidiactl
7f2d3c407000-7f2d3c487000 rw-s 6f6f0000 00:06 2470                       /dev/nvidiactl
7f2d3c487000-7f2d3c587000 rw-s 3905a9000 00:06 2470                      /dev/nvidiactl
7f2d3c587000-7f2d3c596000 r-xp 00000000 08:03 5268258                    /usr/lib/libGLESv2_nvidia.so.367.27
7f2d3c596000-7f2d3c796000 ---p 0000f000 08:03 5268258                    /usr/lib/libGLESv2_nvidia.so.367.27
7f2d3c796000-7f2d3c79a000 rw-p 0000f000 08:03 5268258                    /usr/lib/libGLESv2_nvidia.so.367.27
7f2d3c79a000-7f2d3c89e000 rw-s 454d4a000 00:06 2470                      /dev/nvidiactl
7f2d3c89e000-7f2d3c8ac000 r-xp 00000000 08:03 5264554                    /usr/lib/libdrm.so.2.4.0
7f2d3c8ac000-7f2d3caab000 ---p 0000e000 08:03 5264554                    /usr/lib/libdrm.so.2.4.0
7f2d3caab000-7f2d3caac000 r--p 0000d000 08:03 5264554                    /usr/lib/libdrm.so.2.4.0
7f2d3caac000-7f2d3caad000 rw-p 0000e000 08:03 5264554                    /usr/lib/libdrm.so.2.4.0
7f2d3caad000-7f2d3cab0000 ---p 00000000 00:00 0 
7f2d3cab0000-7f2d3cbae000 rw-p 00000000 00:00 0 
7f2d3cbae000-7f2d3cc0a000 r-xp 00000000 00:23 205764                     /tmp/jogamp_0000/file_cache/jln5548002173796080761/jln7075468320056877657/natives/linux-amd64/libjogl_mobile.so
7f2d3cc0a000-7f2d3ce0a000 ---p 0005c000 00:23 205764                     /tmp/jogamp_0000/file_cache/jln5548002173796080761/jln7075468320056877657/natives/linux-amd64/libjogl_mobile.so
7f2d3ce0a000-7f2d3ce0b000 rw-p 0005c000 00:23 205764                     /tmp/jogamp_0000/file_cache/jln5548002173796080761/jln7075468320056877657/natives/linux-amd64/libjogl_mobile.so
7f2d3ce0b000-7f2d3ce7d000 r-xp 00000000 08:03 5268234                    /usr/lib/libnvidia-glsi.so.367.27
7f2d3ce7d000-7f2d3d07c000 ---p 00072000 08:03 5268234                    /usr/lib/libnvidia-glsi.so.367.27
7f2d3d07c000-7f2d3d085000 rw-p 00071000 08:03 5268234                    /usr/lib/libnvidia-glsi.so.367.27
7f2d3d085000-7f2d3d094000 rw-p 00000000 00:00 0 
7f2d3d094000-7f2d3d15f000 r-xp 00000000 08:03 5268259                    /usr/lib/libEGL_nvidia.so.367.27
7f2d3d15f000-7f2d3d35e000 ---p 000cb000 08:03 5268259                    /usr/lib/libEGL_nvidia.so.367.27
7f2d3d35e000-7f2d3d389000 rw-p 000ca000 08:03 5268259                    /usr/lib/libEGL_nvidia.so.367.27
7f2d3d389000-7f2d3d39d000 rw-p 00000000 00:00 0 
7f2d3d39d000-7f2d3d3a1000 r-xp 00000000 08:03 5773639                    /usr/lib/nvidia/libEGL.so.1
7f2d3d3a1000-7f2d3d5a0000 ---p 00004000 08:03 5773639                    /usr/lib/nvidia/libEGL.so.1
7f2d3d5a0000-7f2d3d5a1000 rw-p 00003000 08:03 5773639                    /usr/lib/nvidia/libEGL.so.1
7f2d3d5a1000-7f2d3d5a6000 r-xp 00000000 08:03 5773617                    /usr/lib/nvidia/libGLESv2.so.2.0.0
7f2d3d5a6000-7f2d3d5a8000 r-xp 00005000 08:03 5773617                    /usr/lib/nvidia/libGLESv2.so.2.0.0
7f2d3d5a8000-7f2d3d5ac000 r-xp 00007000 08:03 5773617                    /usr/lib/nvidia/libGLESv2.so.2.0.0
7f2d3d5ac000-7f2d3d7ab000 ---p 0000b000 08:03 5773617                    /usr/lib/nvidia/libGLESv2.so.2.0.0
7f2d3d7ab000-7f2d3d7ac000 r--p 0000a000 08:03 5773617                    /usr/lib/nvidia/libGLESv2.so.2.0.0
7f2d3d7ac000-7f2d3d7ad000 rw-p 0000b000 08:03 5773617                    /usr/lib/nvidia/libGLESv2.so.2.0.0
7f2d3d7ad000-7f2d3d865000 r-xp 00000000 00:23 205763                     /tmp/jogamp_0000/file_cache/jln5548002173796080761/jln7075468320056877657/natives/linux-amd64/libjogl_desktop.so
7f2d3d865000-7f2d3da65000 ---p 000b8000 00:23 205763                     /tmp/jogamp_0000/file_cache/jln5548002173796080761/jln7075468320056877657/natives/linux-amd64/libjogl_desktop.so
7f2d3da65000-7f2d3da66000 rw-p 000b8000 00:23 205763                     /tmp/jogamp_0000/file_cache/jln5548002173796080761/jln7075468320056877657/natives/linux-amd64/libjogl_desktop.so
7f2d3da66000-7f2d3dab9000 r-xp 00000000 08:03 5268203                    /usr/lib/libGLdispatch.so.0.0.0
7f2d3dab9000-7f2d3dad2000 r-xp 00053000 08:03 5268203                    /usr/lib/libGLdispatch.so.0.0.0
7f2d3dad2000-7f2d3db0d000 r-xp 0006c000 08:03 5268203                    /usr/lib/libGLdispatch.so.0.0.0
7f2d3db0d000-7f2d3dd0c000 ---p 000a7000 08:03 5268203                    /usr/lib/libGLdispatch.so.0.0.0
7f2d3dd0c000-7f2d3dd1b000 r--p 000a6000 08:03 5268203                    /usr/lib/libGLdispatch.so.0.0.0
7f2d3dd1b000-7f2d3dd1c000 rw-p 000b5000 08:03 5268203                    /usr/lib/libGLdispatch.so.0.0.0
7f2d3dd1c000-7f2d3dd3c000 rw-p 00000000 00:00 0 
7f2d3dd3c000-7f2d3dd4c000 r-xp 00000000 08:03 5268199                    /usr/lib/libGLX.so.0.0.0
7f2d3dd4c000-7f2d3df4c000 ---p 00010000 08:03 5268199                    /usr/lib/libGLX.so.0.0.0
7f2d3df4c000-7f2d3df4d000 r--p 00010000 08:03 5268199                    /usr/lib/libGLX.so.0.0.0
7f2d3df4d000-7f2d3df4e000 rw-p 00011000 08:03 5268199                    /usr/lib/libGLX.so.0.0.0
7f2d3df4e000-7f2d3df6e000 rw-p 00000000 00:00 0 
7f2d3df6e000-7f2d3df9e000 r-xp 00000000 08:03 5773620                    /usr/lib/nvidia/libGL.so.1.0.0
7f2d3df9e000-7f2d3dfb7000 r-xp 00030000 08:03 5773620                    /usr/lib/nvidia/libGL.so.1.0.0
7f2d3dfb7000-7f2d3dfe2000 r-xp 00049000 08:03 5773620                    /usr/lib/nvidia/libGL.so.1.0.0
7f2d3dfe2000-7f2d3e1e2000 ---p 00074000 08:03 5773620                    /usr/lib/nvidia/libGL.so.1.0.0
7f2d3e1e2000-7f2d3e1e3000 r--p 00074000 08:03 5773620                    /usr/lib/nvidia/libGL.so.1.0.0
7f2d3e1e3000-7f2d3e1e4000 rw-p 00075000 08:03 5773620                    /usr/lib/nvidia/libGL.so.1.0.0
7f2d3e1e4000-7f2d3e3e5000 rw-p 00000000 00:00 0 
7f2d3e3e5000-7f2d3e5e5000 rw-p 00000000 00:00 0 
7f2d3e5e6000-7f2d3e5f9000 rw-s 38ffba000 00:06 2470                      /dev/nvidiactl
7f2d3e5f9000-7f2d3e5fa000 rw-s 386827000 00:06 2470                      /dev/nvidiactl
7f2d3e5fa000-7f2d3e5fb000 rw-s cfd6f000 00:06 15871                      /dev/nvidia0
7f2d3e5fb000-7f2d3e5fc000 rw-s cfd6e000 00:06 15871                      /dev/nvidia0
7f2d3e5fc000-7f2d3e60c000 r-xp 00000000 08:03 5253231                    /usr/lib/libnss_myhostname.so.2
7f2d3e60c000-7f2d3e60d000 ---p 00010000 08:03 5253231                    /usr/lib/libnss_myhostname.so.2
7f2d3e60d000-7f2d3e60f000 r--p 00010000 08:03 5253231                    /usr/lib/libnss_myhostname.so.2
7f2d3e60f000-7f2d3e610000 rw-p 00012000 08:03 5253231                    /usr/lib/libnss_myhostname.so.2
7f2d3e610000-7f2d3e630000 rw-s c0600000 00:06 15871                      /dev/nvidia0
7f2d3e630000-7f2d3e670000 rw-s 38fe32000 00:06 2470                      /dev/nvidiactl
7f2d3e670000-7f2d3e6b0000 rw-s 390483000 00:06 2470                      /dev/nvidiactl
7f2d3e6b0000-7f2d3e6b7000 r-xp 00000000 00:23 205766                     /tmp/jogamp_0000/file_cache/jln5548002173796080761/jln7075468320056877657/natives/linux-amd64/libnativewindow_x11.so
7f2d3e6b7000-7f2d3e8b6000 ---p 00007000 00:23 205766                     /tmp/jogamp_0000/file_cache/jln5548002173796080761/jln7075468320056877657/natives/linux-amd64/libnativewindow_x11.so
7f2d3e8b6000-7f2d3e8b7000 rw-p 00006000 00:23 205766                     /tmp/jogamp_0000/file_cache/jln5548002173796080761/jln7075468320056877657/natives/linux-amd64/libnativewindow_x11.so
7f2d3e8b7000-7f2d3e8bc000 r-xp 00000000 08:03 5268760                    /usr/lib/libXxf86vm.so.1.0.0
7f2d3e8bc000-7f2d3eabb000 ---p 00005000 08:03 5268760                    /usr/lib/libXxf86vm.so.1.0.0
7f2d3eabb000-7f2d3eabc000 r--p 00004000 08:03 5268760                    /usr/lib/libXxf86vm.so.1.0.0
7f2d3eabc000-7f2d3eabd000 rw-p 00005000 08:03 5268760                    /usr/lib/libXxf86vm.so.1.0.0
7f2d3eabd000-7f2d3eabf000 r-xp 00000000 00:23 205765                     /tmp/jogamp_0000/file_cache/jln5548002173796080761/jln7075468320056877657/natives/linux-amd64/libnativewindow_awt.so
7f2d3eabf000-7f2d3ecbe000 ---p 00002000 00:23 205765                     /tmp/jogamp_0000/file_cache/jln5548002173796080761/jln7075468320056877657/natives/linux-amd64/libnativewindow_awt.so
7f2d3ecbe000-7f2d3ecbf000 rw-p 00001000 00:23 205765                     /tmp/jogamp_0000/file_cache/jln5548002173796080761/jln7075468320056877657/natives/linux-amd64/libnativewindow_awt.so
7f2d3ecbf000-7f2d3ecc0000 r-xp 00000000 08:03 5905448                    /usr/lib/jvm/java-8-openjdk/jre/lib/amd64/libjawt.so
7f2d3ecc0000-7f2d3eebf000 ---p 00001000 08:03 5905448                    /usr/lib/jvm/java-8-openjdk/jre/lib/amd64/libjawt.so
7f2d3eebf000-7f2d3eec0000 rw-p 00000000 08:03 5905448                    /usr/lib/jvm/java-8-openjdk/jre/lib/amd64/libjawt.so
7f2d3eec0000-7f2d3eec2000 r-xp 00000000 00:23 205762                     /tmp/jogamp_0000/file_cache/jln5548002173796080761/jln7075468320056877657/natives/linux-amd64/libgluegen-rt.so
7f2d3eec2000-7f2d3f0c1000 ---p 00002000 00:23 205762                     /tmp/jogamp_0000/file_cache/jln5548002173796080761/jln7075468320056877657/natives/linux-amd64/libgluegen-rt.so
7f2d3f0c1000-7f2d3f0c2000 rw-p 00001000 00:23 205762                     /tmp/jogamp_0000/file_cache/jln5548002173796080761/jln7075468320056877657/natives/linux-amd64/libgluegen-rt.so
7f2d3f0c2000-7f2d3f0c5000 ---p 00000000 00:00 0 
7f2d3f0c5000-7f2d3f1c3000 rw-p 00000000 00:00 0 
7f2d3f1c3000-7f2d3f1d4000 r-xp 00000000 08:03 5905443                    /usr/lib/jvm/java-8-openjdk/jre/lib/amd64/libnio.so
7f2d3f1d4000-7f2d3f3d3000 ---p 00011000 08:03 5905443                    /usr/lib/jvm/java-8-openjdk/jre/lib/amd64/libnio.so
7f2d3f3d3000-7f2d3f3d4000 rw-p 00010000 08:03 5905443                    /usr/lib/jvm/java-8-openjdk/jre/lib/amd64/libnio.so
7f2d3f3d4000-7f2d3f3ea000 r-xp 00000000 08:03 5905432                    /usr/lib/jvm/java-8-openjdk/jre/lib/amd64/libnet.so
7f2d3f3ea000-7f2d3f5ea000 ---p 00016000 08:03 5905432                    /usr/lib/jvm/java-8-openjdk/jre/lib/amd64/libnet.so
7f2d3f5ea000-7f2d3f5eb000 rw-p 00016000 08:03 5905432                    /usr/lib/jvm/java-8-openjdk/jre/lib/amd64/libnet.so
7f2d3f5eb000-7f2d3f7eb000 rw-p 00000000 00:00 0 
7f2d3f7eb000-7f2d3f7ee000 ---p 00000000 00:00 0 
7f2d3f7ee000-7f2d3f8ec000 rw-p 00000000 00:00 0 
7f2d3f8ec000-7f2d3f8ef000 ---p 00000000 00:00 0 
7f2d3f8ef000-7f2d3f9ed000 rw-p 00000000 00:00 0 
7f2d3f9ed000-7f2d3f9f0000 ---p 00000000 00:00 0 
7f2d3f9f0000-7f2d3faee000 rw-p 00000000 00:00 0 
7f2d3faee000-7f2d3faf1000 ---p 00000000 00:00 0 
7f2d3faf1000-7f2d3fbef000 rw-p 00000000 00:00 0 
7f2d3fbef000-7f2d3fbf4000 r-xp 00000000 08:03 5268766                    /usr/lib/libXfixes.so.3.1.0
7f2d3fbf4000-7f2d3fdf3000 ---p 00005000 08:03 5268766                    /usr/lib/libXfixes.so.3.1.0
7f2d3fdf3000-7f2d3fdf4000 r--p 00004000 08:03 5268766                    /usr/lib/libXfixes.so.3.1.0
7f2d3fdf4000-7f2d3fdf5000 rw-p 00005000 08:03 5268766                    /usr/lib/libXfixes.so.3.1.0
7f2d3fdf5000-7f2d3fdff000 r-xp 00000000 08:03 5269218                    /usr/lib/libXcursor.so.1.0.2
7f2d3fdff000-7f2d3fffe000 ---p 0000a000 08:03 5269218                    /usr/lib/libXcursor.so.1.0.2
7f2d3fffe000-7f2d3ffff000 r--p 00009000 08:03 5269218                    /usr/lib/libXcursor.so.1.0.2
7f2d3ffff000-7f2d40000000 rw-p 0000a000 08:03 5269218                    /usr/lib/libXcursor.so.1.0.2
7f2d40000000-7f2d40021000 rw-p 00000000 00:00 0 
7f2d40021000-7f2d44000000 ---p 00000000 00:00 0 
7f2d44000000-7f2d44021000 rw-p 00000000 00:00 0 
7f2d44021000-7f2d48000000 ---p 00000000 00:00 0 
7f2d48000000-7f2d48021000 rw-p 00000000 00:00 0 
7f2d48021000-7f2d4c000000 ---p 00000000 00:00 0 
7f2d4c000000-7f2d4c013000 rw-s 3933a6000 00:06 2470                      /dev/nvidiactl
7f2d4c013000-7f2d4c033000 rw-s 390f98000 00:06 2470                      /dev/nvidiactl
7f2d4c033000-7f2d4c053000 rw-s 3868db000 00:06 2470                      /dev/nvidiactl
7f2d4c053000-7f2d4c093000 rw-s 38fe7a000 00:06 2470                      /dev/nvidiactl
7f2d4c093000-7f2d4c094000 rw-s cfd6e000 00:06 15871                      /dev/nvidia0
7f2d4c094000-7f2d4c095000 rw-s 63b9e000 00:06 2470                       /dev/nvidiactl
7f2d4c095000-7f2d4c097000 rw-s 00000000 00:23 207481                     /tmp/.glda1IbS (deleted)
7f2d4c097000-7f2d4c0aa000 rw-s 3906a1000 00:06 2470                      /dev/nvidiactl
7f2d4c0aa000-7f2d4c0ab000 rw-s 3906a0000 00:06 2470                      /dev/nvidiactl
7f2d4c0ab000-7f2d4c0af000 rw-s 38fd64000 00:06 2470                      /dev/nvidiactl
7f2d4c0af000-7f2d4c0b0000 rw-s cfd6e000 00:06 15871                      /dev/nvidia0
7f2d4c0b0000-7f2d4c0b1000 rw-s cfd6e000 00:06 15871                      /dev/nvidia0
7f2d4c0b1000-7f2d4c0b2000 rw-s cfd6e000 00:06 15871                      /dev/nvidia0
7f2d4c0b2000-7f2d4c0b3000 rw-s 386826000 00:06 2470                      /dev/nvidiactl
7f2d4c0b3000-7f2d4c0e4000 rw-p 00000000 00:00 0 
7f2d4c0e4000-7f2d4c0e7000 ---p 00000000 00:00 0 
7f2d4c0e7000-7f2d4c1e5000 rw-p 00000000 00:00 0 
7f2d4c1e5000-7f2d4c257000 r-xp 00000000 08:03 5254181                    /usr/lib/libpcre.so.1.2.7
7f2d4c257000-7f2d4c456000 ---p 00072000 08:03 5254181                    /usr/lib/libpcre.so.1.2.7
7f2d4c456000-7f2d4c457000 r--p 00071000 08:03 5254181                    /usr/lib/libpcre.so.1.2.7
7f2d4c457000-7f2d4c458000 rw-p 00072000 08:03 5254181                    /usr/lib/libpcre.so.1.2.7
7f2d4c458000-7f2d4c482000 r-xp 00000000 08:03 5264449                    /usr/lib/libgraphite2.so.3.0.1
7f2d4c482000-7f2d4c681000 ---p 0002a000 08:03 5264449                    /usr/lib/libgraphite2.so.3.0.1
7f2d4c681000-7f2d4c683000 r--p 00029000 08:03 5264449                    /usr/lib/libgraphite2.so.3.0.1
7f2d4c683000-7f2d4c684000 rw-p 0002b000 08:03 5264449                    /usr/lib/libgraphite2.so.3.0.1
7f2d4c684000-7f2d4c791000 r-xp 00000000 08:03 5256081                    /usr/lib/libglib-2.0.so.0.4800.1
7f2d4c791000-7f2d4c990000 ---p 0010d000 08:03 5256081                    /usr/lib/libglib-2.0.so.0.4800.1
7f2d4c990000-7f2d4c991000 r--p 0010c000 08:03 5256081                    /usr/lib/libglib-2.0.so.0.4800.1
7f2d4c991000-7f2d4c992000 rw-p 0010d000 08:03 5256081                    /usr/lib/libglib-2.0.so.0.4800.1
7f2d4c992000-7f2d4c993000 rw-p 00000000 00:00 0 
7f2d4c993000-7f2d4ca0d000 r-xp 00000000 08:03 5264460                    /usr/lib/libharfbuzz.so.0.10200.7
7f2d4ca0d000-7f2d4cc0d000 ---p 0007a000 08:03 5264460                    /usr/lib/libharfbuzz.so.0.10200.7
7f2d4cc0d000-7f2d4cc0e000 r--p 0007a000 08:03 5264460                    /usr/lib/libharfbuzz.so.0.10200.7
7f2d4cc0e000-7f2d4cc0f000 rw-p 0007b000 08:03 5264460                    /usr/lib/libharfbuzz.so.0.10200.7
7f2d4cc0f000-7f2d4cc43000 r-xp 00000000 08:03 5264433                    /usr/lib/libpng16.so.16.23.0
7f2d4cc43000-7f2d4ce43000 ---p 00034000 08:03 5264433                    /usr/lib/libpng16.so.16.23.0
7f2d4ce43000-7f2d4ce44000 r--p 00034000 08:03 5264433                    /usr/lib/libpng16.so.16.23.0
7f2d4ce44000-7f2d4ce45000 rw-p 00035000 08:03 5264433                    /usr/lib/libpng16.so.16.23.0
7f2d4ce45000-7f2d4ce54000 r-xp 00000000 08:03 5249251                    /usr/lib/libbz2.so.1.0.6
7f2d4ce54000-7f2d4d053000 ---p 0000f000 08:03 5249251                    /usr/lib/libbz2.so.1.0.6
7f2d4d053000-7f2d4d055000 rw-p 0000e000 08:03 5249251                    /usr/lib/libbz2.so.1.0.6
7f2d4d055000-7f2d4d06b000 r-xp 00000000 08:03 5246433                    /usr/lib/libgcc_s.so.1
7f2d4d06b000-7f2d4d26a000 ---p 00016000 08:03 5246433                    /usr/lib/libgcc_s.so.1
7f2d4d26a000-7f2d4d26b000 rw-p 00015000 08:03 5246433                    /usr/lib/libgcc_s.so.1
7f2d4d26b000-7f2d4d321000 r-xp 00000000 08:03 5264483                    /usr/lib/libfreetype.so.6.12.5
7f2d4d321000-7f2d4d520000 ---p 000b6000 08:03 5264483                    /usr/lib/libfreetype.so.6.12.5
7f2d4d520000-7f2d4d526000 r--p 000b5000 08:03 5264483                    /usr/lib/libfreetype.so.6.12.5
7f2d4d526000-7f2d4d527000 rw-p 000bb000 08:03 5264483                    /usr/lib/libfreetype.so.6.12.5
7f2d4d527000-7f2d4d588000 r-xp 00000000 08:03 5905449                    /usr/lib/jvm/java-8-openjdk/jre/lib/amd64/libfontmanager.so
7f2d4d588000-7f2d4d788000 ---p 00061000 08:03 5905449                    /usr/lib/jvm/java-8-openjdk/jre/lib/amd64/libfontmanager.so
7f2d4d788000-7f2d4d78c000 rw-p 00061000 08:03 5905449                    /usr/lib/jvm/java-8-openjdk/jre/lib/amd64/libfontmanager.so
7f2d4d78c000-7f2d4d791000 r-xp 00000000 08:03 5264426                    /usr/lib/libXdmcp.so.6.0.0
7f2d4d791000-7f2d4d990000 ---p 00005000 08:03 5264426                    /usr/lib/libXdmcp.so.6.0.0
7f2d4d990000-7f2d4d991000 r--p 00004000 08:03 5264426                    /usr/lib/libXdmcp.so.6.0.0
7f2d4d991000-7f2d4d992000 rw-p 00005000 08:03 5264426                    /usr/lib/libXdmcp.so.6.0.0
7f2d4d992000-7f2d4d994000 r-xp 00000000 08:03 5264569                    /usr/lib/libXau.so.6.0.0
7f2d4d994000-7f2d4db94000 ---p 00002000 08:03 5264569                    /usr/lib/libXau.so.6.0.0
7f2d4db94000-7f2d4db95000 r--p 00002000 08:03 5264569                    /usr/lib/libXau.so.6.0.0
7f2d4db95000-7f2d4db96000 rw-p 00003000 08:03 5264569                    /usr/lib/libXau.so.6.0.0
7f2d4db96000-7f2d4dbbe000 r-xp 00000000 08:03 5264668                    /usr/lib/libxcb.so.1.1.0
7f2d4dbbe000-7f2d4ddbd000 ---p 00028000 08:03 5264668                    /usr/lib/libxcb.so.1.1.0
7f2d4ddbd000-7f2d4ddbe000 r--p 00027000 08:03 5264668                    /usr/lib/libxcb.so.1.1.0
7f2d4ddbe000-7f2d4ddbf000 rw-p 00028000 08:03 5264668                    /usr/lib/libxcb.so.1.1.0
7f2d4ddbf000-7f2d4ddce000 r-xp 00000000 08:03 5269325                    /usr/lib/libXi.so.6.1.0
7f2d4ddce000-7f2d4dfcd000 ---p 0000f000 08:03 5269325                    /usr/lib/libXi.so.6.1.0
7f2d4dfcd000-7f2d4dfce000 r--p 0000e000 08:03 5269325                    /usr/lib/libXi.so.6.1.0
7f2d4dfce000-7f2d4dfcf000 rw-p 0000f000 08:03 5269325                    /usr/lib/libXi.so.6.1.0
7f2d4dfcf000-7f2d4dfd4000 r-xp 00000000 08:03 5269506                    /usr/lib/libXtst.so.6.1.0
7f2d4dfd4000-7f2d4e1d3000 ---p 00005000 08:03 5269506                    /usr/lib/libXtst.so.6.1.0
7f2d4e1d3000-7f2d4e1d4000 r--p 00004000 08:03 5269506                    /usr/lib/libXtst.so.6.1.0
7f2d4e1d4000-7f2d4e1d5000 rw-p 00005000 08:03 5269506                    /usr/lib/libXtst.so.6.1.0
7f2d4e1d5000-7f2d4e1de000 r-xp 00000000 08:03 5268501                    /usr/lib/libXrender.so.1.3.0
7f2d4e1de000-7f2d4e3dd000 ---p 00009000 08:03 5268501                    /usr/lib/libXrender.so.1.3.0
7f2d4e3dd000-7f2d4e3de000 r--p 00008000 08:03 5268501                    /usr/lib/libXrender.so.1.3.0
7f2d4e3de000-7f2d4e3df000 rw-p 00009000 08:03 5268501                    /usr/lib/libXrender.so.1.3.0
7f2d4e3df000-7f2d4e51a000 r-xp 00000000 08:03 5266962                    /usr/lib/libX11.so.6.3.0
7f2d4e51a000-7f2d4e719000 ---p 0013b000 08:03 5266962                    /usr/lib/libX11.so.6.3.0
7f2d4e719000-7f2d4e71b000 r--p 0013a000 08:03 5266962                    /usr/lib/libX11.so.6.3.0
7f2d4e71b000-7f2d4e720000 rw-p 0013c000 08:03 5266962                    /usr/lib/libX11.so.6.3.0
7f2d4e720000-7f2d4e721000 rw-p 00000000 00:00 0 
7f2d4e721000-7f2d4e732000 r-xp 00000000 08:03 5268193                    /usr/lib/libXext.so.6.4.0
7f2d4e732000-7f2d4e931000 ---p 00011000 08:03 5268193                    /usr/lib/libXext.so.6.4.0
7f2d4e931000-7f2d4e932000 r--p 00010000 08:03 5268193                    /usr/lib/libXext.so.6.4.0
7f2d4e932000-7f2d4e933000 rw-p 00011000 08:03 5268193                    /usr/lib/libXext.so.6.4.0
7f2d4e933000-7f2d4e986000 r-xp 00000000 08:03 5905447                    /usr/lib/jvm/java-8-openjdk/jre/lib/amd64/libawt_xawt.so
7f2d4e986000-7f2d4eb86000 ---p 00053000 08:03 5905447                    /usr/lib/jvm/java-8-openjdk/jre/lib/amd64/libawt_xawt.so
7f2d4eb86000-7f2d4eb89000 rw-p 00053000 08:03 5905447                    /usr/lib/jvm/java-8-openjdk/jre/lib/amd64/libawt_xawt.so
7f2d4eb89000-7f2d4eb8a000 rw-p 00000000 00:00 0 
7f2d4eb8a000-7f2d4ec28000 r-xp 00000000 08:03 5905442                    /usr/lib/jvm/java-8-openjdk/jre/lib/amd64/libawt.so
7f2d4ec28000-7f2d4ee28000 ---p 0009e000 08:03 5905442                    /usr/lib/jvm/java-8-openjdk/jre/lib/amd64/libawt.so
7f2d4ee28000-7f2d4ee34000 rw-p 0009e000 08:03 5905442                    /usr/lib/jvm/java-8-openjdk/jre/lib/amd64/libawt.so
7f2d4ee34000-7f2d4ee58000 rw-p 00000000 00:00 0 
7f2d4ee58000-7f2d4ee59000 ---p 00000000 00:00 0 
7f2d4ee59000-7f2d4ef59000 rw-p 00000000 00:00 0 
7f2d4ef59000-7f2d4ef5c000 ---p 00000000 00:00 0 
7f2d4ef5c000-7f2d4f05a000 rw-p 00000000 00:00 0 
7f2d4f05a000-7f2d4f05d000 ---p 00000000 00:00 0 
7f2d4f05d000-7f2d4f15b000 rw-p 00000000 00:00 0 
7f2d4f15b000-7f2d4f15e000 ---p 00000000 00:00 0 
7f2d4f15e000-7f2d4f25c000 rw-p 00000000 00:00 0 
7f2d4f25c000-7f2d4f25f000 ---p 00000000 00:00 0 
7f2d4f25f000-7f2d4f35d000 rw-p 00000000 00:00 0 
7f2d4f35d000-7f2d4f360000 ---p 00000000 00:00 0 
7f2d4f360000-7f2d4f45e000 rw-p 00000000 00:00 0 
7f2d4f45e000-7f2d4f461000 ---p 00000000 00:00 0 
7f2d4f461000-7f2d4f55f000 rw-p 00000000 00:00 0 
7f2d4f55f000-7f2d4f6f7000 r--p 00000000 08:03 5281274                    /usr/lib/locale/locale-archive
7f2d4f6f7000-7f2d4f6fa000 ---p 00000000 00:00 0 
7f2d4f6fa000-7f2d4f7f8000 rw-p 00000000 00:00 0 
7f2d4f7f8000-7f2d4f7fb000 ---p 00000000 00:00 0 
7f2d4f7fb000-7f2d4f8f9000 rw-p 00000000 00:00 0 
7f2d4f8f9000-7f2d4f8fa000 ---p 00000000 00:00 0 
7f2d4f8fa000-7f2d50000000 rw-p 00000000 00:00 0 
7f2d50000000-7f2d50021000 rw-p 00000000 00:00 0 
7f2d50021000-7f2d54000000 ---p 00000000 00:00 0 
7f2d54000000-7f2d54010000 rw-s 00000000 08:03 3152398                    /home/twittumz/#3152398 (deleted)
7f2d54010000-7f2d54013000 ---p 00000000 00:00 0 
7f2d54013000-7f2d54049000 rw-p 00000000 00:00 0 
7f2d54049000-7f2d5406d000 r--s 0031e000 08:03 3279997                    /home/twittumz/Desktop/git/2DMapEditor/libs/jogl/jar/jogl-all.jar
7f2d5406d000-7f2d55000000 rw-p 00000000 00:00 0 
7f2d55000000-7f2d55370000 rwxp 00000000 00:00 0 
7f2d55370000-7f2d64000000 ---p 00000000 00:00 0 
7f2d64000000-7f2d64aab000 rw-p 00000000 00:00 0 
7f2d64aab000-7f2d68000000 ---p 00000000 00:00 0 
7f2d68000000-7f2d68001000 rw-s de060000 00:06 15871                      /dev/nvidia0
7f2d68001000-7f2d68002000 rw-s 3933a5000 00:06 2470                      /dev/nvidiactl
7f2d68002000-7f2d68006000 rw-s 390e00000 00:06 2470                      /dev/nvidiactl
7f2d68006000-7f2d68007000 rw-s cfd6e000 00:06 15871                      /dev/nvidia0
7f2d68007000-7f2d68008000 rw-s cfd6e000 00:06 15871                      /dev/nvidia0
7f2d68008000-7f2d68009000 rw-s cfd6e000 00:06 15871                      /dev/nvidia0
7f2d68009000-7f2d6800a000 rw-s 386a4a000 00:06 2470                      /dev/nvidiactl
7f2d6800a000-7f2d6801a000 r-xs 00000000 08:03 3152398                    /home/twittumz/#3152398 (deleted)
7f2d6801a000-7f2d6801c000 r--s 00000000 08:03 3279886                    /home/twittumz/Desktop/git/2DMapEditor/libs/jogl/jar/gluegen-rt-natives-linux-amd64.jar
7f2d6801c000-7f2d68714000 rw-p 00000000 00:00 0 
7f2d68714000-7f2d688e1000 r--s 03bec000 08:03 5905403                    /usr/lib/jvm/java-8-openjdk/jre/lib/rt.jar
7f2d688e1000-7f2d69923000 rw-p 00000000 00:00 0 
7f2d69923000-7f2d69924000 ---p 00000000 00:00 0 
7f2d69924000-7f2d69a24000 rw-p 00000000 00:00 0 
7f2d69a24000-7f2d69a25000 ---p 00000000 00:00 0 
7f2d69a25000-7f2d69b25000 rw-p 00000000 00:00 0 
7f2d69b25000-7f2d69b26000 ---p 00000000 00:00 0 
7f2d69b26000-7f2d69c26000 rw-p 00000000 00:00 0 
7f2d69c26000-7f2d69c27000 ---p 00000000 00:00 0 
7f2d69c27000-7f2d69d27000 rw-p 00000000 00:00 0 
7f2d69d27000-7f2d69d28000 ---p 00000000 00:00 0 
7f2d69d28000-7f2d69e28000 rw-p 00000000 00:00 0 
7f2d69e28000-7f2d69e29000 ---p 00000000 00:00 0 
7f2d69e29000-7f2d69f29000 rw-p 00000000 00:00 0 
7f2d69f29000-7f2d69f2a000 ---p 00000000 00:00 0 
7f2d69f2a000-7f2d6a02a000 rw-p 00000000 00:00 0 
7f2d6a02a000-7f2d6a02b000 ---p 00000000 00:00 0 
7f2d6a02b000-7f2d6a17f000 rw-p 00000000 00:00 0 
7f2d6a17f000-7f2d6a65e000 ---p 00000000 00:00 0 
7f2d6a65e000-7f2d6a6b2000 rw-p 00000000 00:00 0 
7f2d6a6b2000-7f2d6ab90000 ---p 00000000 00:00 0 
7f2d6ab90000-7f2d6abbb000 rw-p 00000000 00:00 0 
7f2d6abbb000-7f2d6ae2a000 ---p 00000000 00:00 0 
7f2d6ae2a000-7f2d6ae39000 rw-p 00000000 00:00 0 
7f2d6ae39000-7f2d6b1eb000 ---p 00000000 00:00 0 
7f2d6b1eb000-7f2d6b1f3000 r-xp 00000000 08:03 5905430                    /usr/lib/jvm/java-8-openjdk/jre/lib/amd64/libzip.so
7f2d6b1f3000-7f2d6b3f2000 ---p 00008000 08:03 5905430                    /usr/lib/jvm/java-8-openjdk/jre/lib/amd64/libzip.so
7f2d6b3f2000-7f2d6b3f3000 rw-p 00007000 08:03 5905430                    /usr/lib/jvm/java-8-openjdk/jre/lib/amd64/libzip.so
7f2d6b3f3000-7f2d6b3fe000 r-xp 00000000 08:03 5246155                    /usr/lib/libnss_files-2.23.so
7f2d6b3fe000-7f2d6b5fd000 ---p 0000b000 08:03 5246155                    /usr/lib/libnss_files-2.23.so
7f2d6b5fd000-7f2d6b5fe000 r--p 0000a000 08:03 5246155                    /usr/lib/libnss_files-2.23.so
7f2d6b5fe000-7f2d6b5ff000 rw-p 0000b000 08:03 5246155                    /usr/lib/libnss_files-2.23.so
7f2d6b5ff000-7f2d6b605000 rw-p 00000000 00:00 0 
7f2d6b605000-7f2d6b631000 r-xp 00000000 08:03 5905429                    /usr/lib/jvm/java-8-openjdk/jre/lib/amd64/libjava.so
7f2d6b631000-7f2d6b831000 ---p 0002c000 08:03 5905429                    /usr/lib/jvm/java-8-openjdk/jre/lib/amd64/libjava.so
7f2d6b831000-7f2d6b833000 rw-p 0002c000 08:03 5905429                    /usr/lib/jvm/java-8-openjdk/jre/lib/amd64/libjava.so
7f2d6b833000-7f2d6b840000 r-xp 00000000 08:03 5905422                    /usr/lib/jvm/java-8-openjdk/jre/lib/amd64/libverify.so
7f2d6b840000-7f2d6ba3f000 ---p 0000d000 08:03 5905422                    /usr/lib/jvm/java-8-openjdk/jre/lib/amd64/libverify.so
7f2d6ba3f000-7f2d6ba41000 rw-p 0000c000 08:03 5905422                    /usr/lib/jvm/java-8-openjdk/jre/lib/amd64/libverify.so
7f2d6ba41000-7f2d6ba48000 r-xp 00000000 08:03 5246163                    /usr/lib/librt-2.23.so
7f2d6ba48000-7f2d6bc47000 ---p 00007000 08:03 5246163                    /usr/lib/librt-2.23.so
7f2d6bc47000-7f2d6bc48000 r--p 00006000 08:03 5246163                    /usr/lib/librt-2.23.so
7f2d6bc48000-7f2d6bc49000 rw-p 00007000 08:03 5246163                    /usr/lib/librt-2.23.so
7f2d6bc49000-7f2d6bd4c000 r-xp 00000000 08:03 5246160                    /usr/lib/libm-2.23.so
7f2d6bd4c000-7f2d6bf4b000 ---p 00103000 08:03 5246160                    /usr/lib/libm-2.23.so
7f2d6bf4b000-7f2d6bf4c000 r--p 00102000 08:03 5246160                    /usr/lib/libm-2.23.so
7f2d6bf4c000-7f2d6bf4d000 rw-p 00103000 08:03 5246160                    /usr/lib/libm-2.23.so
7f2d6bf4d000-7f2d6cba2000 r-xp 00000000 08:03 6170591                    /usr/lib/jvm/java-8-openjdk/jre/lib/amd64/server/libjvm.so
7f2d6cba2000-7f2d6cda2000 ---p 00c55000 08:03 6170591                    /usr/lib/jvm/java-8-openjdk/jre/lib/amd64/server/libjvm.so
7f2d6cda2000-7f2d6ce5e000 rw-p 00c55000 08:03 6170591                    /usr/lib/jvm/java-8-openjdk/jre/lib/amd64/server/libjvm.so
7f2d6ce5e000-7f2d6ce8e000 rw-p 00000000 00:00 0 
7f2d6ce8e000-7f2d6d025000 r-xp 00000000 08:03 5246102                    /usr/lib/libc-2.23.so
7f2d6d025000-7f2d6d225000 ---p 00197000 08:03 5246102                    /usr/lib/libc-2.23.so
7f2d6d225000-7f2d6d229000 r--p 00197000 08:03 5246102                    /usr/lib/libc-2.23.so
7f2d6d229000-7f2d6d22b000 rw-p 0019b000 08:03 5246102                    /usr/lib/libc-2.23.so
7f2d6d22b000-7f2d6d22f000 rw-p 00000000 00:00 0 
7f2d6d22f000-7f2d6d231000 r-xp 00000000 08:03 5246159                    /usr/lib/libdl-2.23.so
7f2d6d231000-7f2d6d431000 ---p 00002000 08:03 5246159                    /usr/lib/libdl-2.23.so
7f2d6d431000-7f2d6d432000 r--p 00002000 08:03 5246159                    /usr/lib/libdl-2.23.so
7f2d6d432000-7f2d6d433000 rw-p 00003000 08:03 5246159                    /usr/lib/libdl-2.23.so
7f2d6d433000-7f2d6d440000 r-xp 00000000 08:03 6170588                    /usr/lib/jvm/java-8-openjdk/jre/lib/amd64/jli/libjli.so
7f2d6d440000-7f2d6d63f000 ---p 0000d000 08:03 6170588                    /usr/lib/jvm/java-8-openjdk/jre/lib/amd64/jli/libjli.so
7f2d6d63f000-7f2d6d640000 rw-p 0000c000 08:03 6170588                    /usr/lib/jvm/java-8-openjdk/jre/lib/amd64/jli/libjli.so
7f2d6d640000-7f2d6d655000 r-xp 00000000 08:03 5253324                    /usr/lib/libz.so.1.2.8
7f2d6d655000-7f2d6d854000 ---p 00015000 08:03 5253324                    /usr/lib/libz.so.1.2.8
7f2d6d854000-7f2d6d855000 r--p 00014000 08:03 5253324                    /usr/lib/libz.so.1.2.8
7f2d6d855000-7f2d6d856000 rw-p 00015000 08:03 5253324                    /usr/lib/libz.so.1.2.8
7f2d6d856000-7f2d6d86e000 r-xp 00000000 08:03 5246083                    /usr/lib/libpthread-2.23.so
7f2d6d86e000-7f2d6da6d000 ---p 00018000 08:03 5246083                    /usr/lib/libpthread-2.23.so
7f2d6da6d000-7f2d6da6e000 r--p 00017000 08:03 5246083                    /usr/lib/libpthread-2.23.so
7f2d6da6e000-7f2d6da6f000 rw-p 00018000 08:03 5246083                    /usr/lib/libpthread-2.23.so
7f2d6da6f000-7f2d6da73000 rw-p 00000000 00:00 0 
7f2d6da73000-7f2d6da96000 r-xp 00000000 08:03 5246101                    /usr/lib/ld-2.23.so
7f2d6da96000-7f2d6da97000 r--s 00036000 08:03 3279976                    /home/twittumz/Desktop/git/2DMapEditor/libs/jogl/jar/jogl-all-natives-linux-amd64.jar
7f2d6da97000-7f2d6da98000 r--p 00000000 00:00 0 
7f2d6da98000-7f2d6da9c000 r--s 00097000 08:03 5905401                    /usr/lib/jvm/java-8-openjdk/jre/lib/jsse.jar
7f2d6da9c000-7f2d6daaf000 r--s 00345000 08:03 5905402                    /usr/lib/jvm/java-8-openjdk/jre/lib/resources.jar
7f2d6daaf000-7f2d6dab5000 r--s 0004f000 08:03 3279895                    /home/twittumz/Desktop/git/2DMapEditor/libs/jogl/jar/gluegen-rt.jar
7f2d6dab5000-7f2d6db5e000 rw-p 00000000 00:00 0 
7f2d6db5e000-7f2d6db61000 ---p 00000000 00:00 0 
7f2d6db61000-7f2d6dc8b000 rw-p 00000000 00:00 0 
7f2d6dc8b000-7f2d6dc93000 rw-s 00000000 00:23 208137                     /tmp/hsperfdata_twittumz/4272
7f2d6dc93000-7f2d6dc94000 rw-p 00000000 00:00 0 
7f2d6dc94000-7f2d6dc95000 r--p 00000000 00:00 0 
7f2d6dc95000-7f2d6dc96000 rw-p 00000000 00:00 0 
7f2d6dc96000-7f2d6dc97000 r--p 00023000 08:03 5246101                    /usr/lib/ld-2.23.so
7f2d6dc97000-7f2d6dc98000 rw-p 00024000 08:03 5246101                    /usr/lib/ld-2.23.so
7f2d6dc98000-7f2d6dc99000 rw-p 00000000 00:00 0 
7ffe95001000-7ffe95022000 rw-p 00000000 00:00 0                          [stack]
7ffe9515f000-7ffe95162000 r--p 00000000 00:00 0                          [vvar]
7ffe95162000-7ffe95164000 r-xp 00000000 00:00 0                          [vdso]
ffffffffff600000-ffffffffff601000 r-xp 00000000 00:00 0                  [vsyscall]

VM Arguments:
jvm_args: -Dfile.encoding=UTF-8 
java_command: Editor.Main
java_class_path (initial): /home/twittumz/Desktop/git/2DMapEditor/2dMapEditor/bin:/home/twittumz/Desktop/git/2DMapEditor/libs/jogl/jar/gluegen-rt.jar:/home/twittumz/Desktop/git/2DMapEditor/libs/jogl/jar/jogl-all.jar
Launcher Type: SUN_STANDARD

Environment Variables:
PATH=/usr/local/sbin:/usr/local/bin:/usr/bin:/usr/lib/jvm/default/bin:/usr/bin/site_perl:/usr/bin/vendor_perl:/usr/bin/core_perl
USERNAME=twittumz
SHELL=/bin/bash
DISPLAY=:1

Signal Handlers:
SIGSEGV: [libjvm.so+0xa5a220], sa_mask[0]=11111111011111111101111111111110, sa_flags=SA_RESTART|SA_SIGINFO
SIGBUS: [libjvm.so+0xa5a220], sa_mask[0]=11111111011111111101111111111110, sa_flags=SA_RESTART|SA_SIGINFO
SIGFPE: [libjvm.so+0x8a5a90], sa_mask[0]=11111111011111111101111111111110, sa_flags=SA_RESTART|SA_SIGINFO
SIGPIPE: [libjvm.so+0x8a5a90], sa_mask[0]=11111111011111111101111111111110, sa_flags=SA_RESTART|SA_SIGINFO
SIGXFSZ: [libjvm.so+0x8a5a90], sa_mask[0]=11111111011111111101111111111110, sa_flags=SA_RESTART|SA_SIGINFO
SIGILL: [libjvm.so+0x8a5a90], sa_mask[0]=11111111011111111101111111111110, sa_flags=SA_RESTART|SA_SIGINFO
SIGUSR1: SIG_DFL, sa_mask[0]=00000000000000000000000000000000, sa_flags=none
SIGUSR2: [libjvm.so+0x8a5940], sa_mask[0]=00100000000000000000000000000000, sa_flags=SA_RESTART|SA_SIGINFO
SIGHUP: [libjvm.so+0x8a5e10], sa_mask[0]=11111111011111111101111111111110, sa_flags=SA_RESTART|SA_SIGINFO
SIGINT: [libjvm.so+0x8a5e10], sa_mask[0]=11111111011111111101111111111110, sa_flags=SA_RESTART|SA_SIGINFO
SIGTERM: [libjvm.so+0x8a5e10], sa_mask[0]=11111111011111111101111111111110, sa_flags=SA_RESTART|SA_SIGINFO
SIGQUIT: [libjvm.so+0x8a5e10], sa_mask[0]=11111111011111111101111111111110, sa_flags=SA_RESTART|SA_SIGINFO


---------------  S Y S T E M  ---------------

OS:NAME="Arch Linux"
ID=arch
PRETTY_NAME="Arch Linux"
ANSI_COLOR="0;36"
HOME_URL="https://www.archlinux.org/"
SUPPORT_URL="https://bbs.archlinux.org/"
BUG_REPORT_URL="https://bugs.archlinux.org/"


uname:Linux 4.6.3-1-ARCH #1 SMP PREEMPT Fri Jun 24 21:19:13 CEST 2016 x86_64
libc:glibc 2.23 NPTL 2.23 
rlimit: STACK 8192k, CORE infinity, NPROC 63849, NOFILE 4096, AS infinity
load average:0.87 0.80 0.63

/proc/meminfo:
MemTotal:       16350744 kB
MemFree:        12039064 kB
MemAvailable:   12785796 kB
Buffers:           75984 kB
Cached:           932200 kB
SwapCached:            0 kB
Active:          3216868 kB
Inactive:         687876 kB
Active(anon):    2901840 kB
Inactive(anon):    32492 kB
Active(file):     315028 kB
Inactive(file):   655384 kB
Unevictable:          16 kB
Mlocked:              16 kB
SwapTotal:       4191228 kB
SwapFree:        4191228 kB
Dirty:               768 kB
Writeback:             0 kB
AnonPages:       2550296 kB
Mapped:           542552 kB
Shmem:             37776 kB
Slab:             125988 kB
SReclaimable:      67304 kB
SUnreclaim:        58684 kB
KernelStack:       11616 kB
PageTables:        37728 kB
NFS_Unstable:          0 kB
Bounce:                0 kB
WritebackTmp:          0 kB
CommitLimit:    12366600 kB
Committed_AS:    7686404 kB
VmallocTotal:   34359738367 kB
VmallocUsed:           0 kB
VmallocChunk:          0 kB
HardwareCorrupted:     0 kB
AnonHugePages:   1126400 kB
HugePages_Total:       0
HugePages_Free:        0
HugePages_Rsvd:        0
HugePages_Surp:        0
Hugepagesize:       2048 kB
DirectMap4k:      300508 kB
DirectMap2M:     5904384 kB
DirectMap1G:    10485760 kB


CPU:total 8 (4 cores per cpu, 2 threads per core) family 6 model 94 stepping 3, cmov, cx8, fxsr, mmx, sse, sse2, sse3, ssse3, sse4.1, sse4.2, popcnt, avx, avx2, aes, clmul, erms, rtm, 3dnowpref, lzcnt, ht, tsc, tscinvbit, bmi1, bmi2, adx

/proc/cpuinfo:
processor	: 0
vendor_id	: GenuineIntel
cpu family	: 6
model		: 94
model name	: Intel(R) Core(TM) i7-6700K CPU @ 4.00GHz
stepping	: 3
microcode	: 0x6a
cpu MHz		: 4101.250
cache size	: 8192 KB
physical id	: 0
siblings	: 8
core id		: 0
cpu cores	: 4
apicid		: 0
initial apicid	: 0
fpu		: yes
fpu_exception	: yes
cpuid level	: 22
wp		: yes
flags		: fpu vme de pse tsc msr pae mce cx8 apic sep mtrr pge mca cmov pat pse36 clflush dts acpi mmx fxsr sse sse2 ss ht tm pbe syscall nx pdpe1gb rdtscp lm constant_tsc art arch_perfmon pebs bts rep_good nopl xtopology nonstop_tsc aperfmperf eagerfpu pni pclmulqdq dtes64 monitor ds_cpl vmx est tm2 ssse3 sdbg fma cx16 xtpr pdcm pcid sse4_1 sse4_2 x2apic movbe popcnt tsc_deadline_timer aes xsave avx f16c rdrand lahf_lm abm 3dnowprefetch epb intel_pt tpr_shadow vnmi flexpriority ept vpid fsgsbase tsc_adjust bmi1 hle avx2 smep bmi2 erms invpcid rtm mpx rdseed adx smap clflushopt xsaveopt xsavec xgetbv1 dtherm ida arat pln pts hwp hwp_notify hwp_act_window hwp_epp
bugs		:
bogomips	: 8019.75
clflush size	: 64
cache_alignment	: 64
address sizes	: 39 bits physical, 48 bits virtual
power management:

processor	: 1
vendor_id	: GenuineIntel
cpu family	: 6
model		: 94
model name	: Intel(R) Core(TM) i7-6700K CPU @ 4.00GHz
stepping	: 3
microcode	: 0x6a
cpu MHz		: 4099.843
cache size	: 8192 KB
physical id	: 0
siblings	: 8
core id		: 1
cpu cores	: 4
apicid		: 2
initial apicid	: 2
fpu		: yes
fpu_exception	: yes
cpuid level	: 22
wp		: yes
flags		: fpu vme de pse tsc msr pae mce cx8 apic sep mtrr pge mca cmov pat pse36 clflush dts acpi mmx fxsr sse sse2 ss ht tm pbe syscall nx pdpe1gb rdtscp lm constant_tsc art arch_perfmon pebs bts rep_good nopl xtopology nonstop_tsc aperfmperf eagerfpu pni pclmulqdq dtes64 monitor ds_cpl vmx est tm2 ssse3 sdbg fma cx16 xtpr pdcm pcid sse4_1 sse4_2 x2apic movbe popcnt tsc_deadline_timer aes xsave avx f16c rdrand lahf_lm abm 3dnowprefetch epb intel_pt tpr_shadow vnmi flexpriority ept vpid fsgsbase tsc_adjust bmi1 hle avx2 smep bmi2 erms invpcid rtm mpx rdseed adx smap clflushopt xsaveopt xsavec xgetbv1 dtherm ida arat pln pts hwp hwp_notify hwp_act_window hwp_epp
bugs		:
bogomips	: 8020.82
clflush size	: 64
cache_alignment	: 64
address sizes	: 39 bits physical, 48 bits virtual
power management:

processor	: 2
vendor_id	: GenuineIntel
cpu family	: 6
model		: 94
model name	: Intel(R) Core(TM) i7-6700K CPU @ 4.00GHz
stepping	: 3
microcode	: 0x6a
cpu MHz		: 4172.656
cache size	: 8192 KB
physical id	: 0
siblings	: 8
core id		: 2
cpu cores	: 4
apicid		: 4
initial apicid	: 4
fpu		: yes
fpu_exception	: yes
cpuid level	: 22
wp		: yes
flags		: fpu vme de pse tsc msr pae mce cx8 apic sep mtrr pge mca cmov pat pse36 clflush dts acpi mmx fxsr sse sse2 ss ht tm pbe syscall nx pdpe1gb rdtscp lm constant_tsc art arch_perfmon pebs bts rep_good nopl xtopology nonstop_tsc aperfmperf eagerfpu pni pclmulqdq dtes64 monitor ds_cpl vmx est tm2 ssse3 sdbg fma cx16 xtpr pdcm pcid sse4_1 sse4_2 x2apic movbe popcnt tsc_deadline_timer aes xsave avx f16c rdrand lahf_lm abm 3dnowprefetch epb intel_pt tpr_shadow vnmi flexpriority ept vpid fsgsbase tsc_adjust bmi1 hle avx2 smep bmi2 erms invpcid rtm mpx rdseed adx smap clflushopt xsaveopt xsavec xgetbv1 dtherm ida arat pln pts hwp hwp_notify hwp_act_window hwp_epp
bugs		:
bogomips	: 8020.86
clflush size	: 64
cache_alignment	: 64
address sizes	: 39 bits physical, 48 bits virtual
power management:

processor	: 3
vendor_id	: GenuineIntel
cpu family	: 6
model		: 94
model name	: Intel(R) Core(TM) i7-6700K CPU @ 4.00GHz
stepping	: 3
microcode	: 0x6a
cpu MHz		: 4154.218
cache size	: 8192 KB
physical id	: 0
siblings	: 8
core id		: 3
cpu cores	: 4
apicid		: 6
initial apicid	: 6
fpu		: yes
fpu_exception	: yes
cpuid level	: 22
wp		: yes
flags		: fpu vme de pse tsc msr pae mce cx8 apic sep mtrr pge mca cmov pat pse36 clflush dts acpi mmx fxsr sse sse2 ss ht tm pbe syscall nx pdpe1gb rdtscp lm constant_tsc art arch_perfmon pebs bts rep_good nopl xtopology nonstop_tsc aperfmperf eagerfpu pni pclmulqdq dtes64 monitor ds_cpl vmx est tm2 ssse3 sdbg fma cx16 xtpr pdcm pcid sse4_1 sse4_2 x2apic movbe popcnt tsc_deadline_timer aes xsave avx f16c rdrand lahf_lm abm 3dnowprefetch epb intel_pt tpr_shadow vnmi flexpriority ept vpid fsgsbase tsc_adjust bmi1 hle avx2 smep bmi2 erms invpcid rtm mpx rdseed adx smap clflushopt xsaveopt xsavec xgetbv1 dtherm ida arat pln pts hwp hwp_notify hwp_act_window hwp_epp
bugs		:
bogomips	: 8021.92
clflush size	: 64
cache_alignment	: 64
address sizes	: 39 bits physical, 48 bits virtual
power management:

processor	: 4
vendor_id	: GenuineIntel
cpu family	: 6
model		: 94
model name	: Intel(R) Core(TM) i7-6700K CPU @ 4.00GHz
stepping	: 3
microcode	: 0x6a
cpu MHz		: 4132.031
cache size	: 8192 KB
physical id	: 0
siblings	: 8
core id		: 0
cpu cores	: 4
apicid		: 1
initial apicid	: 1
fpu		: yes
fpu_exception	: yes
cpuid level	: 22
wp		: yes
flags		: fpu vme de pse tsc msr pae mce cx8 apic sep mtrr pge mca cmov pat pse36 clflush dts acpi mmx fxsr sse sse2 ss ht tm pbe syscall nx pdpe1gb rdtscp lm constant_tsc art arch_perfmon pebs bts rep_good nopl xtopology nonstop_tsc aperfmperf eagerfpu pni pclmulqdq dtes64 monitor ds_cpl vmx est tm2 ssse3 sdbg fma cx16 xtpr pdcm pcid sse4_1 sse4_2 x2apic movbe popcnt tsc_deadline_timer aes xsave avx f16c rdrand lahf_lm abm 3dnowprefetch epb intel_pt tpr_shadow vnmi flexpriority ept vpid fsgsbase tsc_adjust bmi1 hle avx2 smep bmi2 erms invpcid rtm mpx rdseed adx smap clflushopt xsaveopt xsavec xgetbv1 dtherm ida arat pln pts hwp hwp_notify hwp_act_window hwp_epp
bugs		:
bogomips	: 8021.42
clflush size	: 64
cache_alignment	: 64
address sizes	: 39 bits physical, 48 bits virtual
power management:

processor	: 5
vendor_id	: GenuineIntel
cpu family	: 6
model		: 94
model name	: Intel(R) Core(TM) i7-6700K CPU @ 4.00GHz
stepping	: 3
microcode	: 0x6a
cpu MHz		: 4099.843
cache size	: 8192 KB
physical id	: 0
siblings	: 8
core id		: 1
cpu cores	: 4
apicid		: 3
initial apicid	: 3
fpu		: yes
fpu_exception	: yes
cpuid level	: 22
wp		: yes
flags		: fpu vme de pse tsc msr pae mce cx8 apic sep mtrr pge mca cmov pat pse36 clflush dts acpi mmx fxsr sse sse2 ss ht tm pbe syscall nx pdpe1gb rdtscp lm constant_tsc art arch_perfmon pebs bts rep_good nopl xtopology nonstop_tsc aperfmperf eagerfpu pni pclmulqdq dtes64 monitor ds_cpl vmx est tm2 ssse3 sdbg fma cx16 xtpr pdcm pcid sse4_1 sse4_2 x2apic movbe popcnt tsc_deadline_timer aes xsave avx f16c rdrand lahf_lm abm 3dnowprefetch epb intel_pt tpr_shadow vnmi flexpriority ept vpid fsgsbase tsc_adjust bmi1 hle avx2 smep bmi2 erms invpcid rtm mpx rdseed adx smap clflushopt xsaveopt xsavec xgetbv1 dtherm ida arat pln pts hwp hwp_notify hwp_act_window hwp_epp
bugs		:
bogomips	: 8021.92
clflush size	: 64
cache_alignment	: 64
address sizes	: 39 bits physical, 48 bits virtual
power management:

processor	: 6
vendor_id	: GenuineIntel
cpu family	: 6
model		: 94
model name	: Intel(R) Core(TM) i7-6700K CPU @ 4.00GHz
stepping	: 3
microcode	: 0x6a
cpu MHz		: 4114.218
cache size	: 8192 KB
physical id	: 0
siblings	: 8
core id		: 2
cpu cores	: 4
apicid		: 5
initial apicid	: 5
fpu		: yes
fpu_exception	: yes
cpuid level	: 22
wp		: yes
flags		: fpu vme de pse tsc msr pae mce cx8 apic sep mtrr pge mca cmov pat pse36 clflush dts acpi mmx fxsr sse sse2 ss ht tm pbe syscall nx pdpe1gb rdtscp lm constant_tsc art arch_perfmon pebs bts rep_good nopl xtopology nonstop_tsc aperfmperf eagerfpu pni pclmulqdq dtes64 monitor ds_cpl vmx est tm2 ssse3 sdbg fma cx16 xtpr pdcm pcid sse4_1 sse4_2 x2apic movbe popcnt tsc_deadline_timer aes xsave avx f16c rdrand lahf_lm abm 3dnowprefetch epb intel_pt tpr_shadow vnmi flexpriority ept vpid fsgsbase tsc_adjust bmi1 hle avx2 smep bmi2 erms invpcid rtm mpx rdseed adx smap clflushopt xsaveopt xsavec xgetbv1 dtherm ida arat pln pts hwp hwp_notify hwp_act_window hwp_epp
bugs		:
bogomips	: 8021.93
clflush size	: 64
cache_alignment	: 64
address sizes	: 39 bits physical, 48 bits virtual
power management:

processor	: 7
vendor_id	: GenuineIntel
cpu family	: 6
model		: 94
model name	: Intel(R) Core(TM) i7-6700K CPU @ 4.00GHz
stepping	: 3
microcode	: 0x6a
cpu MHz		: 4129.843
cache size	: 8192 KB
physical id	: 0
siblings	: 8
core id		: 3
cpu cores	: 4
apicid		: 7
initial apicid	: 7
fpu		: yes
fpu_exception	: yes
cpuid level	: 22
wp		: yes
flags		: fpu vme de pse tsc msr pae mce cx8 apic sep mtrr pge mca cmov pat pse36 clflush dts acpi mmx fxsr sse sse2 ss ht tm pbe syscall nx pdpe1gb rdtscp lm constant_tsc art arch_perfmon pebs bts rep_good nopl xtopology nonstop_tsc aperfmperf eagerfpu pni pclmulqdq dtes64 monitor ds_cpl vmx est tm2 ssse3 sdbg fma cx16 xtpr pdcm pcid sse4_1 sse4_2 x2apic movbe popcnt tsc_deadline_timer aes xsave avx f16c rdrand lahf_lm abm 3dnowprefetch epb intel_pt tpr_shadow vnmi flexpriority ept vpid fsgsbase tsc_adjust bmi1 hle avx2 smep bmi2 erms invpcid rtm mpx rdseed adx smap clflushopt xsaveopt xsavec xgetbv1 dtherm ida arat pln pts hwp hwp_notify hwp_act_window hwp_epp
bugs		:
bogomips	: 8021.89
clflush size	: 64
cache_alignment	: 64
address sizes	: 39 bits physical, 48 bits virtual
power management:



Memory: 4k page, physical 16350744k(12039064k free), swap 4191228k(4191228k free)

vm_info: OpenJDK 64-Bit Server VM (25.92-b14) for linux-amd64 JRE (1.8.0_92-b14), built on Apr 24 2016 15:02:36 by "builduser" with gcc 5.3.0

time: Sun Jul 31 14:01:45 2016
elapsed time: 1 seconds (0d 0h 0m 1s)

