#
# A fatal error has been detected by the Java Runtime Environment:
#
#  SIGSEGV (0xb) at pc=0x0000000040538efe, pid=25320, tid=0x00007f77139ec700
#
# JRE version: OpenJDK Runtime Environment (8.0_92-b14) (build 1.8.0_92-b14)
# Java VM: OpenJDK 64-Bit Server VM (25.92-b14 mixed mode linux-amd64 compressed oops)
# Problematic frame:
# C  0x0000000040538efe
#
# Core dump written. Default location: /home/twittumz/Desktop/git/2DMapEditor/2dMapEditor/core or core.25320
#
# If you would like to submit a bug report, please visit:
#   http://bugreport.java.com/bugreport/crash.jsp
# The crash happened outside the Java Virtual Machine in native code.
# See problematic frame for where to report the bug.
#

---------------  T H R E A D  ---------------

Current thread (0x00007f777c278000):  JavaThread "AWT-EventQueue-0" [_thread_in_native, id=25361, stack(0x00007f77138ec000,0x00007f77139ed000)]

siginfo: si_signo: 11 (SIGSEGV), si_code: 1 (SEGV_MAPERR), si_addr: 0x0000000000000000

Registers:
RAX=0x00007f76ef1c9b60, RBX=0x0000000040629000, RCX=0x0000000000000000, RDX=0x0000000000000003
RSP=0x00007f77139ea498, RBP=0x0000000000000030, RSI=0x0000000000000000, RDI=0x0000000000000000
R8 =0x00007f76fc144d90, R9 =0x00000001020e5000, R10=0x00007f76fd1aee20, R11=0x0000000000000000
R12=0x0000000000000000, R13=0x0000000000000003, R14=0x0000000000000000, R15=0x00007f76fc147f20
RIP=0x0000000040538efe, EFLAGS=0x0000000000010246, CSGSFS=0x002b000000000033, ERR=0x0000000000000004
  TRAPNO=0x000000000000000e

Top of Stack: (sp=0x00007f77139ea498)
0x00007f77139ea498:   00007f76f11b28c4 0000000500000000
0x00007f77139ea4a8:   0000000040679fa0 00007f777c278000
0x00007f77139ea4b8:   00007f76f11b333e 00007f76ef1c9b60
0x00007f77139ea4c8:   0000000040629000 000000004066ddf0
0x00007f77139ea4d8:   0000000000000005 0000000000000000
0x00007f77139ea4e8:   00007f77139ea660 00007f777c278000
0x00007f77139ea4f8:   00007f76f0d9ec78 00007f77139ea660
0x00007f77139ea508:   0000000312638ba8 00007f777c0ec8b0
0x00007f77139ea518:   00007f777c278000 00007f777c278000
0x00007f77139ea528:   00007f7712638ba8 00007f77139ea590
0x00007f77139ea538:   0000000000000000 00007f7712638ba8
0x00007f77139ea548:   00007f77119d7e78 00007f77139ea590
0x00007f77139ea558:   00007f7711c89320 000000031388dc28
0x00007f77139ea568:   0000000500000000 00007f77139ea660
0x00007f77139ea578:   00007f777c2781e0 00007f77139ea618
0x00007f77139ea588:   00007f7711c89320 00007f77139ea618
0x00007f77139ea598:   00007f776d017754 00007f7712638ba8
0x00007f77139ea5a8:   0000000000000000 00007f7712638ba8
0x00007f77139ea5b8:   00007f77139ea660 00007f77139ea618
0x00007f77139ea5c8:   00007f776d0174e7 00007f776d0174a2
0x00007f77139ea5d8:   00007f77139ea5d8 00007f7712638ba8
0x00007f77139ea5e8:   00007f77139ea660 00007f7712731028
0x00007f77139ea5f8:   0000000000000000 00007f7712638ba8
0x00007f77139ea608:   0000000000000000 00007f77139ea638
0x00007f77139ea618:   00007f77139ea6a8 00007f776d007ffd
0x00007f77139ea628:   0000000000000000 00007f776d011278
0x00007f77139ea638:   00007f7711c89320 00007f77139ea6a8
0x00007f77139ea648:   0000000000000003 0000000000000000
0x00007f77139ea658:   0000000000000005 000000076d5143f8
0x00007f77139ea668:   00007f77139ea668 00007f7712638af5
0x00007f77139ea678:   00007f77139ea6e0 00007f7712731028
0x00007f77139ea688:   0000000000000000 00007f7712638b08 

Instructions: (pc=0x0000000040538efe)
0x0000000040538ede:   8b d1 49 8b cb 48 be 78 aa 67 40 00 00 00 00 48
0x0000000040538eee:   8b 36 48 8b 76 08 48 8b f9 48 c1 e7 04 48 03 f7
0x0000000040538efe:   8b 3e 8b 6e 04 89 38 89 68 04 8b 7e 08 8b 6e 0c
0x0000000040538f0e:   89 78 08 89 68 0c 48 83 c0 10 ff c1 ff ca 75 c5 

Register to memory mapping:

RAX=0x00007f76ef1c9b60 is an unknown value
RBX=0x0000000040629000 is an unknown value
RCX=0x0000000000000000 is an unknown value
RDX=0x0000000000000003 is an unknown value
RSP=0x00007f77139ea498 is pointing into the stack for thread: 0x00007f777c278000
RBP=0x0000000000000030 is an unknown value
RSI=0x0000000000000000 is an unknown value
RDI=0x0000000000000000 is an unknown value
R8 =0x00007f76fc144d90 is an unknown value
R9 =0x00000001020e5000 is an unknown value
R10=0x00007f76fd1aee20 is an unknown value
R11=0x0000000000000000 is an unknown value
R12=0x0000000000000000 is an unknown value
R13=0x0000000000000003 is an unknown value
R14=0x0000000000000000 is an unknown value
R15=0x00007f76fc147f20 is an unknown value


Stack: [0x00007f77138ec000,0x00007f77139ed000],  sp=0x00007f77139ea498,  free space=1017k
Native frames: (J=compiled Java code, j=interpreted, Vv=VM code, C=native code)
C  0x0000000040538efe

Java frames: (J=compiled Java code, j=interpreted, Vv=VM code)
j  jogamp.opengl.gl4.GL4bcImpl.dispatch_glDrawArrays1(IIIJ)V+0
j  jogamp.opengl.gl4.GL4bcImpl.glDrawArrays(III)V+45
j  Engine.SpriteRenderer.Draw(Lcom/jogamp/opengl/GL2;)V+74
j  Engine.Engine.Render(Lcom/jogamp/opengl/GLAutoDrawable;)V+22
j  Editor.Window$1.display(Lcom/jogamp/opengl/GLAutoDrawable;)V+22
j  jogamp.opengl.GLDrawableHelper.displayImpl(Lcom/jogamp/opengl/GLAutoDrawable;)V+62
j  jogamp.opengl.GLDrawableHelper.display(Lcom/jogamp/opengl/GLAutoDrawable;)V+2
j  com.jogamp.opengl.awt.GLCanvas$11.run()V+118
j  jogamp.opengl.GLDrawableHelper.invokeGLImpl(Lcom/jogamp/opengl/GLDrawable;Lcom/jogamp/opengl/GLContext;Ljava/lang/Runnable;Ljava/lang/Runnable;)V+203
j  jogamp.opengl.GLDrawableHelper.invokeGL(Lcom/jogamp/opengl/GLDrawable;Lcom/jogamp/opengl/GLContext;Ljava/lang/Runnable;Ljava/lang/Runnable;)V+72
j  com.jogamp.opengl.awt.GLCanvas$12.run()V+104
j  java.awt.event.InvocationEvent.dispatch()V+11
j  java.awt.EventQueue.dispatchEventImpl(Ljava/awt/AWTEvent;Ljava/lang/Object;)V+21
j  java.awt.EventQueue.access$500(Ljava/awt/EventQueue;Ljava/awt/AWTEvent;Ljava/lang/Object;)V+3
j  java.awt.EventQueue$3.run()Ljava/lang/Void;+32
j  java.awt.EventQueue$3.run()Ljava/lang/Object;+1
v  ~StubRoutines::call_stub
j  java.security.AccessController.doPrivileged(Ljava/security/PrivilegedAction;Ljava/security/AccessControlContext;)Ljava/lang/Object;+0
j  java.security.ProtectionDomain$JavaSecurityAccessImpl.doIntersectionPrivilege(Ljava/security/PrivilegedAction;Ljava/security/AccessControlContext;Ljava/security/AccessControlContext;)Ljava/lang/Object;+18
j  java.awt.EventQueue.dispatchEvent(Ljava/awt/AWTEvent;)V+46
j  java.awt.EventDispatchThread.pumpOneEventForFilters(I)V+245
j  java.awt.EventDispatchThread.pumpEventsForFilter(ILjava/awt/Conditional;Ljava/awt/EventFilter;)V+35
j  java.awt.EventDispatchThread.pumpEventsForHierarchy(ILjava/awt/Conditional;Ljava/awt/Component;)V+11
j  java.awt.EventDispatchThread.pumpEvents(ILjava/awt/Conditional;)V+4
j  java.awt.EventDispatchThread.pumpEvents(Ljava/awt/Conditional;)V+3
j  java.awt.EventDispatchThread.run()V+9
v  ~StubRoutines::call_stub

---------------  P R O C E S S  ---------------

Java Threads: ( => current thread )
  0x00007f777c008000 JavaThread "DestroyJavaVM" [_thread_blocked, id=25329, stack(0x00007f77859aa000,0x00007f7785aab000)]
  0x00007f777c5a0000 JavaThread "main-AWTAnimator#00" [_thread_blocked, id=25370, stack(0x00007f76efc4d000,0x00007f76efd4e000)]
  0x00007f777c44d800 JavaThread "main-SharedResourceRunner" daemon [_thread_blocked, id=25369, stack(0x00007f7710c79000,0x00007f7710d7a000)]
  0x00007f777c438000 JavaThread "main-SharedResourceRunner" daemon [_thread_blocked, id=25368, stack(0x00007f77131c3000,0x00007f77132c4000)]
  0x00007f777c2c1800 JavaThread "process reaper" daemon [_thread_blocked, id=25364, stack(0x00007f776c06c000,0x00007f776c0a5000)]
=>0x00007f777c278000 JavaThread "AWT-EventQueue-0" [_thread_in_native, id=25361, stack(0x00007f77138ec000,0x00007f77139ed000)]
  0x00007f777c276000 JavaThread "AWT-Shutdown" [_thread_blocked, id=25360, stack(0x00007f77139ed000,0x00007f7713aee000)]
  0x00007f777c26b000 JavaThread "Image Fetcher 0" daemon [_thread_blocked, id=25359, stack(0x00007f7713aee000,0x00007f7713bef000)]
  0x00007f777c230000 JavaThread "AWT-XAWT" daemon [_thread_blocked, id=25358, stack(0x00007f774c054000,0x00007f774c155000)]
  0x00007f777c209000 JavaThread "Java2D Disposer" daemon [_thread_blocked, id=25357, stack(0x00007f774c155000,0x00007f774c256000)]
  0x00007f777c0d0000 JavaThread "Service Thread" daemon [_thread_blocked, id=25355, stack(0x00007f774ed57000,0x00007f774ee58000)]
  0x00007f777c0c5000 JavaThread "C1 CompilerThread3" daemon [_thread_blocked, id=25354, stack(0x00007f774ee58000,0x00007f774ef59000)]
  0x00007f777c0c3000 JavaThread "C2 CompilerThread2" daemon [_thread_blocked, id=25353, stack(0x00007f774ef59000,0x00007f774f05a000)]
  0x00007f777c0c1000 JavaThread "C2 CompilerThread1" daemon [_thread_blocked, id=25352, stack(0x00007f774f05a000,0x00007f774f15b000)]
  0x00007f777c0be000 JavaThread "C2 CompilerThread0" daemon [_thread_blocked, id=25351, stack(0x00007f774f15b000,0x00007f774f25c000)]
  0x00007f777c0bc800 JavaThread "Signal Dispatcher" daemon [_thread_blocked, id=25350, stack(0x00007f774f25c000,0x00007f774f35d000)]
  0x00007f777c08a000 JavaThread "Finalizer" daemon [_thread_blocked, id=25349, stack(0x00007f774f4f5000,0x00007f774f5f6000)]
  0x00007f777c085800 JavaThread "Reference Handler" daemon [_thread_blocked, id=25348, stack(0x00007f774f5f6000,0x00007f774f6f7000)]

Other Threads:
  0x00007f777c07e000 VMThread [stack: 0x00007f774f6f7000,0x00007f774f7f8000] [id=25347]
  0x00007f777c0d2800 WatcherThread [stack: 0x00007f774ec56000,0x00007f774ed57000] [id=25356]

VM state:not at safepoint (normal execution)

VM Mutex/Monitor currently owned by a thread: None

Heap:
 PSYoungGen      total 74752K, used 33951K [0x000000076cd80000, 0x0000000772080000, 0x00000007c0000000)
  eden space 64512K, 52% used [0x000000076cd80000,0x000000076eea7c20,0x0000000770c80000)
  from space 10240K, 0% used [0x0000000771680000,0x0000000771680000,0x0000000772080000)
  to   space 10240K, 0% used [0x0000000770c80000,0x0000000770c80000,0x0000000771680000)
 ParOldGen       total 171008K, used 0K [0x00000006c6800000, 0x00000006d0f00000, 0x000000076cd80000)
  object space 171008K, 0% used [0x00000006c6800000,0x00000006c6800000,0x00000006d0f00000)
 Metaspace       used 17482K, capacity 17668K, committed 18048K, reserved 1064960K
  class space    used 1781K, capacity 1869K, committed 1920K, reserved 1048576K

Card table byte_map: [0x00007f77824aa000,0x00007f7782c77000] byte_map_base: 0x00007f777ee76000

Marking Bits: (ParMarkBitMap*) 0x00007f7784cbd540
 Begin Bits: [0x00007f7740340000, 0x00007f77441a0000)
 End Bits:   [0x00007f77441a0000, 0x00007f7748000000)

Polling page: 0x00007f7785ae0000

CodeCache: size=245760Kb used=3539Kb max_used=3539Kb free=242220Kb
 bounds [0x00007f776d000000, 0x00007f776d380000, 0x00007f777c000000]
 total_blobs=1838 nmethods=866 adapters=887
 compilation: enabled

Compilation events (10 events):
Event: 0.854 Thread 0x00007f777c0c5000 nmethod 860 0x00007f776d373f90 code [0x00007f776d374100, 0x00007f776d374310]
Event: 0.854 Thread 0x00007f777c0c5000  858       3       java.util.Formatter$Flags::contains (22 bytes)
Event: 0.854 Thread 0x00007f777c0c5000 nmethod 858 0x00007f776d374410 code [0x00007f776d374580, 0x00007f776d374790]
Event: 0.854 Thread 0x00007f777c0c5000  859       3       java.util.regex.Pattern$GroupTail::match (111 bytes)
Event: 0.855 Thread 0x00007f777c0c5000 nmethod 859 0x00007f776d374850 code [0x00007f776d3749e0, 0x00007f776d374da8]
Event: 0.855 Thread 0x00007f777c0c5000  864       3       java.util.regex.Matcher::search (109 bytes)
Event: 0.855 Thread 0x00007f777c0c5000 nmethod 864 0x00007f776d375090 code [0x00007f776d375220, 0x00007f776d375628]
Event: 0.855 Thread 0x00007f777c0c5000  865       3       java.util.regex.Pattern$Branch::match (66 bytes)
Event: 0.855 Thread 0x00007f777c0c5000 nmethod 865 0x00007f776d375790 code [0x00007f776d375940, 0x00007f776d375e38]
Event: 0.855 Thread 0x00007f777c0c5000  862       3       java.lang.String::subSequence (7 bytes)

GC Heap History (0 events):
No events

Deoptimization events (10 events):
Event: 0.692 Thread 0x00007f777c5a0000 Uncommon trap: reason=unstable_if action=reinterpret pc=0x00007f776d3143c8 method=java.awt.Component.isDisplayable()Z @ 4
Event: 0.692 Thread 0x00007f777c5a0000 Uncommon trap: reason=unstable_if action=reinterpret pc=0x00007f776d319e8c method=java.awt.Component.isDisplayable()Z @ 4
Event: 0.697 Thread 0x00007f777c5a0000 Uncommon trap: reason=unstable_if action=reinterpret pc=0x00007f776d33beb4 method=com.jogamp.opengl.awt.GLCanvas.validateGLDrawable()Z @ 22
Event: 0.698 Thread 0x00007f777c5a0000 Uncommon trap: reason=unstable_if action=reinterpret pc=0x00007f776d3414b4 method=com.jogamp.opengl.awt.GLCanvas.validateGLDrawable()Z @ 22
Event: 0.698 Thread 0x00007f777c5a0000 Uncommon trap: reason=unstable_if action=reinterpret pc=0x00007f776d340368 method=com.jogamp.opengl.awt.GLCanvas.validateGLDrawable()Z @ 22
Event: 0.702 Thread 0x00007f777c5a0000 Uncommon trap: reason=unstable_if action=reinterpret pc=0x00007f776d31c38c method=java.awt.Component.isDisplayable()Z @ 4
Event: 0.759 Thread 0x00007f777c5a0000 Uncommon trap: reason=unstable_if action=reinterpret pc=0x00007f776d351318 method=com.jogamp.opengl.awt.GLCanvas.validateGLDrawable()Z @ 43
Event: 0.759 Thread 0x00007f777c008000 Uncommon trap: reason=unstable_if action=reinterpret pc=0x00007f776d34980c method=com.jogamp.opengl.awt.GLCanvas.validateGLDrawable()Z @ 43
Event: 0.760 Thread 0x00007f777c5a0000 Uncommon trap: reason=unstable_if action=reinterpret pc=0x00007f776d34e3d8 method=com.jogamp.opengl.awt.GLCanvas.validateGLDrawable()Z @ 33
Event: 0.760 Thread 0x00007f777c5a0000 Uncommon trap: reason=unstable_if action=reinterpret pc=0x00007f776d34d378 method=com.jogamp.opengl.awt.GLCanvas.validateGLDrawable()Z @ 33

Internal exceptions (10 events):
Event: 0.077 Thread 0x00007f777c008000 Exception <a 'java/io/FileNotFoundException'> (0x000000076d0f2018) thrown at [/build/java8-openjdk/src/jdk8u-jdk8u92-b14/hotspot/src/share/vm/prims/jni.cpp, line 709]
Event: 0.077 Thread 0x00007f777c008000 Exception <a 'java/io/FileNotFoundException'> (0x000000076d0f2a08) thrown at [/build/java8-openjdk/src/jdk8u-jdk8u92-b14/hotspot/src/share/vm/prims/jni.cpp, line 709]
Event: 0.084 Thread 0x00007f777c008000 Exception <a 'java/lang/ClassNotFoundException': sun/dc/DuctusRenderingEngine> (0x000000076d10ad48) thrown at [/build/java8-openjdk/src/jdk8u-jdk8u92-b14/hotspot/src/share/vm/classfile/systemDictionary.cpp, line 210]
Event: 0.687 Thread 0x00007f777c008000 Exception <a 'java/lang/reflect/InvocationTargetException'> (0x000000076e337b70) thrown at [/build/java8-openjdk/src/jdk8u-jdk8u92-b14/hotspot/src/share/vm/runtime/reflection.cpp, line 1092]
Event: 0.691 Thread 0x00007f777c008000 Exception <a 'java/lang/reflect/InvocationTargetException'> (0x000000076e347c30) thrown at [/build/java8-openjdk/src/jdk8u-jdk8u92-b14/hotspot/src/share/vm/runtime/reflection.cpp, line 1092]
Event: 0.695 Thread 0x00007f777c008000 Exception <a 'java/lang/reflect/InvocationTargetException'> (0x000000076ec502e0) thrown at [/build/java8-openjdk/src/jdk8u-jdk8u92-b14/hotspot/src/share/vm/runtime/reflection.cpp, line 1092]
Event: 0.697 Thread 0x00007f777c008000 Exception <a 'java/lang/reflect/InvocationTargetException'> (0x000000076ec68ed8) thrown at [/build/java8-openjdk/src/jdk8u-jdk8u92-b14/hotspot/src/share/vm/runtime/reflection.cpp, line 1092]
Event: 0.759 Thread 0x00007f777c278000 Exception <a 'java/lang/reflect/InvocationTargetException'> (0x000000076d511648) thrown at [/build/java8-openjdk/src/jdk8u-jdk8u92-b14/hotspot/src/share/vm/runtime/reflection.cpp, line 1092]
Event: 0.760 Thread 0x00007f777c278000 Exception <a 'java/lang/reflect/InvocationTargetException'> (0x000000076d511cf8) thrown at [/build/java8-openjdk/src/jdk8u-jdk8u92-b14/hotspot/src/share/vm/runtime/reflection.cpp, line 1092]
Event: 0.762 Thread 0x00007f777c278000 Exception <a 'java/lang/reflect/InvocationTargetException'> (0x000000076d512bb0) thrown at [/build/java8-openjdk/src/jdk8u-jdk8u92-b14/hotspot/src/share/vm/runtime/reflection.cpp, line 1092]

Events (10 events):
Event: 0.853 loading class com/jogamp/opengl/math/VectorUtil
Event: 0.853 loading class com/jogamp/opengl/math/VectorUtil done
Event: 0.853 loading class sun/misc/FormattedFloatingDecimal$Form
Event: 0.853 loading class sun/misc/FormattedFloatingDecimal$Form done
Event: 0.853 loading class sun/misc/FormattedFloatingDecimal
Event: 0.853 loading class sun/misc/FormattedFloatingDecimal done
Event: 0.853 loading class sun/misc/FormattedFloatingDecimal$1
Event: 0.853 loading class sun/misc/FormattedFloatingDecimal$1 done
Event: 0.853 loading class sun/misc/FormattedFloatingDecimal$2
Event: 0.853 loading class sun/misc/FormattedFloatingDecimal$2 done


Dynamic libraries:
00400000-00401000 r-xp 00000000 08:03 5905458                            /usr/lib/jvm/java-8-openjdk/jre/bin/java
00600000-00601000 rw-p 00000000 08:03 5905458                            /usr/lib/jvm/java-8-openjdk/jre/bin/java
02345000-02366000 rw-p 00000000 00:00 0                                  [heap]
40537000-40539000 r-xs 00000000 00:23 170000                             /tmp/.glCRpedE (deleted)
40629000-406c9000 rw-p 00000000 00:00 0 
40d49000-40de9000 rw-p 00000000 00:00 0 
6c6800000-6d0f00000 rw-p 00000000 00:00 0 
6d0f00000-76cd80000 ---p 00000000 00:00 0 
76cd80000-772080000 rw-p 00000000 00:00 0 
772080000-7c0000000 ---p 00000000 00:00 0 
7c0000000-7c01e0000 rw-p 00000000 00:00 0 
7c01e0000-800000000 ---p 00000000 00:00 0 
7f76e8000000-7f76e8021000 rw-p 00000000 00:00 0 
7f76e8021000-7f76ec000000 ---p 00000000 00:00 0 
7f76ef1c7000-7f76ef2c7000 rw-s 3dad51000 00:06 15720                     /dev/nvidiactl
7f76ef2c7000-7f76ef2da000 rw-s 3dac49000 00:06 15720                     /dev/nvidiactl
7f76ef2da000-7f76ef2fa000 rw-s c02a0000 00:06 16655                      /dev/nvidia0
7f76ef2fa000-7f76ef33a000 rw-s 6fda5000 00:06 15720                      /dev/nvidiactl
7f76ef33a000-7f76ef35a000 rw-s 77c5b000 00:06 15720                      /dev/nvidiactl
7f76ef35a000-7f76ef39a000 rw-s 6fd5c000 00:06 15720                      /dev/nvidiactl
7f76ef39a000-7f76ef3ba000 rw-s 6fde5000 00:06 15720                      /dev/nvidiactl
7f76ef3ba000-7f76ef3fa000 rw-s 6ac3c000 00:06 15720                      /dev/nvidiactl
7f76ef3fa000-7f76ef3fe000 r-xp 00000000 08:03 5249369                    /usr/lib/libcap.so.2.25
7f76ef3fe000-7f76ef5fd000 ---p 00004000 08:03 5249369                    /usr/lib/libcap.so.2.25
7f76ef5fd000-7f76ef5fe000 rw-p 00003000 08:03 5249369                    /usr/lib/libcap.so.2.25
7f76ef5fe000-7f76ef612000 r-xp 00000000 08:03 5246162                    /usr/lib/libresolv-2.23.so
7f76ef612000-7f76ef811000 ---p 00014000 08:03 5246162                    /usr/lib/libresolv-2.23.so
7f76ef811000-7f76ef812000 r--p 00013000 08:03 5246162                    /usr/lib/libresolv-2.23.so
7f76ef812000-7f76ef813000 rw-p 00014000 08:03 5246162                    /usr/lib/libresolv-2.23.so
7f76ef813000-7f76ef815000 rw-p 00000000 00:00 0 
7f76ef815000-7f76ef81a000 r-xp 00000000 08:03 5246154                    /usr/lib/libnss_dns-2.23.so
7f76ef81a000-7f76efa19000 ---p 00005000 08:03 5246154                    /usr/lib/libnss_dns-2.23.so
7f76efa19000-7f76efa1a000 r--p 00004000 08:03 5246154                    /usr/lib/libnss_dns-2.23.so
7f76efa1a000-7f76efa1b000 rw-p 00005000 08:03 5246154                    /usr/lib/libnss_dns-2.23.so
7f76efa2d000-7f76efa4d000 rw-s 77fd6000 00:06 15720                      /dev/nvidiactl
7f76efa4d000-7f76efc0d000 rw-p 00000000 00:00 0 
7f76efc0d000-7f76efc4d000 ---p 00000000 00:00 0 
7f76efc4d000-7f76efc50000 ---p 00000000 00:00 0 
7f76efc50000-7f76efd4e000 rw-p 00000000 00:00 0 
7f76efd4e000-7f76efdce000 rw-s 40c506000 00:06 15720                     /dev/nvidiactl
7f76efdce000-7f76efe4e000 rw-s 3d70c9000 00:06 15720                     /dev/nvidiactl
7f76efe4e000-7f76efece000 rw-s 448fa1000 00:06 15720                     /dev/nvidiactl
7f76efece000-7f76effce000 rw-s 3cbf3d000 00:06 15720                     /dev/nvidiactl
7f76effce000-7f76f000e000 rw-s 3e5afe000 00:06 15720                     /dev/nvidiactl
7f76f000e000-7f76f13a3000 r-xp 00000000 08:03 5268236                    /usr/lib/libnvidia-glcore.so.367.27
7f76f13a3000-7f76f13c3000 rwxp 01395000 08:03 5268236                    /usr/lib/libnvidia-glcore.so.367.27
7f76f13c3000-7f76f1763000 r-xp 013b5000 08:03 5268236                    /usr/lib/libnvidia-glcore.so.367.27
7f76f1763000-7f76f1963000 ---p 01755000 08:03 5268236                    /usr/lib/libnvidia-glcore.so.367.27
7f76f1963000-7f76f1d2b000 rw-p 01755000 08:03 5268236                    /usr/lib/libnvidia-glcore.so.367.27
7f76f1d2b000-7f76f1d43000 rw-p 00000000 00:00 0 
7f76f1d43000-7f76f1d46000 r-xp 00000000 08:03 5773637                    /usr/lib/tls/libnvidia-tls.so.367.27
7f76f1d46000-7f76f1f46000 ---p 00003000 08:03 5773637                    /usr/lib/tls/libnvidia-tls.so.367.27
7f76f1f46000-7f76f1f47000 rw-p 00003000 08:03 5773637                    /usr/lib/tls/libnvidia-tls.so.367.27
7f76f1f47000-7f76f200f000 r-xp 00000000 08:03 5268220                    /usr/lib/libGLX_nvidia.so.367.27
7f76f200f000-7f76f2043000 rwxp 000c8000 08:03 5268220                    /usr/lib/libGLX_nvidia.so.367.27
7f76f2043000-7f76f2056000 r-xp 000fc000 08:03 5268220                    /usr/lib/libGLX_nvidia.so.367.27
7f76f2056000-7f76f2256000 ---p 0010f000 08:03 5268220                    /usr/lib/libGLX_nvidia.so.367.27
7f76f2256000-7f76f227e000 rw-p 0010f000 08:03 5268220                    /usr/lib/libGLX_nvidia.so.367.27
7f76f227e000-7f76f2285000 rw-p 00000000 00:00 0 
7f76f2285000-7f76f2287000 r-xp 00000000 08:03 5269221                    /usr/lib/libXinerama.so.1.0.0
7f76f2287000-7f76f2486000 ---p 00002000 08:03 5269221                    /usr/lib/libXinerama.so.1.0.0
7f76f2486000-7f76f2487000 r--p 00001000 08:03 5269221                    /usr/lib/libXinerama.so.1.0.0
7f76f2487000-7f76f2488000 rw-p 00002000 08:03 5269221                    /usr/lib/libXinerama.so.1.0.0
7f76f2488000-7f76f3a54000 r-xp 00000000 08:03 5268233                    /usr/lib/libnvidia-eglcore.so.367.27
7f76f3a54000-7f76f3c54000 ---p 015cc000 08:03 5268233                    /usr/lib/libnvidia-eglcore.so.367.27
7f76f3c54000-7f76f3fec000 rw-p 015cc000 08:03 5268233                    /usr/lib/libnvidia-eglcore.so.367.27
7f76f3fec000-7f76f4000000 rw-p 00000000 00:00 0 
7f76f4000000-7f76f455e000 rw-p 00000000 00:00 0 
7f76f455e000-7f76f8000000 ---p 00000000 00:00 0 
7f76f8000000-7f76f84f4000 rw-p 00000000 00:00 0 
7f76f84f4000-7f76fc000000 ---p 00000000 00:00 0 
7f76fc000000-7f76fd1bf000 rw-p 00000000 00:00 0 
7f76fd1bf000-7f7700000000 ---p 00000000 00:00 0 
7f7700000000-7f7700021000 rw-p 00000000 00:00 0 
7f7700021000-7f7704000000 ---p 00000000 00:00 0 
7f7704000000-7f7704027000 rw-p 00000000 00:00 0 
7f7704027000-7f7708000000 ---p 00000000 00:00 0 
7f7708000000-7f7708021000 rw-p 00000000 00:00 0 
7f7708021000-7f770c000000 ---p 00000000 00:00 0 
7f770c000000-7f770c021000 rw-p 00000000 00:00 0 
7f770c021000-7f7710000000 ---p 00000000 00:00 0 
7f7710010000-7f7710030000 rw-s c0260000 00:06 16655                      /dev/nvidia0
7f7710030000-7f7710050000 rw-s 408221000 00:06 15720                     /dev/nvidiactl
7f7710050000-7f7710090000 rw-s 3ca947000 00:06 15720                     /dev/nvidiactl
7f7710090000-7f77100d0000 rw-s 3f0520000 00:06 15720                     /dev/nvidiactl
7f77100d0000-7f77101d4000 rw-s 448ce6000 00:06 15720                     /dev/nvidiactl
7f77101d4000-7f77101df000 r-xp 00000000 08:03 5268224                    /usr/lib/libGLESv1_CM_nvidia.so.367.27
7f77101df000-7f77103de000 ---p 0000b000 08:03 5268224                    /usr/lib/libGLESv1_CM_nvidia.so.367.27
7f77103de000-7f77103e1000 rw-p 0000a000 08:03 5268224                    /usr/lib/libGLESv1_CM_nvidia.so.367.27
7f77103f3000-7f7710413000 rw-s 3cb7d9000 00:06 15720                     /dev/nvidiactl
7f7710413000-7f7710453000 rw-s 00000000 08:03 3153260                    /home/twittumz/#3153260 (deleted)
7f7710453000-7f7710493000 r-xs 00000000 08:03 3153260                    /home/twittumz/#3153260 (deleted)
7f7710493000-7f7710513000 rw-s 44701c000 00:06 15720                     /dev/nvidiactl
7f7710513000-7f7710593000 rw-s 43d328000 00:06 15720                     /dev/nvidiactl
7f7710593000-7f7710613000 rw-s 4333b5000 00:06 15720                     /dev/nvidiactl
7f7710613000-7f7710713000 rw-s 3a8746000 00:06 15720                     /dev/nvidiactl
7f7710713000-7f7710753000 rw-s 3d72e9000 00:06 15720                     /dev/nvidiactl
7f7710753000-7f7710762000 r-xp 00000000 08:03 5268258                    /usr/lib/libGLESv2_nvidia.so.367.27
7f7710762000-7f7710962000 ---p 0000f000 08:03 5268258                    /usr/lib/libGLESv2_nvidia.so.367.27
7f7710962000-7f7710966000 rw-p 0000f000 08:03 5268258                    /usr/lib/libGLESv2_nvidia.so.367.27
7f7710966000-7f7710a6a000 rw-s 448ce6000 00:06 15720                     /dev/nvidiactl
7f7710a6a000-7f7710a78000 r-xp 00000000 08:03 5264554                    /usr/lib/libdrm.so.2.4.0
7f7710a78000-7f7710c77000 ---p 0000e000 08:03 5264554                    /usr/lib/libdrm.so.2.4.0
7f7710c77000-7f7710c78000 r--p 0000d000 08:03 5264554                    /usr/lib/libdrm.so.2.4.0
7f7710c78000-7f7710c79000 rw-p 0000e000 08:03 5264554                    /usr/lib/libdrm.so.2.4.0
7f7710c79000-7f7710c7c000 ---p 00000000 00:00 0 
7f7710c7c000-7f7710d7a000 rw-p 00000000 00:00 0 
7f7710d7a000-7f7710dd6000 r-xp 00000000 00:23 169190                     /tmp/jogamp_0000/file_cache/jln808165385564179697/jln4955946290969017242/natives/linux-amd64/libjogl_mobile.so
7f7710dd6000-7f7710fd6000 ---p 0005c000 00:23 169190                     /tmp/jogamp_0000/file_cache/jln808165385564179697/jln4955946290969017242/natives/linux-amd64/libjogl_mobile.so
7f7710fd6000-7f7710fd7000 rw-p 0005c000 00:23 169190                     /tmp/jogamp_0000/file_cache/jln808165385564179697/jln4955946290969017242/natives/linux-amd64/libjogl_mobile.so
7f7710fd7000-7f7711049000 r-xp 00000000 08:03 5268234                    /usr/lib/libnvidia-glsi.so.367.27
7f7711049000-7f7711248000 ---p 00072000 08:03 5268234                    /usr/lib/libnvidia-glsi.so.367.27
7f7711248000-7f7711251000 rw-p 00071000 08:03 5268234                    /usr/lib/libnvidia-glsi.so.367.27
7f7711251000-7f7711260000 rw-p 00000000 00:00 0 
7f7711260000-7f771132b000 r-xp 00000000 08:03 5268259                    /usr/lib/libEGL_nvidia.so.367.27
7f771132b000-7f771152a000 ---p 000cb000 08:03 5268259                    /usr/lib/libEGL_nvidia.so.367.27
7f771152a000-7f7711555000 rw-p 000ca000 08:03 5268259                    /usr/lib/libEGL_nvidia.so.367.27
7f7711555000-7f7711569000 rw-p 00000000 00:00 0 
7f7711569000-7f771156d000 r-xp 00000000 08:03 5773639                    /usr/lib/nvidia/libEGL.so.1
7f771156d000-7f771176c000 ---p 00004000 08:03 5773639                    /usr/lib/nvidia/libEGL.so.1
7f771176c000-7f771176d000 rw-p 00003000 08:03 5773639                    /usr/lib/nvidia/libEGL.so.1
7f771176d000-7f7711772000 r-xp 00000000 08:03 5773617                    /usr/lib/nvidia/libGLESv2.so.2.0.0
7f7711772000-7f7711774000 r-xp 00005000 08:03 5773617                    /usr/lib/nvidia/libGLESv2.so.2.0.0
7f7711774000-7f7711778000 r-xp 00007000 08:03 5773617                    /usr/lib/nvidia/libGLESv2.so.2.0.0
7f7711778000-7f7711977000 ---p 0000b000 08:03 5773617                    /usr/lib/nvidia/libGLESv2.so.2.0.0
7f7711977000-7f7711978000 r--p 0000a000 08:03 5773617                    /usr/lib/nvidia/libGLESv2.so.2.0.0
7f7711978000-7f7711979000 rw-p 0000b000 08:03 5773617                    /usr/lib/nvidia/libGLESv2.so.2.0.0
7f7711979000-7f7711a31000 r-xp 00000000 00:23 169189                     /tmp/jogamp_0000/file_cache/jln808165385564179697/jln4955946290969017242/natives/linux-amd64/libjogl_desktop.so
7f7711a31000-7f7711c31000 ---p 000b8000 00:23 169189                     /tmp/jogamp_0000/file_cache/jln808165385564179697/jln4955946290969017242/natives/linux-amd64/libjogl_desktop.so
7f7711c31000-7f7711c32000 rw-p 000b8000 00:23 169189                     /tmp/jogamp_0000/file_cache/jln808165385564179697/jln4955946290969017242/natives/linux-amd64/libjogl_desktop.so
7f7711c32000-7f7711c85000 r-xp 00000000 08:03 5268203                    /usr/lib/libGLdispatch.so.0.0.0
7f7711c85000-7f7711c9e000 r-xp 00053000 08:03 5268203                    /usr/lib/libGLdispatch.so.0.0.0
7f7711c9e000-7f7711cd9000 r-xp 0006c000 08:03 5268203                    /usr/lib/libGLdispatch.so.0.0.0
7f7711cd9000-7f7711ed8000 ---p 000a7000 08:03 5268203                    /usr/lib/libGLdispatch.so.0.0.0
7f7711ed8000-7f7711ee7000 r--p 000a6000 08:03 5268203                    /usr/lib/libGLdispatch.so.0.0.0
7f7711ee7000-7f7711ee8000 rw-p 000b5000 08:03 5268203                    /usr/lib/libGLdispatch.so.0.0.0
7f7711ee8000-7f7711f08000 rw-p 00000000 00:00 0 
7f7711f08000-7f7711f18000 r-xp 00000000 08:03 5268199                    /usr/lib/libGLX.so.0.0.0
7f7711f18000-7f7712118000 ---p 00010000 08:03 5268199                    /usr/lib/libGLX.so.0.0.0
7f7712118000-7f7712119000 r--p 00010000 08:03 5268199                    /usr/lib/libGLX.so.0.0.0
7f7712119000-7f771211a000 rw-p 00011000 08:03 5268199                    /usr/lib/libGLX.so.0.0.0
7f771211a000-7f771213a000 rw-p 00000000 00:00 0 
7f771213a000-7f771216a000 r-xp 00000000 08:03 5773620                    /usr/lib/nvidia/libGL.so.1.0.0
7f771216a000-7f7712183000 r-xp 00030000 08:03 5773620                    /usr/lib/nvidia/libGL.so.1.0.0
7f7712183000-7f77121ae000 r-xp 00049000 08:03 5773620                    /usr/lib/nvidia/libGL.so.1.0.0
7f77121ae000-7f77123ae000 ---p 00074000 08:03 5773620                    /usr/lib/nvidia/libGL.so.1.0.0
7f77123ae000-7f77123af000 r--p 00074000 08:03 5773620                    /usr/lib/nvidia/libGL.so.1.0.0
7f77123af000-7f77123b0000 rw-p 00075000 08:03 5773620                    /usr/lib/nvidia/libGL.so.1.0.0
7f77123b0000-7f77125b1000 rw-p 00000000 00:00 0 
7f77125b1000-7f77127b1000 rw-p 00000000 00:00 0 
7f77127b1000-7f77127b8000 r-xp 00000000 00:23 169192                     /tmp/jogamp_0000/file_cache/jln808165385564179697/jln4955946290969017242/natives/linux-amd64/libnativewindow_x11.so
7f77127b8000-7f77129b7000 ---p 00007000 00:23 169192                     /tmp/jogamp_0000/file_cache/jln808165385564179697/jln4955946290969017242/natives/linux-amd64/libnativewindow_x11.so
7f77129b7000-7f77129b8000 rw-p 00006000 00:23 169192                     /tmp/jogamp_0000/file_cache/jln808165385564179697/jln4955946290969017242/natives/linux-amd64/libnativewindow_x11.so
7f77129b8000-7f77129bd000 r-xp 00000000 08:03 5268760                    /usr/lib/libXxf86vm.so.1.0.0
7f77129bd000-7f7712bbc000 ---p 00005000 08:03 5268760                    /usr/lib/libXxf86vm.so.1.0.0
7f7712bbc000-7f7712bbd000 r--p 00004000 08:03 5268760                    /usr/lib/libXxf86vm.so.1.0.0
7f7712bbd000-7f7712bbe000 rw-p 00005000 08:03 5268760                    /usr/lib/libXxf86vm.so.1.0.0
7f7712bbe000-7f7712bc0000 r-xp 00000000 00:23 169191                     /tmp/jogamp_0000/file_cache/jln808165385564179697/jln4955946290969017242/natives/linux-amd64/libnativewindow_awt.so
7f7712bc0000-7f7712dbf000 ---p 00002000 00:23 169191                     /tmp/jogamp_0000/file_cache/jln808165385564179697/jln4955946290969017242/natives/linux-amd64/libnativewindow_awt.so
7f7712dbf000-7f7712dc0000 rw-p 00001000 00:23 169191                     /tmp/jogamp_0000/file_cache/jln808165385564179697/jln4955946290969017242/natives/linux-amd64/libnativewindow_awt.so
7f7712dc0000-7f7712dc1000 r-xp 00000000 08:03 5905448                    /usr/lib/jvm/java-8-openjdk/jre/lib/amd64/libjawt.so
7f7712dc1000-7f7712fc0000 ---p 00001000 08:03 5905448                    /usr/lib/jvm/java-8-openjdk/jre/lib/amd64/libjawt.so
7f7712fc0000-7f7712fc1000 rw-p 00000000 08:03 5905448                    /usr/lib/jvm/java-8-openjdk/jre/lib/amd64/libjawt.so
7f7712fc1000-7f7712fc3000 r-xp 00000000 00:23 169188                     /tmp/jogamp_0000/file_cache/jln808165385564179697/jln4955946290969017242/natives/linux-amd64/libgluegen-rt.so
7f7712fc3000-7f77131c2000 ---p 00002000 00:23 169188                     /tmp/jogamp_0000/file_cache/jln808165385564179697/jln4955946290969017242/natives/linux-amd64/libgluegen-rt.so
7f77131c2000-7f77131c3000 rw-p 00001000 00:23 169188                     /tmp/jogamp_0000/file_cache/jln808165385564179697/jln4955946290969017242/natives/linux-amd64/libgluegen-rt.so
7f77131c3000-7f77131c6000 ---p 00000000 00:00 0 
7f77131c6000-7f77132c4000 rw-p 00000000 00:00 0 
7f77132c4000-7f77132d5000 r-xp 00000000 08:03 5905443                    /usr/lib/jvm/java-8-openjdk/jre/lib/amd64/libnio.so
7f77132d5000-7f77134d4000 ---p 00011000 08:03 5905443                    /usr/lib/jvm/java-8-openjdk/jre/lib/amd64/libnio.so
7f77134d4000-7f77134d5000 rw-p 00010000 08:03 5905443                    /usr/lib/jvm/java-8-openjdk/jre/lib/amd64/libnio.so
7f77134d5000-7f77134eb000 r-xp 00000000 08:03 5905432                    /usr/lib/jvm/java-8-openjdk/jre/lib/amd64/libnet.so
7f77134eb000-7f77136eb000 ---p 00016000 08:03 5905432                    /usr/lib/jvm/java-8-openjdk/jre/lib/amd64/libnet.so
7f77136eb000-7f77136ec000 rw-p 00016000 08:03 5905432                    /usr/lib/jvm/java-8-openjdk/jre/lib/amd64/libnet.so
7f77136ec000-7f77138ec000 rw-p 00000000 00:00 0 
7f77138ec000-7f77138ef000 ---p 00000000 00:00 0 
7f77138ef000-7f77139ed000 rw-p 00000000 00:00 0 
7f77139ed000-7f77139f0000 ---p 00000000 00:00 0 
7f77139f0000-7f7713aee000 rw-p 00000000 00:00 0 
7f7713aee000-7f7713af1000 ---p 00000000 00:00 0 
7f7713af1000-7f7713bef000 rw-p 00000000 00:00 0 
7f7713bef000-7f7713bf4000 r-xp 00000000 08:03 5268766                    /usr/lib/libXfixes.so.3.1.0
7f7713bf4000-7f7713df3000 ---p 00005000 08:03 5268766                    /usr/lib/libXfixes.so.3.1.0
7f7713df3000-7f7713df4000 r--p 00004000 08:03 5268766                    /usr/lib/libXfixes.so.3.1.0
7f7713df4000-7f7713df5000 rw-p 00005000 08:03 5268766                    /usr/lib/libXfixes.so.3.1.0
7f7713df5000-7f7713dff000 r-xp 00000000 08:03 5269218                    /usr/lib/libXcursor.so.1.0.2
7f7713dff000-7f7713ffe000 ---p 0000a000 08:03 5269218                    /usr/lib/libXcursor.so.1.0.2
7f7713ffe000-7f7713fff000 r--p 00009000 08:03 5269218                    /usr/lib/libXcursor.so.1.0.2
7f7713fff000-7f7714000000 rw-p 0000a000 08:03 5269218                    /usr/lib/libXcursor.so.1.0.2
7f7714000000-7f7714021000 rw-p 00000000 00:00 0 
7f7714021000-7f7718000000 ---p 00000000 00:00 0 
7f7718000000-7f7718021000 rw-p 00000000 00:00 0 
7f7718021000-7f771c000000 ---p 00000000 00:00 0 
7f771c000000-7f771c203000 rw-p 00000000 00:00 0 
7f771c203000-7f7720000000 ---p 00000000 00:00 0 
7f7720000000-7f7720021000 rw-p 00000000 00:00 0 
7f7720021000-7f7724000000 ---p 00000000 00:00 0 
7f7724000000-7f7724145000 rw-p 00000000 00:00 0 
7f7724145000-7f7728000000 ---p 00000000 00:00 0 
7f7728000000-7f77281e8000 rw-p 00000000 00:00 0 
7f77281e8000-7f772c000000 ---p 00000000 00:00 0 
7f772c000000-7f772c021000 rw-p 00000000 00:00 0 
7f772c021000-7f7730000000 ---p 00000000 00:00 0 
7f7730000000-7f77300c0000 rw-p 00000000 00:00 0 
7f77300c0000-7f7734000000 ---p 00000000 00:00 0 
7f7734000000-7f7734021000 rw-p 00000000 00:00 0 
7f7734021000-7f7738000000 ---p 00000000 00:00 0 
7f7738000000-7f7738021000 rw-p 00000000 00:00 0 
7f7738021000-7f773c000000 ---p 00000000 00:00 0 
7f773c000000-7f773c021000 rw-p 00000000 00:00 0 
7f773c021000-7f7740000000 ---p 00000000 00:00 0 
7f774000b000-7f774000d000 rw-s 00000000 00:23 170000                     /tmp/.glCRpedE (deleted)
7f774000d000-7f774002d000 rw-s c0220000 00:06 16655                      /dev/nvidia0
7f774002d000-7f774004d000 rw-s 3c942d000 00:06 15720                     /dev/nvidiactl
7f774004d000-7f774008d000 rw-s 3e5ad6000 00:06 15720                     /dev/nvidiactl
7f774008d000-7f77400cd000 rw-s 433298000 00:06 15720                     /dev/nvidiactl
7f77400cd000-7f774013f000 r-xp 00000000 08:03 5254181                    /usr/lib/libpcre.so.1.2.7
7f774013f000-7f774033e000 ---p 00072000 08:03 5254181                    /usr/lib/libpcre.so.1.2.7
7f774033e000-7f774033f000 r--p 00071000 08:03 5254181                    /usr/lib/libpcre.so.1.2.7
7f774033f000-7f7740340000 rw-p 00072000 08:03 5254181                    /usr/lib/libpcre.so.1.2.7
7f7740340000-7f7748000000 rw-p 00000000 00:00 0 
7f7748000000-7f7748021000 rw-p 00000000 00:00 0 
7f7748021000-7f774c000000 ---p 00000000 00:00 0 
7f774c001000-7f774c014000 rw-s 3cbe47000 00:06 15720                     /dev/nvidiactl
7f774c014000-7f774c034000 rw-s 3f063e000 00:06 15720                     /dev/nvidiactl
7f774c03c000-7f774c03d000 rw-s 3d7138000 00:06 15720                     /dev/nvidiactl
7f774c03d000-7f774c03e000 rw-s cfd66000 00:06 16655                      /dev/nvidia0
7f774c03e000-7f774c03f000 rw-s cfd65000 00:06 16655                      /dev/nvidia0
7f774c03f000-7f774c040000 rw-s cfd65000 00:06 16655                      /dev/nvidia0
7f774c040000-7f774c050000 r-xp 00000000 08:03 5253231                    /usr/lib/libnss_myhostname.so.2
7f774c050000-7f774c051000 ---p 00010000 08:03 5253231                    /usr/lib/libnss_myhostname.so.2
7f774c051000-7f774c053000 r--p 00010000 08:03 5253231                    /usr/lib/libnss_myhostname.so.2
7f774c053000-7f774c054000 rw-p 00012000 08:03 5253231                    /usr/lib/libnss_myhostname.so.2
7f774c054000-7f774c057000 ---p 00000000 00:00 0 
7f774c057000-7f774c155000 rw-p 00000000 00:00 0 
7f774c155000-7f774c158000 ---p 00000000 00:00 0 
7f774c158000-7f774c256000 rw-p 00000000 00:00 0 
7f774c256000-7f774c280000 r-xp 00000000 08:03 5264449                    /usr/lib/libgraphite2.so.3.0.1
7f774c280000-7f774c47f000 ---p 0002a000 08:03 5264449                    /usr/lib/libgraphite2.so.3.0.1
7f774c47f000-7f774c481000 r--p 00029000 08:03 5264449                    /usr/lib/libgraphite2.so.3.0.1
7f774c481000-7f774c482000 rw-p 0002b000 08:03 5264449                    /usr/lib/libgraphite2.so.3.0.1
7f774c482000-7f774c58f000 r-xp 00000000 08:03 5256081                    /usr/lib/libglib-2.0.so.0.4800.1
7f774c58f000-7f774c78e000 ---p 0010d000 08:03 5256081                    /usr/lib/libglib-2.0.so.0.4800.1
7f774c78e000-7f774c78f000 r--p 0010c000 08:03 5256081                    /usr/lib/libglib-2.0.so.0.4800.1
7f774c78f000-7f774c790000 rw-p 0010d000 08:03 5256081                    /usr/lib/libglib-2.0.so.0.4800.1
7f774c790000-7f774c791000 rw-p 00000000 00:00 0 
7f774c791000-7f774c80b000 r-xp 00000000 08:03 5264460                    /usr/lib/libharfbuzz.so.0.10200.7
7f774c80b000-7f774ca0b000 ---p 0007a000 08:03 5264460                    /usr/lib/libharfbuzz.so.0.10200.7
7f774ca0b000-7f774ca0c000 r--p 0007a000 08:03 5264460                    /usr/lib/libharfbuzz.so.0.10200.7
7f774ca0c000-7f774ca0d000 rw-p 0007b000 08:03 5264460                    /usr/lib/libharfbuzz.so.0.10200.7
7f774ca0d000-7f774ca41000 r-xp 00000000 08:03 5264433                    /usr/lib/libpng16.so.16.23.0
7f774ca41000-7f774cc41000 ---p 00034000 08:03 5264433                    /usr/lib/libpng16.so.16.23.0
7f774cc41000-7f774cc42000 r--p 00034000 08:03 5264433                    /usr/lib/libpng16.so.16.23.0
7f774cc42000-7f774cc43000 rw-p 00035000 08:03 5264433                    /usr/lib/libpng16.so.16.23.0
7f774cc43000-7f774cc52000 r-xp 00000000 08:03 5249251                    /usr/lib/libbz2.so.1.0.6
7f774cc52000-7f774ce51000 ---p 0000f000 08:03 5249251                    /usr/lib/libbz2.so.1.0.6
7f774ce51000-7f774ce53000 rw-p 0000e000 08:03 5249251                    /usr/lib/libbz2.so.1.0.6
7f774ce53000-7f774ce69000 r-xp 00000000 08:03 5246433                    /usr/lib/libgcc_s.so.1
7f774ce69000-7f774d068000 ---p 00016000 08:03 5246433                    /usr/lib/libgcc_s.so.1
7f774d068000-7f774d069000 rw-p 00015000 08:03 5246433                    /usr/lib/libgcc_s.so.1
7f774d069000-7f774d11f000 r-xp 00000000 08:03 5264483                    /usr/lib/libfreetype.so.6.12.5
7f774d11f000-7f774d31e000 ---p 000b6000 08:03 5264483                    /usr/lib/libfreetype.so.6.12.5
7f774d31e000-7f774d324000 r--p 000b5000 08:03 5264483                    /usr/lib/libfreetype.so.6.12.5
7f774d324000-7f774d325000 rw-p 000bb000 08:03 5264483                    /usr/lib/libfreetype.so.6.12.5
7f774d325000-7f774d386000 r-xp 00000000 08:03 5905449                    /usr/lib/jvm/java-8-openjdk/jre/lib/amd64/libfontmanager.so
7f774d386000-7f774d586000 ---p 00061000 08:03 5905449                    /usr/lib/jvm/java-8-openjdk/jre/lib/amd64/libfontmanager.so
7f774d586000-7f774d58a000 rw-p 00061000 08:03 5905449                    /usr/lib/jvm/java-8-openjdk/jre/lib/amd64/libfontmanager.so
7f774d58a000-7f774d58f000 r-xp 00000000 08:03 5264426                    /usr/lib/libXdmcp.so.6.0.0
7f774d58f000-7f774d78e000 ---p 00005000 08:03 5264426                    /usr/lib/libXdmcp.so.6.0.0
7f774d78e000-7f774d78f000 r--p 00004000 08:03 5264426                    /usr/lib/libXdmcp.so.6.0.0
7f774d78f000-7f774d790000 rw-p 00005000 08:03 5264426                    /usr/lib/libXdmcp.so.6.0.0
7f774d790000-7f774d792000 r-xp 00000000 08:03 5264569                    /usr/lib/libXau.so.6.0.0
7f774d792000-7f774d992000 ---p 00002000 08:03 5264569                    /usr/lib/libXau.so.6.0.0
7f774d992000-7f774d993000 r--p 00002000 08:03 5264569                    /usr/lib/libXau.so.6.0.0
7f774d993000-7f774d994000 rw-p 00003000 08:03 5264569                    /usr/lib/libXau.so.6.0.0
7f774d994000-7f774d9bc000 r-xp 00000000 08:03 5264668                    /usr/lib/libxcb.so.1.1.0
7f774d9bc000-7f774dbbb000 ---p 00028000 08:03 5264668                    /usr/lib/libxcb.so.1.1.0
7f774dbbb000-7f774dbbc000 r--p 00027000 08:03 5264668                    /usr/lib/libxcb.so.1.1.0
7f774dbbc000-7f774dbbd000 rw-p 00028000 08:03 5264668                    /usr/lib/libxcb.so.1.1.0
7f774dbbd000-7f774dbcc000 r-xp 00000000 08:03 5269325                    /usr/lib/libXi.so.6.1.0
7f774dbcc000-7f774ddcb000 ---p 0000f000 08:03 5269325                    /usr/lib/libXi.so.6.1.0
7f774ddcb000-7f774ddcc000 r--p 0000e000 08:03 5269325                    /usr/lib/libXi.so.6.1.0
7f774ddcc000-7f774ddcd000 rw-p 0000f000 08:03 5269325                    /usr/lib/libXi.so.6.1.0
7f774ddcd000-7f774ddd2000 r-xp 00000000 08:03 5269506                    /usr/lib/libXtst.so.6.1.0
7f774ddd2000-7f774dfd1000 ---p 00005000 08:03 5269506                    /usr/lib/libXtst.so.6.1.0
7f774dfd1000-7f774dfd2000 r--p 00004000 08:03 5269506                    /usr/lib/libXtst.so.6.1.0
7f774dfd2000-7f774dfd3000 rw-p 00005000 08:03 5269506                    /usr/lib/libXtst.so.6.1.0
7f774dfd3000-7f774dfdc000 r-xp 00000000 08:03 5268501                    /usr/lib/libXrender.so.1.3.0
7f774dfdc000-7f774e1db000 ---p 00009000 08:03 5268501                    /usr/lib/libXrender.so.1.3.0
7f774e1db000-7f774e1dc000 r--p 00008000 08:03 5268501                    /usr/lib/libXrender.so.1.3.0
7f774e1dc000-7f774e1dd000 rw-p 00009000 08:03 5268501                    /usr/lib/libXrender.so.1.3.0
7f774e1dd000-7f774e318000 r-xp 00000000 08:03 5266962                    /usr/lib/libX11.so.6.3.0
7f774e318000-7f774e517000 ---p 0013b000 08:03 5266962                    /usr/lib/libX11.so.6.3.0
7f774e517000-7f774e519000 r--p 0013a000 08:03 5266962                    /usr/lib/libX11.so.6.3.0
7f774e519000-7f774e51e000 rw-p 0013c000 08:03 5266962                    /usr/lib/libX11.so.6.3.0
7f774e51e000-7f774e51f000 rw-p 00000000 00:00 0 
7f774e51f000-7f774e530000 r-xp 00000000 08:03 5268193                    /usr/lib/libXext.so.6.4.0
7f774e530000-7f774e72f000 ---p 00011000 08:03 5268193                    /usr/lib/libXext.so.6.4.0
7f774e72f000-7f774e730000 r--p 00010000 08:03 5268193                    /usr/lib/libXext.so.6.4.0
7f774e730000-7f774e731000 rw-p 00011000 08:03 5268193                    /usr/lib/libXext.so.6.4.0
7f774e731000-7f774e784000 r-xp 00000000 08:03 5905447                    /usr/lib/jvm/java-8-openjdk/jre/lib/amd64/libawt_xawt.so
7f774e784000-7f774e984000 ---p 00053000 08:03 5905447                    /usr/lib/jvm/java-8-openjdk/jre/lib/amd64/libawt_xawt.so
7f774e984000-7f774e987000 rw-p 00053000 08:03 5905447                    /usr/lib/jvm/java-8-openjdk/jre/lib/amd64/libawt_xawt.so
7f774e987000-7f774e988000 rw-p 00000000 00:00 0 
7f774e988000-7f774ea26000 r-xp 00000000 08:03 5905442                    /usr/lib/jvm/java-8-openjdk/jre/lib/amd64/libawt.so
7f774ea26000-7f774ec26000 ---p 0009e000 08:03 5905442                    /usr/lib/jvm/java-8-openjdk/jre/lib/amd64/libawt.so
7f774ec26000-7f774ec32000 rw-p 0009e000 08:03 5905442                    /usr/lib/jvm/java-8-openjdk/jre/lib/amd64/libawt.so
7f774ec32000-7f774ec56000 rw-p 00000000 00:00 0 
7f774ec56000-7f774ec57000 ---p 00000000 00:00 0 
7f774ec57000-7f774ed57000 rw-p 00000000 00:00 0 
7f774ed57000-7f774ed5a000 ---p 00000000 00:00 0 
7f774ed5a000-7f774ee58000 rw-p 00000000 00:00 0 
7f774ee58000-7f774ee5b000 ---p 00000000 00:00 0 
7f774ee5b000-7f774ef59000 rw-p 00000000 00:00 0 
7f774ef59000-7f774ef5c000 ---p 00000000 00:00 0 
7f774ef5c000-7f774f05a000 rw-p 00000000 00:00 0 
7f774f05a000-7f774f05d000 ---p 00000000 00:00 0 
7f774f05d000-7f774f15b000 rw-p 00000000 00:00 0 
7f774f15b000-7f774f15e000 ---p 00000000 00:00 0 
7f774f15e000-7f774f25c000 rw-p 00000000 00:00 0 
7f774f25c000-7f774f25f000 ---p 00000000 00:00 0 
7f774f25f000-7f774f35d000 rw-p 00000000 00:00 0 
7f774f35d000-7f774f4f5000 r--p 00000000 08:03 5281274                    /usr/lib/locale/locale-archive
7f774f4f5000-7f774f4f8000 ---p 00000000 00:00 0 
7f774f4f8000-7f774f5f6000 rw-p 00000000 00:00 0 
7f774f5f6000-7f774f5f9000 ---p 00000000 00:00 0 
7f774f5f9000-7f774f6f7000 rw-p 00000000 00:00 0 
7f774f6f7000-7f774f6f8000 ---p 00000000 00:00 0 
7f774f6f8000-7f7750000000 rw-p 00000000 00:00 0 
7f7750000000-7f7750021000 rw-p 00000000 00:00 0 
7f7750021000-7f7754000000 ---p 00000000 00:00 0 
7f7754000000-7f7754021000 rw-p 00000000 00:00 0 
7f7754021000-7f7758000000 ---p 00000000 00:00 0 
7f7758000000-7f7758021000 rw-p 00000000 00:00 0 
7f7758021000-7f775c000000 ---p 00000000 00:00 0 
7f775c000000-7f775c021000 rw-p 00000000 00:00 0 
7f775c021000-7f7760000000 ---p 00000000 00:00 0 
7f7760000000-7f7760021000 rw-p 00000000 00:00 0 
7f7760021000-7f7764000000 ---p 00000000 00:00 0 
7f7764000000-7f7764021000 rw-p 00000000 00:00 0 
7f7764021000-7f7768000000 ---p 00000000 00:00 0 
7f7768000000-7f7768021000 rw-p 00000000 00:00 0 
7f7768021000-7f776c000000 ---p 00000000 00:00 0 
7f776c000000-7f776c001000 rw-s 6af44000 00:06 15720                      /dev/nvidiactl
7f776c001000-7f776c002000 rw-s 3cbe46000 00:06 15720                     /dev/nvidiactl
7f776c002000-7f776c006000 rw-s 4035c1000 00:06 15720                     /dev/nvidiactl
7f776c006000-7f776c007000 rw-s cfd65000 00:06 16655                      /dev/nvidia0
7f776c007000-7f776c008000 rw-s cfd65000 00:06 16655                      /dev/nvidia0
7f776c008000-7f776c01b000 rw-s 3d715d000 00:06 15720                     /dev/nvidiactl
7f776c01b000-7f776c02b000 rw-s 00000000 08:03 3153175                    /home/twittumz/#3153175 (deleted)
7f776c02b000-7f776c03b000 r-xs 00000000 08:03 3153175                    /home/twittumz/#3153175 (deleted)
7f776c03b000-7f776c06c000 rw-p 00000000 00:00 0 
7f776c06c000-7f776c06f000 ---p 00000000 00:00 0 
7f776c06f000-7f776c0a5000 rw-p 00000000 00:00 0 
7f776c0a5000-7f776c0c9000 r--s 0031e000 08:03 3279997                    /home/twittumz/Desktop/git/2DMapEditor/libs/jogl/jar/jogl-all.jar
7f776c0c9000-7f776d000000 rw-p 00000000 00:00 0 
7f776d000000-7f776d380000 rwxp 00000000 00:00 0 
7f776d380000-7f777c000000 ---p 00000000 00:00 0 
7f777c000000-7f777ca42000 rw-p 00000000 00:00 0 
7f777ca42000-7f7780000000 ---p 00000000 00:00 0 
7f7780000000-7f7780001000 rw-s cfd65000 00:06 16655                      /dev/nvidia0
7f7780001000-7f7780002000 rw-s 3daee7000 00:06 15720                     /dev/nvidiactl
7f7780002000-7f7780003000 rw-s de060000 00:06 16655                      /dev/nvidia0
7f7780003000-7f7780004000 rw-s 3f0ac9000 00:06 15720                     /dev/nvidiactl
7f7780004000-7f7780008000 rw-s 3caa6c000 00:06 15720                     /dev/nvidiactl
7f7780008000-7f7780009000 rw-s cfd65000 00:06 16655                      /dev/nvidia0
7f7780009000-7f778000a000 rw-s cfd65000 00:06 16655                      /dev/nvidia0
7f778000a000-7f778000b000 rw-s cfd65000 00:06 16655                      /dev/nvidia0
7f778000b000-7f778000c000 rw-s 4309d9000 00:06 15720                     /dev/nvidiactl
7f778000c000-7f778000e000 r--s 00000000 08:03 3279886                    /home/twittumz/Desktop/git/2DMapEditor/libs/jogl/jar/gluegen-rt-natives-linux-amd64.jar
7f778000e000-7f7780560000 rw-p 00000000 00:00 0 
7f7780560000-7f778072d000 r--s 03bec000 08:03 5905403                    /usr/lib/jvm/java-8-openjdk/jre/lib/rt.jar
7f778072d000-7f778176f000 rw-p 00000000 00:00 0 
7f778176f000-7f7781770000 ---p 00000000 00:00 0 
7f7781770000-7f7781870000 rw-p 00000000 00:00 0 
7f7781870000-7f7781871000 ---p 00000000 00:00 0 
7f7781871000-7f7781971000 rw-p 00000000 00:00 0 
7f7781971000-7f7781972000 ---p 00000000 00:00 0 
7f7781972000-7f7781a72000 rw-p 00000000 00:00 0 
7f7781a72000-7f7781a73000 ---p 00000000 00:00 0 
7f7781a73000-7f7781b73000 rw-p 00000000 00:00 0 
7f7781b73000-7f7781b74000 ---p 00000000 00:00 0 
7f7781b74000-7f7781c74000 rw-p 00000000 00:00 0 
7f7781c74000-7f7781c75000 ---p 00000000 00:00 0 
7f7781c75000-7f7781d75000 rw-p 00000000 00:00 0 
7f7781d75000-7f7781d76000 ---p 00000000 00:00 0 
7f7781d76000-7f7781e76000 rw-p 00000000 00:00 0 
7f7781e76000-7f7781e77000 ---p 00000000 00:00 0 
7f7781e77000-7f7781fcb000 rw-p 00000000 00:00 0 
7f7781fcb000-7f77824aa000 ---p 00000000 00:00 0 
7f77824aa000-7f77824fe000 rw-p 00000000 00:00 0 
7f77824fe000-7f77829dc000 ---p 00000000 00:00 0 
7f77829dc000-7f7782a07000 rw-p 00000000 00:00 0 
7f7782a07000-7f7782c76000 ---p 00000000 00:00 0 
7f7782c76000-7f7782c85000 rw-p 00000000 00:00 0 
7f7782c85000-7f7783037000 ---p 00000000 00:00 0 
7f7783037000-7f778303f000 r-xp 00000000 08:03 5905430                    /usr/lib/jvm/java-8-openjdk/jre/lib/amd64/libzip.so
7f778303f000-7f778323e000 ---p 00008000 08:03 5905430                    /usr/lib/jvm/java-8-openjdk/jre/lib/amd64/libzip.so
7f778323e000-7f778323f000 rw-p 00007000 08:03 5905430                    /usr/lib/jvm/java-8-openjdk/jre/lib/amd64/libzip.so
7f778323f000-7f778324a000 r-xp 00000000 08:03 5246155                    /usr/lib/libnss_files-2.23.so
7f778324a000-7f7783449000 ---p 0000b000 08:03 5246155                    /usr/lib/libnss_files-2.23.so
7f7783449000-7f778344a000 r--p 0000a000 08:03 5246155                    /usr/lib/libnss_files-2.23.so
7f778344a000-7f778344b000 rw-p 0000b000 08:03 5246155                    /usr/lib/libnss_files-2.23.so
7f778344b000-7f7783451000 rw-p 00000000 00:00 0 
7f7783451000-7f778347d000 r-xp 00000000 08:03 5905429                    /usr/lib/jvm/java-8-openjdk/jre/lib/amd64/libjava.so
7f778347d000-7f778367d000 ---p 0002c000 08:03 5905429                    /usr/lib/jvm/java-8-openjdk/jre/lib/amd64/libjava.so
7f778367d000-7f778367f000 rw-p 0002c000 08:03 5905429                    /usr/lib/jvm/java-8-openjdk/jre/lib/amd64/libjava.so
7f778367f000-7f778368c000 r-xp 00000000 08:03 5905422                    /usr/lib/jvm/java-8-openjdk/jre/lib/amd64/libverify.so
7f778368c000-7f778388b000 ---p 0000d000 08:03 5905422                    /usr/lib/jvm/java-8-openjdk/jre/lib/amd64/libverify.so
7f778388b000-7f778388d000 rw-p 0000c000 08:03 5905422                    /usr/lib/jvm/java-8-openjdk/jre/lib/amd64/libverify.so
7f778388d000-7f7783894000 r-xp 00000000 08:03 5246163                    /usr/lib/librt-2.23.so
7f7783894000-7f7783a93000 ---p 00007000 08:03 5246163                    /usr/lib/librt-2.23.so
7f7783a93000-7f7783a94000 r--p 00006000 08:03 5246163                    /usr/lib/librt-2.23.so
7f7783a94000-7f7783a95000 rw-p 00007000 08:03 5246163                    /usr/lib/librt-2.23.so
7f7783a95000-7f7783b98000 r-xp 00000000 08:03 5246160                    /usr/lib/libm-2.23.so
7f7783b98000-7f7783d97000 ---p 00103000 08:03 5246160                    /usr/lib/libm-2.23.so
7f7783d97000-7f7783d98000 r--p 00102000 08:03 5246160                    /usr/lib/libm-2.23.so
7f7783d98000-7f7783d99000 rw-p 00103000 08:03 5246160                    /usr/lib/libm-2.23.so
7f7783d99000-7f77849ee000 r-xp 00000000 08:03 6170591                    /usr/lib/jvm/java-8-openjdk/jre/lib/amd64/server/libjvm.so
7f77849ee000-7f7784bee000 ---p 00c55000 08:03 6170591                    /usr/lib/jvm/java-8-openjdk/jre/lib/amd64/server/libjvm.so
7f7784bee000-7f7784caa000 rw-p 00c55000 08:03 6170591                    /usr/lib/jvm/java-8-openjdk/jre/lib/amd64/server/libjvm.so
7f7784caa000-7f7784cda000 rw-p 00000000 00:00 0 
7f7784cda000-7f7784e71000 r-xp 00000000 08:03 5246102                    /usr/lib/libc-2.23.so
7f7784e71000-7f7785071000 ---p 00197000 08:03 5246102                    /usr/lib/libc-2.23.so
7f7785071000-7f7785075000 r--p 00197000 08:03 5246102                    /usr/lib/libc-2.23.so
7f7785075000-7f7785077000 rw-p 0019b000 08:03 5246102                    /usr/lib/libc-2.23.so
7f7785077000-7f778507b000 rw-p 00000000 00:00 0 
7f778507b000-7f778507d000 r-xp 00000000 08:03 5246159                    /usr/lib/libdl-2.23.so
7f778507d000-7f778527d000 ---p 00002000 08:03 5246159                    /usr/lib/libdl-2.23.so
7f778527d000-7f778527e000 r--p 00002000 08:03 5246159                    /usr/lib/libdl-2.23.so
7f778527e000-7f778527f000 rw-p 00003000 08:03 5246159                    /usr/lib/libdl-2.23.so
7f778527f000-7f778528c000 r-xp 00000000 08:03 6170588                    /usr/lib/jvm/java-8-openjdk/jre/lib/amd64/jli/libjli.so
7f778528c000-7f778548b000 ---p 0000d000 08:03 6170588                    /usr/lib/jvm/java-8-openjdk/jre/lib/amd64/jli/libjli.so
7f778548b000-7f778548c000 rw-p 0000c000 08:03 6170588                    /usr/lib/jvm/java-8-openjdk/jre/lib/amd64/jli/libjli.so
7f778548c000-7f77854a1000 r-xp 00000000 08:03 5253324                    /usr/lib/libz.so.1.2.8
7f77854a1000-7f77856a0000 ---p 00015000 08:03 5253324                    /usr/lib/libz.so.1.2.8
7f77856a0000-7f77856a1000 r--p 00014000 08:03 5253324                    /usr/lib/libz.so.1.2.8
7f77856a1000-7f77856a2000 rw-p 00015000 08:03 5253324                    /usr/lib/libz.so.1.2.8
7f77856a2000-7f77856ba000 r-xp 00000000 08:03 5246083                    /usr/lib/libpthread-2.23.so
7f77856ba000-7f77858b9000 ---p 00018000 08:03 5246083                    /usr/lib/libpthread-2.23.so
7f77858b9000-7f77858ba000 r--p 00017000 08:03 5246083                    /usr/lib/libpthread-2.23.so
7f77858ba000-7f77858bb000 rw-p 00018000 08:03 5246083                    /usr/lib/libpthread-2.23.so
7f77858bb000-7f77858bf000 rw-p 00000000 00:00 0 
7f77858bf000-7f77858e2000 r-xp 00000000 08:03 5246101                    /usr/lib/ld-2.23.so
7f77858e2000-7f77858e3000 r--s 00036000 08:03 3279976                    /home/twittumz/Desktop/git/2DMapEditor/libs/jogl/jar/jogl-all-natives-linux-amd64.jar
7f77858e3000-7f77858e4000 r--p 00000000 00:00 0 
7f77858e4000-7f77858e8000 r--s 00097000 08:03 5905401                    /usr/lib/jvm/java-8-openjdk/jre/lib/jsse.jar
7f77858e8000-7f77858fb000 r--s 00345000 08:03 5905402                    /usr/lib/jvm/java-8-openjdk/jre/lib/resources.jar
7f77858fb000-7f7785901000 r--s 0004f000 08:03 3279895                    /home/twittumz/Desktop/git/2DMapEditor/libs/jogl/jar/gluegen-rt.jar
7f7785901000-7f77859aa000 rw-p 00000000 00:00 0 
7f77859aa000-7f77859ad000 ---p 00000000 00:00 0 
7f77859ad000-7f7785ad7000 rw-p 00000000 00:00 0 
7f7785ad7000-7f7785adf000 rw-s 00000000 00:23 168194                     /tmp/hsperfdata_twittumz/25320
7f7785adf000-7f7785ae0000 rw-p 00000000 00:00 0 
7f7785ae0000-7f7785ae1000 r--p 00000000 00:00 0 
7f7785ae1000-7f7785ae2000 rw-p 00000000 00:00 0 
7f7785ae2000-7f7785ae3000 r--p 00023000 08:03 5246101                    /usr/lib/ld-2.23.so
7f7785ae3000-7f7785ae4000 rw-p 00024000 08:03 5246101                    /usr/lib/ld-2.23.so
7f7785ae4000-7f7785ae5000 rw-p 00000000 00:00 0 
7ffc47d37000-7ffc47d58000 rw-p 00000000 00:00 0                          [stack]
7ffc47d62000-7ffc47d65000 r--p 00000000 00:00 0                          [vvar]
7ffc47d65000-7ffc47d67000 r-xp 00000000 00:00 0                          [vdso]
ffffffffff600000-ffffffffff601000 r-xp 00000000 00:00 0                  [vsyscall]

VM Arguments:
jvm_args: -Dfile.encoding=UTF-8 
java_command: Editor.Main
java_class_path (initial): /home/twittumz/Desktop/git/2DMapEditor/2dMapEditor/bin:/home/twittumz/Desktop/git/2DMapEditor/libs/jogl/jar/gluegen-rt.jar:/home/twittumz/Desktop/git/2DMapEditor/libs/jogl/jar/jogl-all.jar
Launcher Type: SUN_STANDARD

Environment Variables:
PATH=/usr/local/sbin:/usr/local/bin:/usr/bin:/usr/lib/jvm/default/bin:/usr/bin/site_perl:/usr/bin/vendor_perl:/usr/bin/core_perl
USERNAME=twittumz
SHELL=/bin/bash
DISPLAY=:1

Signal Handlers:
SIGSEGV: [libjvm.so+0xa5a220], sa_mask[0]=11111111011111111101111111111110, sa_flags=SA_RESTART|SA_SIGINFO
SIGBUS: [libjvm.so+0xa5a220], sa_mask[0]=11111111011111111101111111111110, sa_flags=SA_RESTART|SA_SIGINFO
SIGFPE: [libjvm.so+0x8a5a90], sa_mask[0]=11111111011111111101111111111110, sa_flags=SA_RESTART|SA_SIGINFO
SIGPIPE: [libjvm.so+0x8a5a90], sa_mask[0]=11111111011111111101111111111110, sa_flags=SA_RESTART|SA_SIGINFO
SIGXFSZ: [libjvm.so+0x8a5a90], sa_mask[0]=11111111011111111101111111111110, sa_flags=SA_RESTART|SA_SIGINFO
SIGILL: [libjvm.so+0x8a5a90], sa_mask[0]=11111111011111111101111111111110, sa_flags=SA_RESTART|SA_SIGINFO
SIGUSR1: SIG_DFL, sa_mask[0]=00000000000000000000000000000000, sa_flags=none
SIGUSR2: [libjvm.so+0x8a5940], sa_mask[0]=00100000000000000000000000000000, sa_flags=SA_RESTART|SA_SIGINFO
SIGHUP: [libjvm.so+0x8a5e10], sa_mask[0]=11111111011111111101111111111110, sa_flags=SA_RESTART|SA_SIGINFO
SIGINT: [libjvm.so+0x8a5e10], sa_mask[0]=11111111011111111101111111111110, sa_flags=SA_RESTART|SA_SIGINFO
SIGTERM: [libjvm.so+0x8a5e10], sa_mask[0]=11111111011111111101111111111110, sa_flags=SA_RESTART|SA_SIGINFO
SIGQUIT: [libjvm.so+0x8a5e10], sa_mask[0]=11111111011111111101111111111110, sa_flags=SA_RESTART|SA_SIGINFO


---------------  S Y S T E M  ---------------

OS:NAME="Arch Linux"
ID=arch
PRETTY_NAME="Arch Linux"
ANSI_COLOR="0;36"
HOME_URL="https://www.archlinux.org/"
SUPPORT_URL="https://bbs.archlinux.org/"
BUG_REPORT_URL="https://bugs.archlinux.org/"


uname:Linux 4.6.3-1-ARCH #1 SMP PREEMPT Fri Jun 24 21:19:13 CEST 2016 x86_64
libc:glibc 2.23 NPTL 2.23 
rlimit: STACK 8192k, CORE infinity, NPROC 63849, NOFILE 4096, AS infinity
load average:0.16 0.46 0.56

/proc/meminfo:
MemTotal:       16350744 kB
MemFree:        11835192 kB
MemAvailable:   13023344 kB
Buffers:           86184 kB
Cached:          1339700 kB
SwapCached:            0 kB
Active:          3376672 kB
Inactive:         786688 kB
Active(anon):    2739612 kB
Inactive(anon):    31012 kB
Active(file):     637060 kB
Inactive(file):   755676 kB
Unevictable:          16 kB
Mlocked:              16 kB
SwapTotal:       4191228 kB
SwapFree:        4191228 kB
Dirty:               264 kB
Writeback:             0 kB
AnonPages:       2398072 kB
Mapped:           406020 kB
Shmem:             33152 kB
Slab:             148184 kB
SReclaimable:     105496 kB
SUnreclaim:        42688 kB
KernelStack:       10160 kB
PageTables:        32492 kB
NFS_Unstable:          0 kB
Bounce:                0 kB
WritebackTmp:          0 kB
CommitLimit:    12366600 kB
Committed_AS:    6306448 kB
VmallocTotal:   34359738367 kB
VmallocUsed:           0 kB
VmallocChunk:          0 kB
HardwareCorrupted:     0 kB
AnonHugePages:   1142784 kB
HugePages_Total:       0
HugePages_Free:        0
HugePages_Rsvd:        0
HugePages_Surp:        0
Hugepagesize:       2048 kB
DirectMap4k:      275932 kB
DirectMap2M:     6977536 kB
DirectMap1G:     9437184 kB


CPU:total 8 (4 cores per cpu, 2 threads per core) family 6 model 94 stepping 3, cmov, cx8, fxsr, mmx, sse, sse2, sse3, ssse3, sse4.1, sse4.2, popcnt, avx, avx2, aes, clmul, erms, rtm, 3dnowpref, lzcnt, ht, tsc, tscinvbit, bmi1, bmi2, adx

/proc/cpuinfo:
processor	: 0
vendor_id	: GenuineIntel
cpu family	: 6
model		: 94
model name	: Intel(R) Core(TM) i7-6700K CPU @ 4.00GHz
stepping	: 3
microcode	: 0x6a
cpu MHz		: 4104.687
cache size	: 8192 KB
physical id	: 0
siblings	: 8
core id		: 0
cpu cores	: 4
apicid		: 0
initial apicid	: 0
fpu		: yes
fpu_exception	: yes
cpuid level	: 22
wp		: yes
flags		: fpu vme de pse tsc msr pae mce cx8 apic sep mtrr pge mca cmov pat pse36 clflush dts acpi mmx fxsr sse sse2 ss ht tm pbe syscall nx pdpe1gb rdtscp lm constant_tsc art arch_perfmon pebs bts rep_good nopl xtopology nonstop_tsc aperfmperf eagerfpu pni pclmulqdq dtes64 monitor ds_cpl vmx est tm2 ssse3 sdbg fma cx16 xtpr pdcm pcid sse4_1 sse4_2 x2apic movbe popcnt tsc_deadline_timer aes xsave avx f16c rdrand lahf_lm abm 3dnowprefetch epb intel_pt tpr_shadow vnmi flexpriority ept vpid fsgsbase tsc_adjust bmi1 hle avx2 smep bmi2 erms invpcid rtm mpx rdseed adx smap clflushopt xsaveopt xsavec xgetbv1 dtherm ida arat pln pts hwp hwp_notify hwp_act_window hwp_epp
bugs		:
bogomips	: 8019.75
clflush size	: 64
cache_alignment	: 64
address sizes	: 39 bits physical, 48 bits virtual
power management:

processor	: 1
vendor_id	: GenuineIntel
cpu family	: 6
model		: 94
model name	: Intel(R) Core(TM) i7-6700K CPU @ 4.00GHz
stepping	: 3
microcode	: 0x6a
cpu MHz		: 4104.375
cache size	: 8192 KB
physical id	: 0
siblings	: 8
core id		: 1
cpu cores	: 4
apicid		: 2
initial apicid	: 2
fpu		: yes
fpu_exception	: yes
cpuid level	: 22
wp		: yes
flags		: fpu vme de pse tsc msr pae mce cx8 apic sep mtrr pge mca cmov pat pse36 clflush dts acpi mmx fxsr sse sse2 ss ht tm pbe syscall nx pdpe1gb rdtscp lm constant_tsc art arch_perfmon pebs bts rep_good nopl xtopology nonstop_tsc aperfmperf eagerfpu pni pclmulqdq dtes64 monitor ds_cpl vmx est tm2 ssse3 sdbg fma cx16 xtpr pdcm pcid sse4_1 sse4_2 x2apic movbe popcnt tsc_deadline_timer aes xsave avx f16c rdrand lahf_lm abm 3dnowprefetch epb intel_pt tpr_shadow vnmi flexpriority ept vpid fsgsbase tsc_adjust bmi1 hle avx2 smep bmi2 erms invpcid rtm mpx rdseed adx smap clflushopt xsaveopt xsavec xgetbv1 dtherm ida arat pln pts hwp hwp_notify hwp_act_window hwp_epp
bugs		:
bogomips	: 8020.83
clflush size	: 64
cache_alignment	: 64
address sizes	: 39 bits physical, 48 bits virtual
power management:

processor	: 2
vendor_id	: GenuineIntel
cpu family	: 6
model		: 94
model name	: Intel(R) Core(TM) i7-6700K CPU @ 4.00GHz
stepping	: 3
microcode	: 0x6a
cpu MHz		: 4256.875
cache size	: 8192 KB
physical id	: 0
siblings	: 8
core id		: 2
cpu cores	: 4
apicid		: 4
initial apicid	: 4
fpu		: yes
fpu_exception	: yes
cpuid level	: 22
wp		: yes
flags		: fpu vme de pse tsc msr pae mce cx8 apic sep mtrr pge mca cmov pat pse36 clflush dts acpi mmx fxsr sse sse2 ss ht tm pbe syscall nx pdpe1gb rdtscp lm constant_tsc art arch_perfmon pebs bts rep_good nopl xtopology nonstop_tsc aperfmperf eagerfpu pni pclmulqdq dtes64 monitor ds_cpl vmx est tm2 ssse3 sdbg fma cx16 xtpr pdcm pcid sse4_1 sse4_2 x2apic movbe popcnt tsc_deadline_timer aes xsave avx f16c rdrand lahf_lm abm 3dnowprefetch epb intel_pt tpr_shadow vnmi flexpriority ept vpid fsgsbase tsc_adjust bmi1 hle avx2 smep bmi2 erms invpcid rtm mpx rdseed adx smap clflushopt xsaveopt xsavec xgetbv1 dtherm ida arat pln pts hwp hwp_notify hwp_act_window hwp_epp
bugs		:
bogomips	: 8021.89
clflush size	: 64
cache_alignment	: 64
address sizes	: 39 bits physical, 48 bits virtual
power management:

processor	: 3
vendor_id	: GenuineIntel
cpu family	: 6
model		: 94
model name	: Intel(R) Core(TM) i7-6700K CPU @ 4.00GHz
stepping	: 3
microcode	: 0x6a
cpu MHz		: 4150.937
cache size	: 8192 KB
physical id	: 0
siblings	: 8
core id		: 3
cpu cores	: 4
apicid		: 6
initial apicid	: 6
fpu		: yes
fpu_exception	: yes
cpuid level	: 22
wp		: yes
flags		: fpu vme de pse tsc msr pae mce cx8 apic sep mtrr pge mca cmov pat pse36 clflush dts acpi mmx fxsr sse sse2 ss ht tm pbe syscall nx pdpe1gb rdtscp lm constant_tsc art arch_perfmon pebs bts rep_good nopl xtopology nonstop_tsc aperfmperf eagerfpu pni pclmulqdq dtes64 monitor ds_cpl vmx est tm2 ssse3 sdbg fma cx16 xtpr pdcm pcid sse4_1 sse4_2 x2apic movbe popcnt tsc_deadline_timer aes xsave avx f16c rdrand lahf_lm abm 3dnowprefetch epb intel_pt tpr_shadow vnmi flexpriority ept vpid fsgsbase tsc_adjust bmi1 hle avx2 smep bmi2 erms invpcid rtm mpx rdseed adx smap clflushopt xsaveopt xsavec xgetbv1 dtherm ida arat pln pts hwp hwp_notify hwp_act_window hwp_epp
bugs		:
bogomips	: 8021.88
clflush size	: 64
cache_alignment	: 64
address sizes	: 39 bits physical, 48 bits virtual
power management:

processor	: 4
vendor_id	: GenuineIntel
cpu family	: 6
model		: 94
model name	: Intel(R) Core(TM) i7-6700K CPU @ 4.00GHz
stepping	: 3
microcode	: 0x6a
cpu MHz		: 4100.468
cache size	: 8192 KB
physical id	: 0
siblings	: 8
core id		: 0
cpu cores	: 4
apicid		: 1
initial apicid	: 1
fpu		: yes
fpu_exception	: yes
cpuid level	: 22
wp		: yes
flags		: fpu vme de pse tsc msr pae mce cx8 apic sep mtrr pge mca cmov pat pse36 clflush dts acpi mmx fxsr sse sse2 ss ht tm pbe syscall nx pdpe1gb rdtscp lm constant_tsc art arch_perfmon pebs bts rep_good nopl xtopology nonstop_tsc aperfmperf eagerfpu pni pclmulqdq dtes64 monitor ds_cpl vmx est tm2 ssse3 sdbg fma cx16 xtpr pdcm pcid sse4_1 sse4_2 x2apic movbe popcnt tsc_deadline_timer aes xsave avx f16c rdrand lahf_lm abm 3dnowprefetch epb intel_pt tpr_shadow vnmi flexpriority ept vpid fsgsbase tsc_adjust bmi1 hle avx2 smep bmi2 erms invpcid rtm mpx rdseed adx smap clflushopt xsaveopt xsavec xgetbv1 dtherm ida arat pln pts hwp hwp_notify hwp_act_window hwp_epp
bugs		:
bogomips	: 8021.32
clflush size	: 64
cache_alignment	: 64
address sizes	: 39 bits physical, 48 bits virtual
power management:

processor	: 5
vendor_id	: GenuineIntel
cpu family	: 6
model		: 94
model name	: Intel(R) Core(TM) i7-6700K CPU @ 4.00GHz
stepping	: 3
microcode	: 0x6a
cpu MHz		: 4100.625
cache size	: 8192 KB
physical id	: 0
siblings	: 8
core id		: 1
cpu cores	: 4
apicid		: 3
initial apicid	: 3
fpu		: yes
fpu_exception	: yes
cpuid level	: 22
wp		: yes
flags		: fpu vme de pse tsc msr pae mce cx8 apic sep mtrr pge mca cmov pat pse36 clflush dts acpi mmx fxsr sse sse2 ss ht tm pbe syscall nx pdpe1gb rdtscp lm constant_tsc art arch_perfmon pebs bts rep_good nopl xtopology nonstop_tsc aperfmperf eagerfpu pni pclmulqdq dtes64 monitor ds_cpl vmx est tm2 ssse3 sdbg fma cx16 xtpr pdcm pcid sse4_1 sse4_2 x2apic movbe popcnt tsc_deadline_timer aes xsave avx f16c rdrand lahf_lm abm 3dnowprefetch epb intel_pt tpr_shadow vnmi flexpriority ept vpid fsgsbase tsc_adjust bmi1 hle avx2 smep bmi2 erms invpcid rtm mpx rdseed adx smap clflushopt xsaveopt xsavec xgetbv1 dtherm ida arat pln pts hwp hwp_notify hwp_act_window hwp_epp
bugs		:
bogomips	: 8021.93
clflush size	: 64
cache_alignment	: 64
address sizes	: 39 bits physical, 48 bits virtual
power management:

processor	: 6
vendor_id	: GenuineIntel
cpu family	: 6
model		: 94
model name	: Intel(R) Core(TM) i7-6700K CPU @ 4.00GHz
stepping	: 3
microcode	: 0x6a
cpu MHz		: 4147.343
cache size	: 8192 KB
physical id	: 0
siblings	: 8
core id		: 2
cpu cores	: 4
apicid		: 5
initial apicid	: 5
fpu		: yes
fpu_exception	: yes
cpuid level	: 22
wp		: yes
flags		: fpu vme de pse tsc msr pae mce cx8 apic sep mtrr pge mca cmov pat pse36 clflush dts acpi mmx fxsr sse sse2 ss ht tm pbe syscall nx pdpe1gb rdtscp lm constant_tsc art arch_perfmon pebs bts rep_good nopl xtopology nonstop_tsc aperfmperf eagerfpu pni pclmulqdq dtes64 monitor ds_cpl vmx est tm2 ssse3 sdbg fma cx16 xtpr pdcm pcid sse4_1 sse4_2 x2apic movbe popcnt tsc_deadline_timer aes xsave avx f16c rdrand lahf_lm abm 3dnowprefetch epb intel_pt tpr_shadow vnmi flexpriority ept vpid fsgsbase tsc_adjust bmi1 hle avx2 smep bmi2 erms invpcid rtm mpx rdseed adx smap clflushopt xsaveopt xsavec xgetbv1 dtherm ida arat pln pts hwp hwp_notify hwp_act_window hwp_epp
bugs		:
bogomips	: 8021.92
clflush size	: 64
cache_alignment	: 64
address sizes	: 39 bits physical, 48 bits virtual
power management:

processor	: 7
vendor_id	: GenuineIntel
cpu family	: 6
model		: 94
model name	: Intel(R) Core(TM) i7-6700K CPU @ 4.00GHz
stepping	: 3
microcode	: 0x6a
cpu MHz		: 4163.750
cache size	: 8192 KB
physical id	: 0
siblings	: 8
core id		: 3
cpu cores	: 4
apicid		: 7
initial apicid	: 7
fpu		: yes
fpu_exception	: yes
cpuid level	: 22
wp		: yes
flags		: fpu vme de pse tsc msr pae mce cx8 apic sep mtrr pge mca cmov pat pse36 clflush dts acpi mmx fxsr sse sse2 ss ht tm pbe syscall nx pdpe1gb rdtscp lm constant_tsc art arch_perfmon pebs bts rep_good nopl xtopology nonstop_tsc aperfmperf eagerfpu pni pclmulqdq dtes64 monitor ds_cpl vmx est tm2 ssse3 sdbg fma cx16 xtpr pdcm pcid sse4_1 sse4_2 x2apic movbe popcnt tsc_deadline_timer aes xsave avx f16c rdrand lahf_lm abm 3dnowprefetch epb intel_pt tpr_shadow vnmi flexpriority ept vpid fsgsbase tsc_adjust bmi1 hle avx2 smep bmi2 erms invpcid rtm mpx rdseed adx smap clflushopt xsaveopt xsavec xgetbv1 dtherm ida arat pln pts hwp hwp_notify hwp_act_window hwp_epp
bugs		:
bogomips	: 8021.93
clflush size	: 64
cache_alignment	: 64
address sizes	: 39 bits physical, 48 bits virtual
power management:



Memory: 4k page, physical 16350744k(11835192k free), swap 4191228k(4191228k free)

vm_info: OpenJDK 64-Bit Server VM (25.92-b14) for linux-amd64 JRE (1.8.0_92-b14), built on Apr 24 2016 15:02:36 by "builduser" with gcc 5.3.0

time: Sat Jul 30 21:18:43 2016
elapsed time: 0 seconds (0d 0h 0m 0s)

