#
# A fatal error has been detected by the Java Runtime Environment:
#
#  SIGSEGV (0xb) at pc=0x000000004073aefe, pid=16730, tid=0x00007f945906a700
#
# JRE version: OpenJDK Runtime Environment (8.0_92-b14) (build 1.8.0_92-b14)
# Java VM: OpenJDK 64-Bit Server VM (25.92-b14 mixed mode linux-amd64 compressed oops)
# Problematic frame:
# C  0x000000004073aefe
#
# Core dump written. Default location: /home/twittumz/Desktop/git/2DMapEditor/2dMapEditor/core or core.16730
#
# If you would like to submit a bug report, please visit:
#   http://bugreport.java.com/bugreport/crash.jsp
# The crash happened outside the Java Virtual Machine in native code.
# See problematic frame for where to report the bug.
#

---------------  T H R E A D  ---------------

Current thread (0x00007f947c2b0000):  JavaThread "AWT-EventQueue-0" [_thread_in_native, id=16763, stack(0x00007f9458f6a000,0x00007f945906b000)]

siginfo: si_signo: 11 (SIGSEGV), si_code: 1 (SEGV_MAPERR), si_addr: 0x0000000000000000

Registers:
RAX=0x00007f94486cce70, RBX=0x0000000040057000, RCX=0x0000000000000000, RDX=0x0000000000000004
RSP=0x00007f9459068498, RBP=0x0000000000000040, RSI=0x0000000000000000, RDI=0x0000000000000000
R8 =0x00007f93f0223cd0, R9 =0x00000001022e5000, R10=0x00007f93f0140040, R11=0x0000000000000000
R12=0x0000000000000000, R13=0x0000000000000004, R14=0x0000000000000000, R15=0x00007f93f0147f40
RIP=0x000000004073aefe, EFLAGS=0x0000000000010246, CSGSFS=0x002b000000000033, ERR=0x0000000000000004
  TRAPNO=0x000000000000000e

Top of Stack: (sp=0x00007f9459068498)
0x00007f9459068498:   00007f944a86b8c4 0000000500000000
0x00007f94590684a8:   00000000400a7fa0 00007f947c2b0000
0x00007f94590684b8:   00007f944a86c33e 00007f94486cce70
0x00007f94590684c8:   0000000040057000 000000004009bdf0
0x00007f94590684d8:   0000000000000005 0000000000000000
0x00007f94590684e8:   00007f9459068660 00007f947c2b0000
0x00007f94590684f8:   00007f944a457c78 41a00000f026e0f0
0x00007f9459068508:   0000000452ff06b6 00007f947c2b0000
0x00007f9459068518:   41a000004a4977c4 00007f94532a9520
0x00007f9459068528:   00007f9453a7aba8 00007f9459068590
0x00007f9459068538:   0000000000000000 00007f9453a7aba8
0x00007f9459068548:   00007f9452fe7e78 00007f94590685a0
0x00007f9459068558:   00007f9453299320 000000046eeb4060
0x00007f9459068568:   0000000500000000 00007f9459068660
0x00007f9459068578:   00007f947c2b01e0 00007f9459068670
0x00007f9459068588:   00007f9453299320 00007f9459068618
0x00007f9459068598:   00007f946d017754 00007f9459068728
0x00007f94590685a8:   00007f946d3bbad4 0000000000000000
0x00007f94590685b8:   00007f9453299de0 0000000000000000
0x00007f94590685c8:   00007f946d017c60 00007f9453a4f108
0x00007f94590685d8:   00007f94590685d8 0000000000000000
0x00007f94590685e8:   00007f9459068660 00007f9453b73028
0x00007f94590685f8:   0000000000000000 00007f9453a7aba8
0x00007f9459068608:   0000000000000000 00007f9459068638
0x00007f9459068618:   00007f94590686a8 00007f946d007ffd
0x00007f9459068628:   0000000000000000 00007f946d011278
0x00007f9459068638:   00007f9453299320 00007f946d007ffd
0x00007f9459068648:   0000000000000004 0000000000000000
0x00007f9459068658:   0000000000000005 000000076eeb4060
0x00007f9459068668:   00007f9459068668 00007f9453a7aaf5
0x00007f9459068678:   00007f94590686e0 00007f9453b73028
0x00007f9459068688:   0000000000000000 00007f9453a7ab08 

Instructions: (pc=0x000000004073aefe)
0x000000004073aede:   8b d1 49 8b cb 48 be 78 8a 0a 40 00 00 00 00 48
0x000000004073aeee:   8b 36 48 8b 76 08 48 8b f9 48 c1 e7 04 48 03 f7
0x000000004073aefe:   8b 3e 8b 6e 04 89 38 89 68 04 8b 7e 08 8b 6e 0c
0x000000004073af0e:   89 78 08 89 68 0c 48 83 c0 10 ff c1 ff ca 75 c5 

Register to memory mapping:

RAX=0x00007f94486cce70 is an unknown value
RBX=0x0000000040057000 is an unknown value
RCX=0x0000000000000000 is an unknown value
RDX=0x0000000000000004 is an unknown value
RSP=0x00007f9459068498 is pointing into the stack for thread: 0x00007f947c2b0000
RBP=0x0000000000000040 is an unknown value
RSI=0x0000000000000000 is an unknown value
RDI=0x0000000000000000 is an unknown value
R8 =0x00007f93f0223cd0 is an unknown value
R9 =0x00000001022e5000 is an unknown value
R10=0x00007f93f0140040 is an unknown value
R11=0x0000000000000000 is an unknown value
R12=0x0000000000000000 is an unknown value
R13=0x0000000000000004 is an unknown value
R14=0x0000000000000000 is an unknown value
R15=0x00007f93f0147f40 is an unknown value


Stack: [0x00007f9458f6a000,0x00007f945906b000],  sp=0x00007f9459068498,  free space=1017k
Native frames: (J=compiled Java code, j=interpreted, Vv=VM code, C=native code)
C  0x000000004073aefe

Java frames: (J=compiled Java code, j=interpreted, Vv=VM code)
j  jogamp.opengl.gl4.GL4bcImpl.dispatch_glDrawArrays1(IIIJ)V+0
j  jogamp.opengl.gl4.GL4bcImpl.glDrawArrays(III)V+45
j  Engine.SpriteRenderer.Draw(Lcom/jogamp/opengl/GL2;)V+74
j  Engine.Engine.Render(Lcom/jogamp/opengl/GLAutoDrawable;)V+22
j  Editor.Window$1.display(Lcom/jogamp/opengl/GLAutoDrawable;)V+22
j  jogamp.opengl.GLDrawableHelper.displayImpl(Lcom/jogamp/opengl/GLAutoDrawable;)V+62
j  jogamp.opengl.GLDrawableHelper.display(Lcom/jogamp/opengl/GLAutoDrawable;)V+2
j  com.jogamp.opengl.awt.GLCanvas$11.run()V+118
j  jogamp.opengl.GLDrawableHelper.invokeGLImpl(Lcom/jogamp/opengl/GLDrawable;Lcom/jogamp/opengl/GLContext;Ljava/lang/Runnable;Ljava/lang/Runnable;)V+203
j  jogamp.opengl.GLDrawableHelper.invokeGL(Lcom/jogamp/opengl/GLDrawable;Lcom/jogamp/opengl/GLContext;Ljava/lang/Runnable;Ljava/lang/Runnable;)V+72
j  com.jogamp.opengl.awt.GLCanvas$12.run()V+104
j  java.awt.event.InvocationEvent.dispatch()V+11
j  java.awt.EventQueue.dispatchEventImpl(Ljava/awt/AWTEvent;Ljava/lang/Object;)V+21
j  java.awt.EventQueue.access$500(Ljava/awt/EventQueue;Ljava/awt/AWTEvent;Ljava/lang/Object;)V+3
j  java.awt.EventQueue$3.run()Ljava/lang/Void;+32
j  java.awt.EventQueue$3.run()Ljava/lang/Object;+1
v  ~StubRoutines::call_stub
j  java.security.AccessController.doPrivileged(Ljava/security/PrivilegedAction;Ljava/security/AccessControlContext;)Ljava/lang/Object;+0
j  java.security.ProtectionDomain$JavaSecurityAccessImpl.doIntersectionPrivilege(Ljava/security/PrivilegedAction;Ljava/security/AccessControlContext;Ljava/security/AccessControlContext;)Ljava/lang/Object;+18
j  java.awt.EventQueue.dispatchEvent(Ljava/awt/AWTEvent;)V+46
j  java.awt.EventDispatchThread.pumpOneEventForFilters(I)V+245
j  java.awt.EventDispatchThread.pumpEventsForFilter(ILjava/awt/Conditional;Ljava/awt/EventFilter;)V+35
j  java.awt.EventDispatchThread.pumpEventsForHierarchy(ILjava/awt/Conditional;Ljava/awt/Component;)V+11
j  java.awt.EventDispatchThread.pumpEvents(ILjava/awt/Conditional;)V+4
j  java.awt.EventDispatchThread.pumpEvents(Ljava/awt/Conditional;)V+3
j  java.awt.EventDispatchThread.run()V+9
v  ~StubRoutines::call_stub

---------------  P R O C E S S  ---------------

Java Threads: ( => current thread )
  0x00007f947c008000 JavaThread "DestroyJavaVM" [_thread_blocked, id=16735, stack(0x00007f94831ec000,0x00007f94832ed000)]
  0x00007f947c5c8000 JavaThread "main-AWTAnimator#00" [_thread_blocked, id=16772, stack(0x00007f944914f000,0x00007f9449250000)]
  0x00007f947c47c800 JavaThread "main-SharedResourceRunner" daemon [_thread_blocked, id=16771, stack(0x00007f9452257000,0x00007f9452358000)]
  0x00007f947c460000 JavaThread "main-SharedResourceRunner" daemon [_thread_blocked, id=16770, stack(0x00007f9458808000,0x00007f9458909000)]
  0x00007f947c2f9000 JavaThread "process reaper" daemon [_thread_blocked, id=16766, stack(0x00007f9458d31000,0x00007f9458d6a000)]
=>0x00007f947c2b0000 JavaThread "AWT-EventQueue-0" [_thread_in_native, id=16763, stack(0x00007f9458f6a000,0x00007f945906b000)]
  0x00007f947c2ae000 JavaThread "AWT-Shutdown" [_thread_blocked, id=16762, stack(0x00007f945906b000,0x00007f945916c000)]
  0x00007f947c2a3000 JavaThread "Image Fetcher 0" daemon [_thread_blocked, id=16761, stack(0x00007f945916c000,0x00007f945926d000)]
  0x00007f947c267800 JavaThread "AWT-XAWT" daemon [_thread_blocked, id=16760, stack(0x00007f945926d000,0x00007f945936e000)]
  0x00007f947c240800 JavaThread "Java2D Disposer" daemon [_thread_blocked, id=16759, stack(0x00007f945977f000,0x00007f9459880000)]
  0x00007f947c0d0000 JavaThread "Service Thread" daemon [_thread_blocked, id=16757, stack(0x00007f9468652000,0x00007f9468753000)]
  0x00007f947c0c5000 JavaThread "C1 CompilerThread3" daemon [_thread_blocked, id=16756, stack(0x00007f9468753000,0x00007f9468854000)]
  0x00007f947c0c3000 JavaThread "C2 CompilerThread2" daemon [_thread_blocked, id=16755, stack(0x00007f9468854000,0x00007f9468955000)]
  0x00007f947c0c1000 JavaThread "C2 CompilerThread1" daemon [_thread_blocked, id=16754, stack(0x00007f9468955000,0x00007f9468a56000)]
  0x00007f947c0be000 JavaThread "C2 CompilerThread0" daemon [_thread_blocked, id=16753, stack(0x00007f9468a56000,0x00007f9468b57000)]
  0x00007f947c0bc800 JavaThread "Signal Dispatcher" daemon [_thread_blocked, id=16752, stack(0x00007f9468b57000,0x00007f9468c58000)]
  0x00007f947c08a000 JavaThread "Finalizer" daemon [_thread_blocked, id=16751, stack(0x00007f9468df0000,0x00007f9468ef1000)]
  0x00007f947c085800 JavaThread "Reference Handler" daemon [_thread_blocked, id=16750, stack(0x00007f9468ef1000,0x00007f9468ff2000)]

Other Threads:
  0x00007f947c07e000 VMThread [stack: 0x00007f9468ff2000,0x00007f94690f3000] [id=16748]
  0x00007f947c0d2800 WatcherThread [stack: 0x00007f9468551000,0x00007f9468652000] [id=16758]

VM state:not at safepoint (normal execution)

VM Mutex/Monitor currently owned by a thread: None

Heap:
 PSYoungGen      total 74752K, used 35253K [0x000000076cd80000, 0x0000000772080000, 0x00000007c0000000)
  eden space 64512K, 54% used [0x000000076cd80000,0x000000076efed768,0x0000000770c80000)
  from space 10240K, 0% used [0x0000000771680000,0x0000000771680000,0x0000000772080000)
  to   space 10240K, 0% used [0x0000000770c80000,0x0000000770c80000,0x0000000771680000)
 ParOldGen       total 171008K, used 0K [0x00000006c6800000, 0x00000006d0f00000, 0x000000076cd80000)
  object space 171008K, 0% used [0x00000006c6800000,0x00000006c6800000,0x00000006d0f00000)
 Metaspace       used 18058K, capacity 18300K, committed 18560K, reserved 1067008K
  class space    used 1835K, capacity 1905K, committed 1920K, reserved 1048576K

Card table byte_map: [0x00007f946c833000,0x00007f946d000000] byte_map_base: 0x00007f94691ff000

Marking Bits: (ParMarkBitMap*) 0x00007f94824ff540
 Begin Bits: [0x00007f942c340000, 0x00007f94301a0000)
 End Bits:   [0x00007f94301a0000, 0x00007f9434000000)

Polling page: 0x00007f9483322000

CodeCache: size=245760Kb used=3938Kb max_used=3938Kb free=241821Kb
 bounds [0x00007f946d000000, 0x00007f946d3e0000, 0x00007f947c000000]
 total_blobs=2050 nmethods=1080 adapters=884
 compilation: enabled

Compilation events (10 events):
Event: 2.420 Thread 0x00007f947c0c5000 1077       1       sun.java2d.xr.XRSurfaceData::getPicture (5 bytes)
Event: 2.420 Thread 0x00007f947c0c5000 nmethod 1077 0x00007f946d3d9490 code [0x00007f946d3d95e0, 0x00007f946d3d96f0]
Event: 2.420 Thread 0x00007f947c0c5000 1076       1       sun.font.FontDesignMetrics$MetricsKey::hashCode (5 bytes)
Event: 2.420 Thread 0x00007f947c0c5000 nmethod 1076 0x00007f946d3d9750 code [0x00007f946d3d98a0, 0x00007f946d3d99b0]
Event: 2.434 Thread 0x00007f947c0c5000 1078       3       com.jogamp.opengl.GLContext::appendString (25 bytes)
Event: 2.435 Thread 0x00007f947c0c5000 nmethod 1078 0x00007f946d3d9a10 code [0x00007f946d3d9ba0, 0x00007f946d3d9f98]
Event: 2.435 Thread 0x00007f947c0c5000 1079       3       java.util.regex.Matcher::groupCount (10 bytes)
Event: 2.435 Thread 0x00007f947c0c5000 nmethod 1079 0x00007f946d3da150 code [0x00007f946d3da2c0, 0x00007f946d3da430]
Event: 2.436 Thread 0x00007f947c0c5000 1080       1       com.jogamp.common.net.Uri$Encoded::get (5 bytes)
Event: 2.436 Thread 0x00007f947c0c5000 nmethod 1080 0x00007f946d3da4d0 code [0x00007f946d3da620, 0x00007f946d3da730]

GC Heap History (0 events):
No events

Deoptimization events (10 events):
Event: 0.612 Thread 0x00007f947c008000 Uncommon trap: reason=unstable_if action=reinterpret pc=0x00007f946d2bcc04 method=java.lang.reflect.Field.setFieldAccessor(Lsun/reflect/FieldAccessor;Z)V @ 1
Event: 0.638 Thread 0x00007f947c5c8000 Uncommon trap: reason=unstable_if action=reinterpret pc=0x00007f946d30c4cc method=java.awt.Component.isDisplayable()Z @ 4
Event: 0.638 Thread 0x00007f947c5c8000 Uncommon trap: reason=unstable_if action=reinterpret pc=0x00007f946d30f108 method=java.awt.Component.isDisplayable()Z @ 4
Event: 0.638 Thread 0x00007f947c5c8000 Uncommon trap: reason=unstable_if action=reinterpret pc=0x00007f946d31440c method=java.awt.Component.isDisplayable()Z @ 4
Event: 0.643 Thread 0x00007f947c5c8000 Uncommon trap: reason=unstable_if action=reinterpret pc=0x00007f946d338cf4 method=com.jogamp.opengl.awt.GLCanvas.validateGLDrawable()Z @ 22
Event: 0.646 Thread 0x00007f947c5c8000 Uncommon trap: reason=unstable_if action=reinterpret pc=0x00007f946d337ba8 method=com.jogamp.opengl.awt.GLCanvas.validateGLDrawable()Z @ 22
Event: 0.655 Thread 0x00007f947c5c8000 Uncommon trap: reason=unstable_if action=reinterpret pc=0x00007f946d318900 method=java.awt.Component.isDisplayable()Z @ 4
Event: 0.703 Thread 0x00007f947c5c8000 Uncommon trap: reason=unstable_if action=reinterpret pc=0x00007f946d341088 method=com.jogamp.opengl.awt.GLCanvas.validateGLDrawable()Z @ 43
Event: 0.704 Thread 0x00007f947c008000 Uncommon trap: reason=unstable_if action=reinterpret pc=0x00007f946d33cefc method=com.jogamp.opengl.awt.GLCanvas.validateGLDrawable()Z @ 43
Event: 0.704 Thread 0x00007f947c5c8000 Uncommon trap: reason=unstable_if action=reinterpret pc=0x00007f946d33f2c8 method=com.jogamp.opengl.awt.GLCanvas.validateGLDrawable()Z @ 33

Internal exceptions (10 events):
Event: 0.767 Thread 0x00007f947c2b0000 Exception <a 'java/lang/reflect/InvocationTargetException'> (0x000000076d5a6ab8) thrown at [/build/java8-openjdk/src/jdk8u-jdk8u92-b14/hotspot/src/share/vm/runtime/reflection.cpp, line 1092]
Event: 0.802 Thread 0x00007f947c2b0000 Exception <a 'java/lang/reflect/InvocationTargetException'> (0x000000076d5ac630) thrown at [/build/java8-openjdk/src/jdk8u-jdk8u92-b14/hotspot/src/share/vm/runtime/reflection.cpp, line 1092]
Event: 0.820 Thread 0x00007f947c2b0000 Exception <a 'java/lang/reflect/InvocationTargetException'> (0x000000076d5ad258) thrown at [/build/java8-openjdk/src/jdk8u-jdk8u92-b14/hotspot/src/share/vm/runtime/reflection.cpp, line 1092]
Event: 0.829 Thread 0x00007f947c2b0000 Exception <a 'java/lang/reflect/InvocationTargetException'> (0x000000076d5c83c0) thrown at [/build/java8-openjdk/src/jdk8u-jdk8u92-b14/hotspot/src/share/vm/runtime/reflection.cpp, line 1092]
Event: 0.831 Thread 0x00007f947c2b0000 Exception <a 'java/lang/reflect/InvocationTargetException'> (0x000000076d5c8a90) thrown at [/build/java8-openjdk/src/jdk8u-jdk8u92-b14/hotspot/src/share/vm/runtime/reflection.cpp, line 1092]
Event: 0.862 Thread 0x00007f947c2b0000 Exception <a 'java/lang/UnsupportedOperationException': > (0x000000076d5d5268) thrown at [/build/java8-openjdk/src/jdk8u-jdk8u92-b14/hotspot/src/share/vm/prims/jni.cpp, line 735]
Event: 0.863 Thread 0x00007f947c2b0000 Exception <a 'java/lang/reflect/InvocationTargetException'> (0x000000076d5d77d8) thrown at [/build/java8-openjdk/src/jdk8u-jdk8u92-b14/hotspot/src/share/vm/runtime/reflection.cpp, line 1092]
Event: 0.865 Thread 0x00007f947c2b0000 Exception <a 'java/lang/reflect/InvocationTargetException'> (0x000000076d5d7ea8) thrown at [/build/java8-openjdk/src/jdk8u-jdk8u92-b14/hotspot/src/share/vm/runtime/reflection.cpp, line 1092]
Event: 0.865 Thread 0x00007f947c2b0000 Exception <a 'java/lang/reflect/InvocationTargetException'> (0x000000076d5d85a0) thrown at [/build/java8-openjdk/src/jdk8u-jdk8u92-b14/hotspot/src/share/vm/runtime/reflection.cpp, line 1092]
Event: 0.881 Thread 0x00007f947c2b0000 Exception <a 'java/lang/reflect/InvocationTargetException'> (0x000000076d5db180) thrown at [/build/java8-openjdk/src/jdk8u-jdk8u92-b14/hotspot/src/share/vm/runtime/reflection.cpp, line 1092]

Events (10 events):
Event: 2.401 loading class com/jogamp/nativewindow/awt/JAWTWindow$JAWTComponentListener$2
Event: 2.401 loading class com/jogamp/nativewindow/awt/JAWTWindow$JAWTComponentListener$2 done
Event: 2.402 loading class java/awt/KeyboardFocusManager$2
Event: 2.402 loading class java/awt/KeyboardFocusManager$2 done
Event: 2.402 loading class sun/awt/SunToolkit$1
Event: 2.402 loading class sun/awt/SunToolkit$1 done
Event: 2.402 loading class java/awt/Component$FlipBufferStrategy
Event: 2.402 loading class java/awt/Component$FlipBufferStrategy done
Event: 2.402 loading class sun/awt/X11/XUnmapEvent
Event: 2.402 loading class sun/awt/X11/XUnmapEvent done


Dynamic libraries:
00400000-00401000 r-xp 00000000 08:03 5905458                            /usr/lib/jvm/java-8-openjdk/jre/bin/java
00600000-00601000 rw-p 00000000 08:03 5905458                            /usr/lib/jvm/java-8-openjdk/jre/bin/java
0199b000-019bc000 rw-p 00000000 00:00 0                                  [heap]
40057000-400f7000 rw-p 00000000 00:00 0 
40739000-4073b000 r-xs 00000000 00:23 291229                             /tmp/.gl9dwmL7 (deleted)
41d27000-41dc7000 rw-p 00000000 00:00 0 
6c6800000-6d0f00000 rw-p 00000000 00:00 0 
6d0f00000-76cd80000 ---p 00000000 00:00 0 
76cd80000-772080000 rw-p 00000000 00:00 0 
772080000-7c0000000 ---p 00000000 00:00 0 
7c0000000-7c01e0000 rw-p 00000000 00:00 0 
7c01e0000-800000000 ---p 00000000 00:00 0 
7f93e0000000-7f93e0021000 rw-p 00000000 00:00 0 
7f93e0021000-7f93e4000000 ---p 00000000 00:00 0 
7f93e8000000-7f93e855e000 rw-p 00000000 00:00 0 
7f93e855e000-7f93ec000000 ---p 00000000 00:00 0 
7f93ec000000-7f93ec4f2000 rw-p 00000000 00:00 0 
7f93ec4f2000-7f93f0000000 ---p 00000000 00:00 0 
7f93f0000000-7f93f063a000 rw-p 00000000 00:00 0 
7f93f063a000-7f93f4000000 ---p 00000000 00:00 0 
7f93f4000000-7f93f4021000 rw-p 00000000 00:00 0 
7f93f4021000-7f93f8000000 ---p 00000000 00:00 0 
7f93f8000000-7f93f8027000 rw-p 00000000 00:00 0 
7f93f8027000-7f93fc000000 ---p 00000000 00:00 0 
7f93fc000000-7f93fc021000 rw-p 00000000 00:00 0 
7f93fc021000-7f9400000000 ---p 00000000 00:00 0 
7f9400000000-7f9400021000 rw-p 00000000 00:00 0 
7f9400021000-7f9404000000 ---p 00000000 00:00 0 
7f9404000000-7f9404021000 rw-p 00000000 00:00 0 
7f9404021000-7f9408000000 ---p 00000000 00:00 0 
7f9408000000-7f9408021000 rw-p 00000000 00:00 0 
7f9408021000-7f940c000000 ---p 00000000 00:00 0 
7f940c000000-7f940c021000 rw-p 00000000 00:00 0 
7f940c021000-7f9410000000 ---p 00000000 00:00 0 
7f9410000000-7f9410070000 rw-p 00000000 00:00 0 
7f9410070000-7f9414000000 ---p 00000000 00:00 0 
7f9414000000-7f941427b000 rw-p 00000000 00:00 0 
7f941427b000-7f9418000000 ---p 00000000 00:00 0 
7f9418000000-7f941820b000 rw-p 00000000 00:00 0 
7f941820b000-7f941c000000 ---p 00000000 00:00 0 
7f941c000000-7f941c131000 rw-p 00000000 00:00 0 
7f941c131000-7f9420000000 ---p 00000000 00:00 0 
7f9420000000-7f9420021000 rw-p 00000000 00:00 0 
7f9420021000-7f9424000000 ---p 00000000 00:00 0 
7f9424000000-7f9424021000 rw-p 00000000 00:00 0 
7f9424021000-7f9428000000 ---p 00000000 00:00 0 
7f9428000000-7f9428021000 rw-p 00000000 00:00 0 
7f9428021000-7f942c000000 ---p 00000000 00:00 0 
7f942c340000-7f9434000000 rw-p 00000000 00:00 0 
7f9434000000-7f9434021000 rw-p 00000000 00:00 0 
7f9434021000-7f9438000000 ---p 00000000 00:00 0 
7f943c000000-7f943c021000 rw-p 00000000 00:00 0 
7f943c021000-7f9440000000 ---p 00000000 00:00 0 
7f9440000000-7f9440021000 rw-p 00000000 00:00 0 
7f9440021000-7f9444000000 ---p 00000000 00:00 0 
7f9444000000-7f9444021000 rw-p 00000000 00:00 0 
7f9444021000-7f9448000000 ---p 00000000 00:00 0 
7f94482c9000-7f9448309000 rw-p 00000000 00:00 0 
7f9448309000-7f94484c9000 ---p 00000000 00:00 0 
7f94484c9000-7f94486c9000 rw-s 3a85fb000 00:06 15720                     /dev/nvidiactl
7f94486c9000-7f94487c9000 rw-s 372e7d000 00:06 15720                     /dev/nvidiactl
7f94487c9000-7f94487dc000 rw-s 40378a000 00:06 15720                     /dev/nvidiactl
7f94487dc000-7f94487fc000 rw-s c0300000 00:06 16655                      /dev/nvidia0
7f94487fc000-7f944883c000 rw-s 3ed811000 00:06 15720                     /dev/nvidiactl
7f944883c000-7f944885c000 rw-s 3eb8db000 00:06 15720                     /dev/nvidiactl
7f944885c000-7f944889c000 rw-s 3ed06e000 00:06 15720                     /dev/nvidiactl
7f944889c000-7f94488bc000 rw-s 3eb8da000 00:06 15720                     /dev/nvidiactl
7f94488bc000-7f94488fc000 rw-s 3e5aef000 00:06 15720                     /dev/nvidiactl
7f94488fc000-7f9448900000 r-xp 00000000 08:03 5249369                    /usr/lib/libcap.so.2.25
7f9448900000-7f9448aff000 ---p 00004000 08:03 5249369                    /usr/lib/libcap.so.2.25
7f9448aff000-7f9448b00000 rw-p 00003000 08:03 5249369                    /usr/lib/libcap.so.2.25
7f9448b00000-7f9448b14000 r-xp 00000000 08:03 5246162                    /usr/lib/libresolv-2.23.so
7f9448b14000-7f9448d13000 ---p 00014000 08:03 5246162                    /usr/lib/libresolv-2.23.so
7f9448d13000-7f9448d14000 r--p 00013000 08:03 5246162                    /usr/lib/libresolv-2.23.so
7f9448d14000-7f9448d15000 rw-p 00014000 08:03 5246162                    /usr/lib/libresolv-2.23.so
7f9448d15000-7f9448d17000 rw-p 00000000 00:00 0 
7f9448d17000-7f9448d1c000 r-xp 00000000 08:03 5246154                    /usr/lib/libnss_dns-2.23.so
7f9448d1c000-7f9448f1b000 ---p 00005000 08:03 5246154                    /usr/lib/libnss_dns-2.23.so
7f9448f1b000-7f9448f1c000 r--p 00004000 08:03 5246154                    /usr/lib/libnss_dns-2.23.so
7f9448f1c000-7f9448f1d000 rw-p 00005000 08:03 5246154                    /usr/lib/libnss_dns-2.23.so
7f9448f4f000-7f944914f000 rw-p 00000000 00:00 0 
7f944914f000-7f9449152000 ---p 00000000 00:00 0 
7f9449152000-7f9449250000 rw-p 00000000 00:00 0 
7f9449250000-7f94492d0000 rw-s 3d713f000 00:06 15720                     /dev/nvidiactl
7f94492d0000-7f9449350000 rw-s 3f067f000 00:06 15720                     /dev/nvidiactl
7f9449350000-7f94493d0000 rw-s 3761ff000 00:06 15720                     /dev/nvidiactl
7f94493d0000-7f94494d0000 rw-s 3cab9a000 00:06 15720                     /dev/nvidiactl
7f94494d0000-7f94494e3000 rw-s 43890b000 00:06 15720                     /dev/nvidiactl
7f94494e3000-7f9449503000 rw-s c02c0000 00:06 16655                      /dev/nvidia0
7f9449503000-7f9449543000 rw-s 376053000 00:06 15720                     /dev/nvidiactl
7f9449543000-7f9449583000 rw-s 44727a000 00:06 15720                     /dev/nvidiactl
7f9449583000-7f94495c3000 rw-s 6ac16000 00:06 15720                      /dev/nvidiactl
7f94495c3000-7f94496c7000 rw-s 448ce6000 00:06 15720                     /dev/nvidiactl
7f94496c7000-7f944aa5c000 r-xp 00000000 08:03 5268236                    /usr/lib/libnvidia-glcore.so.367.27
7f944aa5c000-7f944aa7c000 rwxp 01395000 08:03 5268236                    /usr/lib/libnvidia-glcore.so.367.27
7f944aa7c000-7f944ae1c000 r-xp 013b5000 08:03 5268236                    /usr/lib/libnvidia-glcore.so.367.27
7f944ae1c000-7f944b01c000 ---p 01755000 08:03 5268236                    /usr/lib/libnvidia-glcore.so.367.27
7f944b01c000-7f944b3e4000 rw-p 01755000 08:03 5268236                    /usr/lib/libnvidia-glcore.so.367.27
7f944b3e4000-7f944b3fc000 rw-p 00000000 00:00 0 
7f944b3fc000-7f944b3ff000 r-xp 00000000 08:03 5773637                    /usr/lib/tls/libnvidia-tls.so.367.27
7f944b3ff000-7f944b5ff000 ---p 00003000 08:03 5773637                    /usr/lib/tls/libnvidia-tls.so.367.27
7f944b5ff000-7f944b600000 rw-p 00003000 08:03 5773637                    /usr/lib/tls/libnvidia-tls.so.367.27
7f944b600000-7f944b6c8000 r-xp 00000000 08:03 5268220                    /usr/lib/libGLX_nvidia.so.367.27
7f944b6c8000-7f944b6fc000 rwxp 000c8000 08:03 5268220                    /usr/lib/libGLX_nvidia.so.367.27
7f944b6fc000-7f944b70f000 r-xp 000fc000 08:03 5268220                    /usr/lib/libGLX_nvidia.so.367.27
7f944b70f000-7f944b90f000 ---p 0010f000 08:03 5268220                    /usr/lib/libGLX_nvidia.so.367.27
7f944b90f000-7f944b937000 rw-p 0010f000 08:03 5268220                    /usr/lib/libGLX_nvidia.so.367.27
7f944b937000-7f944b93e000 rw-p 00000000 00:00 0 
7f944b93e000-7f944b940000 r-xp 00000000 08:03 5269221                    /usr/lib/libXinerama.so.1.0.0
7f944b940000-7f944bb3f000 ---p 00002000 08:03 5269221                    /usr/lib/libXinerama.so.1.0.0
7f944bb3f000-7f944bb40000 r--p 00001000 08:03 5269221                    /usr/lib/libXinerama.so.1.0.0
7f944bb40000-7f944bb41000 rw-p 00002000 08:03 5269221                    /usr/lib/libXinerama.so.1.0.0
7f944bb41000-7f944bb4c000 r-xp 00000000 08:03 5268224                    /usr/lib/libGLESv1_CM_nvidia.so.367.27
7f944bb4c000-7f944bd4b000 ---p 0000b000 08:03 5268224                    /usr/lib/libGLESv1_CM_nvidia.so.367.27
7f944bd4b000-7f944bd4e000 rw-p 0000a000 08:03 5268224                    /usr/lib/libGLESv1_CM_nvidia.so.367.27
7f944bd60000-7f944bd80000 rw-s 3ed37e000 00:06 15720                     /dev/nvidiactl
7f944bd80000-7f944bdc0000 rw-s 00000000 08:03 3154162                    /home/twittumz/#3154162 (deleted)
7f944bdc0000-7f944be00000 r-xs 00000000 08:03 3154162                    /home/twittumz/#3154162 (deleted)
7f944be00000-7f944be80000 rw-s 3e960a000 00:06 15720                     /dev/nvidiactl
7f944be80000-7f944bf00000 rw-s 3e5ba2000 00:06 15720                     /dev/nvidiactl
7f944bf00000-7f944c000000 rw-s 40c711000 00:06 15720                     /dev/nvidiactl
7f944c000000-7f944c021000 rw-p 00000000 00:00 0 
7f944c021000-7f9450000000 ---p 00000000 00:00 0 
7f9450006000-7f9450026000 rw-s 3cab18000 00:06 15720                     /dev/nvidiactl
7f9450026000-7f94500a6000 rw-s 3daf78000 00:06 15720                     /dev/nvidiactl
7f94500a6000-7f94500b9000 rw-s 3cb7ba000 00:06 15720                     /dev/nvidiactl
7f94500b9000-7f94500d9000 rw-s c0280000 00:06 16655                      /dev/nvidia0
7f94500d9000-7f9450119000 rw-s 43d272000 00:06 15720                     /dev/nvidiactl
7f9450119000-7f9450139000 rw-s 43d020000 00:06 15720                     /dev/nvidiactl
7f9450139000-7f9450179000 rw-s 3f0889000 00:06 15720                     /dev/nvidiactl
7f9450179000-7f94501b9000 rw-s 3e961a000 00:06 15720                     /dev/nvidiactl
7f94501b9000-7f9451785000 r-xp 00000000 08:03 5268233                    /usr/lib/libnvidia-eglcore.so.367.27
7f9451785000-7f9451985000 ---p 015cc000 08:03 5268233                    /usr/lib/libnvidia-eglcore.so.367.27
7f9451985000-7f9451d1d000 rw-p 015cc000 08:03 5268233                    /usr/lib/libnvidia-eglcore.so.367.27
7f9451d1d000-7f9451d31000 rw-p 00000000 00:00 0 
7f9451d31000-7f9451d40000 r-xp 00000000 08:03 5268258                    /usr/lib/libGLESv2_nvidia.so.367.27
7f9451d40000-7f9451f40000 ---p 0000f000 08:03 5268258                    /usr/lib/libGLESv2_nvidia.so.367.27
7f9451f40000-7f9451f44000 rw-p 0000f000 08:03 5268258                    /usr/lib/libGLESv2_nvidia.so.367.27
7f9451f44000-7f9452048000 rw-s 448ce6000 00:06 15720                     /dev/nvidiactl
7f9452048000-7f9452056000 r-xp 00000000 08:03 5264554                    /usr/lib/libdrm.so.2.4.0
7f9452056000-7f9452255000 ---p 0000e000 08:03 5264554                    /usr/lib/libdrm.so.2.4.0
7f9452255000-7f9452256000 r--p 0000d000 08:03 5264554                    /usr/lib/libdrm.so.2.4.0
7f9452256000-7f9452257000 rw-p 0000e000 08:03 5264554                    /usr/lib/libdrm.so.2.4.0
7f9452257000-7f945225a000 ---p 00000000 00:00 0 
7f945225a000-7f9452358000 rw-p 00000000 00:00 0 
7f9452358000-7f94523b4000 r-xp 00000000 00:23 296182                     /tmp/jogamp_0000/file_cache/jln2961552959719599193/jln6586329848220629421/natives/linux-amd64/libjogl_mobile.so
7f94523b4000-7f94525b4000 ---p 0005c000 00:23 296182                     /tmp/jogamp_0000/file_cache/jln2961552959719599193/jln6586329848220629421/natives/linux-amd64/libjogl_mobile.so
7f94525b4000-7f94525b5000 rw-p 0005c000 00:23 296182                     /tmp/jogamp_0000/file_cache/jln2961552959719599193/jln6586329848220629421/natives/linux-amd64/libjogl_mobile.so
7f94525b5000-7f9452627000 r-xp 00000000 08:03 5268234                    /usr/lib/libnvidia-glsi.so.367.27
7f9452627000-7f9452826000 ---p 00072000 08:03 5268234                    /usr/lib/libnvidia-glsi.so.367.27
7f9452826000-7f945282f000 rw-p 00071000 08:03 5268234                    /usr/lib/libnvidia-glsi.so.367.27
7f945282f000-7f945283e000 rw-p 00000000 00:00 0 
7f945283e000-7f9452909000 r-xp 00000000 08:03 5268259                    /usr/lib/libEGL_nvidia.so.367.27
7f9452909000-7f9452b08000 ---p 000cb000 08:03 5268259                    /usr/lib/libEGL_nvidia.so.367.27
7f9452b08000-7f9452b33000 rw-p 000ca000 08:03 5268259                    /usr/lib/libEGL_nvidia.so.367.27
7f9452b33000-7f9452b47000 rw-p 00000000 00:00 0 
7f9452b47000-7f9452b4b000 r-xp 00000000 08:03 5773639                    /usr/lib/nvidia/libEGL.so.1
7f9452b4b000-7f9452d4a000 ---p 00004000 08:03 5773639                    /usr/lib/nvidia/libEGL.so.1
7f9452d4a000-7f9452d4b000 rw-p 00003000 08:03 5773639                    /usr/lib/nvidia/libEGL.so.1
7f9452d4b000-7f9452d50000 r-xp 00000000 08:03 5773617                    /usr/lib/nvidia/libGLESv2.so.2.0.0
7f9452d50000-7f9452d52000 r-xp 00005000 08:03 5773617                    /usr/lib/nvidia/libGLESv2.so.2.0.0
7f9452d52000-7f9452d56000 r-xp 00007000 08:03 5773617                    /usr/lib/nvidia/libGLESv2.so.2.0.0
7f9452d56000-7f9452f55000 ---p 0000b000 08:03 5773617                    /usr/lib/nvidia/libGLESv2.so.2.0.0
7f9452f55000-7f9452f56000 r--p 0000a000 08:03 5773617                    /usr/lib/nvidia/libGLESv2.so.2.0.0
7f9452f56000-7f9452f57000 rw-p 0000b000 08:03 5773617                    /usr/lib/nvidia/libGLESv2.so.2.0.0
7f9452f69000-7f9452f89000 rw-s 4372e9000 00:06 15720                     /dev/nvidiactl
7f9452f89000-7f9453041000 r-xp 00000000 00:23 296181                     /tmp/jogamp_0000/file_cache/jln2961552959719599193/jln6586329848220629421/natives/linux-amd64/libjogl_desktop.so
7f9453041000-7f9453241000 ---p 000b8000 00:23 296181                     /tmp/jogamp_0000/file_cache/jln2961552959719599193/jln6586329848220629421/natives/linux-amd64/libjogl_desktop.so
7f9453241000-7f9453242000 rw-p 000b8000 00:23 296181                     /tmp/jogamp_0000/file_cache/jln2961552959719599193/jln6586329848220629421/natives/linux-amd64/libjogl_desktop.so
7f9453242000-7f9453295000 r-xp 00000000 08:03 5268203                    /usr/lib/libGLdispatch.so.0.0.0
7f9453295000-7f94532ae000 r-xp 00053000 08:03 5268203                    /usr/lib/libGLdispatch.so.0.0.0
7f94532ae000-7f94532e9000 r-xp 0006c000 08:03 5268203                    /usr/lib/libGLdispatch.so.0.0.0
7f94532e9000-7f94534e8000 ---p 000a7000 08:03 5268203                    /usr/lib/libGLdispatch.so.0.0.0
7f94534e8000-7f94534f7000 r--p 000a6000 08:03 5268203                    /usr/lib/libGLdispatch.so.0.0.0
7f94534f7000-7f94534f8000 rw-p 000b5000 08:03 5268203                    /usr/lib/libGLdispatch.so.0.0.0
7f94534f8000-7f9453518000 rw-p 00000000 00:00 0 
7f9453518000-7f9453528000 r-xp 00000000 08:03 5268199                    /usr/lib/libGLX.so.0.0.0
7f9453528000-7f9453728000 ---p 00010000 08:03 5268199                    /usr/lib/libGLX.so.0.0.0
7f9453728000-7f9453729000 r--p 00010000 08:03 5268199                    /usr/lib/libGLX.so.0.0.0
7f9453729000-7f945372a000 rw-p 00011000 08:03 5268199                    /usr/lib/libGLX.so.0.0.0
7f945372a000-7f945374a000 rw-p 00000000 00:00 0 
7f945374a000-7f945377a000 r-xp 00000000 08:03 5773620                    /usr/lib/nvidia/libGL.so.1.0.0
7f945377a000-7f9453793000 r-xp 00030000 08:03 5773620                    /usr/lib/nvidia/libGL.so.1.0.0
7f9453793000-7f94537be000 r-xp 00049000 08:03 5773620                    /usr/lib/nvidia/libGL.so.1.0.0
7f94537be000-7f94539be000 ---p 00074000 08:03 5773620                    /usr/lib/nvidia/libGL.so.1.0.0
7f94539be000-7f94539bf000 r--p 00074000 08:03 5773620                    /usr/lib/nvidia/libGL.so.1.0.0
7f94539bf000-7f94539c0000 rw-p 00075000 08:03 5773620                    /usr/lib/nvidia/libGL.so.1.0.0
7f94539c0000-7f94539c1000 rw-p 00000000 00:00 0 
7f94539c9000-7f94539cd000 rw-s 00000000 00:05 23625758                   /SYSV00000000 (deleted)
7f94539cd000-7f94539ce000 rw-s 459a90000 00:06 15720                     /dev/nvidiactl
7f94539ce000-7f94539cf000 rw-s cfd69000 00:06 16655                      /dev/nvidia0
7f94539cf000-7f94539df000 r-xp 00000000 08:03 5253231                    /usr/lib/libnss_myhostname.so.2
7f94539df000-7f94539e0000 ---p 00010000 08:03 5253231                    /usr/lib/libnss_myhostname.so.2
7f94539e0000-7f94539e2000 r--p 00010000 08:03 5253231                    /usr/lib/libnss_myhostname.so.2
7f94539e2000-7f94539e3000 rw-p 00012000 08:03 5253231                    /usr/lib/libnss_myhostname.so.2
7f94539e3000-7f94539f3000 rw-s 00000000 08:03 3154161                    /home/twittumz/#3154161 (deleted)
7f94539f3000-7f9453bf3000 rw-p 00000000 00:00 0 
7f9453bf3000-7f9453bfa000 r-xp 00000000 00:23 296184                     /tmp/jogamp_0000/file_cache/jln2961552959719599193/jln6586329848220629421/natives/linux-amd64/libnativewindow_x11.so
7f9453bfa000-7f9453df9000 ---p 00007000 00:23 296184                     /tmp/jogamp_0000/file_cache/jln2961552959719599193/jln6586329848220629421/natives/linux-amd64/libnativewindow_x11.so
7f9453df9000-7f9453dfa000 rw-p 00006000 00:23 296184                     /tmp/jogamp_0000/file_cache/jln2961552959719599193/jln6586329848220629421/natives/linux-amd64/libnativewindow_x11.so
7f9453dfa000-7f9453dff000 r-xp 00000000 08:03 5268760                    /usr/lib/libXxf86vm.so.1.0.0
7f9453dff000-7f9453ffe000 ---p 00005000 08:03 5268760                    /usr/lib/libXxf86vm.so.1.0.0
7f9453ffe000-7f9453fff000 r--p 00004000 08:03 5268760                    /usr/lib/libXxf86vm.so.1.0.0
7f9453fff000-7f9454000000 rw-p 00005000 08:03 5268760                    /usr/lib/libXxf86vm.so.1.0.0
7f9454000000-7f9454021000 rw-p 00000000 00:00 0 
7f9454021000-7f9458000000 ---p 00000000 00:00 0 
7f9458000000-7f9458001000 rw-s cfd67000 00:06 16655                      /dev/nvidia0
7f9458001000-7f9458003000 rw-s 00000000 00:23 291229                     /tmp/.gl9dwmL7 (deleted)
7f9458003000-7f9458203000 rw-p 00000000 00:00 0 
7f9458203000-7f9458205000 r-xp 00000000 00:23 296183                     /tmp/jogamp_0000/file_cache/jln2961552959719599193/jln6586329848220629421/natives/linux-amd64/libnativewindow_awt.so
7f9458205000-7f9458404000 ---p 00002000 00:23 296183                     /tmp/jogamp_0000/file_cache/jln2961552959719599193/jln6586329848220629421/natives/linux-amd64/libnativewindow_awt.so
7f9458404000-7f9458405000 rw-p 00001000 00:23 296183                     /tmp/jogamp_0000/file_cache/jln2961552959719599193/jln6586329848220629421/natives/linux-amd64/libnativewindow_awt.so
7f9458405000-7f9458406000 r-xp 00000000 08:03 5905448                    /usr/lib/jvm/java-8-openjdk/jre/lib/amd64/libjawt.so
7f9458406000-7f9458605000 ---p 00001000 08:03 5905448                    /usr/lib/jvm/java-8-openjdk/jre/lib/amd64/libjawt.so
7f9458605000-7f9458606000 rw-p 00000000 08:03 5905448                    /usr/lib/jvm/java-8-openjdk/jre/lib/amd64/libjawt.so
7f9458606000-7f9458608000 r-xp 00000000 00:23 296180                     /tmp/jogamp_0000/file_cache/jln2961552959719599193/jln6586329848220629421/natives/linux-amd64/libgluegen-rt.so
7f9458608000-7f9458807000 ---p 00002000 00:23 296180                     /tmp/jogamp_0000/file_cache/jln2961552959719599193/jln6586329848220629421/natives/linux-amd64/libgluegen-rt.so
7f9458807000-7f9458808000 rw-p 00001000 00:23 296180                     /tmp/jogamp_0000/file_cache/jln2961552959719599193/jln6586329848220629421/natives/linux-amd64/libgluegen-rt.so
7f9458808000-7f945880b000 ---p 00000000 00:00 0 
7f945880b000-7f9458909000 rw-p 00000000 00:00 0 
7f9458909000-7f945891a000 r-xp 00000000 08:03 5905443                    /usr/lib/jvm/java-8-openjdk/jre/lib/amd64/libnio.so
7f945891a000-7f9458b19000 ---p 00011000 08:03 5905443                    /usr/lib/jvm/java-8-openjdk/jre/lib/amd64/libnio.so
7f9458b19000-7f9458b1a000 rw-p 00010000 08:03 5905443                    /usr/lib/jvm/java-8-openjdk/jre/lib/amd64/libnio.so
7f9458b1a000-7f9458b30000 r-xp 00000000 08:03 5905432                    /usr/lib/jvm/java-8-openjdk/jre/lib/amd64/libnet.so
7f9458b30000-7f9458d30000 ---p 00016000 08:03 5905432                    /usr/lib/jvm/java-8-openjdk/jre/lib/amd64/libnet.so
7f9458d30000-7f9458d31000 rw-p 00016000 08:03 5905432                    /usr/lib/jvm/java-8-openjdk/jre/lib/amd64/libnet.so
7f9458d31000-7f9458d34000 ---p 00000000 00:00 0 
7f9458d34000-7f9458f6a000 rw-p 00000000 00:00 0 
7f9458f6a000-7f9458f6d000 ---p 00000000 00:00 0 
7f9458f6d000-7f945906b000 rw-p 00000000 00:00 0 
7f945906b000-7f945906e000 ---p 00000000 00:00 0 
7f945906e000-7f945916c000 rw-p 00000000 00:00 0 
7f945916c000-7f945916f000 ---p 00000000 00:00 0 
7f945916f000-7f945926d000 rw-p 00000000 00:00 0 
7f945926d000-7f9459270000 ---p 00000000 00:00 0 
7f9459270000-7f945936e000 rw-p 00000000 00:00 0 
7f945936e000-7f9459373000 r-xp 00000000 08:03 5268766                    /usr/lib/libXfixes.so.3.1.0
7f9459373000-7f9459572000 ---p 00005000 08:03 5268766                    /usr/lib/libXfixes.so.3.1.0
7f9459572000-7f9459573000 r--p 00004000 08:03 5268766                    /usr/lib/libXfixes.so.3.1.0
7f9459573000-7f9459574000 rw-p 00005000 08:03 5268766                    /usr/lib/libXfixes.so.3.1.0
7f9459574000-7f945957e000 r-xp 00000000 08:03 5269218                    /usr/lib/libXcursor.so.1.0.2
7f945957e000-7f945977d000 ---p 0000a000 08:03 5269218                    /usr/lib/libXcursor.so.1.0.2
7f945977d000-7f945977e000 r--p 00009000 08:03 5269218                    /usr/lib/libXcursor.so.1.0.2
7f945977e000-7f945977f000 rw-p 0000a000 08:03 5269218                    /usr/lib/libXcursor.so.1.0.2
7f945977f000-7f9459782000 ---p 00000000 00:00 0 
7f9459782000-7f9459880000 rw-p 00000000 00:00 0 
7f9459880000-7f94598f2000 r-xp 00000000 08:03 5254181                    /usr/lib/libpcre.so.1.2.7
7f94598f2000-7f9459af1000 ---p 00072000 08:03 5254181                    /usr/lib/libpcre.so.1.2.7
7f9459af1000-7f9459af2000 r--p 00071000 08:03 5254181                    /usr/lib/libpcre.so.1.2.7
7f9459af2000-7f9459af3000 rw-p 00072000 08:03 5254181                    /usr/lib/libpcre.so.1.2.7
7f9459af3000-7f9459b1d000 r-xp 00000000 08:03 5264449                    /usr/lib/libgraphite2.so.3.0.1
7f9459b1d000-7f9459d1c000 ---p 0002a000 08:03 5264449                    /usr/lib/libgraphite2.so.3.0.1
7f9459d1c000-7f9459d1e000 r--p 00029000 08:03 5264449                    /usr/lib/libgraphite2.so.3.0.1
7f9459d1e000-7f9459d1f000 rw-p 0002b000 08:03 5264449                    /usr/lib/libgraphite2.so.3.0.1
7f9459d1f000-7f9459e2c000 r-xp 00000000 08:03 5256081                    /usr/lib/libglib-2.0.so.0.4800.1
7f9459e2c000-7f945a02b000 ---p 0010d000 08:03 5256081                    /usr/lib/libglib-2.0.so.0.4800.1
7f945a02b000-7f945a02c000 r--p 0010c000 08:03 5256081                    /usr/lib/libglib-2.0.so.0.4800.1
7f945a02c000-7f945a02d000 rw-p 0010d000 08:03 5256081                    /usr/lib/libglib-2.0.so.0.4800.1
7f945a02d000-7f945a02e000 rw-p 00000000 00:00 0 
7f945a02e000-7f945a0a8000 r-xp 00000000 08:03 5264460                    /usr/lib/libharfbuzz.so.0.10200.7
7f945a0a8000-7f945a2a8000 ---p 0007a000 08:03 5264460                    /usr/lib/libharfbuzz.so.0.10200.7
7f945a2a8000-7f945a2a9000 r--p 0007a000 08:03 5264460                    /usr/lib/libharfbuzz.so.0.10200.7
7f945a2a9000-7f945a2aa000 rw-p 0007b000 08:03 5264460                    /usr/lib/libharfbuzz.so.0.10200.7
7f945a2aa000-7f945a2de000 r-xp 00000000 08:03 5264433                    /usr/lib/libpng16.so.16.23.0
7f945a2de000-7f945a4de000 ---p 00034000 08:03 5264433                    /usr/lib/libpng16.so.16.23.0
7f945a4de000-7f945a4df000 r--p 00034000 08:03 5264433                    /usr/lib/libpng16.so.16.23.0
7f945a4df000-7f945a4e0000 rw-p 00035000 08:03 5264433                    /usr/lib/libpng16.so.16.23.0
7f945a4e0000-7f945a4ef000 r-xp 00000000 08:03 5249251                    /usr/lib/libbz2.so.1.0.6
7f945a4ef000-7f945a6ee000 ---p 0000f000 08:03 5249251                    /usr/lib/libbz2.so.1.0.6
7f945a6ee000-7f945a6f0000 rw-p 0000e000 08:03 5249251                    /usr/lib/libbz2.so.1.0.6
7f945a6f0000-7f945a706000 r-xp 00000000 08:03 5246433                    /usr/lib/libgcc_s.so.1
7f945a706000-7f945a905000 ---p 00016000 08:03 5246433                    /usr/lib/libgcc_s.so.1
7f945a905000-7f945a906000 rw-p 00015000 08:03 5246433                    /usr/lib/libgcc_s.so.1
7f945a906000-7f945a9bc000 r-xp 00000000 08:03 5264483                    /usr/lib/libfreetype.so.6.12.5
7f945a9bc000-7f945abbb000 ---p 000b6000 08:03 5264483                    /usr/lib/libfreetype.so.6.12.5
7f945abbb000-7f945abc1000 r--p 000b5000 08:03 5264483                    /usr/lib/libfreetype.so.6.12.5
7f945abc1000-7f945abc2000 rw-p 000bb000 08:03 5264483                    /usr/lib/libfreetype.so.6.12.5
7f945abc2000-7f945ac23000 r-xp 00000000 08:03 5905449                    /usr/lib/jvm/java-8-openjdk/jre/lib/amd64/libfontmanager.so
7f945ac23000-7f945ae23000 ---p 00061000 08:03 5905449                    /usr/lib/jvm/java-8-openjdk/jre/lib/amd64/libfontmanager.so
7f945ae23000-7f945ae27000 rw-p 00061000 08:03 5905449                    /usr/lib/jvm/java-8-openjdk/jre/lib/amd64/libfontmanager.so
7f945ae27000-7f945ae2c000 r-xp 00000000 08:03 5264426                    /usr/lib/libXdmcp.so.6.0.0
7f945ae2c000-7f945b02b000 ---p 00005000 08:03 5264426                    /usr/lib/libXdmcp.so.6.0.0
7f945b02b000-7f945b02c000 r--p 00004000 08:03 5264426                    /usr/lib/libXdmcp.so.6.0.0
7f945b02c000-7f945b02d000 rw-p 00005000 08:03 5264426                    /usr/lib/libXdmcp.so.6.0.0
7f945b02d000-7f945b02f000 r-xp 00000000 08:03 5264569                    /usr/lib/libXau.so.6.0.0
7f945b02f000-7f945b22f000 ---p 00002000 08:03 5264569                    /usr/lib/libXau.so.6.0.0
7f945b22f000-7f945b230000 r--p 00002000 08:03 5264569                    /usr/lib/libXau.so.6.0.0
7f945b230000-7f945b231000 rw-p 00003000 08:03 5264569                    /usr/lib/libXau.so.6.0.0
7f945b231000-7f945b259000 r-xp 00000000 08:03 5264668                    /usr/lib/libxcb.so.1.1.0
7f945b259000-7f945b458000 ---p 00028000 08:03 5264668                    /usr/lib/libxcb.so.1.1.0
7f945b458000-7f945b459000 r--p 00027000 08:03 5264668                    /usr/lib/libxcb.so.1.1.0
7f945b459000-7f945b45a000 rw-p 00028000 08:03 5264668                    /usr/lib/libxcb.so.1.1.0
7f945b45a000-7f945b469000 r-xp 00000000 08:03 5269325                    /usr/lib/libXi.so.6.1.0
7f945b469000-7f945b668000 ---p 0000f000 08:03 5269325                    /usr/lib/libXi.so.6.1.0
7f945b668000-7f945b669000 r--p 0000e000 08:03 5269325                    /usr/lib/libXi.so.6.1.0
7f945b669000-7f945b66a000 rw-p 0000f000 08:03 5269325                    /usr/lib/libXi.so.6.1.0
7f945b66a000-7f945b66f000 r-xp 00000000 08:03 5269506                    /usr/lib/libXtst.so.6.1.0
7f945b66f000-7f945b86e000 ---p 00005000 08:03 5269506                    /usr/lib/libXtst.so.6.1.0
7f945b86e000-7f945b86f000 r--p 00004000 08:03 5269506                    /usr/lib/libXtst.so.6.1.0
7f945b86f000-7f945b870000 rw-p 00005000 08:03 5269506                    /usr/lib/libXtst.so.6.1.0
7f945b870000-7f945b879000 r-xp 00000000 08:03 5268501                    /usr/lib/libXrender.so.1.3.0
7f945b879000-7f945ba78000 ---p 00009000 08:03 5268501                    /usr/lib/libXrender.so.1.3.0
7f945ba78000-7f945ba79000 r--p 00008000 08:03 5268501                    /usr/lib/libXrender.so.1.3.0
7f945ba79000-7f945ba7a000 rw-p 00009000 08:03 5268501                    /usr/lib/libXrender.so.1.3.0
7f945ba7a000-7f945bbb5000 r-xp 00000000 08:03 5266962                    /usr/lib/libX11.so.6.3.0
7f945bbb5000-7f945bdb4000 ---p 0013b000 08:03 5266962                    /usr/lib/libX11.so.6.3.0
7f945bdb4000-7f945bdb6000 r--p 0013a000 08:03 5266962                    /usr/lib/libX11.so.6.3.0
7f945bdb6000-7f945bdbb000 rw-p 0013c000 08:03 5266962                    /usr/lib/libX11.so.6.3.0
7f945bdbb000-7f945bdbc000 rw-p 00000000 00:00 0 
7f945bdbc000-7f945bdcd000 r-xp 00000000 08:03 5268193                    /usr/lib/libXext.so.6.4.0
7f945bdcd000-7f945bfcc000 ---p 00011000 08:03 5268193                    /usr/lib/libXext.so.6.4.0
7f945bfcc000-7f945bfcd000 r--p 00010000 08:03 5268193                    /usr/lib/libXext.so.6.4.0
7f945bfcd000-7f945bfce000 rw-p 00011000 08:03 5268193                    /usr/lib/libXext.so.6.4.0
7f945bfce000-7f945bfcf000 rw-s cfd67000 00:06 16655                      /dev/nvidia0
7f945bfcf000-7f945c000000 rw-p 00000000 00:00 0 
7f945c000000-7f945c021000 rw-p 00000000 00:00 0 
7f945c021000-7f9460000000 ---p 00000000 00:00 0 
7f9460000000-7f9460021000 rw-p 00000000 00:00 0 
7f9460021000-7f9464000000 ---p 00000000 00:00 0 
7f9464000000-7f9464021000 rw-p 00000000 00:00 0 
7f9464021000-7f9468000000 ---p 00000000 00:00 0 
7f9468000000-7f9468001000 rw-s 3ebb40000 00:06 15720                     /dev/nvidiactl
7f9468001000-7f9468002000 rw-s 43890a000 00:06 15720                     /dev/nvidiactl
7f9468002000-7f9468006000 rw-s 3e9617000 00:06 15720                     /dev/nvidiactl
7f9468006000-7f9468007000 rw-s cfd67000 00:06 16655                      /dev/nvidia0
7f9468007000-7f9468008000 rw-s cfd67000 00:06 16655                      /dev/nvidia0
7f9468008000-7f946805b000 r-xp 00000000 08:03 5905447                    /usr/lib/jvm/java-8-openjdk/jre/lib/amd64/libawt_xawt.so
7f946805b000-7f946825b000 ---p 00053000 08:03 5905447                    /usr/lib/jvm/java-8-openjdk/jre/lib/amd64/libawt_xawt.so
7f946825b000-7f946825e000 rw-p 00053000 08:03 5905447                    /usr/lib/jvm/java-8-openjdk/jre/lib/amd64/libawt_xawt.so
7f946825e000-7f946825f000 rw-p 00000000 00:00 0 
7f946825f000-7f94682fd000 r-xp 00000000 08:03 5905442                    /usr/lib/jvm/java-8-openjdk/jre/lib/amd64/libawt.so
7f94682fd000-7f94684fd000 ---p 0009e000 08:03 5905442                    /usr/lib/jvm/java-8-openjdk/jre/lib/amd64/libawt.so
7f94684fd000-7f9468509000 rw-p 0009e000 08:03 5905442                    /usr/lib/jvm/java-8-openjdk/jre/lib/amd64/libawt.so
7f9468509000-7f946852d000 rw-p 00000000 00:00 0 
7f946852d000-7f9468551000 r--s 0031e000 08:03 3279997                    /home/twittumz/Desktop/git/2DMapEditor/libs/jogl/jar/jogl-all.jar
7f9468551000-7f9468552000 ---p 00000000 00:00 0 
7f9468552000-7f9468652000 rw-p 00000000 00:00 0 
7f9468652000-7f9468655000 ---p 00000000 00:00 0 
7f9468655000-7f9468753000 rw-p 00000000 00:00 0 
7f9468753000-7f9468756000 ---p 00000000 00:00 0 
7f9468756000-7f9468854000 rw-p 00000000 00:00 0 
7f9468854000-7f9468857000 ---p 00000000 00:00 0 
7f9468857000-7f9468955000 rw-p 00000000 00:00 0 
7f9468955000-7f9468958000 ---p 00000000 00:00 0 
7f9468958000-7f9468a56000 rw-p 00000000 00:00 0 
7f9468a56000-7f9468a59000 ---p 00000000 00:00 0 
7f9468a59000-7f9468b57000 rw-p 00000000 00:00 0 
7f9468b57000-7f9468b5a000 ---p 00000000 00:00 0 
7f9468b5a000-7f9468c58000 rw-p 00000000 00:00 0 
7f9468c58000-7f9468df0000 r--p 00000000 08:03 5281274                    /usr/lib/locale/locale-archive
7f9468df0000-7f9468df3000 ---p 00000000 00:00 0 
7f9468df3000-7f9468ef1000 rw-p 00000000 00:00 0 
7f9468ef1000-7f9468ef4000 ---p 00000000 00:00 0 
7f9468ef4000-7f9468ff2000 rw-p 00000000 00:00 0 
7f9468ff2000-7f9468ff3000 ---p 00000000 00:00 0 
7f9468ff3000-7f946ad63000 rw-p 00000000 00:00 0 
7f946ad63000-7f946af30000 r--s 03bec000 08:03 5905403                    /usr/lib/jvm/java-8-openjdk/jre/lib/rt.jar
7f946af30000-7f946befc000 rw-p 00000000 00:00 0 
7f946befc000-7f946befd000 ---p 00000000 00:00 0 
7f946befd000-7f946bffd000 rw-p 00000000 00:00 0 
7f946bffd000-7f946bffe000 ---p 00000000 00:00 0 
7f946bffe000-7f946c0fe000 rw-p 00000000 00:00 0 
7f946c0fe000-7f946c0ff000 ---p 00000000 00:00 0 
7f946c0ff000-7f946c1ff000 rw-p 00000000 00:00 0 
7f946c1ff000-7f946c200000 ---p 00000000 00:00 0 
7f946c200000-7f946c354000 rw-p 00000000 00:00 0 
7f946c354000-7f946c833000 ---p 00000000 00:00 0 
7f946c833000-7f946c887000 rw-p 00000000 00:00 0 
7f946c887000-7f946cd65000 ---p 00000000 00:00 0 
7f946cd65000-7f946cd90000 rw-p 00000000 00:00 0 
7f946cd90000-7f946cfff000 ---p 00000000 00:00 0 
7f946cfff000-7f946d000000 rw-p 00000000 00:00 0 
7f946d000000-7f946d3e0000 rwxp 00000000 00:00 0 
7f946d3e0000-7f947c000000 ---p 00000000 00:00 0 
7f947c000000-7f947ca6a000 rw-p 00000000 00:00 0 
7f947ca6a000-7f9480000000 ---p 00000000 00:00 0 
7f9480000000-7f9480001000 rw-s cfd67000 00:06 16655                      /dev/nvidia0
7f9480001000-7f9480002000 rw-s 800c8000 00:06 15720                      /dev/nvidiactl
7f9480002000-7f9480003000 rw-s de060000 00:06 16655                      /dev/nvidia0
7f9480003000-7f9480004000 rw-s 3c94fd000 00:06 15720                     /dev/nvidiactl
7f9480004000-7f9480008000 rw-s 3dae16000 00:06 15720                     /dev/nvidiactl
7f9480008000-7f9480009000 rw-s cfd67000 00:06 16655                      /dev/nvidia0
7f9480009000-7f948000a000 rw-s cfd67000 00:06 16655                      /dev/nvidia0
7f948000a000-7f948000b000 rw-s cfd67000 00:06 16655                      /dev/nvidia0
7f948000b000-7f948000c000 rw-s 43d27f000 00:06 15720                     /dev/nvidiactl
7f948000c000-7f948001c000 r-xs 00000000 08:03 3154161                    /home/twittumz/#3154161 (deleted)
7f948001c000-7f948001e000 r--s 00000000 08:03 3279886                    /home/twittumz/Desktop/git/2DMapEditor/libs/jogl/jar/gluegen-rt-natives-linux-amd64.jar
7f948001e000-7f94800b5000 rw-p 00000000 00:00 0 
7f94800b5000-7f94800b6000 ---p 00000000 00:00 0 
7f94800b6000-7f94801b6000 rw-p 00000000 00:00 0 
7f94801b6000-7f94801b7000 ---p 00000000 00:00 0 
7f94801b7000-7f94802b7000 rw-p 00000000 00:00 0 
7f94802b7000-7f94802b8000 ---p 00000000 00:00 0 
7f94802b8000-7f94803b8000 rw-p 00000000 00:00 0 
7f94803b8000-7f94803b9000 ---p 00000000 00:00 0 
7f94803b9000-7f94804c9000 rw-p 00000000 00:00 0 
7f94804c9000-7f9480879000 ---p 00000000 00:00 0 
7f9480879000-7f9480881000 r-xp 00000000 08:03 5905430                    /usr/lib/jvm/java-8-openjdk/jre/lib/amd64/libzip.so
7f9480881000-7f9480a80000 ---p 00008000 08:03 5905430                    /usr/lib/jvm/java-8-openjdk/jre/lib/amd64/libzip.so
7f9480a80000-7f9480a81000 rw-p 00007000 08:03 5905430                    /usr/lib/jvm/java-8-openjdk/jre/lib/amd64/libzip.so
7f9480a81000-7f9480a8c000 r-xp 00000000 08:03 5246155                    /usr/lib/libnss_files-2.23.so
7f9480a8c000-7f9480c8b000 ---p 0000b000 08:03 5246155                    /usr/lib/libnss_files-2.23.so
7f9480c8b000-7f9480c8c000 r--p 0000a000 08:03 5246155                    /usr/lib/libnss_files-2.23.so
7f9480c8c000-7f9480c8d000 rw-p 0000b000 08:03 5246155                    /usr/lib/libnss_files-2.23.so
7f9480c8d000-7f9480c93000 rw-p 00000000 00:00 0 
7f9480c93000-7f9480cbf000 r-xp 00000000 08:03 5905429                    /usr/lib/jvm/java-8-openjdk/jre/lib/amd64/libjava.so
7f9480cbf000-7f9480ebf000 ---p 0002c000 08:03 5905429                    /usr/lib/jvm/java-8-openjdk/jre/lib/amd64/libjava.so
7f9480ebf000-7f9480ec1000 rw-p 0002c000 08:03 5905429                    /usr/lib/jvm/java-8-openjdk/jre/lib/amd64/libjava.so
7f9480ec1000-7f9480ece000 r-xp 00000000 08:03 5905422                    /usr/lib/jvm/java-8-openjdk/jre/lib/amd64/libverify.so
7f9480ece000-7f94810cd000 ---p 0000d000 08:03 5905422                    /usr/lib/jvm/java-8-openjdk/jre/lib/amd64/libverify.so
7f94810cd000-7f94810cf000 rw-p 0000c000 08:03 5905422                    /usr/lib/jvm/java-8-openjdk/jre/lib/amd64/libverify.so
7f94810cf000-7f94810d6000 r-xp 00000000 08:03 5246163                    /usr/lib/librt-2.23.so
7f94810d6000-7f94812d5000 ---p 00007000 08:03 5246163                    /usr/lib/librt-2.23.so
7f94812d5000-7f94812d6000 r--p 00006000 08:03 5246163                    /usr/lib/librt-2.23.so
7f94812d6000-7f94812d7000 rw-p 00007000 08:03 5246163                    /usr/lib/librt-2.23.so
7f94812d7000-7f94813da000 r-xp 00000000 08:03 5246160                    /usr/lib/libm-2.23.so
7f94813da000-7f94815d9000 ---p 00103000 08:03 5246160                    /usr/lib/libm-2.23.so
7f94815d9000-7f94815da000 r--p 00102000 08:03 5246160                    /usr/lib/libm-2.23.so
7f94815da000-7f94815db000 rw-p 00103000 08:03 5246160                    /usr/lib/libm-2.23.so
7f94815db000-7f9482230000 r-xp 00000000 08:03 6170591                    /usr/lib/jvm/java-8-openjdk/jre/lib/amd64/server/libjvm.so
7f9482230000-7f9482430000 ---p 00c55000 08:03 6170591                    /usr/lib/jvm/java-8-openjdk/jre/lib/amd64/server/libjvm.so
7f9482430000-7f94824ec000 rw-p 00c55000 08:03 6170591                    /usr/lib/jvm/java-8-openjdk/jre/lib/amd64/server/libjvm.so
7f94824ec000-7f948251c000 rw-p 00000000 00:00 0 
7f948251c000-7f94826b3000 r-xp 00000000 08:03 5246102                    /usr/lib/libc-2.23.so
7f94826b3000-7f94828b3000 ---p 00197000 08:03 5246102                    /usr/lib/libc-2.23.so
7f94828b3000-7f94828b7000 r--p 00197000 08:03 5246102                    /usr/lib/libc-2.23.so
7f94828b7000-7f94828b9000 rw-p 0019b000 08:03 5246102                    /usr/lib/libc-2.23.so
7f94828b9000-7f94828bd000 rw-p 00000000 00:00 0 
7f94828bd000-7f94828bf000 r-xp 00000000 08:03 5246159                    /usr/lib/libdl-2.23.so
7f94828bf000-7f9482abf000 ---p 00002000 08:03 5246159                    /usr/lib/libdl-2.23.so
7f9482abf000-7f9482ac0000 r--p 00002000 08:03 5246159                    /usr/lib/libdl-2.23.so
7f9482ac0000-7f9482ac1000 rw-p 00003000 08:03 5246159                    /usr/lib/libdl-2.23.so
7f9482ac1000-7f9482ace000 r-xp 00000000 08:03 6170588                    /usr/lib/jvm/java-8-openjdk/jre/lib/amd64/jli/libjli.so
7f9482ace000-7f9482ccd000 ---p 0000d000 08:03 6170588                    /usr/lib/jvm/java-8-openjdk/jre/lib/amd64/jli/libjli.so
7f9482ccd000-7f9482cce000 rw-p 0000c000 08:03 6170588                    /usr/lib/jvm/java-8-openjdk/jre/lib/amd64/jli/libjli.so
7f9482cce000-7f9482ce3000 r-xp 00000000 08:03 5253324                    /usr/lib/libz.so.1.2.8
7f9482ce3000-7f9482ee2000 ---p 00015000 08:03 5253324                    /usr/lib/libz.so.1.2.8
7f9482ee2000-7f9482ee3000 r--p 00014000 08:03 5253324                    /usr/lib/libz.so.1.2.8
7f9482ee3000-7f9482ee4000 rw-p 00015000 08:03 5253324                    /usr/lib/libz.so.1.2.8
7f9482ee4000-7f9482efc000 r-xp 00000000 08:03 5246083                    /usr/lib/libpthread-2.23.so
7f9482efc000-7f94830fb000 ---p 00018000 08:03 5246083                    /usr/lib/libpthread-2.23.so
7f94830fb000-7f94830fc000 r--p 00017000 08:03 5246083                    /usr/lib/libpthread-2.23.so
7f94830fc000-7f94830fd000 rw-p 00018000 08:03 5246083                    /usr/lib/libpthread-2.23.so
7f94830fd000-7f9483101000 rw-p 00000000 00:00 0 
7f9483101000-7f9483124000 r-xp 00000000 08:03 5246101                    /usr/lib/ld-2.23.so
7f9483124000-7f9483125000 r--s 00036000 08:03 3279976                    /home/twittumz/Desktop/git/2DMapEditor/libs/jogl/jar/jogl-all-natives-linux-amd64.jar
7f9483125000-7f9483126000 r--p 00000000 00:00 0 
7f9483126000-7f948312a000 r--s 00097000 08:03 5905401                    /usr/lib/jvm/java-8-openjdk/jre/lib/jsse.jar
7f948312a000-7f948313d000 r--s 00345000 08:03 5905402                    /usr/lib/jvm/java-8-openjdk/jre/lib/resources.jar
7f948313d000-7f9483143000 r--s 0004f000 08:03 3279895                    /home/twittumz/Desktop/git/2DMapEditor/libs/jogl/jar/gluegen-rt.jar
7f9483143000-7f94831ec000 rw-p 00000000 00:00 0 
7f94831ec000-7f94831ef000 ---p 00000000 00:00 0 
7f94831ef000-7f9483319000 rw-p 00000000 00:00 0 
7f9483319000-7f9483321000 rw-s 00000000 00:23 292105                     /tmp/hsperfdata_twittumz/16730
7f9483321000-7f9483322000 rw-p 00000000 00:00 0 
7f9483322000-7f9483323000 r--p 00000000 00:00 0 
7f9483323000-7f9483324000 rw-p 00000000 00:00 0 
7f9483324000-7f9483325000 r--p 00023000 08:03 5246101                    /usr/lib/ld-2.23.so
7f9483325000-7f9483326000 rw-p 00024000 08:03 5246101                    /usr/lib/ld-2.23.so
7f9483326000-7f9483327000 rw-p 00000000 00:00 0 
7ffd5ad12000-7ffd5ad33000 rw-p 00000000 00:00 0                          [stack]
7ffd5adc4000-7ffd5adc7000 r--p 00000000 00:00 0                          [vvar]
7ffd5adc7000-7ffd5adc9000 r-xp 00000000 00:00 0                          [vdso]
ffffffffff600000-ffffffffff601000 r-xp 00000000 00:00 0                  [vsyscall]

VM Arguments:
jvm_args: -Dfile.encoding=UTF-8 
java_command: Editor.Main
java_class_path (initial): /home/twittumz/Desktop/git/2DMapEditor/2dMapEditor/bin:/home/twittumz/Desktop/git/2DMapEditor/libs/jogl/jar/gluegen-rt.jar:/home/twittumz/Desktop/git/2DMapEditor/libs/jogl/jar/jogl-all.jar
Launcher Type: SUN_STANDARD

Environment Variables:
PATH=/usr/local/sbin:/usr/local/bin:/usr/bin:/usr/lib/jvm/default/bin:/usr/bin/site_perl:/usr/bin/vendor_perl:/usr/bin/core_perl
USERNAME=twittumz
SHELL=/bin/bash
DISPLAY=:1

Signal Handlers:
SIGSEGV: [libjvm.so+0xa5a220], sa_mask[0]=11111111011111111101111111111110, sa_flags=SA_RESTART|SA_SIGINFO
SIGBUS: [libjvm.so+0xa5a220], sa_mask[0]=11111111011111111101111111111110, sa_flags=SA_RESTART|SA_SIGINFO
SIGFPE: [libjvm.so+0x8a5a90], sa_mask[0]=11111111011111111101111111111110, sa_flags=SA_RESTART|SA_SIGINFO
SIGPIPE: [libjvm.so+0x8a5a90], sa_mask[0]=11111111011111111101111111111110, sa_flags=SA_RESTART|SA_SIGINFO
SIGXFSZ: [libjvm.so+0x8a5a90], sa_mask[0]=11111111011111111101111111111110, sa_flags=SA_RESTART|SA_SIGINFO
SIGILL: [libjvm.so+0x8a5a90], sa_mask[0]=11111111011111111101111111111110, sa_flags=SA_RESTART|SA_SIGINFO
SIGUSR1: SIG_DFL, sa_mask[0]=00000000000000000000000000000000, sa_flags=none
SIGUSR2: [libjvm.so+0x8a5940], sa_mask[0]=00100000000000000000000000000000, sa_flags=SA_RESTART|SA_SIGINFO
SIGHUP: [libjvm.so+0x8a5e10], sa_mask[0]=11111111011111111101111111111110, sa_flags=SA_RESTART|SA_SIGINFO
SIGINT: [libjvm.so+0x8a5e10], sa_mask[0]=11111111011111111101111111111110, sa_flags=SA_RESTART|SA_SIGINFO
SIGTERM: [libjvm.so+0x8a5e10], sa_mask[0]=11111111011111111101111111111110, sa_flags=SA_RESTART|SA_SIGINFO
SIGQUIT: [libjvm.so+0x8a5e10], sa_mask[0]=11111111011111111101111111111110, sa_flags=SA_RESTART|SA_SIGINFO


---------------  S Y S T E M  ---------------

OS:NAME="Arch Linux"
ID=arch
PRETTY_NAME="Arch Linux"
ANSI_COLOR="0;36"
HOME_URL="https://www.archlinux.org/"
SUPPORT_URL="https://bbs.archlinux.org/"
BUG_REPORT_URL="https://bugs.archlinux.org/"


uname:Linux 4.6.3-1-ARCH #1 SMP PREEMPT Fri Jun 24 21:19:13 CEST 2016 x86_64
libc:glibc 2.23 NPTL 2.23 
rlimit: STACK 8192k, CORE infinity, NPROC 63849, NOFILE 4096, AS infinity
load average:0.31 0.38 0.46

/proc/meminfo:
MemTotal:       16350744 kB
MemFree:        10834412 kB
MemAvailable:   12235048 kB
Buffers:          100556 kB
Cached:          1532628 kB
SwapCached:            0 kB
Active:          4202000 kB
Inactive:         934756 kB
Active(anon):    3505024 kB
Inactive(anon):    32644 kB
Active(file):     696976 kB
Inactive(file):   902112 kB
Unevictable:          16 kB
Mlocked:              16 kB
SwapTotal:       4191228 kB
SwapFree:        4191228 kB
Dirty:               216 kB
Writeback:             0 kB
AnonPages:       3084292 kB
Mapped:           422224 kB
Shmem:             34100 kB
Slab:             163244 kB
SReclaimable:     117756 kB
SUnreclaim:        45488 kB
KernelStack:       10416 kB
PageTables:        34652 kB
NFS_Unstable:          0 kB
Bounce:                0 kB
WritebackTmp:          0 kB
CommitLimit:    12366600 kB
Committed_AS:    6562488 kB
VmallocTotal:   34359738367 kB
VmallocUsed:           0 kB
VmallocChunk:          0 kB
HardwareCorrupted:     0 kB
AnonHugePages:   1871872 kB
HugePages_Total:       0
HugePages_Free:        0
HugePages_Rsvd:        0
HugePages_Surp:        0
Hugepagesize:       2048 kB
DirectMap4k:      275932 kB
DirectMap2M:     6977536 kB
DirectMap1G:     9437184 kB


CPU:total 8 (4 cores per cpu, 2 threads per core) family 6 model 94 stepping 3, cmov, cx8, fxsr, mmx, sse, sse2, sse3, ssse3, sse4.1, sse4.2, popcnt, avx, avx2, aes, clmul, erms, rtm, 3dnowpref, lzcnt, ht, tsc, tscinvbit, bmi1, bmi2, adx

/proc/cpuinfo:
processor	: 0
vendor_id	: GenuineIntel
cpu family	: 6
model		: 94
model name	: Intel(R) Core(TM) i7-6700K CPU @ 4.00GHz
stepping	: 3
microcode	: 0x6a
cpu MHz		: 4101.718
cache size	: 8192 KB
physical id	: 0
siblings	: 8
core id		: 0
cpu cores	: 4
apicid		: 0
initial apicid	: 0
fpu		: yes
fpu_exception	: yes
cpuid level	: 22
wp		: yes
flags		: fpu vme de pse tsc msr pae mce cx8 apic sep mtrr pge mca cmov pat pse36 clflush dts acpi mmx fxsr sse sse2 ss ht tm pbe syscall nx pdpe1gb rdtscp lm constant_tsc art arch_perfmon pebs bts rep_good nopl xtopology nonstop_tsc aperfmperf eagerfpu pni pclmulqdq dtes64 monitor ds_cpl vmx est tm2 ssse3 sdbg fma cx16 xtpr pdcm pcid sse4_1 sse4_2 x2apic movbe popcnt tsc_deadline_timer aes xsave avx f16c rdrand lahf_lm abm 3dnowprefetch epb intel_pt tpr_shadow vnmi flexpriority ept vpid fsgsbase tsc_adjust bmi1 hle avx2 smep bmi2 erms invpcid rtm mpx rdseed adx smap clflushopt xsaveopt xsavec xgetbv1 dtherm ida arat pln pts hwp hwp_notify hwp_act_window hwp_epp
bugs		:
bogomips	: 8019.75
clflush size	: 64
cache_alignment	: 64
address sizes	: 39 bits physical, 48 bits virtual
power management:

processor	: 1
vendor_id	: GenuineIntel
cpu family	: 6
model		: 94
model name	: Intel(R) Core(TM) i7-6700K CPU @ 4.00GHz
stepping	: 3
microcode	: 0x6a
cpu MHz		: 4100.156
cache size	: 8192 KB
physical id	: 0
siblings	: 8
core id		: 1
cpu cores	: 4
apicid		: 2
initial apicid	: 2
fpu		: yes
fpu_exception	: yes
cpuid level	: 22
wp		: yes
flags		: fpu vme de pse tsc msr pae mce cx8 apic sep mtrr pge mca cmov pat pse36 clflush dts acpi mmx fxsr sse sse2 ss ht tm pbe syscall nx pdpe1gb rdtscp lm constant_tsc art arch_perfmon pebs bts rep_good nopl xtopology nonstop_tsc aperfmperf eagerfpu pni pclmulqdq dtes64 monitor ds_cpl vmx est tm2 ssse3 sdbg fma cx16 xtpr pdcm pcid sse4_1 sse4_2 x2apic movbe popcnt tsc_deadline_timer aes xsave avx f16c rdrand lahf_lm abm 3dnowprefetch epb intel_pt tpr_shadow vnmi flexpriority ept vpid fsgsbase tsc_adjust bmi1 hle avx2 smep bmi2 erms invpcid rtm mpx rdseed adx smap clflushopt xsaveopt xsavec xgetbv1 dtherm ida arat pln pts hwp hwp_notify hwp_act_window hwp_epp
bugs		:
bogomips	: 8020.83
clflush size	: 64
cache_alignment	: 64
address sizes	: 39 bits physical, 48 bits virtual
power management:

processor	: 2
vendor_id	: GenuineIntel
cpu family	: 6
model		: 94
model name	: Intel(R) Core(TM) i7-6700K CPU @ 4.00GHz
stepping	: 3
microcode	: 0x6a
cpu MHz		: 4179.531
cache size	: 8192 KB
physical id	: 0
siblings	: 8
core id		: 2
cpu cores	: 4
apicid		: 4
initial apicid	: 4
fpu		: yes
fpu_exception	: yes
cpuid level	: 22
wp		: yes
flags		: fpu vme de pse tsc msr pae mce cx8 apic sep mtrr pge mca cmov pat pse36 clflush dts acpi mmx fxsr sse sse2 ss ht tm pbe syscall nx pdpe1gb rdtscp lm constant_tsc art arch_perfmon pebs bts rep_good nopl xtopology nonstop_tsc aperfmperf eagerfpu pni pclmulqdq dtes64 monitor ds_cpl vmx est tm2 ssse3 sdbg fma cx16 xtpr pdcm pcid sse4_1 sse4_2 x2apic movbe popcnt tsc_deadline_timer aes xsave avx f16c rdrand lahf_lm abm 3dnowprefetch epb intel_pt tpr_shadow vnmi flexpriority ept vpid fsgsbase tsc_adjust bmi1 hle avx2 smep bmi2 erms invpcid rtm mpx rdseed adx smap clflushopt xsaveopt xsavec xgetbv1 dtherm ida arat pln pts hwp hwp_notify hwp_act_window hwp_epp
bugs		:
bogomips	: 8021.89
clflush size	: 64
cache_alignment	: 64
address sizes	: 39 bits physical, 48 bits virtual
power management:

processor	: 3
vendor_id	: GenuineIntel
cpu family	: 6
model		: 94
model name	: Intel(R) Core(TM) i7-6700K CPU @ 4.00GHz
stepping	: 3
microcode	: 0x6a
cpu MHz		: 4110.937
cache size	: 8192 KB
physical id	: 0
siblings	: 8
core id		: 3
cpu cores	: 4
apicid		: 6
initial apicid	: 6
fpu		: yes
fpu_exception	: yes
cpuid level	: 22
wp		: yes
flags		: fpu vme de pse tsc msr pae mce cx8 apic sep mtrr pge mca cmov pat pse36 clflush dts acpi mmx fxsr sse sse2 ss ht tm pbe syscall nx pdpe1gb rdtscp lm constant_tsc art arch_perfmon pebs bts rep_good nopl xtopology nonstop_tsc aperfmperf eagerfpu pni pclmulqdq dtes64 monitor ds_cpl vmx est tm2 ssse3 sdbg fma cx16 xtpr pdcm pcid sse4_1 sse4_2 x2apic movbe popcnt tsc_deadline_timer aes xsave avx f16c rdrand lahf_lm abm 3dnowprefetch epb intel_pt tpr_shadow vnmi flexpriority ept vpid fsgsbase tsc_adjust bmi1 hle avx2 smep bmi2 erms invpcid rtm mpx rdseed adx smap clflushopt xsaveopt xsavec xgetbv1 dtherm ida arat pln pts hwp hwp_notify hwp_act_window hwp_epp
bugs		:
bogomips	: 8021.88
clflush size	: 64
cache_alignment	: 64
address sizes	: 39 bits physical, 48 bits virtual
power management:

processor	: 4
vendor_id	: GenuineIntel
cpu family	: 6
model		: 94
model name	: Intel(R) Core(TM) i7-6700K CPU @ 4.00GHz
stepping	: 3
microcode	: 0x6a
cpu MHz		: 4135.937
cache size	: 8192 KB
physical id	: 0
siblings	: 8
core id		: 0
cpu cores	: 4
apicid		: 1
initial apicid	: 1
fpu		: yes
fpu_exception	: yes
cpuid level	: 22
wp		: yes
flags		: fpu vme de pse tsc msr pae mce cx8 apic sep mtrr pge mca cmov pat pse36 clflush dts acpi mmx fxsr sse sse2 ss ht tm pbe syscall nx pdpe1gb rdtscp lm constant_tsc art arch_perfmon pebs bts rep_good nopl xtopology nonstop_tsc aperfmperf eagerfpu pni pclmulqdq dtes64 monitor ds_cpl vmx est tm2 ssse3 sdbg fma cx16 xtpr pdcm pcid sse4_1 sse4_2 x2apic movbe popcnt tsc_deadline_timer aes xsave avx f16c rdrand lahf_lm abm 3dnowprefetch epb intel_pt tpr_shadow vnmi flexpriority ept vpid fsgsbase tsc_adjust bmi1 hle avx2 smep bmi2 erms invpcid rtm mpx rdseed adx smap clflushopt xsaveopt xsavec xgetbv1 dtherm ida arat pln pts hwp hwp_notify hwp_act_window hwp_epp
bugs		:
bogomips	: 8021.32
clflush size	: 64
cache_alignment	: 64
address sizes	: 39 bits physical, 48 bits virtual
power management:

processor	: 5
vendor_id	: GenuineIntel
cpu family	: 6
model		: 94
model name	: Intel(R) Core(TM) i7-6700K CPU @ 4.00GHz
stepping	: 3
microcode	: 0x6a
cpu MHz		: 4173.281
cache size	: 8192 KB
physical id	: 0
siblings	: 8
core id		: 1
cpu cores	: 4
apicid		: 3
initial apicid	: 3
fpu		: yes
fpu_exception	: yes
cpuid level	: 22
wp		: yes
flags		: fpu vme de pse tsc msr pae mce cx8 apic sep mtrr pge mca cmov pat pse36 clflush dts acpi mmx fxsr sse sse2 ss ht tm pbe syscall nx pdpe1gb rdtscp lm constant_tsc art arch_perfmon pebs bts rep_good nopl xtopology nonstop_tsc aperfmperf eagerfpu pni pclmulqdq dtes64 monitor ds_cpl vmx est tm2 ssse3 sdbg fma cx16 xtpr pdcm pcid sse4_1 sse4_2 x2apic movbe popcnt tsc_deadline_timer aes xsave avx f16c rdrand lahf_lm abm 3dnowprefetch epb intel_pt tpr_shadow vnmi flexpriority ept vpid fsgsbase tsc_adjust bmi1 hle avx2 smep bmi2 erms invpcid rtm mpx rdseed adx smap clflushopt xsaveopt xsavec xgetbv1 dtherm ida arat pln pts hwp hwp_notify hwp_act_window hwp_epp
bugs		:
bogomips	: 8021.93
clflush size	: 64
cache_alignment	: 64
address sizes	: 39 bits physical, 48 bits virtual
power management:

processor	: 6
vendor_id	: GenuineIntel
cpu family	: 6
model		: 94
model name	: Intel(R) Core(TM) i7-6700K CPU @ 4.00GHz
stepping	: 3
microcode	: 0x6a
cpu MHz		: 4122.343
cache size	: 8192 KB
physical id	: 0
siblings	: 8
core id		: 2
cpu cores	: 4
apicid		: 5
initial apicid	: 5
fpu		: yes
fpu_exception	: yes
cpuid level	: 22
wp		: yes
flags		: fpu vme de pse tsc msr pae mce cx8 apic sep mtrr pge mca cmov pat pse36 clflush dts acpi mmx fxsr sse sse2 ss ht tm pbe syscall nx pdpe1gb rdtscp lm constant_tsc art arch_perfmon pebs bts rep_good nopl xtopology nonstop_tsc aperfmperf eagerfpu pni pclmulqdq dtes64 monitor ds_cpl vmx est tm2 ssse3 sdbg fma cx16 xtpr pdcm pcid sse4_1 sse4_2 x2apic movbe popcnt tsc_deadline_timer aes xsave avx f16c rdrand lahf_lm abm 3dnowprefetch epb intel_pt tpr_shadow vnmi flexpriority ept vpid fsgsbase tsc_adjust bmi1 hle avx2 smep bmi2 erms invpcid rtm mpx rdseed adx smap clflushopt xsaveopt xsavec xgetbv1 dtherm ida arat pln pts hwp hwp_notify hwp_act_window hwp_epp
bugs		:
bogomips	: 8021.92
clflush size	: 64
cache_alignment	: 64
address sizes	: 39 bits physical, 48 bits virtual
power management:

processor	: 7
vendor_id	: GenuineIntel
cpu family	: 6
model		: 94
model name	: Intel(R) Core(TM) i7-6700K CPU @ 4.00GHz
stepping	: 3
microcode	: 0x6a
cpu MHz		: 4118.593
cache size	: 8192 KB
physical id	: 0
siblings	: 8
core id		: 3
cpu cores	: 4
apicid		: 7
initial apicid	: 7
fpu		: yes
fpu_exception	: yes
cpuid level	: 22
wp		: yes
flags		: fpu vme de pse tsc msr pae mce cx8 apic sep mtrr pge mca cmov pat pse36 clflush dts acpi mmx fxsr sse sse2 ss ht tm pbe syscall nx pdpe1gb rdtscp lm constant_tsc art arch_perfmon pebs bts rep_good nopl xtopology nonstop_tsc aperfmperf eagerfpu pni pclmulqdq dtes64 monitor ds_cpl vmx est tm2 ssse3 sdbg fma cx16 xtpr pdcm pcid sse4_1 sse4_2 x2apic movbe popcnt tsc_deadline_timer aes xsave avx f16c rdrand lahf_lm abm 3dnowprefetch epb intel_pt tpr_shadow vnmi flexpriority ept vpid fsgsbase tsc_adjust bmi1 hle avx2 smep bmi2 erms invpcid rtm mpx rdseed adx smap clflushopt xsaveopt xsavec xgetbv1 dtherm ida arat pln pts hwp hwp_notify hwp_act_window hwp_epp
bugs		:
bogomips	: 8021.93
clflush size	: 64
cache_alignment	: 64
address sizes	: 39 bits physical, 48 bits virtual
power management:



Memory: 4k page, physical 16350744k(10834412k free), swap 4191228k(4191228k free)

vm_info: OpenJDK 64-Bit Server VM (25.92-b14) for linux-amd64 JRE (1.8.0_92-b14), built on Apr 24 2016 15:02:36 by "builduser" with gcc 5.3.0

time: Sun Jul 31 00:29:08 2016
elapsed time: 2 seconds (0d 0h 0m 2s)

