#
# A fatal error has been detected by the Java Runtime Environment:
#
#  SIGSEGV (0xb) at pc=0x0000000040aa9f01, pid=2327, tid=0x00007ff66703c700
#
# JRE version: OpenJDK Runtime Environment (8.0_92-b14) (build 1.8.0_92-b14)
# Java VM: OpenJDK 64-Bit Server VM (25.92-b14 mixed mode linux-amd64 compressed oops)
# Problematic frame:
# C  0x0000000040aa9f01
#
# Core dump written. Default location: /home/twittumz/Desktop/git/2DMapEditor/2dMapEditor/core or core.2327
#
# If you would like to submit a bug report, please visit:
#   http://bugreport.java.com/bugreport/crash.jsp
# The crash happened outside the Java Virtual Machine in native code.
# See problematic frame for where to report the bug.
#

---------------  T H R E A D  ---------------

Current thread (0x00007ff6c8287800):  JavaThread "AWT-EventQueue-0" [_thread_in_native, id=2356, stack(0x00007ff666f3c000,0x00007ff66703d000)]

siginfo: si_signo: 11 (SIGSEGV), si_code: 1 (SEGV_MAPERR), si_addr: 0x0000000000000000

Registers:
RAX=0x00007ff64058cc60, RBX=0x0000000040b15000, RCX=0x0000000000000000, RDX=0x0000000000000004
RSP=0x00007ff66703a498, RBP=0x0000000000000040, RSI=0x0000000000000000, RDI=0x0000000000000000
R8 =0x00007ff650223cc0, R9 =0x00000001022e5000, R10=0x0000000000000020, R11=0x0000000000000000
R12=0x0000000000000000, R13=0x0000000000000004, R14=0x0000000000000000, R15=0x00007ff650147f30
RIP=0x0000000040aa9f01, EFLAGS=0x0000000000010246, CSGSFS=0x002b000000000033, ERR=0x0000000000000004
  TRAPNO=0x000000000000000e

Top of Stack: (sp=0x00007ff66703a498)
0x00007ff66703a498:   00007ff63b46f8c4 0000000500000000
0x00007ff66703a4a8:   0000000040b65fa0 00007ff6c8287800
0x00007ff66703a4b8:   00007ff63b47033e 00007ff64058cc60
0x00007ff66703a4c8:   0000000040b15000 0000000040b59df0
0x00007ff66703a4d8:   0000000000000005 0000000000000000
0x00007ff66703a4e8:   00007ff66703a660 00007ff6c8287800
0x00007ff66703a4f8:   00007ff63b05bc78 00007ff66703a660
0x00007ff66703a508:   0000000465bbdba8 00007ff6c80e43d0
0x00007ff66703a518:   00007ff6c8287800 00007ff6c8287800
0x00007ff66703a528:   00007ff665bbdba8 00007ff66703a590
0x00007ff66703a538:   0000000000000000 00007ff665bbdba8
0x00007ff66703a548:   00007ff664f5ce78 00007ff66703a590
0x00007ff66703a558:   00007ff66520e320 0000000466eddc28
0x00007ff66703a568:   0000000500000000 00007ff66703a660
0x00007ff66703a578:   00007ff6c82879e0 00007ff66703a618
0x00007ff66703a588:   00007ff66520e320 00007ff66703a618
0x00007ff66703a598:   00007ff6b9017754 00007ff665bbdba8
0x00007ff66703a5a8:   0000000000000000 00007ff665bbdba8
0x00007ff66703a5b8:   00007ff66703a660 00007ff66703a618
0x00007ff66703a5c8:   00007ff6b90174e7 00007ff6b90174a2
0x00007ff66703a5d8:   00007ff66703a5d8 00007ff665bbdba8
0x00007ff66703a5e8:   00007ff66703a660 00007ff665cb6028
0x00007ff66703a5f8:   0000000000000000 00007ff665bbdba8
0x00007ff66703a608:   0000000000000000 00007ff66703a638
0x00007ff66703a618:   00007ff66703a6a8 00007ff6b9007ffd
0x00007ff66703a628:   0000000000000000 00007ff6b9011278
0x00007ff66703a638:   00007ff66520e320 00007ff66703a6a8
0x00007ff66703a648:   0000000000000004 0000000000000000
0x00007ff66703a658:   0000000000000005 000000076d514430
0x00007ff66703a668:   00007ff66703a668 00007ff665bbdaf5
0x00007ff66703a678:   00007ff66703a6e0 00007ff665cb6028
0x00007ff66703a688:   0000000000000000 00007ff665bbdb08 

Instructions: (pc=0x0000000040aa9f01)
0x0000000040aa9ee1:   8b cb 48 be 78 6a b6 40 00 00 00 00 48 8b 36 48
0x0000000040aa9ef1:   8b b6 08 03 00 00 48 8b f9 48 c1 e7 04 48 03 f7
0x0000000040aa9f01:   8b 3e 8b 6e 04 89 38 89 68 04 8b 7e 08 8b 6e 0c
0x0000000040aa9f11:   89 78 08 89 68 0c 48 83 c0 10 ff c1 ff ca 75 c2 

Register to memory mapping:

RAX=0x00007ff64058cc60 is an unknown value
RBX=0x0000000040b15000 is an unknown value
RCX=0x0000000000000000 is an unknown value
RDX=0x0000000000000004 is an unknown value
RSP=0x00007ff66703a498 is pointing into the stack for thread: 0x00007ff6c8287800
RBP=0x0000000000000040 is an unknown value
RSI=0x0000000000000000 is an unknown value
RDI=0x0000000000000000 is an unknown value
R8 =0x00007ff650223cc0 is an unknown value
R9 =0x00000001022e5000 is an unknown value
R10=0x0000000000000020 is an unknown value
R11=0x0000000000000000 is an unknown value
R12=0x0000000000000000 is an unknown value
R13=0x0000000000000004 is an unknown value
R14=0x0000000000000000 is an unknown value
R15=0x00007ff650147f30 is an unknown value


Stack: [0x00007ff666f3c000,0x00007ff66703d000],  sp=0x00007ff66703a498,  free space=1017k
Native frames: (J=compiled Java code, j=interpreted, Vv=VM code, C=native code)
C  0x0000000040aa9f01

Java frames: (J=compiled Java code, j=interpreted, Vv=VM code)
j  jogamp.opengl.gl4.GL4bcImpl.dispatch_glDrawArrays1(IIIJ)V+0
j  jogamp.opengl.gl4.GL4bcImpl.glDrawArrays(III)V+45
j  Engine.SpriteRenderer.Draw(Lcom/jogamp/opengl/GL2;)V+74
j  Engine.Engine.Render(Lcom/jogamp/opengl/GLAutoDrawable;)V+22
j  Editor.Window$1.display(Lcom/jogamp/opengl/GLAutoDrawable;)V+22
j  jogamp.opengl.GLDrawableHelper.displayImpl(Lcom/jogamp/opengl/GLAutoDrawable;)V+62
j  jogamp.opengl.GLDrawableHelper.display(Lcom/jogamp/opengl/GLAutoDrawable;)V+2
j  com.jogamp.opengl.awt.GLCanvas$11.run()V+118
j  jogamp.opengl.GLDrawableHelper.invokeGLImpl(Lcom/jogamp/opengl/GLDrawable;Lcom/jogamp/opengl/GLContext;Ljava/lang/Runnable;Ljava/lang/Runnable;)V+203
j  jogamp.opengl.GLDrawableHelper.invokeGL(Lcom/jogamp/opengl/GLDrawable;Lcom/jogamp/opengl/GLContext;Ljava/lang/Runnable;Ljava/lang/Runnable;)V+72
j  com.jogamp.opengl.awt.GLCanvas$12.run()V+104
j  java.awt.event.InvocationEvent.dispatch()V+11
j  java.awt.EventQueue.dispatchEventImpl(Ljava/awt/AWTEvent;Ljava/lang/Object;)V+21
j  java.awt.EventQueue.access$500(Ljava/awt/EventQueue;Ljava/awt/AWTEvent;Ljava/lang/Object;)V+3
j  java.awt.EventQueue$3.run()Ljava/lang/Void;+32
j  java.awt.EventQueue$3.run()Ljava/lang/Object;+1
v  ~StubRoutines::call_stub
j  java.security.AccessController.doPrivileged(Ljava/security/PrivilegedAction;Ljava/security/AccessControlContext;)Ljava/lang/Object;+0
j  java.security.ProtectionDomain$JavaSecurityAccessImpl.doIntersectionPrivilege(Ljava/security/PrivilegedAction;Ljava/security/AccessControlContext;Ljava/security/AccessControlContext;)Ljava/lang/Object;+18
j  java.awt.EventQueue.dispatchEvent(Ljava/awt/AWTEvent;)V+46
j  java.awt.EventDispatchThread.pumpOneEventForFilters(I)V+245
j  java.awt.EventDispatchThread.pumpEventsForFilter(ILjava/awt/Conditional;Ljava/awt/EventFilter;)V+35
j  java.awt.EventDispatchThread.pumpEventsForHierarchy(ILjava/awt/Conditional;Ljava/awt/Component;)V+11
j  java.awt.EventDispatchThread.pumpEvents(ILjava/awt/Conditional;)V+4
j  java.awt.EventDispatchThread.pumpEvents(Ljava/awt/Conditional;)V+3
j  java.awt.EventDispatchThread.run()V+9
v  ~StubRoutines::call_stub

---------------  P R O C E S S  ---------------

Java Threads: ( => current thread )
  0x00007ff6c8008000 JavaThread "DestroyJavaVM" [_thread_blocked, id=2329, stack(0x00007ff6d1026000,0x00007ff6d1127000)]
  0x00007ff6c8580000 JavaThread "main-AWTAnimator#00" [_thread_blocked, id=2365, stack(0x00007ff64100f000,0x00007ff641110000)]
  0x00007ff6c8435000 JavaThread "main-SharedResourceRunner" daemon [_thread_blocked, id=2364, stack(0x00007ff6641fe000,0x00007ff6642ff000)]
  0x00007ff6c841f800 JavaThread "main-SharedResourceRunner" daemon [_thread_blocked, id=2363, stack(0x00007ff666813000,0x00007ff666914000)]
  0x00007ff6c82d1000 JavaThread "process reaper" daemon [_thread_blocked, id=2359, stack(0x00007ff69c09a000,0x00007ff69c0d3000)]
=>0x00007ff6c8287800 JavaThread "AWT-EventQueue-0" [_thread_in_native, id=2356, stack(0x00007ff666f3c000,0x00007ff66703d000)]
  0x00007ff6c8286000 JavaThread "AWT-Shutdown" [_thread_blocked, id=2355, stack(0x00007ff66703d000,0x00007ff66713e000)]
  0x00007ff6c827a800 JavaThread "Image Fetcher 0" daemon [_thread_blocked, id=2354, stack(0x00007ff66713e000,0x00007ff66723f000)]
  0x00007ff6c823f800 JavaThread "AWT-XAWT" daemon [_thread_blocked, id=2353, stack(0x00007ff66723f000,0x00007ff667340000)]
  0x00007ff6c8218800 JavaThread "Java2D Disposer" daemon [_thread_blocked, id=2352, stack(0x00007ff667751000,0x00007ff667852000)]
  0x00007ff6c80d0000 JavaThread "Service Thread" daemon [_thread_blocked, id=2350, stack(0x00007ff69e44e000,0x00007ff69e54f000)]
  0x00007ff6c80c5000 JavaThread "C1 CompilerThread3" daemon [_thread_blocked, id=2349, stack(0x00007ff69e54f000,0x00007ff69e650000)]
  0x00007ff6c80c3000 JavaThread "C2 CompilerThread2" daemon [_thread_blocked, id=2348, stack(0x00007ff69e650000,0x00007ff69e751000)]
  0x00007ff6c80c1000 JavaThread "C2 CompilerThread1" daemon [_thread_blocked, id=2347, stack(0x00007ff69e751000,0x00007ff69e852000)]
  0x00007ff6c80be000 JavaThread "C2 CompilerThread0" daemon [_thread_in_native, id=2346, stack(0x00007ff69e852000,0x00007ff69e953000)]
  0x00007ff6c80bc800 JavaThread "Signal Dispatcher" daemon [_thread_blocked, id=2345, stack(0x00007ff69e953000,0x00007ff69ea54000)]
  0x00007ff6c808a000 JavaThread "Finalizer" daemon [_thread_blocked, id=2344, stack(0x00007ff69ebec000,0x00007ff69eced000)]
  0x00007ff6c8085800 JavaThread "Reference Handler" daemon [_thread_blocked, id=2343, stack(0x00007ff69eced000,0x00007ff69edee000)]

Other Threads:
  0x00007ff6c807e000 VMThread [stack: 0x00007ff69edee000,0x00007ff69eeef000] [id=2342]
  0x00007ff6c80d2800 WatcherThread [stack: 0x00007ff69e34d000,0x00007ff69e44e000] [id=2351]

VM state:not at safepoint (normal execution)

VM Mutex/Monitor currently owned by a thread: None

Heap:
 PSYoungGen      total 74752K, used 33938K [0x000000076cd80000, 0x0000000772080000, 0x00000007c0000000)
  eden space 64512K, 52% used [0x000000076cd80000,0x000000076eea4ba0,0x0000000770c80000)
  from space 10240K, 0% used [0x0000000771680000,0x0000000771680000,0x0000000772080000)
  to   space 10240K, 0% used [0x0000000770c80000,0x0000000770c80000,0x0000000771680000)
 ParOldGen       total 171008K, used 0K [0x00000006c6800000, 0x00000006d0f00000, 0x000000076cd80000)
  object space 171008K, 0% used [0x00000006c6800000,0x00000006c6800000,0x00000006d0f00000)
 Metaspace       used 17389K, capacity 17572K, committed 17792K, reserved 1064960K
  class space    used 1770K, capacity 1837K, committed 1920K, reserved 1048576K

Card table byte_map: [0x00007ff6cdb25000,0x00007ff6ce2f2000] byte_map_base: 0x00007ff6ca4f1000

Marking Bits: (ParMarkBitMap*) 0x00007ff6d0338540
 Begin Bits: [0x00007ff68c340000, 0x00007ff6901a0000)
 End Bits:   [0x00007ff6901a0000, 0x00007ff694000000)

Polling page: 0x00007ff6d115b000

CodeCache: size=245760Kb used=3509Kb max_used=3520Kb free=242250Kb
 bounds [0x00007ff6b9000000, 0x00007ff6b9380000, 0x00007ff6c8000000]
 total_blobs=1811 nmethods=860 adapters=866
 compilation: enabled

Compilation events (10 events):
Event: 0.875 Thread 0x00007ff6c80c5000  857       1       com.jogamp.common.util.VersionNumber::getMajor (5 bytes)
Event: 0.875 Thread 0x00007ff6c80c5000 nmethod 857 0x00007ff6b9360610 code [0x00007ff6b9360760, 0x00007ff6b9360870]
Event: 0.876 Thread 0x00007ff6c80c5000  858   !   3       java.lang.ClassLoader::findNative (86 bytes)
Event: 0.877 Thread 0x00007ff6c80c5000 nmethod 858 0x00007ff6b9367a50 code [0x00007ff6b9367c00, 0x00007ff6b93684d8]
Event: 0.877 Thread 0x00007ff6c80c5000  859       3       java.util.jar.Attributes$Name::equals (39 bytes)
Event: 0.877 Thread 0x00007ff6c80c5000 nmethod 859 0x00007ff6b936add0 code [0x00007ff6b936af60, 0x00007ff6b936b408]
Event: 0.877 Thread 0x00007ff6c80c5000  860       3       sun.misc.ASCIICaseInsensitiveComparator::compare (13 bytes)
Event: 0.877 Thread 0x00007ff6c80c5000 nmethod 860 0x00007ff6b9367490 code [0x00007ff6b9367620, 0x00007ff6b9367988]
Event: 0.878 Thread 0x00007ff6c80c1000  861       4       java.util.concurrent.ConcurrentHashMap::casTabAt (20 bytes)
Event: 0.878 Thread 0x00007ff6c80c1000 nmethod 861 0x00007ff6b9372090 code [0x00007ff6b93721c0, 0x00007ff6b9372238]

GC Heap History (0 events):
No events

Deoptimization events (10 events):
Event: 0.764 Thread 0x00007ff6c8580000 Uncommon trap: reason=unstable_if action=reinterpret pc=0x00007ff6b9311488 method=java.awt.Component.isDisplayable()Z @ 4
Event: 0.764 Thread 0x00007ff6c8580000 Uncommon trap: reason=unstable_if action=reinterpret pc=0x00007ff6b931d04c method=java.awt.Component.isDisplayable()Z @ 4
Event: 0.769 Thread 0x00007ff6c8580000 Uncommon trap: reason=unstable_if action=reinterpret pc=0x00007ff6b9339c74 method=com.jogamp.opengl.awt.GLCanvas.validateGLDrawable()Z @ 22
Event: 0.769 Thread 0x00007ff6c8580000 Uncommon trap: reason=unstable_if action=reinterpret pc=0x00007ff6b9341b34 method=com.jogamp.opengl.awt.GLCanvas.validateGLDrawable()Z @ 22
Event: 0.772 Thread 0x00007ff6c8580000 Uncommon trap: reason=unstable_if action=reinterpret pc=0x00007ff6b9348668 method=com.jogamp.opengl.awt.GLCanvas.validateGLDrawable()Z @ 22
Event: 0.778 Thread 0x00007ff6c8580000 Uncommon trap: reason=unstable_if action=reinterpret pc=0x00007ff6b932174c method=java.awt.Component.isDisplayable()Z @ 4
Event: 0.837 Thread 0x00007ff6c8580000 Uncommon trap: reason=unstable_if action=reinterpret pc=0x00007ff6b9352b40 method=com.jogamp.opengl.awt.GLCanvas.validateGLDrawable()Z @ 43
Event: 0.837 Thread 0x00007ff6c8008000 Uncommon trap: reason=unstable_if action=reinterpret pc=0x00007ff6b934b10c method=com.jogamp.opengl.awt.GLCanvas.validateGLDrawable()Z @ 43
Event: 0.837 Thread 0x00007ff6c8580000 Uncommon trap: reason=unstable_if action=reinterpret pc=0x00007ff6b934dad8 method=com.jogamp.opengl.awt.GLCanvas.validateGLDrawable()Z @ 33
Event: 0.837 Thread 0x00007ff6c8580000 Uncommon trap: reason=unstable_if action=reinterpret pc=0x00007ff6b934a4c8 method=com.jogamp.opengl.awt.GLCanvas.validateGLDrawable()Z @ 33

Internal exceptions (10 events):
Event: 0.083 Thread 0x00007ff6c8008000 Exception <a 'java/io/FileNotFoundException'> (0x000000076d0f2018) thrown at [/build/java8-openjdk/src/jdk8u-jdk8u92-b14/hotspot/src/share/vm/prims/jni.cpp, line 709]
Event: 0.083 Thread 0x00007ff6c8008000 Exception <a 'java/io/FileNotFoundException'> (0x000000076d0f2a08) thrown at [/build/java8-openjdk/src/jdk8u-jdk8u92-b14/hotspot/src/share/vm/prims/jni.cpp, line 709]
Event: 0.092 Thread 0x00007ff6c8008000 Exception <a 'java/lang/ClassNotFoundException': sun/dc/DuctusRenderingEngine> (0x000000076d10ad48) thrown at [/build/java8-openjdk/src/jdk8u-jdk8u92-b14/hotspot/src/share/vm/classfile/systemDictionary.cpp, line 210]
Event: 0.760 Thread 0x00007ff6c8008000 Exception <a 'java/lang/reflect/InvocationTargetException'> (0x000000076e332cc8) thrown at [/build/java8-openjdk/src/jdk8u-jdk8u92-b14/hotspot/src/share/vm/runtime/reflection.cpp, line 1092]
Event: 0.763 Thread 0x00007ff6c8008000 Exception <a 'java/lang/reflect/InvocationTargetException'> (0x000000076e342d88) thrown at [/build/java8-openjdk/src/jdk8u-jdk8u92-b14/hotspot/src/share/vm/runtime/reflection.cpp, line 1092]
Event: 0.767 Thread 0x00007ff6c8008000 Exception <a 'java/lang/reflect/InvocationTargetException'> (0x000000076ec4d260) thrown at [/build/java8-openjdk/src/jdk8u-jdk8u92-b14/hotspot/src/share/vm/runtime/reflection.cpp, line 1092]
Event: 0.769 Thread 0x00007ff6c8008000 Exception <a 'java/lang/reflect/InvocationTargetException'> (0x000000076ec65e58) thrown at [/build/java8-openjdk/src/jdk8u-jdk8u92-b14/hotspot/src/share/vm/runtime/reflection.cpp, line 1092]
Event: 0.837 Thread 0x00007ff6c8287800 Exception <a 'java/lang/reflect/InvocationTargetException'> (0x000000076d5114e8) thrown at [/build/java8-openjdk/src/jdk8u-jdk8u92-b14/hotspot/src/share/vm/runtime/reflection.cpp, line 1092]
Event: 0.837 Thread 0x00007ff6c8287800 Exception <a 'java/lang/reflect/InvocationTargetException'> (0x000000076d511b98) thrown at [/build/java8-openjdk/src/jdk8u-jdk8u92-b14/hotspot/src/share/vm/runtime/reflection.cpp, line 1092]
Event: 0.840 Thread 0x00007ff6c8287800 Exception <a 'java/lang/reflect/InvocationTargetException'> (0x000000076d512be8) thrown at [/build/java8-openjdk/src/jdk8u-jdk8u92-b14/hotspot/src/share/vm/runtime/reflection.cpp, line 1092]

Events (10 events):
Event: 0.876 loading class com/jogamp/opengl/glu/GLU
Event: 0.876 loading class com/jogamp/opengl/glu/GLU done
Event: 0.877 loading class com/jogamp/opengl/glu/GLUquadric
Event: 0.877 loading class com/jogamp/opengl/glu/GLUquadric done
Event: 0.877 loading class com/jogamp/opengl/glu/gl2/GLUgl2
Event: 0.877 loading class com/jogamp/opengl/glu/gl2/GLUgl2 done
Event: 0.877 loading class com/jogamp/opengl/glu/gl2es1/GLUgl2es1
Event: 0.877 loading class com/jogamp/opengl/glu/gl2es1/GLUgl2es1 done
Event: 0.878 loading class jogamp/opengl/ProjectFloat
Event: 0.878 loading class jogamp/opengl/ProjectFloat done


Dynamic libraries:
00400000-00401000 r-xp 00000000 08:03 5905458                            /usr/lib/jvm/java-8-openjdk/jre/bin/java
00600000-00601000 rw-p 00000000 08:03 5905458                            /usr/lib/jvm/java-8-openjdk/jre/bin/java
01685000-016a6000 rw-p 00000000 00:00 0                                  [heap]
4062e000-406ce000 rw-p 00000000 00:00 0 
40aa8000-40aaa000 r-xs 00000000 00:23 168959                             /tmp/.gl4e51F4 (deleted)
40b15000-40bb5000 rw-p 00000000 00:00 0 
6c6800000-6d0f00000 rw-p 00000000 00:00 0 
6d0f00000-76cd80000 ---p 00000000 00:00 0 
76cd80000-772080000 rw-p 00000000 00:00 0 
772080000-7c0000000 ---p 00000000 00:00 0 
7c0000000-7c01e0000 rw-p 00000000 00:00 0 
7c01e0000-800000000 ---p 00000000 00:00 0 
7ff634000000-7ff634021000 rw-p 00000000 00:00 0 
7ff634021000-7ff638000000 ---p 00000000 00:00 0 
7ff63a2cb000-7ff63b660000 r-xp 00000000 08:03 5268236                    /usr/lib/libnvidia-glcore.so.367.27
7ff63b660000-7ff63b680000 rwxp 01395000 08:03 5268236                    /usr/lib/libnvidia-glcore.so.367.27
7ff63b680000-7ff63ba20000 r-xp 013b5000 08:03 5268236                    /usr/lib/libnvidia-glcore.so.367.27
7ff63ba20000-7ff63bc20000 ---p 01755000 08:03 5268236                    /usr/lib/libnvidia-glcore.so.367.27
7ff63bc20000-7ff63bfe8000 rw-p 01755000 08:03 5268236                    /usr/lib/libnvidia-glcore.so.367.27
7ff63bfe8000-7ff63c000000 rw-p 00000000 00:00 0 
7ff63c000000-7ff63c4f2000 rw-p 00000000 00:00 0 
7ff63c4f2000-7ff640000000 ---p 00000000 00:00 0 
7ff64058a000-7ff64068a000 rw-s 3d4301000 00:06 9877                      /dev/nvidiactl
7ff64068a000-7ff64069d000 rw-s 3d4276000 00:06 9877                      /dev/nvidiactl
7ff64069d000-7ff6406bd000 rw-s c02e0000 00:06 13745                      /dev/nvidia0
7ff6406bd000-7ff6406fd000 rw-s 3f3e1a000 00:06 9877                      /dev/nvidiactl
7ff6406fd000-7ff64071d000 rw-s 399d1e000 00:06 9877                      /dev/nvidiactl
7ff64071d000-7ff64075d000 rw-s 3cb5d7000 00:06 9877                      /dev/nvidiactl
7ff64075d000-7ff64077d000 rw-s 399d1d000 00:06 9877                      /dev/nvidiactl
7ff64077d000-7ff6407bd000 rw-s 3d407c000 00:06 9877                      /dev/nvidiactl
7ff6407bd000-7ff6407c1000 r-xp 00000000 08:03 5249369                    /usr/lib/libcap.so.2.25
7ff6407c1000-7ff6409c0000 ---p 00004000 08:03 5249369                    /usr/lib/libcap.so.2.25
7ff6409c0000-7ff6409c1000 rw-p 00003000 08:03 5249369                    /usr/lib/libcap.so.2.25
7ff6409c1000-7ff6409d5000 r-xp 00000000 08:03 5246162                    /usr/lib/libresolv-2.23.so
7ff6409d5000-7ff640bd4000 ---p 00014000 08:03 5246162                    /usr/lib/libresolv-2.23.so
7ff640bd4000-7ff640bd5000 r--p 00013000 08:03 5246162                    /usr/lib/libresolv-2.23.so
7ff640bd5000-7ff640bd6000 rw-p 00014000 08:03 5246162                    /usr/lib/libresolv-2.23.so
7ff640bd6000-7ff640bd8000 rw-p 00000000 00:00 0 
7ff640bd8000-7ff640bdd000 r-xp 00000000 08:03 5246154                    /usr/lib/libnss_dns-2.23.so
7ff640bdd000-7ff640ddc000 ---p 00005000 08:03 5246154                    /usr/lib/libnss_dns-2.23.so
7ff640ddc000-7ff640ddd000 r--p 00004000 08:03 5246154                    /usr/lib/libnss_dns-2.23.so
7ff640ddd000-7ff640dde000 rw-p 00005000 08:03 5246154                    /usr/lib/libnss_dns-2.23.so
7ff640def000-7ff640e0f000 rw-s 3cb795000 00:06 9877                      /dev/nvidiactl
7ff640e0f000-7ff640f8f000 rw-p 00000000 00:00 0 
7ff640f8f000-7ff64100f000 ---p 00000000 00:00 0 
7ff64100f000-7ff641012000 ---p 00000000 00:00 0 
7ff641012000-7ff641110000 rw-p 00000000 00:00 0 
7ff641110000-7ff641190000 rw-s 5f4e2000 00:06 9877                       /dev/nvidiactl
7ff641190000-7ff641210000 rw-s 78ca2000 00:06 9877                       /dev/nvidiactl
7ff641210000-7ff641290000 rw-s 767a0000 00:06 9877                       /dev/nvidiactl
7ff641290000-7ff641390000 rw-s 3cb48e000 00:06 9877                      /dev/nvidiactl
7ff641390000-7ff6413b0000 rw-s c02a0000 00:06 13745                      /dev/nvidia0
7ff6413b0000-7ff6413f0000 rw-s 42c773000 00:06 9877                      /dev/nvidiactl
7ff6413f0000-7ff641410000 rw-s 3d62c0000 00:06 9877                      /dev/nvidiactl
7ff641410000-7ff641450000 rw-s 3d52e7000 00:06 9877                      /dev/nvidiactl
7ff641450000-7ff641490000 rw-s 3f1ff5000 00:06 9877                      /dev/nvidiactl
7ff641490000-7ff641594000 rw-s 80802000 00:06 9877                       /dev/nvidiactl
7ff641594000-7ff641597000 r-xp 00000000 08:03 5773637                    /usr/lib/tls/libnvidia-tls.so.367.27
7ff641597000-7ff641797000 ---p 00003000 08:03 5773637                    /usr/lib/tls/libnvidia-tls.so.367.27
7ff641797000-7ff641798000 rw-p 00003000 08:03 5773637                    /usr/lib/tls/libnvidia-tls.so.367.27
7ff641798000-7ff641860000 r-xp 00000000 08:03 5268220                    /usr/lib/libGLX_nvidia.so.367.27
7ff641860000-7ff641894000 rwxp 000c8000 08:03 5268220                    /usr/lib/libGLX_nvidia.so.367.27
7ff641894000-7ff6418a7000 r-xp 000fc000 08:03 5268220                    /usr/lib/libGLX_nvidia.so.367.27
7ff6418a7000-7ff641aa7000 ---p 0010f000 08:03 5268220                    /usr/lib/libGLX_nvidia.so.367.27
7ff641aa7000-7ff641acf000 rw-p 0010f000 08:03 5268220                    /usr/lib/libGLX_nvidia.so.367.27
7ff641acf000-7ff641ad6000 rw-p 00000000 00:00 0 
7ff641ad6000-7ff641ad8000 r-xp 00000000 08:03 5269221                    /usr/lib/libXinerama.so.1.0.0
7ff641ad8000-7ff641cd7000 ---p 00002000 08:03 5269221                    /usr/lib/libXinerama.so.1.0.0
7ff641cd7000-7ff641cd8000 r--p 00001000 08:03 5269221                    /usr/lib/libXinerama.so.1.0.0
7ff641cd8000-7ff641cd9000 rw-p 00002000 08:03 5269221                    /usr/lib/libXinerama.so.1.0.0
7ff641cd9000-7ff641ce4000 r-xp 00000000 08:03 5268224                    /usr/lib/libGLESv1_CM_nvidia.so.367.27
7ff641ce4000-7ff641ee3000 ---p 0000b000 08:03 5268224                    /usr/lib/libGLESv1_CM_nvidia.so.367.27
7ff641ee3000-7ff641ee6000 rw-p 0000a000 08:03 5268224                    /usr/lib/libGLESv1_CM_nvidia.so.367.27
7ff641ee6000-7ff641f66000 rw-s 3cb449000 00:06 9877                      /dev/nvidiactl
7ff641f66000-7ff642066000 rw-s 42c7fc000 00:06 9877                      /dev/nvidiactl
7ff642066000-7ff643632000 r-xp 00000000 08:03 5268233                    /usr/lib/libnvidia-eglcore.so.367.27
7ff643632000-7ff643832000 ---p 015cc000 08:03 5268233                    /usr/lib/libnvidia-eglcore.so.367.27
7ff643832000-7ff643bca000 rw-p 015cc000 08:03 5268233                    /usr/lib/libnvidia-eglcore.so.367.27
7ff643bca000-7ff643bde000 rw-p 00000000 00:00 0 
7ff643bde000-7ff643bed000 r-xp 00000000 08:03 5268258                    /usr/lib/libGLESv2_nvidia.so.367.27
7ff643bed000-7ff643ded000 ---p 0000f000 08:03 5268258                    /usr/lib/libGLESv2_nvidia.so.367.27
7ff643ded000-7ff643df1000 rw-p 0000f000 08:03 5268258                    /usr/lib/libGLESv2_nvidia.so.367.27
7ff643df1000-7ff643dff000 r-xp 00000000 08:03 5264554                    /usr/lib/libdrm.so.2.4.0
7ff643dff000-7ff643ffe000 ---p 0000e000 08:03 5264554                    /usr/lib/libdrm.so.2.4.0
7ff643ffe000-7ff643fff000 r--p 0000d000 08:03 5264554                    /usr/lib/libdrm.so.2.4.0
7ff643fff000-7ff644000000 rw-p 0000e000 08:03 5264554                    /usr/lib/libdrm.so.2.4.0
7ff644000000-7ff644021000 rw-p 00000000 00:00 0 
7ff644021000-7ff648000000 ---p 00000000 00:00 0 
7ff648000000-7ff64855e000 rw-p 00000000 00:00 0 
7ff64855e000-7ff64c000000 ---p 00000000 00:00 0 
7ff64c000000-7ff64c021000 rw-p 00000000 00:00 0 
7ff64c021000-7ff650000000 ---p 00000000 00:00 0 
7ff650000000-7ff6502b4000 rw-p 00000000 00:00 0 
7ff6502b4000-7ff654000000 ---p 00000000 00:00 0 
7ff654000000-7ff654021000 rw-p 00000000 00:00 0 
7ff654021000-7ff658000000 ---p 00000000 00:00 0 
7ff658000000-7ff658027000 rw-p 00000000 00:00 0 
7ff658027000-7ff65c000000 ---p 00000000 00:00 0 
7ff65c000000-7ff65c021000 rw-p 00000000 00:00 0 
7ff65c021000-7ff660000000 ---p 00000000 00:00 0 
7ff660000000-7ff660021000 rw-p 00000000 00:00 0 
7ff660021000-7ff664000000 ---p 00000000 00:00 0 
7ff664007000-7ff66401a000 rw-s 3d60e7000 00:06 9877                      /dev/nvidiactl
7ff66401a000-7ff66403a000 rw-s 3f3e5b000 00:06 9877                      /dev/nvidiactl
7ff66403a000-7ff66407a000 rw-s 00000000 08:03 3151535                    /home/twittumz/#3151535 (deleted)
7ff66407a000-7ff6640fa000 rw-s 399f18000 00:06 9877                      /dev/nvidiactl
7ff6640fa000-7ff6641fe000 rw-s 80802000 00:06 9877                       /dev/nvidiactl
7ff6641fe000-7ff664201000 ---p 00000000 00:00 0 
7ff664201000-7ff6642ff000 rw-p 00000000 00:00 0 
7ff6642ff000-7ff66435b000 r-xp 00000000 00:23 173688                     /tmp/jogamp_0000/file_cache/jln3473134043566896238/jln2323579069610975085/natives/linux-amd64/libjogl_mobile.so
7ff66435b000-7ff66455b000 ---p 0005c000 00:23 173688                     /tmp/jogamp_0000/file_cache/jln3473134043566896238/jln2323579069610975085/natives/linux-amd64/libjogl_mobile.so
7ff66455b000-7ff66455c000 rw-p 0005c000 00:23 173688                     /tmp/jogamp_0000/file_cache/jln3473134043566896238/jln2323579069610975085/natives/linux-amd64/libjogl_mobile.so
7ff66455c000-7ff6645ce000 r-xp 00000000 08:03 5268234                    /usr/lib/libnvidia-glsi.so.367.27
7ff6645ce000-7ff6647cd000 ---p 00072000 08:03 5268234                    /usr/lib/libnvidia-glsi.so.367.27
7ff6647cd000-7ff6647d6000 rw-p 00071000 08:03 5268234                    /usr/lib/libnvidia-glsi.so.367.27
7ff6647d6000-7ff6647e5000 rw-p 00000000 00:00 0 
7ff6647e5000-7ff6648b0000 r-xp 00000000 08:03 5268259                    /usr/lib/libEGL_nvidia.so.367.27
7ff6648b0000-7ff664aaf000 ---p 000cb000 08:03 5268259                    /usr/lib/libEGL_nvidia.so.367.27
7ff664aaf000-7ff664ada000 rw-p 000ca000 08:03 5268259                    /usr/lib/libEGL_nvidia.so.367.27
7ff664ada000-7ff664aee000 rw-p 00000000 00:00 0 
7ff664aee000-7ff664af2000 r-xp 00000000 08:03 5773639                    /usr/lib/nvidia/libEGL.so.1
7ff664af2000-7ff664cf1000 ---p 00004000 08:03 5773639                    /usr/lib/nvidia/libEGL.so.1
7ff664cf1000-7ff664cf2000 rw-p 00003000 08:03 5773639                    /usr/lib/nvidia/libEGL.so.1
7ff664cf2000-7ff664cf7000 r-xp 00000000 08:03 5773617                    /usr/lib/nvidia/libGLESv2.so.2.0.0
7ff664cf7000-7ff664cf9000 r-xp 00005000 08:03 5773617                    /usr/lib/nvidia/libGLESv2.so.2.0.0
7ff664cf9000-7ff664cfd000 r-xp 00007000 08:03 5773617                    /usr/lib/nvidia/libGLESv2.so.2.0.0
7ff664cfd000-7ff664efc000 ---p 0000b000 08:03 5773617                    /usr/lib/nvidia/libGLESv2.so.2.0.0
7ff664efc000-7ff664efd000 r--p 0000a000 08:03 5773617                    /usr/lib/nvidia/libGLESv2.so.2.0.0
7ff664efd000-7ff664efe000 rw-p 0000b000 08:03 5773617                    /usr/lib/nvidia/libGLESv2.so.2.0.0
7ff664efe000-7ff664fb6000 r-xp 00000000 00:23 173687                     /tmp/jogamp_0000/file_cache/jln3473134043566896238/jln2323579069610975085/natives/linux-amd64/libjogl_desktop.so
7ff664fb6000-7ff6651b6000 ---p 000b8000 00:23 173687                     /tmp/jogamp_0000/file_cache/jln3473134043566896238/jln2323579069610975085/natives/linux-amd64/libjogl_desktop.so
7ff6651b6000-7ff6651b7000 rw-p 000b8000 00:23 173687                     /tmp/jogamp_0000/file_cache/jln3473134043566896238/jln2323579069610975085/natives/linux-amd64/libjogl_desktop.so
7ff6651b7000-7ff66520a000 r-xp 00000000 08:03 5268203                    /usr/lib/libGLdispatch.so.0.0.0
7ff66520a000-7ff665223000 r-xp 00053000 08:03 5268203                    /usr/lib/libGLdispatch.so.0.0.0
7ff665223000-7ff66525e000 r-xp 0006c000 08:03 5268203                    /usr/lib/libGLdispatch.so.0.0.0
7ff66525e000-7ff66545d000 ---p 000a7000 08:03 5268203                    /usr/lib/libGLdispatch.so.0.0.0
7ff66545d000-7ff66546c000 r--p 000a6000 08:03 5268203                    /usr/lib/libGLdispatch.so.0.0.0
7ff66546c000-7ff66546d000 rw-p 000b5000 08:03 5268203                    /usr/lib/libGLdispatch.so.0.0.0
7ff66546d000-7ff66548d000 rw-p 00000000 00:00 0 
7ff66548d000-7ff66549d000 r-xp 00000000 08:03 5268199                    /usr/lib/libGLX.so.0.0.0
7ff66549d000-7ff66569d000 ---p 00010000 08:03 5268199                    /usr/lib/libGLX.so.0.0.0
7ff66569d000-7ff66569e000 r--p 00010000 08:03 5268199                    /usr/lib/libGLX.so.0.0.0
7ff66569e000-7ff66569f000 rw-p 00011000 08:03 5268199                    /usr/lib/libGLX.so.0.0.0
7ff66569f000-7ff6656bf000 rw-p 00000000 00:00 0 
7ff6656bf000-7ff6656ef000 r-xp 00000000 08:03 5773620                    /usr/lib/nvidia/libGL.so.1.0.0
7ff6656ef000-7ff665708000 r-xp 00030000 08:03 5773620                    /usr/lib/nvidia/libGL.so.1.0.0
7ff665708000-7ff665733000 r-xp 00049000 08:03 5773620                    /usr/lib/nvidia/libGL.so.1.0.0
7ff665733000-7ff665933000 ---p 00074000 08:03 5773620                    /usr/lib/nvidia/libGL.so.1.0.0
7ff665933000-7ff665934000 r--p 00074000 08:03 5773620                    /usr/lib/nvidia/libGL.so.1.0.0
7ff665934000-7ff665935000 rw-p 00075000 08:03 5773620                    /usr/lib/nvidia/libGL.so.1.0.0
7ff665935000-7ff665b36000 rw-p 00000000 00:00 0 
7ff665b36000-7ff665d36000 rw-p 00000000 00:00 0 
7ff665d41000-7ff665d81000 r-xs 00000000 08:03 3151535                    /home/twittumz/#3151535 (deleted)
7ff665d81000-7ff665e01000 rw-s 3f1fa8000 00:06 9877                      /dev/nvidiactl
7ff665e01000-7ff665e08000 r-xp 00000000 00:23 173690                     /tmp/jogamp_0000/file_cache/jln3473134043566896238/jln2323579069610975085/natives/linux-amd64/libnativewindow_x11.so
7ff665e08000-7ff666007000 ---p 00007000 00:23 173690                     /tmp/jogamp_0000/file_cache/jln3473134043566896238/jln2323579069610975085/natives/linux-amd64/libnativewindow_x11.so
7ff666007000-7ff666008000 rw-p 00006000 00:23 173690                     /tmp/jogamp_0000/file_cache/jln3473134043566896238/jln2323579069610975085/natives/linux-amd64/libnativewindow_x11.so
7ff666008000-7ff66600d000 r-xp 00000000 08:03 5268760                    /usr/lib/libXxf86vm.so.1.0.0
7ff66600d000-7ff66620c000 ---p 00005000 08:03 5268760                    /usr/lib/libXxf86vm.so.1.0.0
7ff66620c000-7ff66620d000 r--p 00004000 08:03 5268760                    /usr/lib/libXxf86vm.so.1.0.0
7ff66620d000-7ff66620e000 rw-p 00005000 08:03 5268760                    /usr/lib/libXxf86vm.so.1.0.0
7ff66620e000-7ff666210000 r-xp 00000000 00:23 173689                     /tmp/jogamp_0000/file_cache/jln3473134043566896238/jln2323579069610975085/natives/linux-amd64/libnativewindow_awt.so
7ff666210000-7ff66640f000 ---p 00002000 00:23 173689                     /tmp/jogamp_0000/file_cache/jln3473134043566896238/jln2323579069610975085/natives/linux-amd64/libnativewindow_awt.so
7ff66640f000-7ff666410000 rw-p 00001000 00:23 173689                     /tmp/jogamp_0000/file_cache/jln3473134043566896238/jln2323579069610975085/natives/linux-amd64/libnativewindow_awt.so
7ff666410000-7ff666411000 r-xp 00000000 08:03 5905448                    /usr/lib/jvm/java-8-openjdk/jre/lib/amd64/libjawt.so
7ff666411000-7ff666610000 ---p 00001000 08:03 5905448                    /usr/lib/jvm/java-8-openjdk/jre/lib/amd64/libjawt.so
7ff666610000-7ff666611000 rw-p 00000000 08:03 5905448                    /usr/lib/jvm/java-8-openjdk/jre/lib/amd64/libjawt.so
7ff666611000-7ff666613000 r-xp 00000000 00:23 173686                     /tmp/jogamp_0000/file_cache/jln3473134043566896238/jln2323579069610975085/natives/linux-amd64/libgluegen-rt.so
7ff666613000-7ff666812000 ---p 00002000 00:23 173686                     /tmp/jogamp_0000/file_cache/jln3473134043566896238/jln2323579069610975085/natives/linux-amd64/libgluegen-rt.so
7ff666812000-7ff666813000 rw-p 00001000 00:23 173686                     /tmp/jogamp_0000/file_cache/jln3473134043566896238/jln2323579069610975085/natives/linux-amd64/libgluegen-rt.so
7ff666813000-7ff666816000 ---p 00000000 00:00 0 
7ff666816000-7ff666914000 rw-p 00000000 00:00 0 
7ff666914000-7ff666925000 r-xp 00000000 08:03 5905443                    /usr/lib/jvm/java-8-openjdk/jre/lib/amd64/libnio.so
7ff666925000-7ff666b24000 ---p 00011000 08:03 5905443                    /usr/lib/jvm/java-8-openjdk/jre/lib/amd64/libnio.so
7ff666b24000-7ff666b25000 rw-p 00010000 08:03 5905443                    /usr/lib/jvm/java-8-openjdk/jre/lib/amd64/libnio.so
7ff666b25000-7ff666b3b000 r-xp 00000000 08:03 5905432                    /usr/lib/jvm/java-8-openjdk/jre/lib/amd64/libnet.so
7ff666b3b000-7ff666d3b000 ---p 00016000 08:03 5905432                    /usr/lib/jvm/java-8-openjdk/jre/lib/amd64/libnet.so
7ff666d3b000-7ff666d3c000 rw-p 00016000 08:03 5905432                    /usr/lib/jvm/java-8-openjdk/jre/lib/amd64/libnet.so
7ff666d3c000-7ff666f3c000 rw-p 00000000 00:00 0 
7ff666f3c000-7ff666f3f000 ---p 00000000 00:00 0 
7ff666f3f000-7ff66703d000 rw-p 00000000 00:00 0 
7ff66703d000-7ff667040000 ---p 00000000 00:00 0 
7ff667040000-7ff66713e000 rw-p 00000000 00:00 0 
7ff66713e000-7ff667141000 ---p 00000000 00:00 0 
7ff667141000-7ff66723f000 rw-p 00000000 00:00 0 
7ff66723f000-7ff667242000 ---p 00000000 00:00 0 
7ff667242000-7ff667340000 rw-p 00000000 00:00 0 
7ff667340000-7ff667345000 r-xp 00000000 08:03 5268766                    /usr/lib/libXfixes.so.3.1.0
7ff667345000-7ff667544000 ---p 00005000 08:03 5268766                    /usr/lib/libXfixes.so.3.1.0
7ff667544000-7ff667545000 r--p 00004000 08:03 5268766                    /usr/lib/libXfixes.so.3.1.0
7ff667545000-7ff667546000 rw-p 00005000 08:03 5268766                    /usr/lib/libXfixes.so.3.1.0
7ff667546000-7ff667550000 r-xp 00000000 08:03 5269218                    /usr/lib/libXcursor.so.1.0.2
7ff667550000-7ff66774f000 ---p 0000a000 08:03 5269218                    /usr/lib/libXcursor.so.1.0.2
7ff66774f000-7ff667750000 r--p 00009000 08:03 5269218                    /usr/lib/libXcursor.so.1.0.2
7ff667750000-7ff667751000 rw-p 0000a000 08:03 5269218                    /usr/lib/libXcursor.so.1.0.2
7ff667751000-7ff667754000 ---p 00000000 00:00 0 
7ff667754000-7ff667852000 rw-p 00000000 00:00 0 
7ff667852000-7ff6678c4000 r-xp 00000000 08:03 5254181                    /usr/lib/libpcre.so.1.2.7
7ff6678c4000-7ff667ac3000 ---p 00072000 08:03 5254181                    /usr/lib/libpcre.so.1.2.7
7ff667ac3000-7ff667ac4000 r--p 00071000 08:03 5254181                    /usr/lib/libpcre.so.1.2.7
7ff667ac4000-7ff667ac5000 rw-p 00072000 08:03 5254181                    /usr/lib/libpcre.so.1.2.7
7ff667ac5000-7ff667aef000 r-xp 00000000 08:03 5264449                    /usr/lib/libgraphite2.so.3.0.1
7ff667aef000-7ff667cee000 ---p 0002a000 08:03 5264449                    /usr/lib/libgraphite2.so.3.0.1
7ff667cee000-7ff667cf0000 r--p 00029000 08:03 5264449                    /usr/lib/libgraphite2.so.3.0.1
7ff667cf0000-7ff667cf1000 rw-p 0002b000 08:03 5264449                    /usr/lib/libgraphite2.so.3.0.1
7ff667cf1000-7ff667dfe000 r-xp 00000000 08:03 5256081                    /usr/lib/libglib-2.0.so.0.4800.1
7ff667dfe000-7ff667ffd000 ---p 0010d000 08:03 5256081                    /usr/lib/libglib-2.0.so.0.4800.1
7ff667ffd000-7ff667ffe000 r--p 0010c000 08:03 5256081                    /usr/lib/libglib-2.0.so.0.4800.1
7ff667ffe000-7ff667fff000 rw-p 0010d000 08:03 5256081                    /usr/lib/libglib-2.0.so.0.4800.1
7ff667fff000-7ff668000000 rw-p 00000000 00:00 0 
7ff668000000-7ff668284000 rw-p 00000000 00:00 0 
7ff668284000-7ff66c000000 ---p 00000000 00:00 0 
7ff66c000000-7ff66c021000 rw-p 00000000 00:00 0 
7ff66c021000-7ff670000000 ---p 00000000 00:00 0 
7ff670000000-7ff67007e000 rw-p 00000000 00:00 0 
7ff67007e000-7ff674000000 ---p 00000000 00:00 0 
7ff674000000-7ff6741f0000 rw-p 00000000 00:00 0 
7ff6741f0000-7ff678000000 ---p 00000000 00:00 0 
7ff678000000-7ff678021000 rw-p 00000000 00:00 0 
7ff678021000-7ff67c000000 ---p 00000000 00:00 0 
7ff67c000000-7ff67c166000 rw-p 00000000 00:00 0 
7ff67c166000-7ff680000000 ---p 00000000 00:00 0 
7ff680000000-7ff680021000 rw-p 00000000 00:00 0 
7ff680021000-7ff684000000 ---p 00000000 00:00 0 
7ff684000000-7ff684021000 rw-p 00000000 00:00 0 
7ff684021000-7ff688000000 ---p 00000000 00:00 0 
7ff688000000-7ff688021000 rw-p 00000000 00:00 0 
7ff688021000-7ff68c000000 ---p 00000000 00:00 0 
7ff68c004000-7ff68c024000 rw-s c0260000 00:06 13745                      /dev/nvidia0
7ff68c024000-7ff68c064000 rw-s 41d221000 00:06 9877                      /dev/nvidiactl
7ff68c064000-7ff68c084000 rw-s 371625000 00:06 9877                      /dev/nvidiactl
7ff68c084000-7ff68c0c4000 rw-s 43f6d3000 00:06 9877                      /dev/nvidiactl
7ff68c0c4000-7ff68c13e000 r-xp 00000000 08:03 5264460                    /usr/lib/libharfbuzz.so.0.10200.7
7ff68c13e000-7ff68c33e000 ---p 0007a000 08:03 5264460                    /usr/lib/libharfbuzz.so.0.10200.7
7ff68c33e000-7ff68c33f000 r--p 0007a000 08:03 5264460                    /usr/lib/libharfbuzz.so.0.10200.7
7ff68c33f000-7ff68c340000 rw-p 0007b000 08:03 5264460                    /usr/lib/libharfbuzz.so.0.10200.7
7ff68c340000-7ff694000000 rw-p 00000000 00:00 0 
7ff694000000-7ff694021000 rw-p 00000000 00:00 0 
7ff694021000-7ff698000000 ---p 00000000 00:00 0 
7ff698000000-7ff698021000 rw-p 00000000 00:00 0 
7ff698021000-7ff69c000000 ---p 00000000 00:00 0 
7ff69c007000-7ff69c01a000 rw-s 368c17000 00:06 9877                      /dev/nvidiactl
7ff69c01a000-7ff69c03a000 rw-s 3cb5cf000 00:06 9877                      /dev/nvidiactl
7ff69c03a000-7ff69c07a000 rw-s 3d6315000 00:06 9877                      /dev/nvidiactl
7ff69c081000-7ff69c082000 rw-s 399d1f000 00:06 9877                      /dev/nvidiactl
7ff69c082000-7ff69c083000 rw-s cfd67000 00:06 13745                      /dev/nvidia0
7ff69c083000-7ff69c084000 rw-s cfd66000 00:06 13745                      /dev/nvidia0
7ff69c084000-7ff69c085000 rw-s cfd66000 00:06 13745                      /dev/nvidia0
7ff69c085000-7ff69c086000 rw-s 3d4380000 00:06 9877                      /dev/nvidiactl
7ff69c086000-7ff69c096000 r-xp 00000000 08:03 5253231                    /usr/lib/libnss_myhostname.so.2
7ff69c096000-7ff69c097000 ---p 00010000 08:03 5253231                    /usr/lib/libnss_myhostname.so.2
7ff69c097000-7ff69c099000 r--p 00010000 08:03 5253231                    /usr/lib/libnss_myhostname.so.2
7ff69c099000-7ff69c09a000 rw-p 00012000 08:03 5253231                    /usr/lib/libnss_myhostname.so.2
7ff69c09a000-7ff69c09d000 ---p 00000000 00:00 0 
7ff69c09d000-7ff69c0d3000 rw-p 00000000 00:00 0 
7ff69c0d3000-7ff69c107000 r-xp 00000000 08:03 5264433                    /usr/lib/libpng16.so.16.23.0
7ff69c107000-7ff69c307000 ---p 00034000 08:03 5264433                    /usr/lib/libpng16.so.16.23.0
7ff69c307000-7ff69c308000 r--p 00034000 08:03 5264433                    /usr/lib/libpng16.so.16.23.0
7ff69c308000-7ff69c309000 rw-p 00035000 08:03 5264433                    /usr/lib/libpng16.so.16.23.0
7ff69c309000-7ff69c318000 r-xp 00000000 08:03 5249251                    /usr/lib/libbz2.so.1.0.6
7ff69c318000-7ff69c517000 ---p 0000f000 08:03 5249251                    /usr/lib/libbz2.so.1.0.6
7ff69c517000-7ff69c519000 rw-p 0000e000 08:03 5249251                    /usr/lib/libbz2.so.1.0.6
7ff69c519000-7ff69c52f000 r-xp 00000000 08:03 5246433                    /usr/lib/libgcc_s.so.1
7ff69c52f000-7ff69c72e000 ---p 00016000 08:03 5246433                    /usr/lib/libgcc_s.so.1
7ff69c72e000-7ff69c72f000 rw-p 00015000 08:03 5246433                    /usr/lib/libgcc_s.so.1
7ff69c72f000-7ff69c7e5000 r-xp 00000000 08:03 5264483                    /usr/lib/libfreetype.so.6.12.5
7ff69c7e5000-7ff69c9e4000 ---p 000b6000 08:03 5264483                    /usr/lib/libfreetype.so.6.12.5
7ff69c9e4000-7ff69c9ea000 r--p 000b5000 08:03 5264483                    /usr/lib/libfreetype.so.6.12.5
7ff69c9ea000-7ff69c9eb000 rw-p 000bb000 08:03 5264483                    /usr/lib/libfreetype.so.6.12.5
7ff69c9eb000-7ff69ca4c000 r-xp 00000000 08:03 5905449                    /usr/lib/jvm/java-8-openjdk/jre/lib/amd64/libfontmanager.so
7ff69ca4c000-7ff69cc4c000 ---p 00061000 08:03 5905449                    /usr/lib/jvm/java-8-openjdk/jre/lib/amd64/libfontmanager.so
7ff69cc4c000-7ff69cc50000 rw-p 00061000 08:03 5905449                    /usr/lib/jvm/java-8-openjdk/jre/lib/amd64/libfontmanager.so
7ff69cc50000-7ff69cc55000 r-xp 00000000 08:03 5264426                    /usr/lib/libXdmcp.so.6.0.0
7ff69cc55000-7ff69ce54000 ---p 00005000 08:03 5264426                    /usr/lib/libXdmcp.so.6.0.0
7ff69ce54000-7ff69ce55000 r--p 00004000 08:03 5264426                    /usr/lib/libXdmcp.so.6.0.0
7ff69ce55000-7ff69ce56000 rw-p 00005000 08:03 5264426                    /usr/lib/libXdmcp.so.6.0.0
7ff69ce56000-7ff69ce58000 r-xp 00000000 08:03 5264569                    /usr/lib/libXau.so.6.0.0
7ff69ce58000-7ff69d058000 ---p 00002000 08:03 5264569                    /usr/lib/libXau.so.6.0.0
7ff69d058000-7ff69d059000 r--p 00002000 08:03 5264569                    /usr/lib/libXau.so.6.0.0
7ff69d059000-7ff69d05a000 rw-p 00003000 08:03 5264569                    /usr/lib/libXau.so.6.0.0
7ff69d05a000-7ff69d082000 r-xp 00000000 08:03 5264668                    /usr/lib/libxcb.so.1.1.0
7ff69d082000-7ff69d281000 ---p 00028000 08:03 5264668                    /usr/lib/libxcb.so.1.1.0
7ff69d281000-7ff69d282000 r--p 00027000 08:03 5264668                    /usr/lib/libxcb.so.1.1.0
7ff69d282000-7ff69d283000 rw-p 00028000 08:03 5264668                    /usr/lib/libxcb.so.1.1.0
7ff69d283000-7ff69d292000 r-xp 00000000 08:03 5269325                    /usr/lib/libXi.so.6.1.0
7ff69d292000-7ff69d491000 ---p 0000f000 08:03 5269325                    /usr/lib/libXi.so.6.1.0
7ff69d491000-7ff69d492000 r--p 0000e000 08:03 5269325                    /usr/lib/libXi.so.6.1.0
7ff69d492000-7ff69d493000 rw-p 0000f000 08:03 5269325                    /usr/lib/libXi.so.6.1.0
7ff69d493000-7ff69d498000 r-xp 00000000 08:03 5269506                    /usr/lib/libXtst.so.6.1.0
7ff69d498000-7ff69d697000 ---p 00005000 08:03 5269506                    /usr/lib/libXtst.so.6.1.0
7ff69d697000-7ff69d698000 r--p 00004000 08:03 5269506                    /usr/lib/libXtst.so.6.1.0
7ff69d698000-7ff69d699000 rw-p 00005000 08:03 5269506                    /usr/lib/libXtst.so.6.1.0
7ff69d699000-7ff69d6a2000 r-xp 00000000 08:03 5268501                    /usr/lib/libXrender.so.1.3.0
7ff69d6a2000-7ff69d8a1000 ---p 00009000 08:03 5268501                    /usr/lib/libXrender.so.1.3.0
7ff69d8a1000-7ff69d8a2000 r--p 00008000 08:03 5268501                    /usr/lib/libXrender.so.1.3.0
7ff69d8a2000-7ff69d8a3000 rw-p 00009000 08:03 5268501                    /usr/lib/libXrender.so.1.3.0
7ff69d8a3000-7ff69d9de000 r-xp 00000000 08:03 5266962                    /usr/lib/libX11.so.6.3.0
7ff69d9de000-7ff69dbdd000 ---p 0013b000 08:03 5266962                    /usr/lib/libX11.so.6.3.0
7ff69dbdd000-7ff69dbdf000 r--p 0013a000 08:03 5266962                    /usr/lib/libX11.so.6.3.0
7ff69dbdf000-7ff69dbe4000 rw-p 0013c000 08:03 5266962                    /usr/lib/libX11.so.6.3.0
7ff69dbe4000-7ff69dbe5000 rw-p 00000000 00:00 0 
7ff69dbe5000-7ff69dbf6000 r-xp 00000000 08:03 5268193                    /usr/lib/libXext.so.6.4.0
7ff69dbf6000-7ff69ddf5000 ---p 00011000 08:03 5268193                    /usr/lib/libXext.so.6.4.0
7ff69ddf5000-7ff69ddf6000 r--p 00010000 08:03 5268193                    /usr/lib/libXext.so.6.4.0
7ff69ddf6000-7ff69ddf7000 rw-p 00011000 08:03 5268193                    /usr/lib/libXext.so.6.4.0
7ff69ddf7000-7ff69de28000 rw-p 00000000 00:00 0 
7ff69de28000-7ff69de7b000 r-xp 00000000 08:03 5905447                    /usr/lib/jvm/java-8-openjdk/jre/lib/amd64/libawt_xawt.so
7ff69de7b000-7ff69e07b000 ---p 00053000 08:03 5905447                    /usr/lib/jvm/java-8-openjdk/jre/lib/amd64/libawt_xawt.so
7ff69e07b000-7ff69e07e000 rw-p 00053000 08:03 5905447                    /usr/lib/jvm/java-8-openjdk/jre/lib/amd64/libawt_xawt.so
7ff69e07e000-7ff69e07f000 rw-p 00000000 00:00 0 
7ff69e07f000-7ff69e11d000 r-xp 00000000 08:03 5905442                    /usr/lib/jvm/java-8-openjdk/jre/lib/amd64/libawt.so
7ff69e11d000-7ff69e31d000 ---p 0009e000 08:03 5905442                    /usr/lib/jvm/java-8-openjdk/jre/lib/amd64/libawt.so
7ff69e31d000-7ff69e329000 rw-p 0009e000 08:03 5905442                    /usr/lib/jvm/java-8-openjdk/jre/lib/amd64/libawt.so
7ff69e329000-7ff69e34d000 rw-p 00000000 00:00 0 
7ff69e34d000-7ff69e34e000 ---p 00000000 00:00 0 
7ff69e34e000-7ff69e44e000 rw-p 00000000 00:00 0 
7ff69e44e000-7ff69e451000 ---p 00000000 00:00 0 
7ff69e451000-7ff69e54f000 rw-p 00000000 00:00 0 
7ff69e54f000-7ff69e552000 ---p 00000000 00:00 0 
7ff69e552000-7ff69e650000 rw-p 00000000 00:00 0 
7ff69e650000-7ff69e653000 ---p 00000000 00:00 0 
7ff69e653000-7ff69e751000 rw-p 00000000 00:00 0 
7ff69e751000-7ff69e754000 ---p 00000000 00:00 0 
7ff69e754000-7ff69e852000 rw-p 00000000 00:00 0 
7ff69e852000-7ff69e855000 ---p 00000000 00:00 0 
7ff69e855000-7ff69e953000 rw-p 00000000 00:00 0 
7ff69e953000-7ff69e956000 ---p 00000000 00:00 0 
7ff69e956000-7ff69ea54000 rw-p 00000000 00:00 0 
7ff69ea54000-7ff69ebec000 r--p 00000000 08:03 5281274                    /usr/lib/locale/locale-archive
7ff69ebec000-7ff69ebef000 ---p 00000000 00:00 0 
7ff69ebef000-7ff69eced000 rw-p 00000000 00:00 0 
7ff69eced000-7ff69ecf0000 ---p 00000000 00:00 0 
7ff69ecf0000-7ff69edee000 rw-p 00000000 00:00 0 
7ff69edee000-7ff69edef000 ---p 00000000 00:00 0 
7ff69edef000-7ff6a0000000 rw-p 00000000 00:00 0 
7ff6a0000000-7ff6a0021000 rw-p 00000000 00:00 0 
7ff6a0021000-7ff6a4000000 ---p 00000000 00:00 0 
7ff6a4000000-7ff6a4021000 rw-p 00000000 00:00 0 
7ff6a4021000-7ff6a8000000 ---p 00000000 00:00 0 
7ff6a8000000-7ff6a8021000 rw-p 00000000 00:00 0 
7ff6a8021000-7ff6ac000000 ---p 00000000 00:00 0 
7ff6ac000000-7ff6ac021000 rw-p 00000000 00:00 0 
7ff6ac021000-7ff6b0000000 ---p 00000000 00:00 0 
7ff6b0000000-7ff6b0021000 rw-p 00000000 00:00 0 
7ff6b0021000-7ff6b4000000 ---p 00000000 00:00 0 
7ff6b4000000-7ff6b4021000 rw-p 00000000 00:00 0 
7ff6b4021000-7ff6b8000000 ---p 00000000 00:00 0 
7ff6b8000000-7ff6b8002000 rw-s 00000000 00:23 168959                     /tmp/.gl4e51F4 (deleted)
7ff6b8002000-7ff6b8003000 rw-s 3d60e6000 00:06 9877                      /dev/nvidiactl
7ff6b8003000-7ff6b8007000 rw-s 3d602b000 00:06 9877                      /dev/nvidiactl
7ff6b8007000-7ff6b8008000 rw-s cfd66000 00:06 13745                      /dev/nvidia0
7ff6b8008000-7ff6b8009000 rw-s cfd66000 00:06 13745                      /dev/nvidia0
7ff6b8009000-7ff6b800a000 rw-s cfd66000 00:06 13745                      /dev/nvidia0
7ff6b800a000-7ff6b800b000 rw-s 3cb468000 00:06 9877                      /dev/nvidiactl
7ff6b800b000-7ff6b800c000 rw-s de060000 00:06 13745                      /dev/nvidia0
7ff6b800c000-7ff6b8010000 rw-s 4370c1000 00:06 9877                      /dev/nvidiactl
7ff6b8010000-7ff6b8020000 rw-s 00000000 08:03 3151534                    /home/twittumz/#3151534 (deleted)
7ff6b8020000-7ff6b8030000 r-xs 00000000 08:03 3151534                    /home/twittumz/#3151534 (deleted)
7ff6b8030000-7ff6b8054000 r--s 0031e000 08:03 3279997                    /home/twittumz/Desktop/git/2DMapEditor/libs/jogl/jar/jogl-all.jar
7ff6b8054000-7ff6b9000000 rw-p 00000000 00:00 0 
7ff6b9000000-7ff6b9380000 rwxp 00000000 00:00 0 
7ff6b9380000-7ff6c8000000 ---p 00000000 00:00 0 
7ff6c8000000-7ff6c8a22000 rw-p 00000000 00:00 0 
7ff6c8a22000-7ff6cc000000 ---p 00000000 00:00 0 
7ff6cc000000-7ff6cc001000 rw-s 368c16000 00:06 9877                      /dev/nvidiactl
7ff6cc001000-7ff6cc002000 rw-s cfd66000 00:06 13745                      /dev/nvidia0
7ff6cc002000-7ff6cc003000 rw-s cfd66000 00:06 13745                      /dev/nvidia0
7ff6cc003000-7ff6cc004000 rw-s cfd66000 00:06 13745                      /dev/nvidia0
7ff6cc004000-7ff6cc005000 rw-s 3cb70c000 00:06 9877                      /dev/nvidiactl
7ff6cc005000-7ff6cc007000 r--s 00000000 08:03 3279886                    /home/twittumz/Desktop/git/2DMapEditor/libs/jogl/jar/gluegen-rt-natives-linux-amd64.jar
7ff6cc007000-7ff6cc01a000 r--s 00345000 08:03 5905402                    /usr/lib/jvm/java-8-openjdk/jre/lib/resources.jar
7ff6cc01a000-7ff6cc380000 rw-p 00000000 00:00 0 
7ff6cc380000-7ff6cc54d000 r--s 03bec000 08:03 5905403                    /usr/lib/jvm/java-8-openjdk/jre/lib/rt.jar
7ff6cc54d000-7ff6ccdea000 rw-p 00000000 00:00 0 
7ff6ccdea000-7ff6ccdeb000 ---p 00000000 00:00 0 
7ff6ccdeb000-7ff6cceeb000 rw-p 00000000 00:00 0 
7ff6cceeb000-7ff6cceec000 ---p 00000000 00:00 0 
7ff6cceec000-7ff6ccfec000 rw-p 00000000 00:00 0 
7ff6ccfec000-7ff6ccfed000 ---p 00000000 00:00 0 
7ff6ccfed000-7ff6cd0ed000 rw-p 00000000 00:00 0 
7ff6cd0ed000-7ff6cd0ee000 ---p 00000000 00:00 0 
7ff6cd0ee000-7ff6cd1ee000 rw-p 00000000 00:00 0 
7ff6cd1ee000-7ff6cd1ef000 ---p 00000000 00:00 0 
7ff6cd1ef000-7ff6cd2ef000 rw-p 00000000 00:00 0 
7ff6cd2ef000-7ff6cd2f0000 ---p 00000000 00:00 0 
7ff6cd2f0000-7ff6cd3f0000 rw-p 00000000 00:00 0 
7ff6cd3f0000-7ff6cd3f1000 ---p 00000000 00:00 0 
7ff6cd3f1000-7ff6cd4f1000 rw-p 00000000 00:00 0 
7ff6cd4f1000-7ff6cd4f2000 ---p 00000000 00:00 0 
7ff6cd4f2000-7ff6cd646000 rw-p 00000000 00:00 0 
7ff6cd646000-7ff6cdb25000 ---p 00000000 00:00 0 
7ff6cdb25000-7ff6cdb79000 rw-p 00000000 00:00 0 
7ff6cdb79000-7ff6ce057000 ---p 00000000 00:00 0 
7ff6ce057000-7ff6ce082000 rw-p 00000000 00:00 0 
7ff6ce082000-7ff6ce2f1000 ---p 00000000 00:00 0 
7ff6ce2f1000-7ff6ce300000 rw-p 00000000 00:00 0 
7ff6ce300000-7ff6ce6b2000 ---p 00000000 00:00 0 
7ff6ce6b2000-7ff6ce6ba000 r-xp 00000000 08:03 5905430                    /usr/lib/jvm/java-8-openjdk/jre/lib/amd64/libzip.so
7ff6ce6ba000-7ff6ce8b9000 ---p 00008000 08:03 5905430                    /usr/lib/jvm/java-8-openjdk/jre/lib/amd64/libzip.so
7ff6ce8b9000-7ff6ce8ba000 rw-p 00007000 08:03 5905430                    /usr/lib/jvm/java-8-openjdk/jre/lib/amd64/libzip.so
7ff6ce8ba000-7ff6ce8c5000 r-xp 00000000 08:03 5246155                    /usr/lib/libnss_files-2.23.so
7ff6ce8c5000-7ff6ceac4000 ---p 0000b000 08:03 5246155                    /usr/lib/libnss_files-2.23.so
7ff6ceac4000-7ff6ceac5000 r--p 0000a000 08:03 5246155                    /usr/lib/libnss_files-2.23.so
7ff6ceac5000-7ff6ceac6000 rw-p 0000b000 08:03 5246155                    /usr/lib/libnss_files-2.23.so
7ff6ceac6000-7ff6ceacc000 rw-p 00000000 00:00 0 
7ff6ceacc000-7ff6ceaf8000 r-xp 00000000 08:03 5905429                    /usr/lib/jvm/java-8-openjdk/jre/lib/amd64/libjava.so
7ff6ceaf8000-7ff6cecf8000 ---p 0002c000 08:03 5905429                    /usr/lib/jvm/java-8-openjdk/jre/lib/amd64/libjava.so
7ff6cecf8000-7ff6cecfa000 rw-p 0002c000 08:03 5905429                    /usr/lib/jvm/java-8-openjdk/jre/lib/amd64/libjava.so
7ff6cecfa000-7ff6ced07000 r-xp 00000000 08:03 5905422                    /usr/lib/jvm/java-8-openjdk/jre/lib/amd64/libverify.so
7ff6ced07000-7ff6cef06000 ---p 0000d000 08:03 5905422                    /usr/lib/jvm/java-8-openjdk/jre/lib/amd64/libverify.so
7ff6cef06000-7ff6cef08000 rw-p 0000c000 08:03 5905422                    /usr/lib/jvm/java-8-openjdk/jre/lib/amd64/libverify.so
7ff6cef08000-7ff6cef0f000 r-xp 00000000 08:03 5246163                    /usr/lib/librt-2.23.so
7ff6cef0f000-7ff6cf10e000 ---p 00007000 08:03 5246163                    /usr/lib/librt-2.23.so
7ff6cf10e000-7ff6cf10f000 r--p 00006000 08:03 5246163                    /usr/lib/librt-2.23.so
7ff6cf10f000-7ff6cf110000 rw-p 00007000 08:03 5246163                    /usr/lib/librt-2.23.so
7ff6cf110000-7ff6cf213000 r-xp 00000000 08:03 5246160                    /usr/lib/libm-2.23.so
7ff6cf213000-7ff6cf412000 ---p 00103000 08:03 5246160                    /usr/lib/libm-2.23.so
7ff6cf412000-7ff6cf413000 r--p 00102000 08:03 5246160                    /usr/lib/libm-2.23.so
7ff6cf413000-7ff6cf414000 rw-p 00103000 08:03 5246160                    /usr/lib/libm-2.23.so
7ff6cf414000-7ff6d0069000 r-xp 00000000 08:03 6170591                    /usr/lib/jvm/java-8-openjdk/jre/lib/amd64/server/libjvm.so
7ff6d0069000-7ff6d0269000 ---p 00c55000 08:03 6170591                    /usr/lib/jvm/java-8-openjdk/jre/lib/amd64/server/libjvm.so
7ff6d0269000-7ff6d0325000 rw-p 00c55000 08:03 6170591                    /usr/lib/jvm/java-8-openjdk/jre/lib/amd64/server/libjvm.so
7ff6d0325000-7ff6d0355000 rw-p 00000000 00:00 0 
7ff6d0355000-7ff6d04ec000 r-xp 00000000 08:03 5246102                    /usr/lib/libc-2.23.so
7ff6d04ec000-7ff6d06ec000 ---p 00197000 08:03 5246102                    /usr/lib/libc-2.23.so
7ff6d06ec000-7ff6d06f0000 r--p 00197000 08:03 5246102                    /usr/lib/libc-2.23.so
7ff6d06f0000-7ff6d06f2000 rw-p 0019b000 08:03 5246102                    /usr/lib/libc-2.23.so
7ff6d06f2000-7ff6d06f6000 rw-p 00000000 00:00 0 
7ff6d06f6000-7ff6d06f8000 r-xp 00000000 08:03 5246159                    /usr/lib/libdl-2.23.so
7ff6d06f8000-7ff6d08f8000 ---p 00002000 08:03 5246159                    /usr/lib/libdl-2.23.so
7ff6d08f8000-7ff6d08f9000 r--p 00002000 08:03 5246159                    /usr/lib/libdl-2.23.so
7ff6d08f9000-7ff6d08fa000 rw-p 00003000 08:03 5246159                    /usr/lib/libdl-2.23.so
7ff6d08fa000-7ff6d0907000 r-xp 00000000 08:03 6170588                    /usr/lib/jvm/java-8-openjdk/jre/lib/amd64/jli/libjli.so
7ff6d0907000-7ff6d0b06000 ---p 0000d000 08:03 6170588                    /usr/lib/jvm/java-8-openjdk/jre/lib/amd64/jli/libjli.so
7ff6d0b06000-7ff6d0b07000 rw-p 0000c000 08:03 6170588                    /usr/lib/jvm/java-8-openjdk/jre/lib/amd64/jli/libjli.so
7ff6d0b07000-7ff6d0b1c000 r-xp 00000000 08:03 5253324                    /usr/lib/libz.so.1.2.8
7ff6d0b1c000-7ff6d0d1b000 ---p 00015000 08:03 5253324                    /usr/lib/libz.so.1.2.8
7ff6d0d1b000-7ff6d0d1c000 r--p 00014000 08:03 5253324                    /usr/lib/libz.so.1.2.8
7ff6d0d1c000-7ff6d0d1d000 rw-p 00015000 08:03 5253324                    /usr/lib/libz.so.1.2.8
7ff6d0d1d000-7ff6d0d35000 r-xp 00000000 08:03 5246083                    /usr/lib/libpthread-2.23.so
7ff6d0d35000-7ff6d0f34000 ---p 00018000 08:03 5246083                    /usr/lib/libpthread-2.23.so
7ff6d0f34000-7ff6d0f35000 r--p 00017000 08:03 5246083                    /usr/lib/libpthread-2.23.so
7ff6d0f35000-7ff6d0f36000 rw-p 00018000 08:03 5246083                    /usr/lib/libpthread-2.23.so
7ff6d0f36000-7ff6d0f3a000 rw-p 00000000 00:00 0 
7ff6d0f3a000-7ff6d0f5d000 r-xp 00000000 08:03 5246101                    /usr/lib/ld-2.23.so
7ff6d0f5d000-7ff6d0f5e000 r--s 00036000 08:03 3279976                    /home/twittumz/Desktop/git/2DMapEditor/libs/jogl/jar/jogl-all-natives-linux-amd64.jar
7ff6d0f5e000-7ff6d0f5f000 r--p 00000000 00:00 0 
7ff6d0f5f000-7ff6d0f63000 r--s 00097000 08:03 5905401                    /usr/lib/jvm/java-8-openjdk/jre/lib/jsse.jar
7ff6d0f63000-7ff6d1026000 rw-p 00000000 00:00 0 
7ff6d1026000-7ff6d1029000 ---p 00000000 00:00 0 
7ff6d1029000-7ff6d112b000 rw-p 00000000 00:00 0 
7ff6d112b000-7ff6d1131000 r--s 0004f000 08:03 3279895                    /home/twittumz/Desktop/git/2DMapEditor/libs/jogl/jar/gluegen-rt.jar
7ff6d1131000-7ff6d1152000 rw-p 00000000 00:00 0 
7ff6d1152000-7ff6d115a000 rw-s 00000000 00:23 173666                     /tmp/hsperfdata_twittumz/2327
7ff6d115a000-7ff6d115b000 rw-p 00000000 00:00 0 
7ff6d115b000-7ff6d115c000 r--p 00000000 00:00 0 
7ff6d115c000-7ff6d115d000 rw-p 00000000 00:00 0 
7ff6d115d000-7ff6d115e000 r--p 00023000 08:03 5246101                    /usr/lib/ld-2.23.so
7ff6d115e000-7ff6d115f000 rw-p 00024000 08:03 5246101                    /usr/lib/ld-2.23.so
7ff6d115f000-7ff6d1160000 rw-p 00000000 00:00 0 
7ffebe667000-7ffebe688000 rw-p 00000000 00:00 0                          [stack]
7ffebe6c5000-7ffebe6c8000 r--p 00000000 00:00 0                          [vvar]
7ffebe6c8000-7ffebe6ca000 r-xp 00000000 00:00 0                          [vdso]
ffffffffff600000-ffffffffff601000 r-xp 00000000 00:00 0                  [vsyscall]

VM Arguments:
jvm_args: -Dfile.encoding=UTF-8 
java_command: Editor.Main
java_class_path (initial): /home/twittumz/Desktop/git/2DMapEditor/2dMapEditor/bin:/home/twittumz/Desktop/git/2DMapEditor/libs/jogl/jar/gluegen-rt.jar:/home/twittumz/Desktop/git/2DMapEditor/libs/jogl/jar/jogl-all.jar
Launcher Type: SUN_STANDARD

Environment Variables:
PATH=/usr/local/sbin:/usr/local/bin:/usr/bin:/usr/lib/jvm/default/bin:/usr/bin/site_perl:/usr/bin/vendor_perl:/usr/bin/core_perl
USERNAME=twittumz
SHELL=/bin/bash
DISPLAY=:1

Signal Handlers:
SIGSEGV: [libjvm.so+0xa5a220], sa_mask[0]=11111111011111111101111111111110, sa_flags=SA_RESTART|SA_SIGINFO
SIGBUS: [libjvm.so+0xa5a220], sa_mask[0]=11111111011111111101111111111110, sa_flags=SA_RESTART|SA_SIGINFO
SIGFPE: [libjvm.so+0x8a5a90], sa_mask[0]=11111111011111111101111111111110, sa_flags=SA_RESTART|SA_SIGINFO
SIGPIPE: [libjvm.so+0x8a5a90], sa_mask[0]=11111111011111111101111111111110, sa_flags=SA_RESTART|SA_SIGINFO
SIGXFSZ: [libjvm.so+0x8a5a90], sa_mask[0]=11111111011111111101111111111110, sa_flags=SA_RESTART|SA_SIGINFO
SIGILL: [libjvm.so+0x8a5a90], sa_mask[0]=11111111011111111101111111111110, sa_flags=SA_RESTART|SA_SIGINFO
SIGUSR1: SIG_DFL, sa_mask[0]=00000000000000000000000000000000, sa_flags=none
SIGUSR2: [libjvm.so+0x8a5940], sa_mask[0]=00100000000000000000000000000000, sa_flags=SA_RESTART|SA_SIGINFO
SIGHUP: [libjvm.so+0x8a5e10], sa_mask[0]=11111111011111111101111111111110, sa_flags=SA_RESTART|SA_SIGINFO
SIGINT: [libjvm.so+0x8a5e10], sa_mask[0]=11111111011111111101111111111110, sa_flags=SA_RESTART|SA_SIGINFO
SIGTERM: [libjvm.so+0x8a5e10], sa_mask[0]=11111111011111111101111111111110, sa_flags=SA_RESTART|SA_SIGINFO
SIGQUIT: [libjvm.so+0x8a5e10], sa_mask[0]=11111111011111111101111111111110, sa_flags=SA_RESTART|SA_SIGINFO


---------------  S Y S T E M  ---------------

OS:NAME="Arch Linux"
ID=arch
PRETTY_NAME="Arch Linux"
ANSI_COLOR="0;36"
HOME_URL="https://www.archlinux.org/"
SUPPORT_URL="https://bbs.archlinux.org/"
BUG_REPORT_URL="https://bugs.archlinux.org/"


uname:Linux 4.6.3-1-ARCH #1 SMP PREEMPT Fri Jun 24 21:19:13 CEST 2016 x86_64
libc:glibc 2.23 NPTL 2.23 
rlimit: STACK 8192k, CORE infinity, NPROC 63849, NOFILE 4096, AS infinity
load average:0.22 0.34 0.42

/proc/meminfo:
MemTotal:       16350744 kB
MemFree:        11386160 kB
MemAvailable:   12735408 kB
Buffers:           72856 kB
Cached:          1523940 kB
SwapCached:            0 kB
Active:          3425196 kB
Inactive:        1206872 kB
Active(anon):    3035972 kB
Inactive(anon):    30972 kB
Active(file):     389224 kB
Inactive(file):  1175900 kB
Unevictable:           0 kB
Mlocked:               0 kB
SwapTotal:       4191228 kB
SwapFree:        4191228 kB
Dirty:               108 kB
Writeback:             0 kB
AnonPages:       2653404 kB
Mapped:           383604 kB
Shmem:             31676 kB
Slab:             124404 kB
SReclaimable:      82912 kB
SUnreclaim:        41492 kB
KernelStack:        9088 kB
PageTables:        29396 kB
NFS_Unstable:          0 kB
Bounce:                0 kB
WritebackTmp:          0 kB
CommitLimit:    12366600 kB
Committed_AS:    5648568 kB
VmallocTotal:   34359738367 kB
VmallocUsed:           0 kB
VmallocChunk:          0 kB
HardwareCorrupted:     0 kB
AnonHugePages:   1671168 kB
HugePages_Total:       0
HugePages_Free:        0
HugePages_Rsvd:        0
HugePages_Surp:        0
Hugepagesize:       2048 kB
DirectMap4k:      251356 kB
DirectMap2M:     7002112 kB
DirectMap1G:     9437184 kB


CPU:total 8 (4 cores per cpu, 2 threads per core) family 6 model 94 stepping 3, cmov, cx8, fxsr, mmx, sse, sse2, sse3, ssse3, sse4.1, sse4.2, popcnt, avx, avx2, aes, clmul, erms, rtm, 3dnowpref, lzcnt, ht, tsc, tscinvbit, bmi1, bmi2, adx

/proc/cpuinfo:
processor	: 0
vendor_id	: GenuineIntel
cpu family	: 6
model		: 94
model name	: Intel(R) Core(TM) i7-6700K CPU @ 4.00GHz
stepping	: 3
microcode	: 0x6a
cpu MHz		: 4182.031
cache size	: 8192 KB
physical id	: 0
siblings	: 8
core id		: 0
cpu cores	: 4
apicid		: 0
initial apicid	: 0
fpu		: yes
fpu_exception	: yes
cpuid level	: 22
wp		: yes
flags		: fpu vme de pse tsc msr pae mce cx8 apic sep mtrr pge mca cmov pat pse36 clflush dts acpi mmx fxsr sse sse2 ss ht tm pbe syscall nx pdpe1gb rdtscp lm constant_tsc art arch_perfmon pebs bts rep_good nopl xtopology nonstop_tsc aperfmperf eagerfpu pni pclmulqdq dtes64 monitor ds_cpl vmx est tm2 ssse3 sdbg fma cx16 xtpr pdcm pcid sse4_1 sse4_2 x2apic movbe popcnt tsc_deadline_timer aes xsave avx f16c rdrand lahf_lm abm 3dnowprefetch epb intel_pt tpr_shadow vnmi flexpriority ept vpid fsgsbase tsc_adjust bmi1 hle avx2 smep bmi2 erms invpcid rtm mpx rdseed adx smap clflushopt xsaveopt xsavec xgetbv1 dtherm ida arat pln pts hwp hwp_notify hwp_act_window hwp_epp
bugs		:
bogomips	: 8019.73
clflush size	: 64
cache_alignment	: 64
address sizes	: 39 bits physical, 48 bits virtual
power management:

processor	: 1
vendor_id	: GenuineIntel
cpu family	: 6
model		: 94
model name	: Intel(R) Core(TM) i7-6700K CPU @ 4.00GHz
stepping	: 3
microcode	: 0x6a
cpu MHz		: 4104.687
cache size	: 8192 KB
physical id	: 0
siblings	: 8
core id		: 1
cpu cores	: 4
apicid		: 2
initial apicid	: 2
fpu		: yes
fpu_exception	: yes
cpuid level	: 22
wp		: yes
flags		: fpu vme de pse tsc msr pae mce cx8 apic sep mtrr pge mca cmov pat pse36 clflush dts acpi mmx fxsr sse sse2 ss ht tm pbe syscall nx pdpe1gb rdtscp lm constant_tsc art arch_perfmon pebs bts rep_good nopl xtopology nonstop_tsc aperfmperf eagerfpu pni pclmulqdq dtes64 monitor ds_cpl vmx est tm2 ssse3 sdbg fma cx16 xtpr pdcm pcid sse4_1 sse4_2 x2apic movbe popcnt tsc_deadline_timer aes xsave avx f16c rdrand lahf_lm abm 3dnowprefetch epb intel_pt tpr_shadow vnmi flexpriority ept vpid fsgsbase tsc_adjust bmi1 hle avx2 smep bmi2 erms invpcid rtm mpx rdseed adx smap clflushopt xsaveopt xsavec xgetbv1 dtherm ida arat pln pts hwp hwp_notify hwp_act_window hwp_epp
bugs		:
bogomips	: 8020.80
clflush size	: 64
cache_alignment	: 64
address sizes	: 39 bits physical, 48 bits virtual
power management:

processor	: 2
vendor_id	: GenuineIntel
cpu family	: 6
model		: 94
model name	: Intel(R) Core(TM) i7-6700K CPU @ 4.00GHz
stepping	: 3
microcode	: 0x6a
cpu MHz		: 4100.156
cache size	: 8192 KB
physical id	: 0
siblings	: 8
core id		: 2
cpu cores	: 4
apicid		: 4
initial apicid	: 4
fpu		: yes
fpu_exception	: yes
cpuid level	: 22
wp		: yes
flags		: fpu vme de pse tsc msr pae mce cx8 apic sep mtrr pge mca cmov pat pse36 clflush dts acpi mmx fxsr sse sse2 ss ht tm pbe syscall nx pdpe1gb rdtscp lm constant_tsc art arch_perfmon pebs bts rep_good nopl xtopology nonstop_tsc aperfmperf eagerfpu pni pclmulqdq dtes64 monitor ds_cpl vmx est tm2 ssse3 sdbg fma cx16 xtpr pdcm pcid sse4_1 sse4_2 x2apic movbe popcnt tsc_deadline_timer aes xsave avx f16c rdrand lahf_lm abm 3dnowprefetch epb intel_pt tpr_shadow vnmi flexpriority ept vpid fsgsbase tsc_adjust bmi1 hle avx2 smep bmi2 erms invpcid rtm mpx rdseed adx smap clflushopt xsaveopt xsavec xgetbv1 dtherm ida arat pln pts hwp hwp_notify hwp_act_window hwp_epp
bugs		:
bogomips	: 8021.87
clflush size	: 64
cache_alignment	: 64
address sizes	: 39 bits physical, 48 bits virtual
power management:

processor	: 3
vendor_id	: GenuineIntel
cpu family	: 6
model		: 94
model name	: Intel(R) Core(TM) i7-6700K CPU @ 4.00GHz
stepping	: 3
microcode	: 0x6a
cpu MHz		: 4118.125
cache size	: 8192 KB
physical id	: 0
siblings	: 8
core id		: 3
cpu cores	: 4
apicid		: 6
initial apicid	: 6
fpu		: yes
fpu_exception	: yes
cpuid level	: 22
wp		: yes
flags		: fpu vme de pse tsc msr pae mce cx8 apic sep mtrr pge mca cmov pat pse36 clflush dts acpi mmx fxsr sse sse2 ss ht tm pbe syscall nx pdpe1gb rdtscp lm constant_tsc art arch_perfmon pebs bts rep_good nopl xtopology nonstop_tsc aperfmperf eagerfpu pni pclmulqdq dtes64 monitor ds_cpl vmx est tm2 ssse3 sdbg fma cx16 xtpr pdcm pcid sse4_1 sse4_2 x2apic movbe popcnt tsc_deadline_timer aes xsave avx f16c rdrand lahf_lm abm 3dnowprefetch epb intel_pt tpr_shadow vnmi flexpriority ept vpid fsgsbase tsc_adjust bmi1 hle avx2 smep bmi2 erms invpcid rtm mpx rdseed adx smap clflushopt xsaveopt xsavec xgetbv1 dtherm ida arat pln pts hwp hwp_notify hwp_act_window hwp_epp
bugs		:
bogomips	: 8021.87
clflush size	: 64
cache_alignment	: 64
address sizes	: 39 bits physical, 48 bits virtual
power management:

processor	: 4
vendor_id	: GenuineIntel
cpu family	: 6
model		: 94
model name	: Intel(R) Core(TM) i7-6700K CPU @ 4.00GHz
stepping	: 3
microcode	: 0x6a
cpu MHz		: 4162.812
cache size	: 8192 KB
physical id	: 0
siblings	: 8
core id		: 0
cpu cores	: 4
apicid		: 1
initial apicid	: 1
fpu		: yes
fpu_exception	: yes
cpuid level	: 22
wp		: yes
flags		: fpu vme de pse tsc msr pae mce cx8 apic sep mtrr pge mca cmov pat pse36 clflush dts acpi mmx fxsr sse sse2 ss ht tm pbe syscall nx pdpe1gb rdtscp lm constant_tsc art arch_perfmon pebs bts rep_good nopl xtopology nonstop_tsc aperfmperf eagerfpu pni pclmulqdq dtes64 monitor ds_cpl vmx est tm2 ssse3 sdbg fma cx16 xtpr pdcm pcid sse4_1 sse4_2 x2apic movbe popcnt tsc_deadline_timer aes xsave avx f16c rdrand lahf_lm abm 3dnowprefetch epb intel_pt tpr_shadow vnmi flexpriority ept vpid fsgsbase tsc_adjust bmi1 hle avx2 smep bmi2 erms invpcid rtm mpx rdseed adx smap clflushopt xsaveopt xsavec xgetbv1 dtherm ida arat pln pts hwp hwp_notify hwp_act_window hwp_epp
bugs		:
bogomips	: 8021.36
clflush size	: 64
cache_alignment	: 64
address sizes	: 39 bits physical, 48 bits virtual
power management:

processor	: 5
vendor_id	: GenuineIntel
cpu family	: 6
model		: 94
model name	: Intel(R) Core(TM) i7-6700K CPU @ 4.00GHz
stepping	: 3
microcode	: 0x6a
cpu MHz		: 4104.375
cache size	: 8192 KB
physical id	: 0
siblings	: 8
core id		: 1
cpu cores	: 4
apicid		: 3
initial apicid	: 3
fpu		: yes
fpu_exception	: yes
cpuid level	: 22
wp		: yes
flags		: fpu vme de pse tsc msr pae mce cx8 apic sep mtrr pge mca cmov pat pse36 clflush dts acpi mmx fxsr sse sse2 ss ht tm pbe syscall nx pdpe1gb rdtscp lm constant_tsc art arch_perfmon pebs bts rep_good nopl xtopology nonstop_tsc aperfmperf eagerfpu pni pclmulqdq dtes64 monitor ds_cpl vmx est tm2 ssse3 sdbg fma cx16 xtpr pdcm pcid sse4_1 sse4_2 x2apic movbe popcnt tsc_deadline_timer aes xsave avx f16c rdrand lahf_lm abm 3dnowprefetch epb intel_pt tpr_shadow vnmi flexpriority ept vpid fsgsbase tsc_adjust bmi1 hle avx2 smep bmi2 erms invpcid rtm mpx rdseed adx smap clflushopt xsaveopt xsavec xgetbv1 dtherm ida arat pln pts hwp hwp_notify hwp_act_window hwp_epp
bugs		:
bogomips	: 8021.92
clflush size	: 64
cache_alignment	: 64
address sizes	: 39 bits physical, 48 bits virtual
power management:

processor	: 6
vendor_id	: GenuineIntel
cpu family	: 6
model		: 94
model name	: Intel(R) Core(TM) i7-6700K CPU @ 4.00GHz
stepping	: 3
microcode	: 0x6a
cpu MHz		: 4099.843
cache size	: 8192 KB
physical id	: 0
siblings	: 8
core id		: 2
cpu cores	: 4
apicid		: 5
initial apicid	: 5
fpu		: yes
fpu_exception	: yes
cpuid level	: 22
wp		: yes
flags		: fpu vme de pse tsc msr pae mce cx8 apic sep mtrr pge mca cmov pat pse36 clflush dts acpi mmx fxsr sse sse2 ss ht tm pbe syscall nx pdpe1gb rdtscp lm constant_tsc art arch_perfmon pebs bts rep_good nopl xtopology nonstop_tsc aperfmperf eagerfpu pni pclmulqdq dtes64 monitor ds_cpl vmx est tm2 ssse3 sdbg fma cx16 xtpr pdcm pcid sse4_1 sse4_2 x2apic movbe popcnt tsc_deadline_timer aes xsave avx f16c rdrand lahf_lm abm 3dnowprefetch epb intel_pt tpr_shadow vnmi flexpriority ept vpid fsgsbase tsc_adjust bmi1 hle avx2 smep bmi2 erms invpcid rtm mpx rdseed adx smap clflushopt xsaveopt xsavec xgetbv1 dtherm ida arat pln pts hwp hwp_notify hwp_act_window hwp_epp
bugs		:
bogomips	: 8021.91
clflush size	: 64
cache_alignment	: 64
address sizes	: 39 bits physical, 48 bits virtual
power management:

processor	: 7
vendor_id	: GenuineIntel
cpu family	: 6
model		: 94
model name	: Intel(R) Core(TM) i7-6700K CPU @ 4.00GHz
stepping	: 3
microcode	: 0x6a
cpu MHz		: 4169.218
cache size	: 8192 KB
physical id	: 0
siblings	: 8
core id		: 3
cpu cores	: 4
apicid		: 7
initial apicid	: 7
fpu		: yes
fpu_exception	: yes
cpuid level	: 22
wp		: yes
flags		: fpu vme de pse tsc msr pae mce cx8 apic sep mtrr pge mca cmov pat pse36 clflush dts acpi mmx fxsr sse sse2 ss ht tm pbe syscall nx pdpe1gb rdtscp lm constant_tsc art arch_perfmon pebs bts rep_good nopl xtopology nonstop_tsc aperfmperf eagerfpu pni pclmulqdq dtes64 monitor ds_cpl vmx est tm2 ssse3 sdbg fma cx16 xtpr pdcm pcid sse4_1 sse4_2 x2apic movbe popcnt tsc_deadline_timer aes xsave avx f16c rdrand lahf_lm abm 3dnowprefetch epb intel_pt tpr_shadow vnmi flexpriority ept vpid fsgsbase tsc_adjust bmi1 hle avx2 smep bmi2 erms invpcid rtm mpx rdseed adx smap clflushopt xsaveopt xsavec xgetbv1 dtherm ida arat pln pts hwp hwp_notify hwp_act_window hwp_epp
bugs		:
bogomips	: 8021.92
clflush size	: 64
cache_alignment	: 64
address sizes	: 39 bits physical, 48 bits virtual
power management:



Memory: 4k page, physical 16350744k(11386160k free), swap 4191228k(4191228k free)

vm_info: OpenJDK 64-Bit Server VM (25.92-b14) for linux-amd64 JRE (1.8.0_92-b14), built on Apr 24 2016 15:02:36 by "builduser" with gcc 5.3.0

time: Mon Jul 25 16:49:53 2016
elapsed time: 0 seconds (0d 0h 0m 0s)

