#
# A fatal error has been detected by the Java Runtime Environment:
#
#  SIGSEGV (0xb) at pc=0x0000000041c22e7e, pid=4756, tid=0x00007f8799d11700
#
# JRE version: OpenJDK Runtime Environment (8.0_92-b14) (build 1.8.0_92-b14)
# Java VM: OpenJDK 64-Bit Server VM (25.92-b14 mixed mode linux-amd64 compressed oops)
# Problematic frame:
# C  0x0000000041c22e7e
#
# Core dump written. Default location: /home/twittumz/Desktop/git/2DMapEditor/2dMapEditor/core or core.4756
#
# If you would like to submit a bug report, please visit:
#   http://bugreport.java.com/bugreport/crash.jsp
# The crash happened outside the Java Virtual Machine in native code.
# See problematic frame for where to report the bug.
#

---------------  T H R E A D  ---------------

Current thread (0x00007f87fc2a6000):  JavaThread "AWT-EventQueue-0" [_thread_in_native, id=4784, stack(0x00007f8799c11000,0x00007f8799d12000)]

siginfo: si_signo: 11 (SIGSEGV), si_code: 1 (SEGV_MAPERR), si_addr: 0x0000000000000000

Registers:
RAX=0x00007f876cba11c0, RBX=0x000000004033b000, RCX=0x0000000000000000, RDX=0x0000000000000004
RSP=0x00007f8799d0f688, RBP=0x0000000000000040, RSI=0x0000000000000000, RDI=0x0000000000000000
R8 =0x00007f87843e88b0, R9 =0x0000000102e40000, R10=0x0000000000000050, R11=0x0000000000000000
R12=0x0000000000000000, R13=0x0000000000000004, R14=0x0000000000000000, R15=0x00007f8784147f50
RIP=0x0000000041c22e7e, EFLAGS=0x0000000000010246, CSGSFS=0x002b000000000033, ERR=0x0000000000000004
  TRAPNO=0x000000000000000e

Top of Stack: (sp=0x00007f8799d0f688)
0x00007f8799d0f688:   00007f876f46f8c4 0000000500000000
0x00007f8799d0f698:   000000004038bfa0 00007f87fc2a6000
0x00007f8799d0f6a8:   00007f876f47033e 00007f876cba11c0
0x00007f8799d0f6b8:   000000004033b000 000000004037fdf0
0x00007f8799d0f6c8:   0000000000000005 0000000000000000
0x00007f8799d0f6d8:   00007f8799d0f820 00007f87fc2a6000
0x00007f8799d0f6e8:   00007f876f05bc78 000000004033b1f8
0x00007f8799d0f6f8:   0000000470c80528 00007f8799d0f780
0x00007f8799d0f708:   0000000000000000 00007f87ed4eb5fc
0x00007f8799d0f718:   000000076d3cac20 00007f8799d0f780
0x00007f8799d0f728:   0000000000000000 00007f87ed4eb5fc
0x00007f8799d0f738:   00007f8777acfe78 0000000099d0f820
0x00007f8799d0f748:   00007f8777d81320 0000000477d91520
0x00007f8799d0f758:   0000000500000000 00007f8799d0f790
0x00007f8799d0f768:   00007f87fc2a61e0 00007f8799d0f7e0
0x00007f8799d0f778:   00007f8777d81320 00007f8799d0f7d0
0x00007f8799d0f788:   00007f87ed3cc4ba 000000076d3cac20
0x00007f8799d0f798:   00007f876f0eceec 00000000fc2a6000
0x00007f8799d0f7a8:   00007f8777ad8800 00007f8777d915a0
0x00007f8799d0f7b8:   ffffffff00000000 00007f8799d0f7f0
0x00007f8799d0f7c8:   00007f87fc2a61e0 0000000770ce9a98
0x00007f8799d0f7d8:   00007f87ed41bc10 000000076d3cac20
0x00007f8799d0f7e8:   00007f87ed3c87b6 40a0000043f58000
0x00007f8799d0f7f8:   c020000000000000 0000000000000000
0x00007f8799d0f808:   0000000000000000 00007f8799d0f860
0x00007f8799d0f818:   00007f87ed43b6b2 000000076d3cac20
0x00007f8799d0f828:   00007f87ed4eb5fc 000000076d9ac360
0x00007f8799d0f838:   00007f87ed569214 000000076d3cac20
0x00007f8799d0f848:   000000076d9ac360 00000007c00756c0
0x00007f8799d0f858:   000000076d9ab9d0 00007f8799d0fa20
0x00007f8799d0f868:   00007f87ed5bb4a0 0000000770c81ed8
0x00007f8799d0f878:   0000000743f58000 000000076d3cac20 

Instructions: (pc=0x0000000041c22e7e)
0x0000000041c22e5e:   8b d1 49 8b cb 48 be 78 ca 38 40 00 00 00 00 48
0x0000000041c22e6e:   8b 36 48 8b 76 08 48 8b f9 48 c1 e7 04 48 03 f7
0x0000000041c22e7e:   8b 3e 8b 6e 04 89 38 89 68 04 8b 7e 08 8b 6e 0c
0x0000000041c22e8e:   89 78 08 89 68 0c 48 83 c0 10 ff c1 ff ca 75 c5 

Register to memory mapping:

RAX=0x00007f876cba11c0 is an unknown value
RBX=0x000000004033b000 is an unknown value
RCX=0x0000000000000000 is an unknown value
RDX=0x0000000000000004 is an unknown value
RSP=0x00007f8799d0f688 is pointing into the stack for thread: 0x00007f87fc2a6000
RBP=0x0000000000000040 is an unknown value
RSI=0x0000000000000000 is an unknown value
RDI=0x0000000000000000 is an unknown value
R8 =0x00007f87843e88b0 is an unknown value
R9 =0x0000000102e40000 is an unknown value
R10=0x0000000000000050 is an unknown value
R11=0x0000000000000000 is an unknown value
R12=0x0000000000000000 is an unknown value
R13=0x0000000000000004 is an unknown value
R14=0x0000000000000000 is an unknown value
R15=0x00007f8784147f50 is an unknown value


Stack: [0x00007f8799c11000,0x00007f8799d12000],  sp=0x00007f8799d0f688,  free space=1017k
Native frames: (J=compiled Java code, j=interpreted, Vv=VM code, C=native code)
C  0x0000000041c22e7e

Java frames: (J=compiled Java code, j=interpreted, Vv=VM code)
J 1023  jogamp.opengl.gl4.GL4bcImpl.dispatch_glDrawArrays1(IIIJ)V (0 bytes) @ 0x00007f87ed3cc438 [0x00007f87ed3cc400+0x38]
J 1178 C2 Engine.SpriteRenderer.Draw(Lcom/jogamp/opengl/GL2;FFFFFFFF)V (160 bytes) @ 0x00007f87ed41bc10 [0x00007f87ed41b8e0+0x330]
J 1497 C2 Engine.Engine.Render(Lcom/jogamp/opengl/GLAutoDrawable;)V (75 bytes) @ 0x00007f87ed569214 [0x00007f87ed568ac0+0x754]
J 1385 C1 jogamp.opengl.GLDrawableHelper.displayImpl(Lcom/jogamp/opengl/GLAutoDrawable;)V (86 bytes) @ 0x00007f87ed4e8264 [0x00007f87ed4e73a0+0xec4]
j  jogamp.opengl.GLDrawableHelper.display(Lcom/jogamp/opengl/GLAutoDrawable;)V+2
j  com.jogamp.opengl.awt.GLCanvas$11.run()V+118
j  jogamp.opengl.GLDrawableHelper.invokeGLImpl(Lcom/jogamp/opengl/GLDrawable;Lcom/jogamp/opengl/GLContext;Ljava/lang/Runnable;Ljava/lang/Runnable;)V+203
J 1434 C1 jogamp.opengl.GLDrawableHelper.invokeGL(Lcom/jogamp/opengl/GLDrawable;Lcom/jogamp/opengl/GLContext;Ljava/lang/Runnable;Ljava/lang/Runnable;)V (76 bytes) @ 0x00007f87ed53ed44 [0x00007f87ed53ec80+0xc4]
J 1382 C1 com.jogamp.opengl.awt.GLCanvas$12.run()V (126 bytes) @ 0x00007f87ed4e604c [0x00007f87ed4e5a00+0x64c]
J 1267 C1 java.awt.event.InvocationEvent.dispatch()V (69 bytes) @ 0x00007f87ed45434c [0x00007f87ed454200+0x14c]
J 1263 C1 java.awt.EventQueue.dispatchEventImpl(Ljava/awt/AWTEvent;Ljava/lang/Object;)V (149 bytes) @ 0x00007f87ed4511f4 [0x00007f87ed44f700+0x1af4]
J 1261 C1 java.awt.EventQueue$3.run()Ljava/lang/Void; (60 bytes) @ 0x00007f87ed44ead4 [0x00007f87ed44e8c0+0x214]
J 1644 C1 java.awt.EventQueue$3.run()Ljava/lang/Object; (5 bytes) @ 0x00007f87ed100d7c [0x00007f87ed100d00+0x7c]
v  ~StubRoutines::call_stub
J 1107  java.security.AccessController.doPrivileged(Ljava/security/PrivilegedAction;Ljava/security/AccessControlContext;)Ljava/lang/Object; (0 bytes) @ 0x00007f87ed3f1a63 [0x00007f87ed3f1a00+0x63]
J 1657 C2 java.awt.EventDispatchThread.pumpOneEventForFilters(I)V (295 bytes) @ 0x00007f87ed61dbf8 [0x00007f87ed61c260+0x1998]
j  java.awt.EventDispatchThread.pumpEventsForFilter(ILjava/awt/Conditional;Ljava/awt/EventFilter;)V+35
j  java.awt.EventDispatchThread.pumpEventsForHierarchy(ILjava/awt/Conditional;Ljava/awt/Component;)V+11
j  java.awt.EventDispatchThread.pumpEvents(ILjava/awt/Conditional;)V+4
j  java.awt.EventDispatchThread.pumpEvents(Ljava/awt/Conditional;)V+3
j  java.awt.EventDispatchThread.run()V+9
v  ~StubRoutines::call_stub

---------------  P R O C E S S  ---------------

Java Threads: ( => current thread )
  0x00007f87fc008000 JavaThread "DestroyJavaVM" [_thread_blocked, id=4761, stack(0x00007f8803b6d000,0x00007f8803c6e000)]
  0x00007f87fc5dd800 JavaThread "main-AWTAnimator#00" [_thread_blocked, id=4804, stack(0x00007f876ddf3000,0x00007f876def4000)]
  0x00007f87fc48b800 JavaThread "main-SharedResourceRunner" daemon [_thread_blocked, id=4792, stack(0x00007f8776d71000,0x00007f8776e72000)]
  0x00007f87fc476000 JavaThread "main-SharedResourceRunner" daemon [_thread_blocked, id=4791, stack(0x00007f87994af000,0x00007f87995b0000)]
=>0x00007f87fc2a6000 JavaThread "AWT-EventQueue-0" [_thread_in_native, id=4784, stack(0x00007f8799c11000,0x00007f8799d12000)]
  0x00007f87fc2a4800 JavaThread "AWT-Shutdown" [_thread_blocked, id=4783, stack(0x00007f8799d12000,0x00007f8799e13000)]
  0x00007f87fc260000 JavaThread "AWT-XAWT" daemon [_thread_blocked, id=4781, stack(0x00007f8799f14000,0x00007f879a015000)]
  0x00007f87fc23b000 JavaThread "Java2D Disposer" daemon [_thread_blocked, id=4780, stack(0x00007f87c0021000,0x00007f87c0122000)]
  0x00007f87fc0c8000 JavaThread "Service Thread" daemon [_thread_blocked, id=4778, stack(0x00007f87c1312000,0x00007f87c1413000)]
  0x00007f87fc0c5000 JavaThread "C1 CompilerThread3" daemon [_thread_blocked, id=4777, stack(0x00007f87c1413000,0x00007f87c1514000)]
  0x00007f87fc0c3000 JavaThread "C2 CompilerThread2" daemon [_thread_blocked, id=4776, stack(0x00007f87c1514000,0x00007f87c1615000)]
  0x00007f87fc0c1000 JavaThread "C2 CompilerThread1" daemon [_thread_in_native, id=4775, stack(0x00007f87c1615000,0x00007f87c1716000)]
  0x00007f87fc0be000 JavaThread "C2 CompilerThread0" daemon [_thread_in_native, id=4774, stack(0x00007f87c1716000,0x00007f87c1817000)]
  0x00007f87fc0bc800 JavaThread "Signal Dispatcher" daemon [_thread_blocked, id=4773, stack(0x00007f87c1817000,0x00007f87c1918000)]
  0x00007f87fc08a000 JavaThread "Finalizer" daemon [_thread_blocked, id=4772, stack(0x00007f87c1ab0000,0x00007f87c1bb1000)]
  0x00007f87fc085800 JavaThread "Reference Handler" daemon [_thread_blocked, id=4771, stack(0x00007f87c1bb1000,0x00007f87c1cb2000)]

Other Threads:
  0x00007f87fc07e000 VMThread [stack: 0x00007f87c1cb2000,0x00007f87c1db3000] [id=4770]
  0x00007f87fc0ca800 WatcherThread [stack: 0x00007f87c1211000,0x00007f87c1312000] [id=4779]

VM state:not at safepoint (normal execution)

VM Mutex/Monitor currently owned by a thread: None

Heap:
 PSYoungGen      total 74752K, used 20931K [0x000000076cd80000, 0x0000000772080000, 0x00000007c0000000)
  eden space 64512K, 20% used [0x000000076cd80000,0x000000076da6fe88,0x0000000770c80000)
  from space 10240K, 75% used [0x0000000770c80000,0x0000000771401100,0x0000000771680000)
  to   space 10240K, 0% used [0x0000000771680000,0x0000000771680000,0x0000000772080000)
 ParOldGen       total 171008K, used 24K [0x00000006c6800000, 0x00000006d0f00000, 0x000000076cd80000)
  object space 171008K, 0% used [0x00000006c6800000,0x00000006c6806000,0x00000006d0f00000)
 Metaspace       used 19146K, capacity 19392K, committed 19712K, reserved 1067008K
  class space    used 1947K, capacity 2033K, committed 2048K, reserved 1048576K

Card table byte_map: [0x00007f880066d000,0x00007f8800e3a000] byte_map_base: 0x00007f87fd039000

Marking Bits: (ParMarkBitMap*) 0x00007f8802e80540
 Begin Bits: [0x00007f87c4340000, 0x00007f87c81a0000)
 End Bits:   [0x00007f87c81a0000, 0x00007f87cc000000)

Polling page: 0x00007f8803ca3000

CodeCache: size=245760Kb used=6367Kb max_used=6386Kb free=239392Kb
 bounds [0x00007f87ed000000, 0x00007f87ed650000, 0x00007f87fc000000]
 total_blobs=2655 nmethods=1690 adapters=879
 compilation: enabled

Compilation events (10 events):
Event: 118.386 Thread 0x00007f87fc0c5000 nmethod 1697 0x00007f87ed62d510 code [0x00007f87ed62d660, 0x00007f87ed62d770]
Event: 118.387 Thread 0x00007f87fc0c1000 nmethod 1690% 0x00007f87ed633990 code [0x00007f87ed633ae0, 0x00007f87ed633e38]
Event: 118.387 Thread 0x00007f87fc0c1000 1700       4       sun.awt.image.ByteInterleavedRaster::getDataElements (132 bytes)
Event: 118.387 Thread 0x00007f87fc0be000 nmethod 1689 0x00007f87ed62df90 code [0x00007f87ed62e120, 0x00007f87ed62e798]
Event: 118.389 Thread 0x00007f87fc0c1000 nmethod 1700 0x00007f87ed62d7d0 code [0x00007f87ed62d940, 0x00007f87ed62dd58]
Event: 118.393 Thread 0x00007f87fc0c5000 1701       3       java.awt.image.ComponentColorModel::getDataElements (3206 bytes)
Event: 118.396 Thread 0x00007f87fc0be000 1702       4       sun.java2d.loops.OpaqueCopyArgbToAny::Blit (232 bytes)
Event: 118.397 Thread 0x00007f87fc0c5000 nmethod 1701 0x00007f87ed633f90 code [0x00007f87ed634b80, 0x00007f87ed63a1e8]
Event: 118.397 Thread 0x00007f87fc0c1000 1703       4       java.awt.image.ComponentColorModel::getDataElements (3206 bytes)
Event: 118.397 Thread 0x00007f87fc0c3000 nmethod 1698% 0x00007f87ed63ead0 code [0x00007f87ed63ed20, 0x00007f87ed640a00]

GC Heap History (2 events):
Event: 101.075 GC heap before
{Heap before GC invocations=1 (full 0):
 PSYoungGen      total 74752K, used 64512K [0x000000076cd80000, 0x0000000772080000, 0x00000007c0000000)
  eden space 64512K, 100% used [0x000000076cd80000,0x0000000770c80000,0x0000000770c80000)
  from space 10240K, 0% used [0x0000000771680000,0x0000000771680000,0x0000000772080000)
  to   space 10240K, 0% used [0x0000000770c80000,0x0000000770c80000,0x0000000771680000)
 ParOldGen       total 171008K, used 0K [0x00000006c6800000, 0x00000006d0f00000, 0x000000076cd80000)
  object space 171008K, 0% used [0x00000006c6800000,0x00000006c6800000,0x00000006d0f00000)
 Metaspace       used 19083K, capacity 19296K, committed 19712K, reserved 1067008K
  class space    used 1939K, capacity 2001K, committed 2048K, reserved 1048576K
Event: 101.082 GC heap after
Heap after GC invocations=1 (full 0):
 PSYoungGen      total 74752K, used 7684K [0x000000076cd80000, 0x0000000772080000, 0x00000007c0000000)
  eden space 64512K, 0% used [0x000000076cd80000,0x000000076cd80000,0x0000000770c80000)
  from space 10240K, 75% used [0x0000000770c80000,0x0000000771401100,0x0000000771680000)
  to   space 10240K, 0% used [0x0000000771680000,0x0000000771680000,0x0000000772080000)
 ParOldGen       total 171008K, used 24K [0x00000006c6800000, 0x00000006d0f00000, 0x000000076cd80000)
  object space 171008K, 0% used [0x00000006c6800000,0x00000006c6806000,0x00000006d0f00000)
 Metaspace       used 19083K, capacity 19296K, committed 19712K, reserved 1067008K
  class space    used 1939K, capacity 2001K, committed 2048K, reserved 1048576K
}

Deoptimization events (10 events):
Event: 118.377 Thread 0x00007f87fc2a6000 Uncommon trap: reason=class_check action=maybe_recompile pc=0x00007f87ed584afc method=jogamp.common.util.locks.RecursiveLockImpl01Unfairish.tryLock(J)Z @ 75
Event: 118.377 Thread 0x00007f87fc2a6000 Uncommon trap: reason=class_check action=maybe_recompile pc=0x00007f87ed567a84 method=jogamp.common.util.locks.RecursiveLockImpl01Unfairish.validateLocked()V @ 14
Event: 118.378 Thread 0x00007f87fc2a6000 Uncommon trap: reason=class_check action=maybe_recompile pc=0x00007f87ed584afc method=jogamp.common.util.locks.RecursiveLockImpl01Unfairish.tryLock(J)Z @ 75
Event: 118.378 Thread 0x00007f87fc2a6000 Uncommon trap: reason=class_check action=maybe_recompile pc=0x00007f87ed567a84 method=jogamp.common.util.locks.RecursiveLockImpl01Unfairish.validateLocked()V @ 14
Event: 118.381 Thread 0x00007f87fc2a6000 Uncommon trap: reason=unstable_if action=reinterpret pc=0x00007f87ed5f21d8 method=jogamp.opengl.GLContextImpl.makeCurrent(Z)I @ 807
Event: 118.381 Thread 0x00007f87fc2a6000 Uncommon trap: reason=unstable_if action=reinterpret pc=0x00007f87ed5e85dc method=jogamp.opengl.GLDrawableHelper.invokeGLImpl(Lcom/jogamp/opengl/GLDrawable;Lcom/jogamp/opengl/GLContext;Ljava/lang/Runnable;Ljava/lang/Runnable;)V @ 156
Event: 118.385 Thread 0x00007f87fc2a6000 Uncommon trap: reason=unstable_if action=reinterpret pc=0x00007f87ed553dc0 method=com.jogamp.opengl.util.texture.Texture.validateTexID(Lcom/jogamp/opengl/GL;Z)Z @ 5
Event: 118.385 Thread 0x00007f87fc2a6000 Uncommon trap: reason=unstable_if action=reinterpret pc=0x00007f87ed398a60 method=java.awt.image.ComponentColorModel.getDataElements(ILjava/lang/Object;)Ljava/lang/Object; @ 2993
Event: 118.386 Thread 0x00007f87fc2a6000 Uncommon trap: reason=unstable_if action=reinterpret pc=0x00007f87ed37742c method=sun.awt.image.ByteInterleavedRaster.getDataElements(IILjava/lang/Object;)Ljava/lang/Object; @ 43
Event: 118.401 Thread 0x00007f87fc2a6000 Uncommon trap: reason=unstable_if action=reinterpret pc=0x00007f87ed5df870 method=com.jogamp.opengl.awt.GLCanvas$11.run()V @ 7

Internal exceptions (10 events):
Event: 1.089 Thread 0x00007f87fc2a6000 Exception <a 'java/lang/reflect/InvocationTargetException'> (0x000000076f482198) thrown at [/build/java8-openjdk/src/jdk8u-jdk8u92-b14/hotspot/src/share/vm/runtime/reflection.cpp, line 1092]
Event: 1.110 Thread 0x00007f87fc2a6000 Exception <a 'java/lang/reflect/InvocationTargetException'> (0x000000076f482f70) thrown at [/build/java8-openjdk/src/jdk8u-jdk8u92-b14/hotspot/src/share/vm/runtime/reflection.cpp, line 1092]
Event: 1.114 Thread 0x00007f87fc2a6000 Exception <a 'java/lang/UnsupportedOperationException': > (0x000000076f48f850) thrown at [/build/java8-openjdk/src/jdk8u-jdk8u92-b14/hotspot/src/share/vm/prims/jni.cpp, line 735]
Event: 1.115 Thread 0x00007f87fc2a6000 Exception <a 'java/lang/reflect/InvocationTargetException'> (0x000000076f490588) thrown at [/build/java8-openjdk/src/jdk8u-jdk8u92-b14/hotspot/src/share/vm/runtime/reflection.cpp, line 1092]
Event: 1.125 Thread 0x00007f87fc2a6000 Exception <a 'java/lang/reflect/InvocationTargetException'> (0x000000076f490c98) thrown at [/build/java8-openjdk/src/jdk8u-jdk8u92-b14/hotspot/src/share/vm/runtime/reflection.cpp, line 1092]
Event: 1.126 Thread 0x00007f87fc2a6000 Exception <a 'java/lang/reflect/InvocationTargetException'> (0x000000076f492be0) thrown at [/build/java8-openjdk/src/jdk8u-jdk8u92-b14/hotspot/src/share/vm/runtime/reflection.cpp, line 1092]
Event: 1.141 Thread 0x00007f87fc2a6000 Exception <a 'java/lang/reflect/InvocationTargetException'> (0x000000076f495800) thrown at [/build/java8-openjdk/src/jdk8u-jdk8u92-b14/hotspot/src/share/vm/runtime/reflection.cpp, line 1092]
Event: 118.318 Thread 0x00007f87fc2a6000 Implicit null exception at 0x00007f87ed5b0560 to 0x00007f87ed5b2da1
Event: 118.385 Thread 0x00007f87fc2a6000 Implicit null exception at 0x00007f87ed3983e5 to 0x00007f87ed398a45
Event: 118.386 Thread 0x00007f87fc2a6000 Implicit null exception at 0x00007f87ed3771e4 to 0x00007f87ed377411

Events (10 events):
Event: 118.385 Thread 0x00007f87fc2a6000 DEOPT PACKING pc=0x00007f87ed398a60 sp=0x00007f8799d0ef40
Event: 118.385 Thread 0x00007f87fc2a6000 DEOPT UNPACKING pc=0x00007f87ed004f69 sp=0x00007f8799d0eee8 mode 2
Event: 118.386 Thread 0x00007f87fc2a6000 Uncommon trap: trap_request=0xffffff65 fr.pc=0x00007f87ed37742c
Event: 118.386 Thread 0x00007f87fc2a6000 DEOPT PACKING pc=0x00007f87ed37742c sp=0x00007f8799d0e980
Event: 118.386 Thread 0x00007f87fc2a6000 DEOPT UNPACKING pc=0x00007f87ed004f69 sp=0x00007f8799d0e930 mode 2
Event: 118.396 Thread 0x00007f87fc2a6000 DEOPT PACKING pc=0x00007f87ed39c675 sp=0x00007f8799d0ea70
Event: 118.396 Thread 0x00007f87fc2a6000 DEOPT UNPACKING pc=0x00007f87ed047373 sp=0x00007f8799d0e820 mode 0
Event: 118.401 Thread 0x00007f87fc2a6000 Uncommon trap: trap_request=0xffffff65 fr.pc=0x00007f87ed5df870
Event: 118.401 Thread 0x00007f87fc2a6000 DEOPT PACKING pc=0x00007f87ed5df870 sp=0x00007f8799d0f9f0
Event: 118.401 Thread 0x00007f87fc2a6000 DEOPT UNPACKING pc=0x00007f87ed004f69 sp=0x00007f8799d0fa28 mode 2


Dynamic libraries:
00400000-00401000 r-xp 00000000 08:03 5905458                            /usr/lib/jvm/java-8-openjdk/jre/bin/java
00600000-00601000 rw-p 00000000 08:03 5905458                            /usr/lib/jvm/java-8-openjdk/jre/bin/java
01060000-01081000 rw-p 00000000 00:00 0                                  [heap]
4033b000-403db000 rw-p 00000000 00:00 0 
40da1000-40e41000 rw-p 00000000 00:00 0 
41c21000-41c23000 r-xs 00000000 00:24 311663                             /tmp/.gliTOpVs (deleted)
6c6800000-6d0f00000 rw-p 00000000 00:00 0 
6d0f00000-76cd80000 ---p 00000000 00:00 0 
76cd80000-772080000 rw-p 00000000 00:00 0 
772080000-7c0000000 ---p 00000000 00:00 0 
7c0000000-7c0200000 rw-p 00000000 00:00 0 
7c0200000-800000000 ---p 00000000 00:00 0 
7f8768000000-7f876802f000 rw-p 00000000 00:00 0 
7f876802f000-7f876c000000 ---p 00000000 00:00 0 
7f876c58b000-7f876c98b000 rw-s 20cee4000 00:06 11608                     /dev/nvidiactl
7f876c98b000-7f876cd8b000 rw-s 20e86c000 00:06 11608                     /dev/nvidiactl
7f876cd8b000-7f876cf8b000 rw-s 212c7000 00:06 11608                      /dev/nvidiactl
7f876cf8b000-7f876d18b000 rw-s 20ebde000 00:06 11608                     /dev/nvidiactl
7f876d18b000-7f876d2cb000 rw-p 00000000 00:00 0 
7f876d2cb000-7f876d38b000 ---p 00000000 00:00 0 
7f876d38b000-7f876d48b000 rw-s 20ebb2000 00:06 11608                     /dev/nvidiactl
7f876d48b000-7f876d49e000 rw-s 219cb1000 00:06 11608                     /dev/nvidiactl
7f876d49e000-7f876d4be000 rw-s c0560000 00:06 12751                      /dev/nvidia0
7f876d4be000-7f876d4fe000 rw-s 21002d000 00:06 11608                     /dev/nvidiactl
7f876d4fe000-7f876d51e000 rw-s 21714e000 00:06 11608                     /dev/nvidiactl
7f876d51e000-7f876d55e000 rw-s 20e116000 00:06 11608                     /dev/nvidiactl
7f876d55e000-7f876d57e000 rw-s 21002e000 00:06 11608                     /dev/nvidiactl
7f876d57e000-7f876d5be000 rw-s 212d3000 00:06 11608                      /dev/nvidiactl
7f876d5be000-7f876d5c2000 r-xp 00000000 08:03 5249369                    /usr/lib/libcap.so.2.25
7f876d5c2000-7f876d7c1000 ---p 00004000 08:03 5249369                    /usr/lib/libcap.so.2.25
7f876d7c1000-7f876d7c2000 rw-p 00003000 08:03 5249369                    /usr/lib/libcap.so.2.25
7f876d7c2000-7f876d7d2000 r-xp 00000000 08:03 5253231                    /usr/lib/libnss_myhostname.so.2
7f876d7d2000-7f876d7d3000 ---p 00010000 08:03 5253231                    /usr/lib/libnss_myhostname.so.2
7f876d7d3000-7f876d7d5000 r--p 00010000 08:03 5253231                    /usr/lib/libnss_myhostname.so.2
7f876d7d5000-7f876d7d6000 rw-p 00012000 08:03 5253231                    /usr/lib/libnss_myhostname.so.2
7f876d7d6000-7f876d7ea000 r-xp 00000000 08:03 5246162                    /usr/lib/libresolv-2.23.so
7f876d7ea000-7f876d9e9000 ---p 00014000 08:03 5246162                    /usr/lib/libresolv-2.23.so
7f876d9e9000-7f876d9ea000 r--p 00013000 08:03 5246162                    /usr/lib/libresolv-2.23.so
7f876d9ea000-7f876d9eb000 rw-p 00014000 08:03 5246162                    /usr/lib/libresolv-2.23.so
7f876d9eb000-7f876d9ed000 rw-p 00000000 00:00 0 
7f876d9ed000-7f876d9f2000 r-xp 00000000 08:03 5246154                    /usr/lib/libnss_dns-2.23.so
7f876d9f2000-7f876dbf1000 ---p 00005000 08:03 5246154                    /usr/lib/libnss_dns-2.23.so
7f876dbf1000-7f876dbf2000 r--p 00004000 08:03 5246154                    /usr/lib/libnss_dns-2.23.so
7f876dbf2000-7f876dbf3000 rw-p 00005000 08:03 5246154                    /usr/lib/libnss_dns-2.23.so
7f876dbf3000-7f876ddf3000 rw-p 00000000 00:00 0 
7f876ddf3000-7f876ddf6000 ---p 00000000 00:00 0 
7f876ddf6000-7f876def4000 rw-p 00000000 00:00 0 
7f876def4000-7f876df74000 rw-s 20f84d000 00:06 11608                     /dev/nvidiactl
7f876df74000-7f876dff4000 rw-s 21f84d000 00:06 11608                     /dev/nvidiactl
7f876dff4000-7f876e074000 rw-s 2175ac000 00:06 11608                     /dev/nvidiactl
7f876e074000-7f876e174000 rw-s 21753a000 00:06 11608                     /dev/nvidiactl
7f876e174000-7f876e187000 rw-s 20e0ae000 00:06 11608                     /dev/nvidiactl
7f876e187000-7f876e1c7000 rw-s 20e803000 00:06 11608                     /dev/nvidiactl
7f876e1c7000-7f876e2cb000 rw-s 42f33d000 00:06 11608                     /dev/nvidiactl
7f876e2cb000-7f876f660000 r-xp 00000000 08:03 5268236                    /usr/lib/libnvidia-glcore.so.367.27
7f876f660000-7f876f680000 rwxp 01395000 08:03 5268236                    /usr/lib/libnvidia-glcore.so.367.27
7f876f680000-7f876fa20000 r-xp 013b5000 08:03 5268236                    /usr/lib/libnvidia-glcore.so.367.27
7f876fa20000-7f876fc20000 ---p 01755000 08:03 5268236                    /usr/lib/libnvidia-glcore.so.367.27
7f876fc20000-7f876ffe8000 rw-p 01755000 08:03 5268236                    /usr/lib/libnvidia-glcore.so.367.27
7f876ffe8000-7f8770000000 rw-p 00000000 00:00 0 
7f8770000000-7f87704f2000 rw-p 00000000 00:00 0 
7f87704f2000-7f8774000000 ---p 00000000 00:00 0 
7f877400f000-7f877402f000 rw-s c0520000 00:06 12751                      /dev/nvidia0
7f877402f000-7f877404f000 rw-s 612d9000 00:06 11608                      /dev/nvidiactl
7f877404f000-7f877408f000 rw-s 2127b000 00:06 11608                      /dev/nvidiactl
7f877408f000-7f87740cf000 rw-s 3da82000 00:06 11608                      /dev/nvidiactl
7f87740cf000-7f87740d2000 r-xp 00000000 08:03 5773637                    /usr/lib/tls/libnvidia-tls.so.367.27
7f87740d2000-7f87742d2000 ---p 00003000 08:03 5773637                    /usr/lib/tls/libnvidia-tls.so.367.27
7f87742d2000-7f87742d3000 rw-p 00003000 08:03 5773637                    /usr/lib/tls/libnvidia-tls.so.367.27
7f87742d3000-7f877439b000 r-xp 00000000 08:03 5268220                    /usr/lib/libGLX_nvidia.so.367.27
7f877439b000-7f87743cf000 rwxp 000c8000 08:03 5268220                    /usr/lib/libGLX_nvidia.so.367.27
7f87743cf000-7f87743e2000 r-xp 000fc000 08:03 5268220                    /usr/lib/libGLX_nvidia.so.367.27
7f87743e2000-7f87745e2000 ---p 0010f000 08:03 5268220                    /usr/lib/libGLX_nvidia.so.367.27
7f87745e2000-7f877460a000 rw-p 0010f000 08:03 5268220                    /usr/lib/libGLX_nvidia.so.367.27
7f877460a000-7f8774611000 rw-p 00000000 00:00 0 
7f8774611000-7f8774613000 r-xp 00000000 08:03 5269221                    /usr/lib/libXinerama.so.1.0.0
7f8774613000-7f8774812000 ---p 00002000 08:03 5269221                    /usr/lib/libXinerama.so.1.0.0
7f8774812000-7f8774813000 r--p 00001000 08:03 5269221                    /usr/lib/libXinerama.so.1.0.0
7f8774813000-7f8774814000 rw-p 00002000 08:03 5269221                    /usr/lib/libXinerama.so.1.0.0
7f8774814000-7f877481f000 r-xp 00000000 08:03 5268224                    /usr/lib/libGLESv1_CM_nvidia.so.367.27
7f877481f000-7f8774a1e000 ---p 0000b000 08:03 5268224                    /usr/lib/libGLESv1_CM_nvidia.so.367.27
7f8774a1e000-7f8774a21000 rw-p 0000a000 08:03 5268224                    /usr/lib/libGLESv1_CM_nvidia.so.367.27
7f8774a33000-7f8774a53000 rw-s 3d96b000 00:06 11608                      /dev/nvidiactl
7f8774a53000-7f8774a93000 rw-s 00000000 08:03 3152736                    /home/twittumz/#3152736 (deleted)
7f8774a93000-7f8774ad3000 r-xs 00000000 08:03 3152736                    /home/twittumz/#3152736 (deleted)
7f8774ad3000-7f8774b53000 rw-s 20eb9b000 00:06 11608                     /dev/nvidiactl
7f8774b53000-7f8774bd3000 rw-s 1d0a9b000 00:06 11608                     /dev/nvidiactl
7f8774bd3000-7f8774cd3000 rw-s 1d0a83000 00:06 11608                     /dev/nvidiactl
7f8774cd3000-7f877629f000 r-xp 00000000 08:03 5268233                    /usr/lib/libnvidia-eglcore.so.367.27
7f877629f000-7f877649f000 ---p 015cc000 08:03 5268233                    /usr/lib/libnvidia-eglcore.so.367.27
7f877649f000-7f8776837000 rw-p 015cc000 08:03 5268233                    /usr/lib/libnvidia-eglcore.so.367.27
7f8776837000-7f877684b000 rw-p 00000000 00:00 0 
7f877684b000-7f877685a000 r-xp 00000000 08:03 5268258                    /usr/lib/libGLESv2_nvidia.so.367.27
7f877685a000-7f8776a5a000 ---p 0000f000 08:03 5268258                    /usr/lib/libGLESv2_nvidia.so.367.27
7f8776a5a000-7f8776a5e000 rw-p 0000f000 08:03 5268258                    /usr/lib/libGLESv2_nvidia.so.367.27
7f8776a5e000-7f8776b62000 rw-s 42f33d000 00:06 11608                     /dev/nvidiactl
7f8776b62000-7f8776b70000 r-xp 00000000 08:03 5264554                    /usr/lib/libdrm.so.2.4.0
7f8776b70000-7f8776d6f000 ---p 0000e000 08:03 5264554                    /usr/lib/libdrm.so.2.4.0
7f8776d6f000-7f8776d70000 r--p 0000d000 08:03 5264554                    /usr/lib/libdrm.so.2.4.0
7f8776d70000-7f8776d71000 rw-p 0000e000 08:03 5264554                    /usr/lib/libdrm.so.2.4.0
7f8776d71000-7f8776d74000 ---p 00000000 00:00 0 
7f8776d74000-7f8776e72000 rw-p 00000000 00:00 0 
7f8776e72000-7f8776ece000 r-xp 00000000 00:24 309221                     /tmp/jogamp_0000/file_cache/jln117153168499411781/jln4362878402680921514/natives/linux-amd64/libjogl_mobile.so
7f8776ece000-7f87770ce000 ---p 0005c000 00:24 309221                     /tmp/jogamp_0000/file_cache/jln117153168499411781/jln4362878402680921514/natives/linux-amd64/libjogl_mobile.so
7f87770ce000-7f87770cf000 rw-p 0005c000 00:24 309221                     /tmp/jogamp_0000/file_cache/jln117153168499411781/jln4362878402680921514/natives/linux-amd64/libjogl_mobile.so
7f87770cf000-7f8777141000 r-xp 00000000 08:03 5268234                    /usr/lib/libnvidia-glsi.so.367.27
7f8777141000-7f8777340000 ---p 00072000 08:03 5268234                    /usr/lib/libnvidia-glsi.so.367.27
7f8777340000-7f8777349000 rw-p 00071000 08:03 5268234                    /usr/lib/libnvidia-glsi.so.367.27
7f8777349000-7f8777358000 rw-p 00000000 00:00 0 
7f8777358000-7f8777423000 r-xp 00000000 08:03 5268259                    /usr/lib/libEGL_nvidia.so.367.27
7f8777423000-7f8777622000 ---p 000cb000 08:03 5268259                    /usr/lib/libEGL_nvidia.so.367.27
7f8777622000-7f877764d000 rw-p 000ca000 08:03 5268259                    /usr/lib/libEGL_nvidia.so.367.27
7f877764d000-7f8777661000 rw-p 00000000 00:00 0 
7f8777661000-7f8777665000 r-xp 00000000 08:03 5773639                    /usr/lib/nvidia/libEGL.so.1
7f8777665000-7f8777864000 ---p 00004000 08:03 5773639                    /usr/lib/nvidia/libEGL.so.1
7f8777864000-7f8777865000 rw-p 00003000 08:03 5773639                    /usr/lib/nvidia/libEGL.so.1
7f8777865000-7f877786a000 r-xp 00000000 08:03 5773617                    /usr/lib/nvidia/libGLESv2.so.2.0.0
7f877786a000-7f877786c000 r-xp 00005000 08:03 5773617                    /usr/lib/nvidia/libGLESv2.so.2.0.0
7f877786c000-7f8777870000 r-xp 00007000 08:03 5773617                    /usr/lib/nvidia/libGLESv2.so.2.0.0
7f8777870000-7f8777a6f000 ---p 0000b000 08:03 5773617                    /usr/lib/nvidia/libGLESv2.so.2.0.0
7f8777a6f000-7f8777a70000 r--p 0000a000 08:03 5773617                    /usr/lib/nvidia/libGLESv2.so.2.0.0
7f8777a70000-7f8777a71000 rw-p 0000b000 08:03 5773617                    /usr/lib/nvidia/libGLESv2.so.2.0.0
7f8777a71000-7f8777b29000 r-xp 00000000 00:24 309220                     /tmp/jogamp_0000/file_cache/jln117153168499411781/jln4362878402680921514/natives/linux-amd64/libjogl_desktop.so
7f8777b29000-7f8777d29000 ---p 000b8000 00:24 309220                     /tmp/jogamp_0000/file_cache/jln117153168499411781/jln4362878402680921514/natives/linux-amd64/libjogl_desktop.so
7f8777d29000-7f8777d2a000 rw-p 000b8000 00:24 309220                     /tmp/jogamp_0000/file_cache/jln117153168499411781/jln4362878402680921514/natives/linux-amd64/libjogl_desktop.so
7f8777d2a000-7f8777d7d000 r-xp 00000000 08:03 5268203                    /usr/lib/libGLdispatch.so.0.0.0
7f8777d7d000-7f8777d96000 r-xp 00053000 08:03 5268203                    /usr/lib/libGLdispatch.so.0.0.0
7f8777d96000-7f8777dd1000 r-xp 0006c000 08:03 5268203                    /usr/lib/libGLdispatch.so.0.0.0
7f8777dd1000-7f8777fd0000 ---p 000a7000 08:03 5268203                    /usr/lib/libGLdispatch.so.0.0.0
7f8777fd0000-7f8777fdf000 r--p 000a6000 08:03 5268203                    /usr/lib/libGLdispatch.so.0.0.0
7f8777fdf000-7f8777fe0000 rw-p 000b5000 08:03 5268203                    /usr/lib/libGLdispatch.so.0.0.0
7f8777fe0000-7f8778000000 rw-p 00000000 00:00 0 
7f8778000000-7f8778021000 rw-p 00000000 00:00 0 
7f8778021000-7f877c000000 ---p 00000000 00:00 0 
7f877c000000-7f877c55c000 rw-p 00000000 00:00 0 
7f877c55c000-7f8780000000 ---p 00000000 00:00 0 
7f8780000000-7f8780021000 rw-p 00000000 00:00 0 
7f8780021000-7f8784000000 ---p 00000000 00:00 0 
7f8784000000-7f87846e7000 rw-p 00000000 00:00 0 
7f87846e7000-7f8788000000 ---p 00000000 00:00 0 
7f8788000000-7f8788021000 rw-p 00000000 00:00 0 
7f8788021000-7f878c000000 ---p 00000000 00:00 0 
7f878c000000-7f878c027000 rw-p 00000000 00:00 0 
7f878c027000-7f8790000000 ---p 00000000 00:00 0 
7f8790000000-7f8790021000 rw-p 00000000 00:00 0 
7f8790021000-7f8794000000 ---p 00000000 00:00 0 
7f8794000000-7f8794021000 rw-p 00000000 00:00 0 
7f8794021000-7f8798000000 ---p 00000000 00:00 0 
7f8798004000-7f8798084000 rw-s 20ead5000 00:06 11608                     /dev/nvidiactl
7f8798084000-7f8798097000 rw-s 21fb78000 00:06 11608                     /dev/nvidiactl
7f8798097000-7f87980b7000 rw-s c04e0000 00:06 12751                      /dev/nvidia0
7f87980b7000-7f87980f7000 rw-s 21779c000 00:06 11608                     /dev/nvidiactl
7f87980f7000-7f8798107000 r-xp 00000000 08:03 5268199                    /usr/lib/libGLX.so.0.0.0
7f8798107000-7f8798307000 ---p 00010000 08:03 5268199                    /usr/lib/libGLX.so.0.0.0
7f8798307000-7f8798308000 r--p 00010000 08:03 5268199                    /usr/lib/libGLX.so.0.0.0
7f8798308000-7f8798309000 rw-p 00011000 08:03 5268199                    /usr/lib/libGLX.so.0.0.0
7f8798309000-7f8798329000 rw-p 00000000 00:00 0 
7f8798329000-7f8798359000 r-xp 00000000 08:03 5773620                    /usr/lib/nvidia/libGL.so.1.0.0
7f8798359000-7f8798372000 r-xp 00030000 08:03 5773620                    /usr/lib/nvidia/libGL.so.1.0.0
7f8798372000-7f879839d000 r-xp 00049000 08:03 5773620                    /usr/lib/nvidia/libGL.so.1.0.0
7f879839d000-7f879859d000 ---p 00074000 08:03 5773620                    /usr/lib/nvidia/libGL.so.1.0.0
7f879859d000-7f879859e000 r--p 00074000 08:03 5773620                    /usr/lib/nvidia/libGL.so.1.0.0
7f879859e000-7f879859f000 rw-p 00075000 08:03 5773620                    /usr/lib/nvidia/libGL.so.1.0.0
7f879859f000-7f87987a0000 rw-p 00000000 00:00 0 
7f87987a0000-7f87989a0000 rw-p 00000000 00:00 0 
7f87989ab000-7f87989cb000 rw-s 20cd98000 00:06 11608                     /dev/nvidiactl
7f87989cb000-7f8798a0b000 rw-s 21f96d000 00:06 11608                     /dev/nvidiactl
7f8798a0b000-7f8798a2b000 rw-s 2194f7000 00:06 11608                     /dev/nvidiactl
7f8798a2b000-7f8798a6b000 rw-s 20cde7000 00:06 11608                     /dev/nvidiactl
7f8798a6b000-7f8798a72000 r-xp 00000000 00:24 309223                     /tmp/jogamp_0000/file_cache/jln117153168499411781/jln4362878402680921514/natives/linux-amd64/libnativewindow_x11.so
7f8798a72000-7f8798c71000 ---p 00007000 00:24 309223                     /tmp/jogamp_0000/file_cache/jln117153168499411781/jln4362878402680921514/natives/linux-amd64/libnativewindow_x11.so
7f8798c71000-7f8798c72000 rw-p 00006000 00:24 309223                     /tmp/jogamp_0000/file_cache/jln117153168499411781/jln4362878402680921514/natives/linux-amd64/libnativewindow_x11.so
7f8798c72000-7f8798c77000 r-xp 00000000 08:03 5268760                    /usr/lib/libXxf86vm.so.1.0.0
7f8798c77000-7f8798e76000 ---p 00005000 08:03 5268760                    /usr/lib/libXxf86vm.so.1.0.0
7f8798e76000-7f8798e77000 r--p 00004000 08:03 5268760                    /usr/lib/libXxf86vm.so.1.0.0
7f8798e77000-7f8798e78000 rw-p 00005000 08:03 5268760                    /usr/lib/libXxf86vm.so.1.0.0
7f8798eaa000-7f8798eac000 r-xp 00000000 00:24 309222                     /tmp/jogamp_0000/file_cache/jln117153168499411781/jln4362878402680921514/natives/linux-amd64/libnativewindow_awt.so
7f8798eac000-7f87990ab000 ---p 00002000 00:24 309222                     /tmp/jogamp_0000/file_cache/jln117153168499411781/jln4362878402680921514/natives/linux-amd64/libnativewindow_awt.so
7f87990ab000-7f87990ac000 rw-p 00001000 00:24 309222                     /tmp/jogamp_0000/file_cache/jln117153168499411781/jln4362878402680921514/natives/linux-amd64/libnativewindow_awt.so
7f87990ac000-7f87990ad000 r-xp 00000000 08:03 5905448                    /usr/lib/jvm/java-8-openjdk/jre/lib/amd64/libjawt.so
7f87990ad000-7f87992ac000 ---p 00001000 08:03 5905448                    /usr/lib/jvm/java-8-openjdk/jre/lib/amd64/libjawt.so
7f87992ac000-7f87992ad000 rw-p 00000000 08:03 5905448                    /usr/lib/jvm/java-8-openjdk/jre/lib/amd64/libjawt.so
7f87992ad000-7f87992af000 r-xp 00000000 00:24 309219                     /tmp/jogamp_0000/file_cache/jln117153168499411781/jln4362878402680921514/natives/linux-amd64/libgluegen-rt.so
7f87992af000-7f87994ae000 ---p 00002000 00:24 309219                     /tmp/jogamp_0000/file_cache/jln117153168499411781/jln4362878402680921514/natives/linux-amd64/libgluegen-rt.so
7f87994ae000-7f87994af000 rw-p 00001000 00:24 309219                     /tmp/jogamp_0000/file_cache/jln117153168499411781/jln4362878402680921514/natives/linux-amd64/libgluegen-rt.so
7f87994af000-7f87994b2000 ---p 00000000 00:00 0 
7f87994b2000-7f87995b0000 rw-p 00000000 00:00 0 
7f87995b0000-7f87995c1000 r-xp 00000000 08:03 5905443                    /usr/lib/jvm/java-8-openjdk/jre/lib/amd64/libnio.so
7f87995c1000-7f87997c0000 ---p 00011000 08:03 5905443                    /usr/lib/jvm/java-8-openjdk/jre/lib/amd64/libnio.so
7f87997c0000-7f87997c1000 rw-p 00010000 08:03 5905443                    /usr/lib/jvm/java-8-openjdk/jre/lib/amd64/libnio.so
7f87997c1000-7f87997d7000 r-xp 00000000 08:03 5905432                    /usr/lib/jvm/java-8-openjdk/jre/lib/amd64/libnet.so
7f87997d7000-7f87999d7000 ---p 00016000 08:03 5905432                    /usr/lib/jvm/java-8-openjdk/jre/lib/amd64/libnet.so
7f87999d7000-7f87999d8000 rw-p 00016000 08:03 5905432                    /usr/lib/jvm/java-8-openjdk/jre/lib/amd64/libnet.so
7f87999d8000-7f87999db000 ---p 00000000 00:00 0 
7f87999db000-7f8799c11000 rw-p 00000000 00:00 0 
7f8799c11000-7f8799c14000 ---p 00000000 00:00 0 
7f8799c14000-7f8799d12000 rw-p 00000000 00:00 0 
7f8799d12000-7f8799d15000 ---p 00000000 00:00 0 
7f8799d15000-7f8799e13000 rw-p 00000000 00:00 0 
7f8799e13000-7f8799e16000 ---p 00000000 00:00 0 
7f8799e16000-7f8799f14000 rw-p 00000000 00:00 0 
7f8799f14000-7f8799f17000 ---p 00000000 00:00 0 
7f8799f17000-7f879a015000 rw-p 00000000 00:00 0 
7f879a015000-7f879a01a000 r-xp 00000000 08:03 5268766                    /usr/lib/libXfixes.so.3.1.0
7f879a01a000-7f879a219000 ---p 00005000 08:03 5268766                    /usr/lib/libXfixes.so.3.1.0
7f879a219000-7f879a21a000 r--p 00004000 08:03 5268766                    /usr/lib/libXfixes.so.3.1.0
7f879a21a000-7f879a21b000 rw-p 00005000 08:03 5268766                    /usr/lib/libXfixes.so.3.1.0
7f879a21b000-7f879a225000 r-xp 00000000 08:03 5269218                    /usr/lib/libXcursor.so.1.0.2
7f879a225000-7f879a424000 ---p 0000a000 08:03 5269218                    /usr/lib/libXcursor.so.1.0.2
7f879a424000-7f879a425000 r--p 00009000 08:03 5269218                    /usr/lib/libXcursor.so.1.0.2
7f879a425000-7f879a426000 rw-p 0000a000 08:03 5269218                    /usr/lib/libXcursor.so.1.0.2
7f879a426000-7f879a498000 r-xp 00000000 08:03 5254181                    /usr/lib/libpcre.so.1.2.7
7f879a498000-7f879a697000 ---p 00072000 08:03 5254181                    /usr/lib/libpcre.so.1.2.7
7f879a697000-7f879a698000 r--p 00071000 08:03 5254181                    /usr/lib/libpcre.so.1.2.7
7f879a698000-7f879a699000 rw-p 00072000 08:03 5254181                    /usr/lib/libpcre.so.1.2.7
7f879a699000-7f879a6c3000 r-xp 00000000 08:03 5264449                    /usr/lib/libgraphite2.so.3.0.1
7f879a6c3000-7f879a8c2000 ---p 0002a000 08:03 5264449                    /usr/lib/libgraphite2.so.3.0.1
7f879a8c2000-7f879a8c4000 r--p 00029000 08:03 5264449                    /usr/lib/libgraphite2.so.3.0.1
7f879a8c4000-7f879a8c5000 rw-p 0002b000 08:03 5264449                    /usr/lib/libgraphite2.so.3.0.1
7f879a8c5000-7f879a9d2000 r-xp 00000000 08:03 5256081                    /usr/lib/libglib-2.0.so.0.4800.1
7f879a9d2000-7f879abd1000 ---p 0010d000 08:03 5256081                    /usr/lib/libglib-2.0.so.0.4800.1
7f879abd1000-7f879abd2000 r--p 0010c000 08:03 5256081                    /usr/lib/libglib-2.0.so.0.4800.1
7f879abd2000-7f879abd3000 rw-p 0010d000 08:03 5256081                    /usr/lib/libglib-2.0.so.0.4800.1
7f879abd3000-7f879abd4000 rw-p 00000000 00:00 0 
7f879abd4000-7f879ac4e000 r-xp 00000000 08:03 5264460                    /usr/lib/libharfbuzz.so.0.10200.7
7f879ac4e000-7f879ae4e000 ---p 0007a000 08:03 5264460                    /usr/lib/libharfbuzz.so.0.10200.7
7f879ae4e000-7f879ae4f000 r--p 0007a000 08:03 5264460                    /usr/lib/libharfbuzz.so.0.10200.7
7f879ae4f000-7f879ae50000 rw-p 0007b000 08:03 5264460                    /usr/lib/libharfbuzz.so.0.10200.7
7f879ae50000-7f879ae84000 r-xp 00000000 08:03 5264433                    /usr/lib/libpng16.so.16.23.0
7f879ae84000-7f879b084000 ---p 00034000 08:03 5264433                    /usr/lib/libpng16.so.16.23.0
7f879b084000-7f879b085000 r--p 00034000 08:03 5264433                    /usr/lib/libpng16.so.16.23.0
7f879b085000-7f879b086000 rw-p 00035000 08:03 5264433                    /usr/lib/libpng16.so.16.23.0
7f879b086000-7f879b095000 r-xp 00000000 08:03 5249251                    /usr/lib/libbz2.so.1.0.6
7f879b095000-7f879b294000 ---p 0000f000 08:03 5249251                    /usr/lib/libbz2.so.1.0.6
7f879b294000-7f879b296000 rw-p 0000e000 08:03 5249251                    /usr/lib/libbz2.so.1.0.6
7f879b296000-7f879b2ac000 r-xp 00000000 08:03 5246433                    /usr/lib/libgcc_s.so.1
7f879b2ac000-7f879b4ab000 ---p 00016000 08:03 5246433                    /usr/lib/libgcc_s.so.1
7f879b4ab000-7f879b4ac000 rw-p 00015000 08:03 5246433                    /usr/lib/libgcc_s.so.1
7f879b4ac000-7f879b562000 r-xp 00000000 08:03 5264483                    /usr/lib/libfreetype.so.6.12.5
7f879b562000-7f879b761000 ---p 000b6000 08:03 5264483                    /usr/lib/libfreetype.so.6.12.5
7f879b761000-7f879b767000 r--p 000b5000 08:03 5264483                    /usr/lib/libfreetype.so.6.12.5
7f879b767000-7f879b768000 rw-p 000bb000 08:03 5264483                    /usr/lib/libfreetype.so.6.12.5
7f879b768000-7f879b7c9000 r-xp 00000000 08:03 5905449                    /usr/lib/jvm/java-8-openjdk/jre/lib/amd64/libfontmanager.so
7f879b7c9000-7f879b9c9000 ---p 00061000 08:03 5905449                    /usr/lib/jvm/java-8-openjdk/jre/lib/amd64/libfontmanager.so
7f879b9c9000-7f879b9cd000 rw-p 00061000 08:03 5905449                    /usr/lib/jvm/java-8-openjdk/jre/lib/amd64/libfontmanager.so
7f879b9cd000-7f879b9d2000 r-xp 00000000 08:03 5264426                    /usr/lib/libXdmcp.so.6.0.0
7f879b9d2000-7f879bbd1000 ---p 00005000 08:03 5264426                    /usr/lib/libXdmcp.so.6.0.0
7f879bbd1000-7f879bbd2000 r--p 00004000 08:03 5264426                    /usr/lib/libXdmcp.so.6.0.0
7f879bbd2000-7f879bbd3000 rw-p 00005000 08:03 5264426                    /usr/lib/libXdmcp.so.6.0.0
7f879bbd3000-7f879bbd5000 r-xp 00000000 08:03 5264569                    /usr/lib/libXau.so.6.0.0
7f879bbd5000-7f879bdd5000 ---p 00002000 08:03 5264569                    /usr/lib/libXau.so.6.0.0
7f879bdd5000-7f879bdd6000 r--p 00002000 08:03 5264569                    /usr/lib/libXau.so.6.0.0
7f879bdd6000-7f879bdd7000 rw-p 00003000 08:03 5264569                    /usr/lib/libXau.so.6.0.0
7f879bdd7000-7f879bdff000 r-xp 00000000 08:03 5264668                    /usr/lib/libxcb.so.1.1.0
7f879bdff000-7f879bffe000 ---p 00028000 08:03 5264668                    /usr/lib/libxcb.so.1.1.0
7f879bffe000-7f879bfff000 r--p 00027000 08:03 5264668                    /usr/lib/libxcb.so.1.1.0
7f879bfff000-7f879c000000 rw-p 00028000 08:03 5264668                    /usr/lib/libxcb.so.1.1.0
7f879c000000-7f879c751000 rw-p 00000000 00:00 0 
7f879c751000-7f87a0000000 ---p 00000000 00:00 0 
7f87a0000000-7f87a0021000 rw-p 00000000 00:00 0 
7f87a0021000-7f87a4000000 ---p 00000000 00:00 0 
7f87a4000000-7f87a4aa2000 rw-p 00000000 00:00 0 
7f87a4aa2000-7f87a8000000 ---p 00000000 00:00 0 
7f87a8000000-7f87a87d1000 rw-p 00000000 00:00 0 
7f87a87d1000-7f87ac000000 ---p 00000000 00:00 0 
7f87ac000000-7f87ac021000 rw-p 00000000 00:00 0 
7f87ac021000-7f87b0000000 ---p 00000000 00:00 0 
7f87b0000000-7f87b07c7000 rw-p 00000000 00:00 0 
7f87b07c7000-7f87b4000000 ---p 00000000 00:00 0 
7f87b4000000-7f87b4021000 rw-p 00000000 00:00 0 
7f87b4021000-7f87b8000000 ---p 00000000 00:00 0 
7f87b8000000-7f87b8021000 rw-p 00000000 00:00 0 
7f87b8021000-7f87bc000000 ---p 00000000 00:00 0 
7f87bc000000-7f87bc021000 rw-p 00000000 00:00 0 
7f87bc021000-7f87c0000000 ---p 00000000 00:00 0 
7f87c0001000-7f87c0005000 rw-s 00000000 00:05 54984726                   /SYSV00000000 (deleted)
7f87c0005000-7f87c0006000 rw-s 2152c4000 00:06 11608                     /dev/nvidiactl
7f87c0006000-7f87c0007000 rw-s cfd6c000 00:06 12751                      /dev/nvidia0
7f87c0007000-7f87c0008000 rw-s cfd6b000 00:06 12751                      /dev/nvidia0
7f87c0008000-7f87c0009000 rw-s cfd6b000 00:06 12751                      /dev/nvidia0
7f87c0009000-7f87c000a000 rw-s 3d969000 00:06 11608                      /dev/nvidiactl
7f87c000a000-7f87c000c000 rw-s 00000000 00:24 311663                     /tmp/.gliTOpVs (deleted)
7f87c000c000-7f87c000d000 rw-s 20e0ad000 00:06 11608                     /dev/nvidiactl
7f87c000d000-7f87c0011000 rw-s 20ea8e000 00:06 11608                     /dev/nvidiactl
7f87c0011000-7f87c0021000 rw-s 00000000 08:03 3145891                    /home/twittumz/#3145891 (deleted)
7f87c0021000-7f87c0024000 ---p 00000000 00:00 0 
7f87c0024000-7f87c0122000 rw-p 00000000 00:00 0 
7f87c0122000-7f87c0131000 r-xp 00000000 08:03 5269325                    /usr/lib/libXi.so.6.1.0
7f87c0131000-7f87c0330000 ---p 0000f000 08:03 5269325                    /usr/lib/libXi.so.6.1.0
7f87c0330000-7f87c0331000 r--p 0000e000 08:03 5269325                    /usr/lib/libXi.so.6.1.0
7f87c0331000-7f87c0332000 rw-p 0000f000 08:03 5269325                    /usr/lib/libXi.so.6.1.0
7f87c0332000-7f87c0337000 r-xp 00000000 08:03 5269506                    /usr/lib/libXtst.so.6.1.0
7f87c0337000-7f87c0536000 ---p 00005000 08:03 5269506                    /usr/lib/libXtst.so.6.1.0
7f87c0536000-7f87c0537000 r--p 00004000 08:03 5269506                    /usr/lib/libXtst.so.6.1.0
7f87c0537000-7f87c0538000 rw-p 00005000 08:03 5269506                    /usr/lib/libXtst.so.6.1.0
7f87c0538000-7f87c0541000 r-xp 00000000 08:03 5268501                    /usr/lib/libXrender.so.1.3.0
7f87c0541000-7f87c0740000 ---p 00009000 08:03 5268501                    /usr/lib/libXrender.so.1.3.0
7f87c0740000-7f87c0741000 r--p 00008000 08:03 5268501                    /usr/lib/libXrender.so.1.3.0
7f87c0741000-7f87c0742000 rw-p 00009000 08:03 5268501                    /usr/lib/libXrender.so.1.3.0
7f87c0742000-7f87c087d000 r-xp 00000000 08:03 5266962                    /usr/lib/libX11.so.6.3.0
7f87c087d000-7f87c0a7c000 ---p 0013b000 08:03 5266962                    /usr/lib/libX11.so.6.3.0
7f87c0a7c000-7f87c0a7e000 r--p 0013a000 08:03 5266962                    /usr/lib/libX11.so.6.3.0
7f87c0a7e000-7f87c0a83000 rw-p 0013c000 08:03 5266962                    /usr/lib/libX11.so.6.3.0
7f87c0a83000-7f87c0a84000 rw-p 00000000 00:00 0 
7f87c0a84000-7f87c0a95000 r-xp 00000000 08:03 5268193                    /usr/lib/libXext.so.6.4.0
7f87c0a95000-7f87c0c94000 ---p 00011000 08:03 5268193                    /usr/lib/libXext.so.6.4.0
7f87c0c94000-7f87c0c95000 r--p 00010000 08:03 5268193                    /usr/lib/libXext.so.6.4.0
7f87c0c95000-7f87c0c96000 rw-p 00011000 08:03 5268193                    /usr/lib/libXext.so.6.4.0
7f87c0c96000-7f87c0c97000 rw-s cfd6b000 00:06 12751                      /dev/nvidia0
7f87c0c97000-7f87c0cc8000 rw-p 00000000 00:00 0 
7f87c0cc8000-7f87c0d1b000 r-xp 00000000 08:03 5905447                    /usr/lib/jvm/java-8-openjdk/jre/lib/amd64/libawt_xawt.so
7f87c0d1b000-7f87c0f1b000 ---p 00053000 08:03 5905447                    /usr/lib/jvm/java-8-openjdk/jre/lib/amd64/libawt_xawt.so
7f87c0f1b000-7f87c0f1e000 rw-p 00053000 08:03 5905447                    /usr/lib/jvm/java-8-openjdk/jre/lib/amd64/libawt_xawt.so
7f87c0f1e000-7f87c0f1f000 rw-p 00000000 00:00 0 
7f87c0f1f000-7f87c0fbd000 r-xp 00000000 08:03 5905442                    /usr/lib/jvm/java-8-openjdk/jre/lib/amd64/libawt.so
7f87c0fbd000-7f87c11bd000 ---p 0009e000 08:03 5905442                    /usr/lib/jvm/java-8-openjdk/jre/lib/amd64/libawt.so
7f87c11bd000-7f87c11c9000 rw-p 0009e000 08:03 5905442                    /usr/lib/jvm/java-8-openjdk/jre/lib/amd64/libawt.so
7f87c11c9000-7f87c11ed000 rw-p 00000000 00:00 0 
7f87c11ed000-7f87c1211000 r--s 0031e000 08:03 3279997                    /home/twittumz/Desktop/git/2DMapEditor/libs/jogl/jar/jogl-all.jar
7f87c1211000-7f87c1212000 ---p 00000000 00:00 0 
7f87c1212000-7f87c1312000 rw-p 00000000 00:00 0 
7f87c1312000-7f87c1315000 ---p 00000000 00:00 0 
7f87c1315000-7f87c1413000 rw-p 00000000 00:00 0 
7f87c1413000-7f87c1416000 ---p 00000000 00:00 0 
7f87c1416000-7f87c1514000 rw-p 00000000 00:00 0 
7f87c1514000-7f87c1517000 ---p 00000000 00:00 0 
7f87c1517000-7f87c1615000 rw-p 00000000 00:00 0 
7f87c1615000-7f87c1618000 ---p 00000000 00:00 0 
7f87c1618000-7f87c1716000 rw-p 00000000 00:00 0 
7f87c1716000-7f87c1719000 ---p 00000000 00:00 0 
7f87c1719000-7f87c1817000 rw-p 00000000 00:00 0 
7f87c1817000-7f87c181a000 ---p 00000000 00:00 0 
7f87c181a000-7f87c1918000 rw-p 00000000 00:00 0 
7f87c1918000-7f87c1ab0000 r--p 00000000 08:03 5281274                    /usr/lib/locale/locale-archive
7f87c1ab0000-7f87c1ab3000 ---p 00000000 00:00 0 
7f87c1ab3000-7f87c1bb1000 rw-p 00000000 00:00 0 
7f87c1bb1000-7f87c1bb4000 ---p 00000000 00:00 0 
7f87c1bb4000-7f87c1cb2000 rw-p 00000000 00:00 0 
7f87c1cb2000-7f87c1cb3000 ---p 00000000 00:00 0 
7f87c1cb3000-7f87c3973000 rw-p 00000000 00:00 0 
7f87c3973000-7f87c3b40000 r--s 03bec000 08:03 5905403                    /usr/lib/jvm/java-8-openjdk/jre/lib/rt.jar
7f87c3b40000-7f87cc000000 rw-p 00000000 00:00 0 
7f87cc000000-7f87cc021000 rw-p 00000000 00:00 0 
7f87cc021000-7f87d0000000 ---p 00000000 00:00 0 
7f87d0000000-7f87d0021000 rw-p 00000000 00:00 0 
7f87d0021000-7f87d4000000 ---p 00000000 00:00 0 
7f87d4000000-7f87d4021000 rw-p 00000000 00:00 0 
7f87d4021000-7f87d8000000 ---p 00000000 00:00 0 
7f87d8000000-7f87d8021000 rw-p 00000000 00:00 0 
7f87d8021000-7f87dc000000 ---p 00000000 00:00 0 
7f87dc000000-7f87dc021000 rw-p 00000000 00:00 0 
7f87dc021000-7f87e0000000 ---p 00000000 00:00 0 
7f87e0000000-7f87e0021000 rw-p 00000000 00:00 0 
7f87e0021000-7f87e4000000 ---p 00000000 00:00 0 
7f87e4000000-7f87e4021000 rw-p 00000000 00:00 0 
7f87e4021000-7f87e8000000 ---p 00000000 00:00 0 
7f87e8000000-7f87e8021000 rw-p 00000000 00:00 0 
7f87e8021000-7f87ec000000 ---p 00000000 00:00 0 
7f87ec000000-7f87ec001000 rw-s cfd6b000 00:06 12751                      /dev/nvidia0
7f87ec001000-7f87ec002000 rw-s cfd6b000 00:06 12751                      /dev/nvidia0
7f87ec002000-7f87ec003000 rw-s 3d875000 00:06 11608                      /dev/nvidiactl
7f87ec003000-7f87ec007000 rw-s 20de86000 00:06 11608                     /dev/nvidiactl
7f87ec007000-7f87ec8f9000 rw-p 00000000 00:00 0 
7f87ec8f9000-7f87ec8fa000 ---p 00000000 00:00 0 
7f87ec8fa000-7f87ec9fa000 rw-p 00000000 00:00 0 
7f87ec9fa000-7f87ec9fb000 ---p 00000000 00:00 0 
7f87ec9fb000-7f87ecafb000 rw-p 00000000 00:00 0 
7f87ecafb000-7f87ecafc000 ---p 00000000 00:00 0 
7f87ecafc000-7f87ecbfc000 rw-p 00000000 00:00 0 
7f87ecbfc000-7f87ecbfd000 ---p 00000000 00:00 0 
7f87ecbfd000-7f87eccfd000 rw-p 00000000 00:00 0 
7f87eccfd000-7f87eccfe000 ---p 00000000 00:00 0 
7f87eccfe000-7f87ecdfe000 rw-p 00000000 00:00 0 
7f87ecdfe000-7f87ecdff000 ---p 00000000 00:00 0 
7f87ecdff000-7f87eceff000 rw-p 00000000 00:00 0 
7f87eceff000-7f87ecf00000 ---p 00000000 00:00 0 
7f87ecf00000-7f87ed000000 rw-p 00000000 00:00 0 
7f87ed000000-7f87ed650000 rwxp 00000000 00:00 0 
7f87ed650000-7f87fc000000 ---p 00000000 00:00 0 
7f87fc000000-7f87fca80000 rw-p 00000000 00:00 0 
7f87fca80000-7f8800000000 ---p 00000000 00:00 0 
7f8800000000-7f8800001000 rw-s de060000 00:06 12751                      /dev/nvidia0
7f8800001000-7f8800002000 rw-s 20e8b7000 00:06 11608                     /dev/nvidiactl
7f8800002000-7f8800003000 rw-s cfd6b000 00:06 12751                      /dev/nvidia0
7f8800003000-7f8800004000 rw-s cfd6b000 00:06 12751                      /dev/nvidia0
7f8800004000-7f8800005000 rw-s cfd6b000 00:06 12751                      /dev/nvidia0
7f8800005000-7f8800006000 rw-s 2152c1000 00:06 11608                     /dev/nvidiactl
7f8800006000-7f8800016000 r-xs 00000000 08:03 3145891                    /home/twittumz/#3145891 (deleted)
7f8800016000-7f8800018000 r--s 00000000 08:03 3279886                    /home/twittumz/Desktop/git/2DMapEditor/libs/jogl/jar/gluegen-rt-natives-linux-amd64.jar
7f8800018000-7f8800039000 rw-p 00000000 00:00 0 
7f8800039000-7f880003a000 ---p 00000000 00:00 0 
7f880003a000-7f880018e000 rw-p 00000000 00:00 0 
7f880018e000-7f880066d000 ---p 00000000 00:00 0 
7f880066d000-7f88006c1000 rw-p 00000000 00:00 0 
7f88006c1000-7f8800b9f000 ---p 00000000 00:00 0 
7f8800b9f000-7f8800bca000 rw-p 00000000 00:00 0 
7f8800bca000-7f8800e39000 ---p 00000000 00:00 0 
7f8800e39000-7f8800e54000 rw-p 00000000 00:00 0 
7f8800e54000-7f88011fa000 ---p 00000000 00:00 0 
7f88011fa000-7f8801202000 r-xp 00000000 08:03 5905430                    /usr/lib/jvm/java-8-openjdk/jre/lib/amd64/libzip.so
7f8801202000-7f8801401000 ---p 00008000 08:03 5905430                    /usr/lib/jvm/java-8-openjdk/jre/lib/amd64/libzip.so
7f8801401000-7f8801402000 rw-p 00007000 08:03 5905430                    /usr/lib/jvm/java-8-openjdk/jre/lib/amd64/libzip.so
7f8801402000-7f880140d000 r-xp 00000000 08:03 5246155                    /usr/lib/libnss_files-2.23.so
7f880140d000-7f880160c000 ---p 0000b000 08:03 5246155                    /usr/lib/libnss_files-2.23.so
7f880160c000-7f880160d000 r--p 0000a000 08:03 5246155                    /usr/lib/libnss_files-2.23.so
7f880160d000-7f880160e000 rw-p 0000b000 08:03 5246155                    /usr/lib/libnss_files-2.23.so
7f880160e000-7f8801614000 rw-p 00000000 00:00 0 
7f8801614000-7f8801640000 r-xp 00000000 08:03 5905429                    /usr/lib/jvm/java-8-openjdk/jre/lib/amd64/libjava.so
7f8801640000-7f8801840000 ---p 0002c000 08:03 5905429                    /usr/lib/jvm/java-8-openjdk/jre/lib/amd64/libjava.so
7f8801840000-7f8801842000 rw-p 0002c000 08:03 5905429                    /usr/lib/jvm/java-8-openjdk/jre/lib/amd64/libjava.so
7f8801842000-7f880184f000 r-xp 00000000 08:03 5905422                    /usr/lib/jvm/java-8-openjdk/jre/lib/amd64/libverify.so
7f880184f000-7f8801a4e000 ---p 0000d000 08:03 5905422                    /usr/lib/jvm/java-8-openjdk/jre/lib/amd64/libverify.so
7f8801a4e000-7f8801a50000 rw-p 0000c000 08:03 5905422                    /usr/lib/jvm/java-8-openjdk/jre/lib/amd64/libverify.so
7f8801a50000-7f8801a57000 r-xp 00000000 08:03 5246163                    /usr/lib/librt-2.23.so
7f8801a57000-7f8801c56000 ---p 00007000 08:03 5246163                    /usr/lib/librt-2.23.so
7f8801c56000-7f8801c57000 r--p 00006000 08:03 5246163                    /usr/lib/librt-2.23.so
7f8801c57000-7f8801c58000 rw-p 00007000 08:03 5246163                    /usr/lib/librt-2.23.so
7f8801c58000-7f8801d5b000 r-xp 00000000 08:03 5246160                    /usr/lib/libm-2.23.so
7f8801d5b000-7f8801f5a000 ---p 00103000 08:03 5246160                    /usr/lib/libm-2.23.so
7f8801f5a000-7f8801f5b000 r--p 00102000 08:03 5246160                    /usr/lib/libm-2.23.so
7f8801f5b000-7f8801f5c000 rw-p 00103000 08:03 5246160                    /usr/lib/libm-2.23.so
7f8801f5c000-7f8802bb1000 r-xp 00000000 08:03 6170591                    /usr/lib/jvm/java-8-openjdk/jre/lib/amd64/server/libjvm.so
7f8802bb1000-7f8802db1000 ---p 00c55000 08:03 6170591                    /usr/lib/jvm/java-8-openjdk/jre/lib/amd64/server/libjvm.so
7f8802db1000-7f8802e6d000 rw-p 00c55000 08:03 6170591                    /usr/lib/jvm/java-8-openjdk/jre/lib/amd64/server/libjvm.so
7f8802e6d000-7f8802e9d000 rw-p 00000000 00:00 0 
7f8802e9d000-7f8803034000 r-xp 00000000 08:03 5246102                    /usr/lib/libc-2.23.so
7f8803034000-7f8803234000 ---p 00197000 08:03 5246102                    /usr/lib/libc-2.23.so
7f8803234000-7f8803238000 r--p 00197000 08:03 5246102                    /usr/lib/libc-2.23.so
7f8803238000-7f880323a000 rw-p 0019b000 08:03 5246102                    /usr/lib/libc-2.23.so
7f880323a000-7f880323e000 rw-p 00000000 00:00 0 
7f880323e000-7f8803240000 r-xp 00000000 08:03 5246159                    /usr/lib/libdl-2.23.so
7f8803240000-7f8803440000 ---p 00002000 08:03 5246159                    /usr/lib/libdl-2.23.so
7f8803440000-7f8803441000 r--p 00002000 08:03 5246159                    /usr/lib/libdl-2.23.so
7f8803441000-7f8803442000 rw-p 00003000 08:03 5246159                    /usr/lib/libdl-2.23.so
7f8803442000-7f880344f000 r-xp 00000000 08:03 6170588                    /usr/lib/jvm/java-8-openjdk/jre/lib/amd64/jli/libjli.so
7f880344f000-7f880364e000 ---p 0000d000 08:03 6170588                    /usr/lib/jvm/java-8-openjdk/jre/lib/amd64/jli/libjli.so
7f880364e000-7f880364f000 rw-p 0000c000 08:03 6170588                    /usr/lib/jvm/java-8-openjdk/jre/lib/amd64/jli/libjli.so
7f880364f000-7f8803664000 r-xp 00000000 08:03 5253324                    /usr/lib/libz.so.1.2.8
7f8803664000-7f8803863000 ---p 00015000 08:03 5253324                    /usr/lib/libz.so.1.2.8
7f8803863000-7f8803864000 r--p 00014000 08:03 5253324                    /usr/lib/libz.so.1.2.8
7f8803864000-7f8803865000 rw-p 00015000 08:03 5253324                    /usr/lib/libz.so.1.2.8
7f8803865000-7f880387d000 r-xp 00000000 08:03 5246083                    /usr/lib/libpthread-2.23.so
7f880387d000-7f8803a7c000 ---p 00018000 08:03 5246083                    /usr/lib/libpthread-2.23.so
7f8803a7c000-7f8803a7d000 r--p 00017000 08:03 5246083                    /usr/lib/libpthread-2.23.so
7f8803a7d000-7f8803a7e000 rw-p 00018000 08:03 5246083                    /usr/lib/libpthread-2.23.so
7f8803a7e000-7f8803a82000 rw-p 00000000 00:00 0 
7f8803a82000-7f8803aa5000 r-xp 00000000 08:03 5246101                    /usr/lib/ld-2.23.so
7f8803aa5000-7f8803aa6000 r--s 00036000 08:03 3279976                    /home/twittumz/Desktop/git/2DMapEditor/libs/jogl/jar/jogl-all-natives-linux-amd64.jar
7f8803aa6000-7f8803aa7000 r--p 00000000 00:00 0 
7f8803aa7000-7f8803aab000 r--s 00097000 08:03 5905401                    /usr/lib/jvm/java-8-openjdk/jre/lib/jsse.jar
7f8803aab000-7f8803abe000 r--s 00345000 08:03 5905402                    /usr/lib/jvm/java-8-openjdk/jre/lib/resources.jar
7f8803abe000-7f8803ac4000 r--s 0004f000 08:03 3279895                    /home/twittumz/Desktop/git/2DMapEditor/libs/jogl/jar/gluegen-rt.jar
7f8803ac4000-7f8803b6d000 rw-p 00000000 00:00 0 
7f8803b6d000-7f8803b70000 ---p 00000000 00:00 0 
7f8803b70000-7f8803c9a000 rw-p 00000000 00:00 0 
7f8803c9a000-7f8803ca2000 rw-s 00000000 00:24 309199                     /tmp/hsperfdata_twittumz/4756
7f8803ca2000-7f8803ca3000 rw-p 00000000 00:00 0 
7f8803ca3000-7f8803ca4000 r--p 00000000 00:00 0 
7f8803ca4000-7f8803ca5000 rw-p 00000000 00:00 0 
7f8803ca5000-7f8803ca6000 r--p 00023000 08:03 5246101                    /usr/lib/ld-2.23.so
7f8803ca6000-7f8803ca7000 rw-p 00024000 08:03 5246101                    /usr/lib/ld-2.23.so
7f8803ca7000-7f8803ca8000 rw-p 00000000 00:00 0 
7ffc4b3d9000-7ffc4b3fa000 rw-p 00000000 00:00 0                          [stack]
7ffc4b3fa000-7ffc4b3fd000 r--p 00000000 00:00 0                          [vvar]
7ffc4b3fd000-7ffc4b3ff000 r-xp 00000000 00:00 0                          [vdso]
ffffffffff600000-ffffffffff601000 r-xp 00000000 00:00 0                  [vsyscall]

VM Arguments:
jvm_args: -Dfile.encoding=UTF-8 
java_command: Editor.Main
java_class_path (initial): /home/twittumz/Desktop/git/2DMapEditor/2dMapEditor/bin:/home/twittumz/Desktop/git/2DMapEditor/libs/jogl/jar/gluegen-rt.jar:/home/twittumz/Desktop/git/2DMapEditor/libs/jogl/jar/jogl-all.jar
Launcher Type: SUN_STANDARD

Environment Variables:
PATH=/usr/local/sbin:/usr/local/bin:/usr/bin:/usr/lib/jvm/default/bin:/usr/bin/site_perl:/usr/bin/vendor_perl:/usr/bin/core_perl
USERNAME=twittumz
SHELL=/bin/bash
DISPLAY=:1

Signal Handlers:
SIGSEGV: [libjvm.so+0xa5a220], sa_mask[0]=11111111011111111101111111111110, sa_flags=SA_RESTART|SA_SIGINFO
SIGBUS: [libjvm.so+0xa5a220], sa_mask[0]=11111111011111111101111111111110, sa_flags=SA_RESTART|SA_SIGINFO
SIGFPE: [libjvm.so+0x8a5a90], sa_mask[0]=11111111011111111101111111111110, sa_flags=SA_RESTART|SA_SIGINFO
SIGPIPE: [libjvm.so+0x8a5a90], sa_mask[0]=11111111011111111101111111111110, sa_flags=SA_RESTART|SA_SIGINFO
SIGXFSZ: [libjvm.so+0x8a5a90], sa_mask[0]=11111111011111111101111111111110, sa_flags=SA_RESTART|SA_SIGINFO
SIGILL: [libjvm.so+0x8a5a90], sa_mask[0]=11111111011111111101111111111110, sa_flags=SA_RESTART|SA_SIGINFO
SIGUSR1: SIG_DFL, sa_mask[0]=00000000000000000000000000000000, sa_flags=none
SIGUSR2: [libjvm.so+0x8a5940], sa_mask[0]=00100000000000000000000000000000, sa_flags=SA_RESTART|SA_SIGINFO
SIGHUP: [libjvm.so+0x8a5e10], sa_mask[0]=11111111011111111101111111111110, sa_flags=SA_RESTART|SA_SIGINFO
SIGINT: [libjvm.so+0x8a5e10], sa_mask[0]=11111111011111111101111111111110, sa_flags=SA_RESTART|SA_SIGINFO
SIGTERM: [libjvm.so+0x8a5e10], sa_mask[0]=11111111011111111101111111111110, sa_flags=SA_RESTART|SA_SIGINFO
SIGQUIT: [libjvm.so+0x8a5e10], sa_mask[0]=11111111011111111101111111111110, sa_flags=SA_RESTART|SA_SIGINFO


---------------  S Y S T E M  ---------------

OS:NAME="Arch Linux"
ID=arch
PRETTY_NAME="Arch Linux"
ANSI_COLOR="0;36"
HOME_URL="https://www.archlinux.org/"
SUPPORT_URL="https://bbs.archlinux.org/"
BUG_REPORT_URL="https://bugs.archlinux.org/"


uname:Linux 4.6.3-1-ARCH #1 SMP PREEMPT Fri Jun 24 21:19:13 CEST 2016 x86_64
libc:glibc 2.23 NPTL 2.23 
rlimit: STACK 8192k, CORE infinity, NPROC 63849, NOFILE 4096, AS infinity
load average:1.53 1.36 1.15

/proc/meminfo:
MemTotal:       16350744 kB
MemFree:         3942864 kB
MemAvailable:    8312180 kB
Buffers:           80432 kB
Cached:          4505512 kB
SwapCached:            0 kB
Active:          3705364 kB
Inactive:        3807280 kB
Active(anon):    2928600 kB
Inactive(anon):    43176 kB
Active(file):     776764 kB
Inactive(file):  3764104 kB
Unevictable:          32 kB
Mlocked:              32 kB
SwapTotal:       4191228 kB
SwapFree:        4191228 kB
Dirty:                 4 kB
Writeback:             0 kB
AnonPages:       2689604 kB
Mapped:          4856712 kB
Shmem:             45080 kB
Slab:             265284 kB
SReclaimable:     170248 kB
SUnreclaim:        95036 kB
KernelStack:       11184 kB
PageTables:        44176 kB
NFS_Unstable:          0 kB
Bounce:                0 kB
WritebackTmp:          0 kB
CommitLimit:    12366600 kB
Committed_AS:   10958648 kB
VmallocTotal:   34359738367 kB
VmallocUsed:           0 kB
VmallocChunk:          0 kB
HardwareCorrupted:     0 kB
AnonHugePages:   1548288 kB
HugePages_Total:       0
HugePages_Free:        0
HugePages_Rsvd:        0
HugePages_Surp:        0
Hugepagesize:       2048 kB
DirectMap4k:      398812 kB
DirectMap2M:     8951808 kB
DirectMap1G:     7340032 kB


CPU:total 8 (4 cores per cpu, 2 threads per core) family 6 model 94 stepping 3, cmov, cx8, fxsr, mmx, sse, sse2, sse3, ssse3, sse4.1, sse4.2, popcnt, avx, avx2, aes, clmul, erms, rtm, 3dnowpref, lzcnt, ht, tsc, tscinvbit, bmi1, bmi2, adx

/proc/cpuinfo:
processor	: 0
vendor_id	: GenuineIntel
cpu family	: 6
model		: 94
model name	: Intel(R) Core(TM) i7-6700K CPU @ 4.00GHz
stepping	: 3
microcode	: 0x6a
cpu MHz		: 4100.156
cache size	: 8192 KB
physical id	: 0
siblings	: 8
core id		: 0
cpu cores	: 4
apicid		: 0
initial apicid	: 0
fpu		: yes
fpu_exception	: yes
cpuid level	: 22
wp		: yes
flags		: fpu vme de pse tsc msr pae mce cx8 apic sep mtrr pge mca cmov pat pse36 clflush dts acpi mmx fxsr sse sse2 ss ht tm pbe syscall nx pdpe1gb rdtscp lm constant_tsc art arch_perfmon pebs bts rep_good nopl xtopology nonstop_tsc aperfmperf eagerfpu pni pclmulqdq dtes64 monitor ds_cpl vmx est tm2 ssse3 sdbg fma cx16 xtpr pdcm pcid sse4_1 sse4_2 x2apic movbe popcnt tsc_deadline_timer aes xsave avx f16c rdrand lahf_lm abm 3dnowprefetch epb intel_pt tpr_shadow vnmi flexpriority ept vpid fsgsbase tsc_adjust bmi1 hle avx2 smep bmi2 erms invpcid rtm mpx rdseed adx smap clflushopt xsaveopt xsavec xgetbv1 dtherm ida arat pln pts hwp hwp_notify hwp_act_window hwp_epp
bugs		:
bogomips	: 8019.74
clflush size	: 64
cache_alignment	: 64
address sizes	: 39 bits physical, 48 bits virtual
power management:

processor	: 1
vendor_id	: GenuineIntel
cpu family	: 6
model		: 94
model name	: Intel(R) Core(TM) i7-6700K CPU @ 4.00GHz
stepping	: 3
microcode	: 0x6a
cpu MHz		: 4131.406
cache size	: 8192 KB
physical id	: 0
siblings	: 8
core id		: 1
cpu cores	: 4
apicid		: 2
initial apicid	: 2
fpu		: yes
fpu_exception	: yes
cpuid level	: 22
wp		: yes
flags		: fpu vme de pse tsc msr pae mce cx8 apic sep mtrr pge mca cmov pat pse36 clflush dts acpi mmx fxsr sse sse2 ss ht tm pbe syscall nx pdpe1gb rdtscp lm constant_tsc art arch_perfmon pebs bts rep_good nopl xtopology nonstop_tsc aperfmperf eagerfpu pni pclmulqdq dtes64 monitor ds_cpl vmx est tm2 ssse3 sdbg fma cx16 xtpr pdcm pcid sse4_1 sse4_2 x2apic movbe popcnt tsc_deadline_timer aes xsave avx f16c rdrand lahf_lm abm 3dnowprefetch epb intel_pt tpr_shadow vnmi flexpriority ept vpid fsgsbase tsc_adjust bmi1 hle avx2 smep bmi2 erms invpcid rtm mpx rdseed adx smap clflushopt xsaveopt xsavec xgetbv1 dtherm ida arat pln pts hwp hwp_notify hwp_act_window hwp_epp
bugs		:
bogomips	: 8020.82
clflush size	: 64
cache_alignment	: 64
address sizes	: 39 bits physical, 48 bits virtual
power management:

processor	: 2
vendor_id	: GenuineIntel
cpu family	: 6
model		: 94
model name	: Intel(R) Core(TM) i7-6700K CPU @ 4.00GHz
stepping	: 3
microcode	: 0x6a
cpu MHz		: 4107.343
cache size	: 8192 KB
physical id	: 0
siblings	: 8
core id		: 2
cpu cores	: 4
apicid		: 4
initial apicid	: 4
fpu		: yes
fpu_exception	: yes
cpuid level	: 22
wp		: yes
flags		: fpu vme de pse tsc msr pae mce cx8 apic sep mtrr pge mca cmov pat pse36 clflush dts acpi mmx fxsr sse sse2 ss ht tm pbe syscall nx pdpe1gb rdtscp lm constant_tsc art arch_perfmon pebs bts rep_good nopl xtopology nonstop_tsc aperfmperf eagerfpu pni pclmulqdq dtes64 monitor ds_cpl vmx est tm2 ssse3 sdbg fma cx16 xtpr pdcm pcid sse4_1 sse4_2 x2apic movbe popcnt tsc_deadline_timer aes xsave avx f16c rdrand lahf_lm abm 3dnowprefetch epb intel_pt tpr_shadow vnmi flexpriority ept vpid fsgsbase tsc_adjust bmi1 hle avx2 smep bmi2 erms invpcid rtm mpx rdseed adx smap clflushopt xsaveopt xsavec xgetbv1 dtherm ida arat pln pts hwp hwp_notify hwp_act_window hwp_epp
bugs		:
bogomips	: 8021.87
clflush size	: 64
cache_alignment	: 64
address sizes	: 39 bits physical, 48 bits virtual
power management:

processor	: 3
vendor_id	: GenuineIntel
cpu family	: 6
model		: 94
model name	: Intel(R) Core(TM) i7-6700K CPU @ 4.00GHz
stepping	: 3
microcode	: 0x6a
cpu MHz		: 4100.156
cache size	: 8192 KB
physical id	: 0
siblings	: 8
core id		: 3
cpu cores	: 4
apicid		: 6
initial apicid	: 6
fpu		: yes
fpu_exception	: yes
cpuid level	: 22
wp		: yes
flags		: fpu vme de pse tsc msr pae mce cx8 apic sep mtrr pge mca cmov pat pse36 clflush dts acpi mmx fxsr sse sse2 ss ht tm pbe syscall nx pdpe1gb rdtscp lm constant_tsc art arch_perfmon pebs bts rep_good nopl xtopology nonstop_tsc aperfmperf eagerfpu pni pclmulqdq dtes64 monitor ds_cpl vmx est tm2 ssse3 sdbg fma cx16 xtpr pdcm pcid sse4_1 sse4_2 x2apic movbe popcnt tsc_deadline_timer aes xsave avx f16c rdrand lahf_lm abm 3dnowprefetch epb intel_pt tpr_shadow vnmi flexpriority ept vpid fsgsbase tsc_adjust bmi1 hle avx2 smep bmi2 erms invpcid rtm mpx rdseed adx smap clflushopt xsaveopt xsavec xgetbv1 dtherm ida arat pln pts hwp hwp_notify hwp_act_window hwp_epp
bugs		:
bogomips	: 8021.91
clflush size	: 64
cache_alignment	: 64
address sizes	: 39 bits physical, 48 bits virtual
power management:

processor	: 4
vendor_id	: GenuineIntel
cpu family	: 6
model		: 94
model name	: Intel(R) Core(TM) i7-6700K CPU @ 4.00GHz
stepping	: 3
microcode	: 0x6a
cpu MHz		: 4100.312
cache size	: 8192 KB
physical id	: 0
siblings	: 8
core id		: 0
cpu cores	: 4
apicid		: 1
initial apicid	: 1
fpu		: yes
fpu_exception	: yes
cpuid level	: 22
wp		: yes
flags		: fpu vme de pse tsc msr pae mce cx8 apic sep mtrr pge mca cmov pat pse36 clflush dts acpi mmx fxsr sse sse2 ss ht tm pbe syscall nx pdpe1gb rdtscp lm constant_tsc art arch_perfmon pebs bts rep_good nopl xtopology nonstop_tsc aperfmperf eagerfpu pni pclmulqdq dtes64 monitor ds_cpl vmx est tm2 ssse3 sdbg fma cx16 xtpr pdcm pcid sse4_1 sse4_2 x2apic movbe popcnt tsc_deadline_timer aes xsave avx f16c rdrand lahf_lm abm 3dnowprefetch epb intel_pt tpr_shadow vnmi flexpriority ept vpid fsgsbase tsc_adjust bmi1 hle avx2 smep bmi2 erms invpcid rtm mpx rdseed adx smap clflushopt xsaveopt xsavec xgetbv1 dtherm ida arat pln pts hwp hwp_notify hwp_act_window hwp_epp
bugs		:
bogomips	: 8021.39
clflush size	: 64
cache_alignment	: 64
address sizes	: 39 bits physical, 48 bits virtual
power management:

processor	: 5
vendor_id	: GenuineIntel
cpu family	: 6
model		: 94
model name	: Intel(R) Core(TM) i7-6700K CPU @ 4.00GHz
stepping	: 3
microcode	: 0x6a
cpu MHz		: 4106.718
cache size	: 8192 KB
physical id	: 0
siblings	: 8
core id		: 1
cpu cores	: 4
apicid		: 3
initial apicid	: 3
fpu		: yes
fpu_exception	: yes
cpuid level	: 22
wp		: yes
flags		: fpu vme de pse tsc msr pae mce cx8 apic sep mtrr pge mca cmov pat pse36 clflush dts acpi mmx fxsr sse sse2 ss ht tm pbe syscall nx pdpe1gb rdtscp lm constant_tsc art arch_perfmon pebs bts rep_good nopl xtopology nonstop_tsc aperfmperf eagerfpu pni pclmulqdq dtes64 monitor ds_cpl vmx est tm2 ssse3 sdbg fma cx16 xtpr pdcm pcid sse4_1 sse4_2 x2apic movbe popcnt tsc_deadline_timer aes xsave avx f16c rdrand lahf_lm abm 3dnowprefetch epb intel_pt tpr_shadow vnmi flexpriority ept vpid fsgsbase tsc_adjust bmi1 hle avx2 smep bmi2 erms invpcid rtm mpx rdseed adx smap clflushopt xsaveopt xsavec xgetbv1 dtherm ida arat pln pts hwp hwp_notify hwp_act_window hwp_epp
bugs		:
bogomips	: 8021.95
clflush size	: 64
cache_alignment	: 64
address sizes	: 39 bits physical, 48 bits virtual
power management:

processor	: 6
vendor_id	: GenuineIntel
cpu family	: 6
model		: 94
model name	: Intel(R) Core(TM) i7-6700K CPU @ 4.00GHz
stepping	: 3
microcode	: 0x6a
cpu MHz		: 4129.375
cache size	: 8192 KB
physical id	: 0
siblings	: 8
core id		: 2
cpu cores	: 4
apicid		: 5
initial apicid	: 5
fpu		: yes
fpu_exception	: yes
cpuid level	: 22
wp		: yes
flags		: fpu vme de pse tsc msr pae mce cx8 apic sep mtrr pge mca cmov pat pse36 clflush dts acpi mmx fxsr sse sse2 ss ht tm pbe syscall nx pdpe1gb rdtscp lm constant_tsc art arch_perfmon pebs bts rep_good nopl xtopology nonstop_tsc aperfmperf eagerfpu pni pclmulqdq dtes64 monitor ds_cpl vmx est tm2 ssse3 sdbg fma cx16 xtpr pdcm pcid sse4_1 sse4_2 x2apic movbe popcnt tsc_deadline_timer aes xsave avx f16c rdrand lahf_lm abm 3dnowprefetch epb intel_pt tpr_shadow vnmi flexpriority ept vpid fsgsbase tsc_adjust bmi1 hle avx2 smep bmi2 erms invpcid rtm mpx rdseed adx smap clflushopt xsaveopt xsavec xgetbv1 dtherm ida arat pln pts hwp hwp_notify hwp_act_window hwp_epp
bugs		:
bogomips	: 8021.94
clflush size	: 64
cache_alignment	: 64
address sizes	: 39 bits physical, 48 bits virtual
power management:

processor	: 7
vendor_id	: GenuineIntel
cpu family	: 6
model		: 94
model name	: Intel(R) Core(TM) i7-6700K CPU @ 4.00GHz
stepping	: 3
microcode	: 0x6a
cpu MHz		: 4100.937
cache size	: 8192 KB
physical id	: 0
siblings	: 8
core id		: 3
cpu cores	: 4
apicid		: 7
initial apicid	: 7
fpu		: yes
fpu_exception	: yes
cpuid level	: 22
wp		: yes
flags		: fpu vme de pse tsc msr pae mce cx8 apic sep mtrr pge mca cmov pat pse36 clflush dts acpi mmx fxsr sse sse2 ss ht tm pbe syscall nx pdpe1gb rdtscp lm constant_tsc art arch_perfmon pebs bts rep_good nopl xtopology nonstop_tsc aperfmperf eagerfpu pni pclmulqdq dtes64 monitor ds_cpl vmx est tm2 ssse3 sdbg fma cx16 xtpr pdcm pcid sse4_1 sse4_2 x2apic movbe popcnt tsc_deadline_timer aes xsave avx f16c rdrand lahf_lm abm 3dnowprefetch epb intel_pt tpr_shadow vnmi flexpriority ept vpid fsgsbase tsc_adjust bmi1 hle avx2 smep bmi2 erms invpcid rtm mpx rdseed adx smap clflushopt xsaveopt xsavec xgetbv1 dtherm ida arat pln pts hwp hwp_notify hwp_act_window hwp_epp
bugs		:
bogomips	: 8021.92
clflush size	: 64
cache_alignment	: 64
address sizes	: 39 bits physical, 48 bits virtual
power management:



Memory: 4k page, physical 16350744k(3942864k free), swap 4191228k(4191228k free)

vm_info: OpenJDK 64-Bit Server VM (25.92-b14) for linux-amd64 JRE (1.8.0_92-b14), built on Apr 24 2016 15:02:36 by "builduser" with gcc 5.3.0

time: Mon Aug  1 16:33:27 2016
elapsed time: 118 seconds (0d 0h 1m 58s)

