#
# A fatal error has been detected by the Java Runtime Environment:
#
#  SIGSEGV (0xb) at pc=0x0000000041f58f01, pid=32000, tid=0x00007f84d6764700
#
# JRE version: OpenJDK Runtime Environment (8.0_92-b14) (build 1.8.0_92-b14)
# Java VM: OpenJDK 64-Bit Server VM (25.92-b14 mixed mode linux-amd64 compressed oops)
# Problematic frame:
# C  0x0000000041f58f01
#
# Core dump written. Default location: /home/twittumz/Desktop/git/2DMapEditor/2dMapEditor/core or core.32000
#
# If you would like to submit a bug report, please visit:
#   http://bugreport.java.com/bugreport/crash.jsp
# The crash happened outside the Java Virtual Machine in native code.
# See problematic frame for where to report the bug.
#

---------------  T H R E A D  ---------------

Current thread (0x00007f8504286000):  JavaThread "AWT-EventQueue-0" [_thread_in_native, id=32028, stack(0x00007f84d6664000,0x00007f84d6765000)]

siginfo: si_signo: 11 (SIGSEGV), si_code: 1 (SEGV_MAPERR), si_addr: 0x0000000000000000

Registers:
RAX=0x00007f84761bab40, RBX=0x000000004172b000, RCX=0x0000000000000000, RDX=0x0000000000000004
RSP=0x00007f84d6761598, RBP=0x0000000000000040, RSI=0x0000000000000000, RDI=0x0000000000000000
R8 =0x00007f8484144d90, R9 =0x00000001020e5000, R10=0x00007f8484000078, R11=0x0000000000000000
R12=0x0000000000000000, R13=0x0000000000000004, R14=0x0000000000000000, R15=0x00007f8484147f20
RIP=0x0000000041f58f01, EFLAGS=0x0000000000010246, CSGSFS=0x002b000000000033, ERR=0x0000000000000004
  TRAPNO=0x000000000000000e

Top of Stack: (sp=0x00007f84d6761598)
0x00007f84d6761598:   00007f847746f8c4 0000000500000000
0x00007f84d67615a8:   000000004177bfa0 00007f8504286000
0x00007f84d67615b8:   00007f847747033e 00007f84761bab40
0x00007f84d67615c8:   000000004172b000 000000004176fdf0
0x00007f84d67615d8:   0000000000000005 0000000000000000
0x00007f84d67615e8:   00007f84d6761760 00007f8504286000
0x00007f84d67615f8:   00007f847705bc78 00007f84d6761760
0x00007f84d6761608:   00000004d52e5ba8 00007f85040e4780
0x00007f84d6761618:   00007f8504286000 00007f8504286000
0x00007f84d6761628:   00007f84d52e5ba8 00007f84d6761690
0x00007f84d6761638:   0000000000000000 00007f84d52e5ba8
0x00007f84d6761648:   00007f84d4684e78 00007f84d6761690
0x00007f84d6761658:   00007f84d4936320 00000004d6605c28
0x00007f84d6761668:   0000000500000000 00007f84d6761760
0x00007f84d6761678:   00007f85042861e0 00007f84d6761718
0x00007f84d6761688:   00007f84d4936320 00007f84d6761718
0x00007f84d6761698:   00007f84f5017754 00007f84d52e5ba8
0x00007f84d67616a8:   0000000000000000 00007f84d52e5ba8
0x00007f84d67616b8:   00007f84d6761760 00007f84d6761718
0x00007f84d67616c8:   00007f84f50174e7 00007f84f50174a2
0x00007f84d67616d8:   00007f84d67616d8 00007f84d52e5ba8
0x00007f84d67616e8:   00007f84d6761760 00007f84d53de028
0x00007f84d67616f8:   0000000000000000 00007f84d52e5ba8
0x00007f84d6761708:   0000000000000000 00007f84d6761738
0x00007f84d6761718:   00007f84d67617a8 00007f84f5007ffd
0x00007f84d6761728:   0000000000000000 00007f84f5011278
0x00007f84d6761738:   00007f84d4936320 00007f84d67617a8
0x00007f84d6761748:   0000000000000004 0000000000000000
0x00007f84d6761758:   0000000000000005 000000076d514458
0x00007f84d6761768:   00007f84d6761768 00007f84d52e5af5
0x00007f84d6761778:   00007f84d67617e0 00007f84d53de028
0x00007f84d6761788:   0000000000000000 00007f84d52e5b08 

Instructions: (pc=0x0000000041f58f01)
0x0000000041f58ee1:   8b cb 48 be 78 ca 77 41 00 00 00 00 48 8b 36 48
0x0000000041f58ef1:   8b b6 08 03 00 00 48 8b f9 48 c1 e7 04 48 03 f7
0x0000000041f58f01:   8b 3e 8b 6e 04 89 38 89 68 04 8b 7e 08 8b 6e 0c
0x0000000041f58f11:   89 78 08 89 68 0c 48 83 c0 10 ff c1 ff ca 75 c2 

Register to memory mapping:

RAX=0x00007f84761bab40 is an unknown value
RBX=0x000000004172b000 is an unknown value
RCX=0x0000000000000000 is an unknown value
RDX=0x0000000000000004 is an unknown value
RSP=0x00007f84d6761598 is pointing into the stack for thread: 0x00007f8504286000
RBP=0x0000000000000040 is an unknown value
RSI=0x0000000000000000 is an unknown value
RDI=0x0000000000000000 is an unknown value
R8 =0x00007f8484144d90 is an unknown value
R9 =0x00000001020e5000 is an unknown value
R10=0x00007f8484000078 is an unknown value
R11=0x0000000000000000 is an unknown value
R12=0x0000000000000000 is an unknown value
R13=0x0000000000000004 is an unknown value
R14=0x0000000000000000 is an unknown value
R15=0x00007f8484147f20 is an unknown value


Stack: [0x00007f84d6664000,0x00007f84d6765000],  sp=0x00007f84d6761598,  free space=1013k
Native frames: (J=compiled Java code, j=interpreted, Vv=VM code, C=native code)
C  0x0000000041f58f01

Java frames: (J=compiled Java code, j=interpreted, Vv=VM code)
j  jogamp.opengl.gl4.GL4bcImpl.dispatch_glDrawArrays1(IIIJ)V+0
j  jogamp.opengl.gl4.GL4bcImpl.glDrawArrays(III)V+45
j  Engine.SpriteRenderer.Draw(Lcom/jogamp/opengl/GL2;)V+90
j  Engine.Engine.Render(Lcom/jogamp/opengl/GLAutoDrawable;)V+22
j  Editor.Window$1.display(Lcom/jogamp/opengl/GLAutoDrawable;)V+22
j  jogamp.opengl.GLDrawableHelper.displayImpl(Lcom/jogamp/opengl/GLAutoDrawable;)V+62
j  jogamp.opengl.GLDrawableHelper.display(Lcom/jogamp/opengl/GLAutoDrawable;)V+2
j  com.jogamp.opengl.awt.GLCanvas$11.run()V+118
j  jogamp.opengl.GLDrawableHelper.invokeGLImpl(Lcom/jogamp/opengl/GLDrawable;Lcom/jogamp/opengl/GLContext;Ljava/lang/Runnable;Ljava/lang/Runnable;)V+203
j  jogamp.opengl.GLDrawableHelper.invokeGL(Lcom/jogamp/opengl/GLDrawable;Lcom/jogamp/opengl/GLContext;Ljava/lang/Runnable;Ljava/lang/Runnable;)V+72
j  com.jogamp.opengl.awt.GLCanvas$12.run()V+104
j  com.jogamp.opengl.Threading.invoke(ZLjava/lang/Runnable;Ljava/lang/Object;)V+27
J 836 C1 com.jogamp.opengl.awt.GLCanvas.display()V (68 bytes) @ 0x00007f84f5356654 [0x00007f84f5356420+0x234]
j  com.jogamp.opengl.awt.GLCanvas.paint(Ljava/awt/Graphics;)V+137
j  sun.awt.RepaintArea.paintComponent(Ljava/awt/Component;Ljava/awt/Graphics;)V+6
j  sun.awt.X11.XRepaintArea.paintComponent(Ljava/awt/Component;Ljava/awt/Graphics;)V+24
j  sun.awt.RepaintArea.paint(Ljava/lang/Object;Z)V+326
j  sun.awt.X11.XComponentPeer.handleEvent(Ljava/awt/AWTEvent;)V+224
j  java.awt.Component.dispatchEventImpl(Ljava/awt/AWTEvent;)V+877
j  java.awt.Component.dispatchEvent(Ljava/awt/AWTEvent;)V+2
j  java.awt.EventQueue.dispatchEventImpl(Ljava/awt/AWTEvent;Ljava/lang/Object;)V+41
j  java.awt.EventQueue.access$500(Ljava/awt/EventQueue;Ljava/awt/AWTEvent;Ljava/lang/Object;)V+3
j  java.awt.EventQueue$3.run()Ljava/lang/Void;+32
j  java.awt.EventQueue$3.run()Ljava/lang/Object;+1
v  ~StubRoutines::call_stub
j  java.security.AccessController.doPrivileged(Ljava/security/PrivilegedAction;Ljava/security/AccessControlContext;)Ljava/lang/Object;+0
j  java.security.ProtectionDomain$JavaSecurityAccessImpl.doIntersectionPrivilege(Ljava/security/PrivilegedAction;Ljava/security/AccessControlContext;Ljava/security/AccessControlContext;)Ljava/lang/Object;+18
j  java.security.ProtectionDomain$JavaSecurityAccessImpl.doIntersectionPrivilege(Ljava/security/PrivilegedAction;Ljava/security/AccessControlContext;)Ljava/lang/Object;+6
j  java.awt.EventQueue$4.run()Ljava/lang/Void;+11
j  java.awt.EventQueue$4.run()Ljava/lang/Object;+1
v  ~StubRoutines::call_stub
j  java.security.AccessController.doPrivileged(Ljava/security/PrivilegedAction;Ljava/security/AccessControlContext;)Ljava/lang/Object;+0
j  java.security.ProtectionDomain$JavaSecurityAccessImpl.doIntersectionPrivilege(Ljava/security/PrivilegedAction;Ljava/security/AccessControlContext;Ljava/security/AccessControlContext;)Ljava/lang/Object;+18
j  java.awt.EventQueue.dispatchEvent(Ljava/awt/AWTEvent;)V+73
j  java.awt.EventDispatchThread.pumpOneEventForFilters(I)V+245
j  java.awt.EventDispatchThread.pumpEventsForFilter(ILjava/awt/Conditional;Ljava/awt/EventFilter;)V+35
j  java.awt.EventDispatchThread.pumpEventsForHierarchy(ILjava/awt/Conditional;Ljava/awt/Component;)V+11
j  java.awt.EventDispatchThread.pumpEvents(ILjava/awt/Conditional;)V+4
j  java.awt.EventDispatchThread.pumpEvents(Ljava/awt/Conditional;)V+3
j  java.awt.EventDispatchThread.run()V+9
v  ~StubRoutines::call_stub

---------------  P R O C E S S  ---------------

Java Threads: ( => current thread )
  0x00007f8504008000 JavaThread "DestroyJavaVM" [_thread_blocked, id=32002, stack(0x00007f850c9a7000,0x00007f850caa8000)]
  0x00007f850443a800 JavaThread "main-SharedResourceRunner" daemon [_thread_blocked, id=32036, stack(0x00007f84d4115000,0x00007f84d4216000)]
  0x00007f850441e000 JavaThread "main-SharedResourceRunner" daemon [_thread_blocked, id=32035, stack(0x00007f84d5f3b000,0x00007f84d603c000)]
  0x00007f85042cf000 JavaThread "process reaper" daemon [_thread_blocked, id=32031, stack(0x00007f84e40ab000,0x00007f84e40e4000)]
=>0x00007f8504286000 JavaThread "AWT-EventQueue-0" [_thread_in_native, id=32028, stack(0x00007f84d6664000,0x00007f84d6765000)]
  0x00007f8504284000 JavaThread "AWT-Shutdown" [_thread_blocked, id=32027, stack(0x00007f84d6765000,0x00007f84d6866000)]
  0x00007f8504279000 JavaThread "Image Fetcher 0" daemon [_thread_blocked, id=32026, stack(0x00007f84d6866000,0x00007f84d6967000)]
  0x00007f8504240000 JavaThread "AWT-XAWT" daemon [_thread_blocked, id=32025, stack(0x00007f84d6967000,0x00007f84d6a68000)]
  0x00007f8504219000 JavaThread "Java2D Disposer" daemon [_thread_blocked, id=32024, stack(0x00007f84d6e79000,0x00007f84d6f7a000)]
  0x00007f85040d0000 JavaThread "Service Thread" daemon [_thread_blocked, id=32022, stack(0x00007f84e5e27000,0x00007f84e5f28000)]
  0x00007f85040c5000 JavaThread "C1 CompilerThread3" daemon [_thread_blocked, id=32021, stack(0x00007f84e5f28000,0x00007f84e6029000)]
  0x00007f85040c3000 JavaThread "C2 CompilerThread2" daemon [_thread_blocked, id=32020, stack(0x00007f84e6029000,0x00007f84e612a000)]
  0x00007f85040c1000 JavaThread "C2 CompilerThread1" daemon [_thread_blocked, id=32019, stack(0x00007f84e612a000,0x00007f84e622b000)]
  0x00007f85040be000 JavaThread "C2 CompilerThread0" daemon [_thread_blocked, id=32018, stack(0x00007f84e622b000,0x00007f84e632c000)]
  0x00007f85040bc800 JavaThread "Signal Dispatcher" daemon [_thread_blocked, id=32017, stack(0x00007f84e632c000,0x00007f84e642d000)]
  0x00007f850408a000 JavaThread "Finalizer" daemon [_thread_blocked, id=32016, stack(0x00007f84e65c5000,0x00007f84e66c6000)]
  0x00007f8504085800 JavaThread "Reference Handler" daemon [_thread_blocked, id=32015, stack(0x00007f84e66c6000,0x00007f84e67c7000)]

Other Threads:
  0x00007f850407e000 VMThread [stack: 0x00007f84e67c7000,0x00007f84e68c8000] [id=32014]
  0x00007f85040d2800 WatcherThread [stack: 0x00007f84e5d26000,0x00007f84e5e27000] [id=32023]

VM state:not at safepoint (normal execution)

VM Mutex/Monitor currently owned by a thread: None

Heap:
 PSYoungGen      total 74752K, used 33930K [0x000000076cd80000, 0x0000000772080000, 0x00000007c0000000)
  eden space 64512K, 52% used [0x000000076cd80000,0x000000076eea2be0,0x0000000770c80000)
  from space 10240K, 0% used [0x0000000771680000,0x0000000771680000,0x0000000772080000)
  to   space 10240K, 0% used [0x0000000770c80000,0x0000000770c80000,0x0000000771680000)
 ParOldGen       total 171008K, used 0K [0x00000006c6800000, 0x00000006d0f00000, 0x000000076cd80000)
  object space 171008K, 0% used [0x00000006c6800000,0x00000006c6800000,0x00000006d0f00000)
 Metaspace       used 17824K, capacity 18020K, committed 18304K, reserved 1064960K
  class space    used 1824K, capacity 1901K, committed 1920K, reserved 1048576K

Card table byte_map: [0x00007f85094a6000,0x00007f8509c73000] byte_map_base: 0x00007f8505e72000

Marking Bits: (ParMarkBitMap*) 0x00007f850bcb9540
 Begin Bits: [0x00007f84c0340000, 0x00007f84c41a0000)
 End Bits:   [0x00007f84c41a0000, 0x00007f84c8000000)

Polling page: 0x00007f850cadc000

CodeCache: size=245760Kb used=3646Kb max_used=3655Kb free=242113Kb
 bounds [0x00007f84f5000000, 0x00007f84f53a0000, 0x00007f8504000000]
 total_blobs=1889 nmethods=923 adapters=881
 compilation: enabled

Compilation events (10 events):
Event: 1.185 Thread 0x00007f85040c5000 nmethod 919 0x00007f84f5389c90 code [0x00007f84f5389e80, 0x00007f84f538a978]
Event: 1.185 Thread 0x00007f85040c5000  920       3       java.security.AccessControlContext::optimize (318 bytes)
Event: 1.185 Thread 0x00007f85040c3000 nmethod 918 0x00007f84f538dcd0 code [0x00007f84f538de40, 0x00007f84f538e138]
Event: 1.186 Thread 0x00007f85040c5000 nmethod 920 0x00007f84f538af50 code [0x00007f84f538b2a0, 0x00007f84f538ce38]
Event: 1.188 Thread 0x00007f85040c5000  921       3       java.util.jar.Attributes$Name::equals (39 bytes)
Event: 1.189 Thread 0x00007f85040c5000 nmethod 921 0x00007f84f538e450 code [0x00007f84f538e5e0, 0x00007f84f538ea88]
Event: 1.189 Thread 0x00007f85040c5000  922       3       sun.misc.ASCIICaseInsensitiveComparator::compare (13 bytes)
Event: 1.189 Thread 0x00007f85040c5000 nmethod 922 0x00007f84f538ebd0 code [0x00007f84f538ed60, 0x00007f84f538f0c8]
Event: 1.190 Thread 0x00007f85040be000  923       4       java.util.concurrent.ConcurrentHashMap::casTabAt (20 bytes)
Event: 1.190 Thread 0x00007f85040be000 nmethod 923 0x00007f84f5394110 code [0x00007f84f5394240, 0x00007f84f53942b8]

GC Heap History (0 events):
No events

Deoptimization events (10 events):
Event: 0.950 Thread 0x00007f8504586000 Uncommon trap: reason=unstable_if action=reinterpret pc=0x00007f84f5318b34 method=java.awt.Component.isDisplayable()Z @ 4
Event: 0.950 Thread 0x00007f8504586000 Uncommon trap: reason=unstable_if action=reinterpret pc=0x00007f84f5316908 method=java.awt.Component.isDisplayable()Z @ 4
Event: 0.950 Thread 0x00007f8504586000 Uncommon trap: reason=unstable_if action=reinterpret pc=0x00007f84f53205cc method=java.awt.Component.isDisplayable()Z @ 4
Event: 0.956 Thread 0x00007f8504586000 Uncommon trap: reason=unstable_if action=reinterpret pc=0x00007f84f5330474 method=com.jogamp.opengl.awt.GLCanvas.validateGLDrawable()Z @ 22
Event: 0.956 Thread 0x00007f8504586000 Uncommon trap: reason=unstable_if action=reinterpret pc=0x00007f84f5333cb4 method=com.jogamp.opengl.awt.GLCanvas.validateGLDrawable()Z @ 22
Event: 0.956 Thread 0x00007f8504586000 Uncommon trap: reason=unstable_if action=reinterpret pc=0x00007f84f533a1e8 method=com.jogamp.opengl.awt.GLCanvas.validateGLDrawable()Z @ 22
Event: 1.009 Thread 0x00007f8504586000 Uncommon trap: reason=unstable_if action=reinterpret pc=0x00007f84f534ee9c method=com.jogamp.opengl.awt.GLCanvas.validateGLDrawable()Z @ 43
Event: 1.009 Thread 0x00007f8504008000 Uncommon trap: reason=unstable_if action=reinterpret pc=0x00007f84f5346d4c method=com.jogamp.opengl.awt.GLCanvas.validateGLDrawable()Z @ 43
Event: 1.009 Thread 0x00007f8504586000 Uncommon trap: reason=unstable_if action=reinterpret pc=0x00007f84f534aba0 method=com.jogamp.opengl.awt.GLCanvas.validateGLDrawable()Z @ 33
Event: 1.009 Thread 0x00007f8504586000 Uncommon trap: reason=unstable_if action=reinterpret pc=0x00007f84f5347b48 method=com.jogamp.opengl.awt.GLCanvas.validateGLDrawable()Z @ 33

Internal exceptions (10 events):
Event: 0.945 Thread 0x00007f8504008000 Exception <a 'java/lang/reflect/InvocationTargetException'> (0x000000076e332c60) thrown at [/build/java8-openjdk/src/jdk8u-jdk8u92-b14/hotspot/src/share/vm/runtime/reflection.cpp, line 1092]
Event: 0.949 Thread 0x00007f8504008000 Exception <a 'java/lang/reflect/InvocationTargetException'> (0x000000076e342d20) thrown at [/build/java8-openjdk/src/jdk8u-jdk8u92-b14/hotspot/src/share/vm/runtime/reflection.cpp, line 1092]
Event: 0.954 Thread 0x00007f8504008000 Exception <a 'java/lang/reflect/InvocationTargetException'> (0x000000076ec4b3c8) thrown at [/build/java8-openjdk/src/jdk8u-jdk8u92-b14/hotspot/src/share/vm/runtime/reflection.cpp, line 1092]
Event: 0.956 Thread 0x00007f8504008000 Exception <a 'java/lang/reflect/InvocationTargetException'> (0x000000076ec63fc0) thrown at [/build/java8-openjdk/src/jdk8u-jdk8u92-b14/hotspot/src/share/vm/runtime/reflection.cpp, line 1092]
Event: 1.009 Thread 0x00007f8504286000 Exception <a 'java/lang/reflect/InvocationTargetException'> (0x000000076d511688) thrown at [/build/java8-openjdk/src/jdk8u-jdk8u92-b14/hotspot/src/share/vm/runtime/reflection.cpp, line 1092]
Event: 1.009 Thread 0x00007f8504286000 Exception <a 'java/lang/reflect/InvocationTargetException'> (0x000000076d511d38) thrown at [/build/java8-openjdk/src/jdk8u-jdk8u92-b14/hotspot/src/share/vm/runtime/reflection.cpp, line 1092]
Event: 1.011 Thread 0x00007f8504286000 Exception <a 'java/lang/reflect/InvocationTargetException'> (0x000000076d512c10) thrown at [/build/java8-openjdk/src/jdk8u-jdk8u92-b14/hotspot/src/share/vm/runtime/reflection.cpp, line 1092]
Event: 1.126 Thread 0x00007f8504286000 Exception <a 'java/lang/reflect/InvocationTargetException'> (0x000000076d573af0) thrown at [/build/java8-openjdk/src/jdk8u-jdk8u92-b14/hotspot/src/share/vm/runtime/reflection.cpp, line 1092]
Event: 1.183 Thread 0x00007f8504286000 Exception <a 'java/lang/UnsupportedOperationException': > (0x000000076d5a0530) thrown at [/build/java8-openjdk/src/jdk8u-jdk8u92-b14/hotspot/src/share/vm/prims/jni.cpp, line 735]
Event: 1.184 Thread 0x00007f8504286000 Exception <a 'java/lang/reflect/InvocationTargetException'> (0x000000076d5a3608) thrown at [/build/java8-openjdk/src/jdk8u-jdk8u92-b14/hotspot/src/share/vm/runtime/reflection.cpp, line 1092]

Events (10 events):
Event: 1.188 loading class com/jogamp/opengl/glu/GLU
Event: 1.188 loading class com/jogamp/opengl/glu/GLU done
Event: 1.189 loading class com/jogamp/opengl/glu/GLUquadric
Event: 1.189 loading class com/jogamp/opengl/glu/GLUquadric done
Event: 1.189 loading class com/jogamp/opengl/glu/gl2/GLUgl2
Event: 1.189 loading class com/jogamp/opengl/glu/gl2/GLUgl2 done
Event: 1.189 loading class com/jogamp/opengl/glu/gl2es1/GLUgl2es1
Event: 1.189 loading class com/jogamp/opengl/glu/gl2es1/GLUgl2es1 done
Event: 1.190 loading class jogamp/opengl/ProjectFloat
Event: 1.190 loading class jogamp/opengl/ProjectFloat done


Dynamic libraries:
00400000-00401000 r-xp 00000000 08:03 5905458                            /usr/lib/jvm/java-8-openjdk/jre/bin/java
00600000-00601000 rw-p 00000000 08:03 5905458                            /usr/lib/jvm/java-8-openjdk/jre/bin/java
0181a000-0183b000 rw-p 00000000 00:00 0                                  [heap]
40622000-406c2000 rw-p 00000000 00:00 0 
4172b000-417cb000 rw-p 00000000 00:00 0 
41f57000-41f59000 r-xs 00000000 00:23 172445                             /tmp/.glgXlB4t (deleted)
6c6800000-6d0f00000 rw-p 00000000 00:00 0 
6d0f00000-76cd80000 ---p 00000000 00:00 0 
76cd80000-772080000 rw-p 00000000 00:00 0 
772080000-7c0000000 ---p 00000000 00:00 0 
7c0000000-7c01e0000 rw-p 00000000 00:00 0 
7c01e0000-800000000 ---p 00000000 00:00 0 
7f8470000000-7f8470021000 rw-p 00000000 00:00 0 
7f8470021000-7f8474000000 ---p 00000000 00:00 0 
7f84761b8000-7f84762b8000 rw-s 3cb651000 00:06 9877                      /dev/nvidiactl
7f84762b8000-7f84762cb000 rw-s 371656000 00:06 9877                      /dev/nvidiactl
7f84762cb000-7f8477660000 r-xp 00000000 08:03 5268236                    /usr/lib/libnvidia-glcore.so.367.27
7f8477660000-7f8477680000 rwxp 01395000 08:03 5268236                    /usr/lib/libnvidia-glcore.so.367.27
7f8477680000-7f8477a20000 r-xp 013b5000 08:03 5268236                    /usr/lib/libnvidia-glcore.so.367.27
7f8477a20000-7f8477c20000 ---p 01755000 08:03 5268236                    /usr/lib/libnvidia-glcore.so.367.27
7f8477c20000-7f8477fe8000 rw-p 01755000 08:03 5268236                    /usr/lib/libnvidia-glcore.so.367.27
7f8477fe8000-7f8478000000 rw-p 00000000 00:00 0 
7f8478000000-7f84784f4000 rw-p 00000000 00:00 0 
7f84784f4000-7f847c000000 ---p 00000000 00:00 0 
7f847c000000-7f847c55e000 rw-p 00000000 00:00 0 
7f847c55e000-7f8480000000 ---p 00000000 00:00 0 
7f8480006000-7f8480026000 rw-s c02e0000 00:06 13745                      /dev/nvidia0
7f8480026000-7f8480066000 rw-s 5f648000 00:06 9877                       /dev/nvidiactl
7f8480066000-7f8480086000 rw-s 78fd7000 00:06 9877                       /dev/nvidiactl
7f8480086000-7f84800c6000 rw-s 76681000 00:06 9877                       /dev/nvidiactl
7f84800c6000-7f84800e6000 rw-s 5f4c3000 00:06 9877                       /dev/nvidiactl
7f84800e6000-7f8480126000 rw-s 7655c000 00:06 9877                       /dev/nvidiactl
7f8480126000-7f848012a000 r-xp 00000000 08:03 5249369                    /usr/lib/libcap.so.2.25
7f848012a000-7f8480329000 ---p 00004000 08:03 5249369                    /usr/lib/libcap.so.2.25
7f8480329000-7f848032a000 rw-p 00003000 08:03 5249369                    /usr/lib/libcap.so.2.25
7f848032a000-7f848033e000 r-xp 00000000 08:03 5246162                    /usr/lib/libresolv-2.23.so
7f848033e000-7f848053d000 ---p 00014000 08:03 5246162                    /usr/lib/libresolv-2.23.so
7f848053d000-7f848053e000 r--p 00013000 08:03 5246162                    /usr/lib/libresolv-2.23.so
7f848053e000-7f848053f000 rw-p 00014000 08:03 5246162                    /usr/lib/libresolv-2.23.so
7f848053f000-7f8480541000 rw-p 00000000 00:00 0 
7f8480541000-7f8480546000 r-xp 00000000 08:03 5246154                    /usr/lib/libnss_dns-2.23.so
7f8480546000-7f8480745000 ---p 00005000 08:03 5246154                    /usr/lib/libnss_dns-2.23.so
7f8480745000-7f8480746000 r--p 00004000 08:03 5246154                    /usr/lib/libnss_dns-2.23.so
7f8480746000-7f8480747000 rw-p 00005000 08:03 5246154                    /usr/lib/libnss_dns-2.23.so
7f8480758000-7f8480778000 rw-s 5f40d000 00:06 9877                       /dev/nvidiactl
7f8480778000-7f8480978000 rw-p 00000000 00:00 0 
7f8480978000-7f848097b000 ---p 00000000 00:00 0 
7f848097b000-7f8480a79000 rw-p 00000000 00:00 0 
7f8480a79000-7f8480af9000 rw-s 3f3d91000 00:06 9877                      /dev/nvidiactl
7f8480af9000-7f8480b79000 rw-s 36d9fc000 00:06 9877                      /dev/nvidiactl
7f8480b79000-7f8480bf9000 rw-s 3d42cf000 00:06 9877                      /dev/nvidiactl
7f8480bf9000-7f8480cf9000 rw-s 3d628d000 00:06 9877                      /dev/nvidiactl
7f8480cf9000-7f8480d19000 rw-s c02a0000 00:06 13745                      /dev/nvidia0
7f8480d19000-7f8480d59000 rw-s 393678000 00:06 9877                      /dev/nvidiactl
7f8480d59000-7f8480d79000 rw-s 399f16000 00:06 9877                      /dev/nvidiactl
7f8480d79000-7f8480db9000 rw-s 3f1f9c000 00:06 9877                      /dev/nvidiactl
7f8480db9000-7f8480df9000 rw-s 390455000 00:06 9877                      /dev/nvidiactl
7f8480df9000-7f8480efd000 rw-s 80802000 00:06 9877                       /dev/nvidiactl
7f8480efd000-7f8480f00000 r-xp 00000000 08:03 5773637                    /usr/lib/tls/libnvidia-tls.so.367.27
7f8480f00000-7f8481100000 ---p 00003000 08:03 5773637                    /usr/lib/tls/libnvidia-tls.so.367.27
7f8481100000-7f8481101000 rw-p 00003000 08:03 5773637                    /usr/lib/tls/libnvidia-tls.so.367.27
7f8481101000-7f84811c9000 r-xp 00000000 08:03 5268220                    /usr/lib/libGLX_nvidia.so.367.27
7f84811c9000-7f84811fd000 rwxp 000c8000 08:03 5268220                    /usr/lib/libGLX_nvidia.so.367.27
7f84811fd000-7f8481210000 r-xp 000fc000 08:03 5268220                    /usr/lib/libGLX_nvidia.so.367.27
7f8481210000-7f8481410000 ---p 0010f000 08:03 5268220                    /usr/lib/libGLX_nvidia.so.367.27
7f8481410000-7f8481438000 rw-p 0010f000 08:03 5268220                    /usr/lib/libGLX_nvidia.so.367.27
7f8481438000-7f848143f000 rw-p 00000000 00:00 0 
7f848143f000-7f8481441000 r-xp 00000000 08:03 5269221                    /usr/lib/libXinerama.so.1.0.0
7f8481441000-7f8481640000 ---p 00002000 08:03 5269221                    /usr/lib/libXinerama.so.1.0.0
7f8481640000-7f8481641000 r--p 00001000 08:03 5269221                    /usr/lib/libXinerama.so.1.0.0
7f8481641000-7f8481642000 rw-p 00002000 08:03 5269221                    /usr/lib/libXinerama.so.1.0.0
7f8481642000-7f848164d000 r-xp 00000000 08:03 5268224                    /usr/lib/libGLESv1_CM_nvidia.so.367.27
7f848164d000-7f848184c000 ---p 0000b000 08:03 5268224                    /usr/lib/libGLESv1_CM_nvidia.so.367.27
7f848184c000-7f848184f000 rw-p 0000a000 08:03 5268224                    /usr/lib/libGLESv1_CM_nvidia.so.367.27
7f8481860000-7f8481880000 rw-s 399f60000 00:06 9877                      /dev/nvidiactl
7f8481880000-7f84818c0000 rw-s 00000000 08:03 3151477                    /home/twittumz/#3151477 (deleted)
7f84818c0000-7f8481900000 r-xs 00000000 08:03 3151477                    /home/twittumz/#3151477 (deleted)
7f8481900000-7f8481980000 rw-s 399c16000 00:06 9877                      /dev/nvidiactl
7f8481980000-7f8481a00000 rw-s 371613000 00:06 9877                      /dev/nvidiactl
7f8481a00000-7f8481a80000 rw-s 39b1af000 00:06 9877                      /dev/nvidiactl
7f8481a80000-7f8481b80000 rw-s 3f1e45000 00:06 9877                      /dev/nvidiactl
7f8481b80000-7f848314c000 r-xp 00000000 08:03 5268233                    /usr/lib/libnvidia-eglcore.so.367.27
7f848314c000-7f848334c000 ---p 015cc000 08:03 5268233                    /usr/lib/libnvidia-eglcore.so.367.27
7f848334c000-7f84836e4000 rw-p 015cc000 08:03 5268233                    /usr/lib/libnvidia-eglcore.so.367.27
7f84836e4000-7f84836f8000 rw-p 00000000 00:00 0 
7f84836f8000-7f8483707000 r-xp 00000000 08:03 5268258                    /usr/lib/libGLESv2_nvidia.so.367.27
7f8483707000-7f8483907000 ---p 0000f000 08:03 5268258                    /usr/lib/libGLESv2_nvidia.so.367.27
7f8483907000-7f848390b000 rw-p 0000f000 08:03 5268258                    /usr/lib/libGLESv2_nvidia.so.367.27
7f848390b000-7f8483919000 r-xp 00000000 08:03 5264554                    /usr/lib/libdrm.so.2.4.0
7f8483919000-7f8483b18000 ---p 0000e000 08:03 5264554                    /usr/lib/libdrm.so.2.4.0
7f8483b18000-7f8483b19000 r--p 0000d000 08:03 5264554                    /usr/lib/libdrm.so.2.4.0
7f8483b19000-7f8483b1a000 rw-p 0000e000 08:03 5264554                    /usr/lib/libdrm.so.2.4.0
7f8483b1a000-7f8483b76000 r-xp 00000000 00:23 170442                     /tmp/jogamp_0000/file_cache/jln3452333466792167505/jln1220588514092184649/natives/linux-amd64/libjogl_mobile.so
7f8483b76000-7f8483d76000 ---p 0005c000 00:23 170442                     /tmp/jogamp_0000/file_cache/jln3452333466792167505/jln1220588514092184649/natives/linux-amd64/libjogl_mobile.so
7f8483d76000-7f8483d77000 rw-p 0005c000 00:23 170442                     /tmp/jogamp_0000/file_cache/jln3452333466792167505/jln1220588514092184649/natives/linux-amd64/libjogl_mobile.so
7f8483d77000-7f8483de9000 r-xp 00000000 08:03 5268234                    /usr/lib/libnvidia-glsi.so.367.27
7f8483de9000-7f8483fe8000 ---p 00072000 08:03 5268234                    /usr/lib/libnvidia-glsi.so.367.27
7f8483fe8000-7f8483ff1000 rw-p 00071000 08:03 5268234                    /usr/lib/libnvidia-glsi.so.367.27
7f8483ff1000-7f8484000000 rw-p 00000000 00:00 0 
7f8484000000-7f8484446000 rw-p 00000000 00:00 0 
7f8484446000-7f8488000000 ---p 00000000 00:00 0 
7f8488000000-7f8488021000 rw-p 00000000 00:00 0 
7f8488021000-7f848c000000 ---p 00000000 00:00 0 
7f848c000000-7f848c027000 rw-p 00000000 00:00 0 
7f848c027000-7f8490000000 ---p 00000000 00:00 0 
7f8490000000-7f8490021000 rw-p 00000000 00:00 0 
7f8490021000-7f8494000000 ---p 00000000 00:00 0 
7f8494000000-7f8494021000 rw-p 00000000 00:00 0 
7f8494021000-7f8498000000 ---p 00000000 00:00 0 
7f8498000000-7f8498021000 rw-p 00000000 00:00 0 
7f8498021000-7f849c000000 ---p 00000000 00:00 0 
7f849c000000-7f849c021000 rw-p 00000000 00:00 0 
7f849c021000-7f84a0000000 ---p 00000000 00:00 0 
7f84a0000000-7f84a0021000 rw-p 00000000 00:00 0 
7f84a0021000-7f84a4000000 ---p 00000000 00:00 0 
7f84a4000000-7f84a415e000 rw-p 00000000 00:00 0 
7f84a415e000-7f84a8000000 ---p 00000000 00:00 0 
7f84a8000000-7f84a8228000 rw-p 00000000 00:00 0 
7f84a8228000-7f84ac000000 ---p 00000000 00:00 0 
7f84ac000000-7f84ac1fc000 rw-p 00000000 00:00 0 
7f84ac1fc000-7f84b0000000 ---p 00000000 00:00 0 
7f84b0000000-7f84b0172000 rw-p 00000000 00:00 0 
7f84b0172000-7f84b4000000 ---p 00000000 00:00 0 
7f84b4000000-7f84b4021000 rw-p 00000000 00:00 0 
7f84b4021000-7f84b8000000 ---p 00000000 00:00 0 
7f84b8000000-7f84b8021000 rw-p 00000000 00:00 0 
7f84b8021000-7f84bc000000 ---p 00000000 00:00 0 
7f84bc000000-7f84bc021000 rw-p 00000000 00:00 0 
7f84bc021000-7f84c0000000 ---p 00000000 00:00 0 
7f84c0010000-7f84c0020000 r-xp 00000000 08:03 5253231                    /usr/lib/libnss_myhostname.so.2
7f84c0020000-7f84c0021000 ---p 00010000 08:03 5253231                    /usr/lib/libnss_myhostname.so.2
7f84c0021000-7f84c0023000 r--p 00010000 08:03 5253231                    /usr/lib/libnss_myhostname.so.2
7f84c0023000-7f84c0024000 rw-p 00012000 08:03 5253231                    /usr/lib/libnss_myhostname.so.2
7f84c0024000-7f84c0037000 rw-s 3d60c9000 00:06 9877                      /dev/nvidiactl
7f84c0037000-7f84c0102000 r-xp 00000000 08:03 5268259                    /usr/lib/libEGL_nvidia.so.367.27
7f84c0102000-7f84c0301000 ---p 000cb000 08:03 5268259                    /usr/lib/libEGL_nvidia.so.367.27
7f84c0301000-7f84c032c000 rw-p 000ca000 08:03 5268259                    /usr/lib/libEGL_nvidia.so.367.27
7f84c032c000-7f84c8000000 rw-p 00000000 00:00 0 
7f84c8000000-7f84c8021000 rw-p 00000000 00:00 0 
7f84c8021000-7f84cc000000 ---p 00000000 00:00 0 
7f84cc000000-7f84cc021000 rw-p 00000000 00:00 0 
7f84cc021000-7f84d0000000 ---p 00000000 00:00 0 
7f84d0000000-7f84d0021000 rw-p 00000000 00:00 0 
7f84d0021000-7f84d4000000 ---p 00000000 00:00 0 
7f84d4011000-7f84d4115000 rw-s 80802000 00:06 9877                       /dev/nvidiactl
7f84d4115000-7f84d4118000 ---p 00000000 00:00 0 
7f84d4118000-7f84d4216000 rw-p 00000000 00:00 0 
7f84d4216000-7f84d421a000 r-xp 00000000 08:03 5773639                    /usr/lib/nvidia/libEGL.so.1
7f84d421a000-7f84d4419000 ---p 00004000 08:03 5773639                    /usr/lib/nvidia/libEGL.so.1
7f84d4419000-7f84d441a000 rw-p 00003000 08:03 5773639                    /usr/lib/nvidia/libEGL.so.1
7f84d441a000-7f84d441f000 r-xp 00000000 08:03 5773617                    /usr/lib/nvidia/libGLESv2.so.2.0.0
7f84d441f000-7f84d4421000 r-xp 00005000 08:03 5773617                    /usr/lib/nvidia/libGLESv2.so.2.0.0
7f84d4421000-7f84d4425000 r-xp 00007000 08:03 5773617                    /usr/lib/nvidia/libGLESv2.so.2.0.0
7f84d4425000-7f84d4624000 ---p 0000b000 08:03 5773617                    /usr/lib/nvidia/libGLESv2.so.2.0.0
7f84d4624000-7f84d4625000 r--p 0000a000 08:03 5773617                    /usr/lib/nvidia/libGLESv2.so.2.0.0
7f84d4625000-7f84d4626000 rw-p 0000b000 08:03 5773617                    /usr/lib/nvidia/libGLESv2.so.2.0.0
7f84d4626000-7f84d46de000 r-xp 00000000 00:23 170441                     /tmp/jogamp_0000/file_cache/jln3452333466792167505/jln1220588514092184649/natives/linux-amd64/libjogl_desktop.so
7f84d46de000-7f84d48de000 ---p 000b8000 00:23 170441                     /tmp/jogamp_0000/file_cache/jln3452333466792167505/jln1220588514092184649/natives/linux-amd64/libjogl_desktop.so
7f84d48de000-7f84d48df000 rw-p 000b8000 00:23 170441                     /tmp/jogamp_0000/file_cache/jln3452333466792167505/jln1220588514092184649/natives/linux-amd64/libjogl_desktop.so
7f84d48df000-7f84d4932000 r-xp 00000000 08:03 5268203                    /usr/lib/libGLdispatch.so.0.0.0
7f84d4932000-7f84d494b000 r-xp 00053000 08:03 5268203                    /usr/lib/libGLdispatch.so.0.0.0
7f84d494b000-7f84d4986000 r-xp 0006c000 08:03 5268203                    /usr/lib/libGLdispatch.so.0.0.0
7f84d4986000-7f84d4b85000 ---p 000a7000 08:03 5268203                    /usr/lib/libGLdispatch.so.0.0.0
7f84d4b85000-7f84d4b94000 r--p 000a6000 08:03 5268203                    /usr/lib/libGLdispatch.so.0.0.0
7f84d4b94000-7f84d4b95000 rw-p 000b5000 08:03 5268203                    /usr/lib/libGLdispatch.so.0.0.0
7f84d4b95000-7f84d4bb5000 rw-p 00000000 00:00 0 
7f84d4bb5000-7f84d4bc5000 r-xp 00000000 08:03 5268199                    /usr/lib/libGLX.so.0.0.0
7f84d4bc5000-7f84d4dc5000 ---p 00010000 08:03 5268199                    /usr/lib/libGLX.so.0.0.0
7f84d4dc5000-7f84d4dc6000 r--p 00010000 08:03 5268199                    /usr/lib/libGLX.so.0.0.0
7f84d4dc6000-7f84d4dc7000 rw-p 00011000 08:03 5268199                    /usr/lib/libGLX.so.0.0.0
7f84d4dc7000-7f84d4de7000 rw-p 00000000 00:00 0 
7f84d4de7000-7f84d4e17000 r-xp 00000000 08:03 5773620                    /usr/lib/nvidia/libGL.so.1.0.0
7f84d4e17000-7f84d4e30000 r-xp 00030000 08:03 5773620                    /usr/lib/nvidia/libGL.so.1.0.0
7f84d4e30000-7f84d4e5b000 r-xp 00049000 08:03 5773620                    /usr/lib/nvidia/libGL.so.1.0.0
7f84d4e5b000-7f84d505b000 ---p 00074000 08:03 5773620                    /usr/lib/nvidia/libGL.so.1.0.0
7f84d505b000-7f84d505c000 r--p 00074000 08:03 5773620                    /usr/lib/nvidia/libGL.so.1.0.0
7f84d505c000-7f84d505d000 rw-p 00075000 08:03 5773620                    /usr/lib/nvidia/libGL.so.1.0.0
7f84d505d000-7f84d525e000 rw-p 00000000 00:00 0 
7f84d525e000-7f84d545e000 rw-p 00000000 00:00 0 
7f84d5464000-7f84d5468000 rw-s 00000000 00:05 13271066                   /SYSV00000000 (deleted)
7f84d5468000-7f84d5469000 rw-s 3904ba000 00:06 9877                      /dev/nvidiactl
7f84d5469000-7f84d5489000 rw-s c0260000 00:06 13745                      /dev/nvidia0
7f84d5489000-7f84d54c9000 rw-s 3d6121000 00:06 9877                      /dev/nvidiactl
7f84d54c9000-7f84d54e9000 rw-s 3d536f000 00:06 9877                      /dev/nvidiactl
7f84d54e9000-7f84d5529000 rw-s 3935bc000 00:06 9877                      /dev/nvidiactl
7f84d5529000-7f84d5530000 r-xp 00000000 00:23 170444                     /tmp/jogamp_0000/file_cache/jln3452333466792167505/jln1220588514092184649/natives/linux-amd64/libnativewindow_x11.so
7f84d5530000-7f84d572f000 ---p 00007000 00:23 170444                     /tmp/jogamp_0000/file_cache/jln3452333466792167505/jln1220588514092184649/natives/linux-amd64/libnativewindow_x11.so
7f84d572f000-7f84d5730000 rw-p 00006000 00:23 170444                     /tmp/jogamp_0000/file_cache/jln3452333466792167505/jln1220588514092184649/natives/linux-amd64/libnativewindow_x11.so
7f84d5730000-7f84d5735000 r-xp 00000000 08:03 5268760                    /usr/lib/libXxf86vm.so.1.0.0
7f84d5735000-7f84d5934000 ---p 00005000 08:03 5268760                    /usr/lib/libXxf86vm.so.1.0.0
7f84d5934000-7f84d5935000 r--p 00004000 08:03 5268760                    /usr/lib/libXxf86vm.so.1.0.0
7f84d5935000-7f84d5936000 rw-p 00005000 08:03 5268760                    /usr/lib/libXxf86vm.so.1.0.0
7f84d5936000-7f84d5938000 r-xp 00000000 00:23 170443                     /tmp/jogamp_0000/file_cache/jln3452333466792167505/jln1220588514092184649/natives/linux-amd64/libnativewindow_awt.so
7f84d5938000-7f84d5b37000 ---p 00002000 00:23 170443                     /tmp/jogamp_0000/file_cache/jln3452333466792167505/jln1220588514092184649/natives/linux-amd64/libnativewindow_awt.so
7f84d5b37000-7f84d5b38000 rw-p 00001000 00:23 170443                     /tmp/jogamp_0000/file_cache/jln3452333466792167505/jln1220588514092184649/natives/linux-amd64/libnativewindow_awt.so
7f84d5b38000-7f84d5b39000 r-xp 00000000 08:03 5905448                    /usr/lib/jvm/java-8-openjdk/jre/lib/amd64/libjawt.so
7f84d5b39000-7f84d5d38000 ---p 00001000 08:03 5905448                    /usr/lib/jvm/java-8-openjdk/jre/lib/amd64/libjawt.so
7f84d5d38000-7f84d5d39000 rw-p 00000000 08:03 5905448                    /usr/lib/jvm/java-8-openjdk/jre/lib/amd64/libjawt.so
7f84d5d39000-7f84d5d3b000 r-xp 00000000 00:23 170440                     /tmp/jogamp_0000/file_cache/jln3452333466792167505/jln1220588514092184649/natives/linux-amd64/libgluegen-rt.so
7f84d5d3b000-7f84d5f3a000 ---p 00002000 00:23 170440                     /tmp/jogamp_0000/file_cache/jln3452333466792167505/jln1220588514092184649/natives/linux-amd64/libgluegen-rt.so
7f84d5f3a000-7f84d5f3b000 rw-p 00001000 00:23 170440                     /tmp/jogamp_0000/file_cache/jln3452333466792167505/jln1220588514092184649/natives/linux-amd64/libgluegen-rt.so
7f84d5f3b000-7f84d5f3e000 ---p 00000000 00:00 0 
7f84d5f3e000-7f84d603c000 rw-p 00000000 00:00 0 
7f84d603c000-7f84d604d000 r-xp 00000000 08:03 5905443                    /usr/lib/jvm/java-8-openjdk/jre/lib/amd64/libnio.so
7f84d604d000-7f84d624c000 ---p 00011000 08:03 5905443                    /usr/lib/jvm/java-8-openjdk/jre/lib/amd64/libnio.so
7f84d624c000-7f84d624d000 rw-p 00010000 08:03 5905443                    /usr/lib/jvm/java-8-openjdk/jre/lib/amd64/libnio.so
7f84d624d000-7f84d6263000 r-xp 00000000 08:03 5905432                    /usr/lib/jvm/java-8-openjdk/jre/lib/amd64/libnet.so
7f84d6263000-7f84d6463000 ---p 00016000 08:03 5905432                    /usr/lib/jvm/java-8-openjdk/jre/lib/amd64/libnet.so
7f84d6463000-7f84d6464000 rw-p 00016000 08:03 5905432                    /usr/lib/jvm/java-8-openjdk/jre/lib/amd64/libnet.so
7f84d6464000-7f84d6664000 rw-p 00000000 00:00 0 
7f84d6664000-7f84d6667000 ---p 00000000 00:00 0 
7f84d6667000-7f84d6765000 rw-p 00000000 00:00 0 
7f84d6765000-7f84d6768000 ---p 00000000 00:00 0 
7f84d6768000-7f84d6866000 rw-p 00000000 00:00 0 
7f84d6866000-7f84d6869000 ---p 00000000 00:00 0 
7f84d6869000-7f84d6967000 rw-p 00000000 00:00 0 
7f84d6967000-7f84d696a000 ---p 00000000 00:00 0 
7f84d696a000-7f84d6a68000 rw-p 00000000 00:00 0 
7f84d6a68000-7f84d6a6d000 r-xp 00000000 08:03 5268766                    /usr/lib/libXfixes.so.3.1.0
7f84d6a6d000-7f84d6c6c000 ---p 00005000 08:03 5268766                    /usr/lib/libXfixes.so.3.1.0
7f84d6c6c000-7f84d6c6d000 r--p 00004000 08:03 5268766                    /usr/lib/libXfixes.so.3.1.0
7f84d6c6d000-7f84d6c6e000 rw-p 00005000 08:03 5268766                    /usr/lib/libXfixes.so.3.1.0
7f84d6c6e000-7f84d6c78000 r-xp 00000000 08:03 5269218                    /usr/lib/libXcursor.so.1.0.2
7f84d6c78000-7f84d6e77000 ---p 0000a000 08:03 5269218                    /usr/lib/libXcursor.so.1.0.2
7f84d6e77000-7f84d6e78000 r--p 00009000 08:03 5269218                    /usr/lib/libXcursor.so.1.0.2
7f84d6e78000-7f84d6e79000 rw-p 0000a000 08:03 5269218                    /usr/lib/libXcursor.so.1.0.2
7f84d6e79000-7f84d6e7c000 ---p 00000000 00:00 0 
7f84d6e7c000-7f84d6f7a000 rw-p 00000000 00:00 0 
7f84d6f7a000-7f84d6fec000 r-xp 00000000 08:03 5254181                    /usr/lib/libpcre.so.1.2.7
7f84d6fec000-7f84d71eb000 ---p 00072000 08:03 5254181                    /usr/lib/libpcre.so.1.2.7
7f84d71eb000-7f84d71ec000 r--p 00071000 08:03 5254181                    /usr/lib/libpcre.so.1.2.7
7f84d71ec000-7f84d71ed000 rw-p 00072000 08:03 5254181                    /usr/lib/libpcre.so.1.2.7
7f84d71ed000-7f84d7217000 r-xp 00000000 08:03 5264449                    /usr/lib/libgraphite2.so.3.0.1
7f84d7217000-7f84d7416000 ---p 0002a000 08:03 5264449                    /usr/lib/libgraphite2.so.3.0.1
7f84d7416000-7f84d7418000 r--p 00029000 08:03 5264449                    /usr/lib/libgraphite2.so.3.0.1
7f84d7418000-7f84d7419000 rw-p 0002b000 08:03 5264449                    /usr/lib/libgraphite2.so.3.0.1
7f84d7419000-7f84d7526000 r-xp 00000000 08:03 5256081                    /usr/lib/libglib-2.0.so.0.4800.1
7f84d7526000-7f84d7725000 ---p 0010d000 08:03 5256081                    /usr/lib/libglib-2.0.so.0.4800.1
7f84d7725000-7f84d7726000 r--p 0010c000 08:03 5256081                    /usr/lib/libglib-2.0.so.0.4800.1
7f84d7726000-7f84d7727000 rw-p 0010d000 08:03 5256081                    /usr/lib/libglib-2.0.so.0.4800.1
7f84d7727000-7f84d7728000 rw-p 00000000 00:00 0 
7f84d7728000-7f84d77a2000 r-xp 00000000 08:03 5264460                    /usr/lib/libharfbuzz.so.0.10200.7
7f84d77a2000-7f84d79a2000 ---p 0007a000 08:03 5264460                    /usr/lib/libharfbuzz.so.0.10200.7
7f84d79a2000-7f84d79a3000 r--p 0007a000 08:03 5264460                    /usr/lib/libharfbuzz.so.0.10200.7
7f84d79a3000-7f84d79a4000 rw-p 0007b000 08:03 5264460                    /usr/lib/libharfbuzz.so.0.10200.7
7f84d79a4000-7f84d79d8000 r-xp 00000000 08:03 5264433                    /usr/lib/libpng16.so.16.23.0
7f84d79d8000-7f84d7bd8000 ---p 00034000 08:03 5264433                    /usr/lib/libpng16.so.16.23.0
7f84d7bd8000-7f84d7bd9000 r--p 00034000 08:03 5264433                    /usr/lib/libpng16.so.16.23.0
7f84d7bd9000-7f84d7bda000 rw-p 00035000 08:03 5264433                    /usr/lib/libpng16.so.16.23.0
7f84d7bda000-7f84d7be9000 r-xp 00000000 08:03 5249251                    /usr/lib/libbz2.so.1.0.6
7f84d7be9000-7f84d7de8000 ---p 0000f000 08:03 5249251                    /usr/lib/libbz2.so.1.0.6
7f84d7de8000-7f84d7dea000 rw-p 0000e000 08:03 5249251                    /usr/lib/libbz2.so.1.0.6
7f84d7dea000-7f84d7e00000 r-xp 00000000 08:03 5246433                    /usr/lib/libgcc_s.so.1
7f84d7e00000-7f84d7fff000 ---p 00016000 08:03 5246433                    /usr/lib/libgcc_s.so.1
7f84d7fff000-7f84d8000000 rw-p 00015000 08:03 5246433                    /usr/lib/libgcc_s.so.1
7f84d8000000-7f84d8021000 rw-p 00000000 00:00 0 
7f84d8021000-7f84dc000000 ---p 00000000 00:00 0 
7f84dc000000-7f84dc021000 rw-p 00000000 00:00 0 
7f84dc021000-7f84e0000000 ---p 00000000 00:00 0 
7f84e0000000-7f84e0021000 rw-p 00000000 00:00 0 
7f84e0021000-7f84e4000000 ---p 00000000 00:00 0 
7f84e4000000-7f84e4001000 rw-s cfd67000 00:06 13745                      /dev/nvidia0
7f84e4001000-7f84e4002000 rw-s cfd66000 00:06 13745                      /dev/nvidia0
7f84e4002000-7f84e4003000 rw-s cfd66000 00:06 13745                      /dev/nvidia0
7f84e4003000-7f84e4004000 rw-s 367d29000 00:06 9877                      /dev/nvidiactl
7f84e4004000-7f84e4008000 rw-s 3f1f71000 00:06 9877                      /dev/nvidiactl
7f84e4008000-7f84e4009000 rw-s cfd66000 00:06 13745                      /dev/nvidia0
7f84e4009000-7f84e400a000 rw-s cfd66000 00:06 13745                      /dev/nvidia0
7f84e400a000-7f84e402a000 rw-s 3d6378000 00:06 9877                      /dev/nvidiactl
7f84e402a000-7f84e402b000 rw-s cfd66000 00:06 13745                      /dev/nvidia0
7f84e402b000-7f84e406b000 rw-s 78db8000 00:06 9877                       /dev/nvidiactl
7f84e406b000-7f84e406c000 rw-s 5f4c2000 00:06 9877                       /dev/nvidiactl
7f84e406c000-7f84e406e000 rw-s 00000000 00:23 172445                     /tmp/.glgXlB4t (deleted)
7f84e406e000-7f84e4081000 rw-s 3cb66c000 00:06 9877                      /dev/nvidiactl
7f84e4081000-7f84e4082000 rw-s 3d43ef000 00:06 9877                      /dev/nvidiactl
7f84e4082000-7f84e4086000 rw-s 3f1fab000 00:06 9877                      /dev/nvidiactl
7f84e4086000-7f84e4087000 rw-s cfd66000 00:06 13745                      /dev/nvidia0
7f84e4087000-7f84e4088000 rw-s cfd66000 00:06 13745                      /dev/nvidia0
7f84e4088000-7f84e4089000 rw-s cfd66000 00:06 13745                      /dev/nvidia0
7f84e4089000-7f84e408a000 rw-s 399c1d000 00:06 9877                      /dev/nvidiactl
7f84e408a000-7f84e408b000 rw-s de060000 00:06 13745                      /dev/nvidia0
7f84e408b000-7f84e409b000 rw-s 00000000 08:03 3147083                    /home/twittumz/#3147083 (deleted)
7f84e409b000-7f84e40ab000 r-xs 00000000 08:03 3147083                    /home/twittumz/#3147083 (deleted)
7f84e40ab000-7f84e40ae000 ---p 00000000 00:00 0 
7f84e40ae000-7f84e40e4000 rw-p 00000000 00:00 0 
7f84e40e4000-7f84e419a000 r-xp 00000000 08:03 5264483                    /usr/lib/libfreetype.so.6.12.5
7f84e419a000-7f84e4399000 ---p 000b6000 08:03 5264483                    /usr/lib/libfreetype.so.6.12.5
7f84e4399000-7f84e439f000 r--p 000b5000 08:03 5264483                    /usr/lib/libfreetype.so.6.12.5
7f84e439f000-7f84e43a0000 rw-p 000bb000 08:03 5264483                    /usr/lib/libfreetype.so.6.12.5
7f84e43a0000-7f84e4401000 r-xp 00000000 08:03 5905449                    /usr/lib/jvm/java-8-openjdk/jre/lib/amd64/libfontmanager.so
7f84e4401000-7f84e4601000 ---p 00061000 08:03 5905449                    /usr/lib/jvm/java-8-openjdk/jre/lib/amd64/libfontmanager.so
7f84e4601000-7f84e4605000 rw-p 00061000 08:03 5905449                    /usr/lib/jvm/java-8-openjdk/jre/lib/amd64/libfontmanager.so
7f84e4605000-7f84e460a000 r-xp 00000000 08:03 5264426                    /usr/lib/libXdmcp.so.6.0.0
7f84e460a000-7f84e4809000 ---p 00005000 08:03 5264426                    /usr/lib/libXdmcp.so.6.0.0
7f84e4809000-7f84e480a000 r--p 00004000 08:03 5264426                    /usr/lib/libXdmcp.so.6.0.0
7f84e480a000-7f84e480b000 rw-p 00005000 08:03 5264426                    /usr/lib/libXdmcp.so.6.0.0
7f84e480b000-7f84e480d000 r-xp 00000000 08:03 5264569                    /usr/lib/libXau.so.6.0.0
7f84e480d000-7f84e4a0d000 ---p 00002000 08:03 5264569                    /usr/lib/libXau.so.6.0.0
7f84e4a0d000-7f84e4a0e000 r--p 00002000 08:03 5264569                    /usr/lib/libXau.so.6.0.0
7f84e4a0e000-7f84e4a0f000 rw-p 00003000 08:03 5264569                    /usr/lib/libXau.so.6.0.0
7f84e4a0f000-7f84e4a37000 r-xp 00000000 08:03 5264668                    /usr/lib/libxcb.so.1.1.0
7f84e4a37000-7f84e4c36000 ---p 00028000 08:03 5264668                    /usr/lib/libxcb.so.1.1.0
7f84e4c36000-7f84e4c37000 r--p 00027000 08:03 5264668                    /usr/lib/libxcb.so.1.1.0
7f84e4c37000-7f84e4c38000 rw-p 00028000 08:03 5264668                    /usr/lib/libxcb.so.1.1.0
7f84e4c38000-7f84e4c47000 r-xp 00000000 08:03 5269325                    /usr/lib/libXi.so.6.1.0
7f84e4c47000-7f84e4e46000 ---p 0000f000 08:03 5269325                    /usr/lib/libXi.so.6.1.0
7f84e4e46000-7f84e4e47000 r--p 0000e000 08:03 5269325                    /usr/lib/libXi.so.6.1.0
7f84e4e47000-7f84e4e48000 rw-p 0000f000 08:03 5269325                    /usr/lib/libXi.so.6.1.0
7f84e4e48000-7f84e4e4d000 r-xp 00000000 08:03 5269506                    /usr/lib/libXtst.so.6.1.0
7f84e4e4d000-7f84e504c000 ---p 00005000 08:03 5269506                    /usr/lib/libXtst.so.6.1.0
7f84e504c000-7f84e504d000 r--p 00004000 08:03 5269506                    /usr/lib/libXtst.so.6.1.0
7f84e504d000-7f84e504e000 rw-p 00005000 08:03 5269506                    /usr/lib/libXtst.so.6.1.0
7f84e504e000-7f84e5057000 r-xp 00000000 08:03 5268501                    /usr/lib/libXrender.so.1.3.0
7f84e5057000-7f84e5256000 ---p 00009000 08:03 5268501                    /usr/lib/libXrender.so.1.3.0
7f84e5256000-7f84e5257000 r--p 00008000 08:03 5268501                    /usr/lib/libXrender.so.1.3.0
7f84e5257000-7f84e5258000 rw-p 00009000 08:03 5268501                    /usr/lib/libXrender.so.1.3.0
7f84e5258000-7f84e5393000 r-xp 00000000 08:03 5266962                    /usr/lib/libX11.so.6.3.0
7f84e5393000-7f84e5592000 ---p 0013b000 08:03 5266962                    /usr/lib/libX11.so.6.3.0
7f84e5592000-7f84e5594000 r--p 0013a000 08:03 5266962                    /usr/lib/libX11.so.6.3.0
7f84e5594000-7f84e5599000 rw-p 0013c000 08:03 5266962                    /usr/lib/libX11.so.6.3.0
7f84e5599000-7f84e559a000 rw-p 00000000 00:00 0 
7f84e559a000-7f84e55ab000 r-xp 00000000 08:03 5268193                    /usr/lib/libXext.so.6.4.0
7f84e55ab000-7f84e57aa000 ---p 00011000 08:03 5268193                    /usr/lib/libXext.so.6.4.0
7f84e57aa000-7f84e57ab000 r--p 00010000 08:03 5268193                    /usr/lib/libXext.so.6.4.0
7f84e57ab000-7f84e57ac000 rw-p 00011000 08:03 5268193                    /usr/lib/libXext.so.6.4.0
7f84e57ac000-7f84e57dd000 rw-p 00000000 00:00 0 
7f84e57dd000-7f84e5830000 r-xp 00000000 08:03 5905447                    /usr/lib/jvm/java-8-openjdk/jre/lib/amd64/libawt_xawt.so
7f84e5830000-7f84e5a30000 ---p 00053000 08:03 5905447                    /usr/lib/jvm/java-8-openjdk/jre/lib/amd64/libawt_xawt.so
7f84e5a30000-7f84e5a33000 rw-p 00053000 08:03 5905447                    /usr/lib/jvm/java-8-openjdk/jre/lib/amd64/libawt_xawt.so
7f84e5a33000-7f84e5a34000 rw-p 00000000 00:00 0 
7f84e5a34000-7f84e5ad2000 r-xp 00000000 08:03 5905442                    /usr/lib/jvm/java-8-openjdk/jre/lib/amd64/libawt.so
7f84e5ad2000-7f84e5cd2000 ---p 0009e000 08:03 5905442                    /usr/lib/jvm/java-8-openjdk/jre/lib/amd64/libawt.so
7f84e5cd2000-7f84e5cde000 rw-p 0009e000 08:03 5905442                    /usr/lib/jvm/java-8-openjdk/jre/lib/amd64/libawt.so
7f84e5cde000-7f84e5d02000 rw-p 00000000 00:00 0 
7f84e5d02000-7f84e5d26000 r--s 0031e000 08:03 3279997                    /home/twittumz/Desktop/git/2DMapEditor/libs/jogl/jar/jogl-all.jar
7f84e5d26000-7f84e5d27000 ---p 00000000 00:00 0 
7f84e5d27000-7f84e5e27000 rw-p 00000000 00:00 0 
7f84e5e27000-7f84e5e2a000 ---p 00000000 00:00 0 
7f84e5e2a000-7f84e5f28000 rw-p 00000000 00:00 0 
7f84e5f28000-7f84e5f2b000 ---p 00000000 00:00 0 
7f84e5f2b000-7f84e6029000 rw-p 00000000 00:00 0 
7f84e6029000-7f84e602c000 ---p 00000000 00:00 0 
7f84e602c000-7f84e612a000 rw-p 00000000 00:00 0 
7f84e612a000-7f84e612d000 ---p 00000000 00:00 0 
7f84e612d000-7f84e622b000 rw-p 00000000 00:00 0 
7f84e622b000-7f84e622e000 ---p 00000000 00:00 0 
7f84e622e000-7f84e632c000 rw-p 00000000 00:00 0 
7f84e632c000-7f84e632f000 ---p 00000000 00:00 0 
7f84e632f000-7f84e642d000 rw-p 00000000 00:00 0 
7f84e642d000-7f84e65c5000 r--p 00000000 08:03 5281274                    /usr/lib/locale/locale-archive
7f84e65c5000-7f84e65c8000 ---p 00000000 00:00 0 
7f84e65c8000-7f84e66c6000 rw-p 00000000 00:00 0 
7f84e66c6000-7f84e66c9000 ---p 00000000 00:00 0 
7f84e66c9000-7f84e67c7000 rw-p 00000000 00:00 0 
7f84e67c7000-7f84e67c8000 ---p 00000000 00:00 0 
7f84e67c8000-7f84e8000000 rw-p 00000000 00:00 0 
7f84e8000000-7f84e8021000 rw-p 00000000 00:00 0 
7f84e8021000-7f84ec000000 ---p 00000000 00:00 0 
7f84ec000000-7f84ec021000 rw-p 00000000 00:00 0 
7f84ec021000-7f84f0000000 ---p 00000000 00:00 0 
7f84f0000000-7f84f0021000 rw-p 00000000 00:00 0 
7f84f0021000-7f84f4000000 ---p 00000000 00:00 0 
7f84f4000000-7f84f4013000 r--s 00345000 08:03 5905402                    /usr/lib/jvm/java-8-openjdk/jre/lib/resources.jar
7f84f4013000-7f84f5000000 rw-p 00000000 00:00 0 
7f84f5000000-7f84f53a0000 rwxp 00000000 00:00 0 
7f84f53a0000-7f8504000000 ---p 00000000 00:00 0 
7f8504000000-7f8504a28000 rw-p 00000000 00:00 0 
7f8504a28000-7f8508000000 ---p 00000000 00:00 0 
7f8508000000-7f8508001000 rw-s 7ab23000 00:06 9877                       /dev/nvidiactl
7f8508001000-7f8508003000 r--s 00000000 08:03 3279886                    /home/twittumz/Desktop/git/2DMapEditor/libs/jogl/jar/gluegen-rt-natives-linux-amd64.jar
7f8508003000-7f85084cd000 rw-p 00000000 00:00 0 
7f85084cd000-7f850869a000 r--s 03bec000 08:03 5905403                    /usr/lib/jvm/java-8-openjdk/jre/lib/rt.jar
7f850869a000-7f850876b000 rw-p 00000000 00:00 0 
7f850876b000-7f850876c000 ---p 00000000 00:00 0 
7f850876c000-7f850886c000 rw-p 00000000 00:00 0 
7f850886c000-7f850886d000 ---p 00000000 00:00 0 
7f850886d000-7f850896d000 rw-p 00000000 00:00 0 
7f850896d000-7f850896e000 ---p 00000000 00:00 0 
7f850896e000-7f8508a6e000 rw-p 00000000 00:00 0 
7f8508a6e000-7f8508a6f000 ---p 00000000 00:00 0 
7f8508a6f000-7f8508b6f000 rw-p 00000000 00:00 0 
7f8508b6f000-7f8508b70000 ---p 00000000 00:00 0 
7f8508b70000-7f8508c70000 rw-p 00000000 00:00 0 
7f8508c70000-7f8508c71000 ---p 00000000 00:00 0 
7f8508c71000-7f8508d71000 rw-p 00000000 00:00 0 
7f8508d71000-7f8508d72000 ---p 00000000 00:00 0 
7f8508d72000-7f8508e72000 rw-p 00000000 00:00 0 
7f8508e72000-7f8508e73000 ---p 00000000 00:00 0 
7f8508e73000-7f8508fc7000 rw-p 00000000 00:00 0 
7f8508fc7000-7f85094a6000 ---p 00000000 00:00 0 
7f85094a6000-7f85094fa000 rw-p 00000000 00:00 0 
7f85094fa000-7f85099d8000 ---p 00000000 00:00 0 
7f85099d8000-7f8509a03000 rw-p 00000000 00:00 0 
7f8509a03000-7f8509c72000 ---p 00000000 00:00 0 
7f8509c72000-7f8509c82000 rw-p 00000000 00:00 0 
7f8509c82000-7f850a033000 ---p 00000000 00:00 0 
7f850a033000-7f850a03b000 r-xp 00000000 08:03 5905430                    /usr/lib/jvm/java-8-openjdk/jre/lib/amd64/libzip.so
7f850a03b000-7f850a23a000 ---p 00008000 08:03 5905430                    /usr/lib/jvm/java-8-openjdk/jre/lib/amd64/libzip.so
7f850a23a000-7f850a23b000 rw-p 00007000 08:03 5905430                    /usr/lib/jvm/java-8-openjdk/jre/lib/amd64/libzip.so
7f850a23b000-7f850a246000 r-xp 00000000 08:03 5246155                    /usr/lib/libnss_files-2.23.so
7f850a246000-7f850a445000 ---p 0000b000 08:03 5246155                    /usr/lib/libnss_files-2.23.so
7f850a445000-7f850a446000 r--p 0000a000 08:03 5246155                    /usr/lib/libnss_files-2.23.so
7f850a446000-7f850a447000 rw-p 0000b000 08:03 5246155                    /usr/lib/libnss_files-2.23.so
7f850a447000-7f850a44d000 rw-p 00000000 00:00 0 
7f850a44d000-7f850a479000 r-xp 00000000 08:03 5905429                    /usr/lib/jvm/java-8-openjdk/jre/lib/amd64/libjava.so
7f850a479000-7f850a679000 ---p 0002c000 08:03 5905429                    /usr/lib/jvm/java-8-openjdk/jre/lib/amd64/libjava.so
7f850a679000-7f850a67b000 rw-p 0002c000 08:03 5905429                    /usr/lib/jvm/java-8-openjdk/jre/lib/amd64/libjava.so
7f850a67b000-7f850a688000 r-xp 00000000 08:03 5905422                    /usr/lib/jvm/java-8-openjdk/jre/lib/amd64/libverify.so
7f850a688000-7f850a887000 ---p 0000d000 08:03 5905422                    /usr/lib/jvm/java-8-openjdk/jre/lib/amd64/libverify.so
7f850a887000-7f850a889000 rw-p 0000c000 08:03 5905422                    /usr/lib/jvm/java-8-openjdk/jre/lib/amd64/libverify.so
7f850a889000-7f850a890000 r-xp 00000000 08:03 5246163                    /usr/lib/librt-2.23.so
7f850a890000-7f850aa8f000 ---p 00007000 08:03 5246163                    /usr/lib/librt-2.23.so
7f850aa8f000-7f850aa90000 r--p 00006000 08:03 5246163                    /usr/lib/librt-2.23.so
7f850aa90000-7f850aa91000 rw-p 00007000 08:03 5246163                    /usr/lib/librt-2.23.so
7f850aa91000-7f850ab94000 r-xp 00000000 08:03 5246160                    /usr/lib/libm-2.23.so
7f850ab94000-7f850ad93000 ---p 00103000 08:03 5246160                    /usr/lib/libm-2.23.so
7f850ad93000-7f850ad94000 r--p 00102000 08:03 5246160                    /usr/lib/libm-2.23.so
7f850ad94000-7f850ad95000 rw-p 00103000 08:03 5246160                    /usr/lib/libm-2.23.so
7f850ad95000-7f850b9ea000 r-xp 00000000 08:03 6170591                    /usr/lib/jvm/java-8-openjdk/jre/lib/amd64/server/libjvm.so
7f850b9ea000-7f850bbea000 ---p 00c55000 08:03 6170591                    /usr/lib/jvm/java-8-openjdk/jre/lib/amd64/server/libjvm.so
7f850bbea000-7f850bca6000 rw-p 00c55000 08:03 6170591                    /usr/lib/jvm/java-8-openjdk/jre/lib/amd64/server/libjvm.so
7f850bca6000-7f850bcd6000 rw-p 00000000 00:00 0 
7f850bcd6000-7f850be6d000 r-xp 00000000 08:03 5246102                    /usr/lib/libc-2.23.so
7f850be6d000-7f850c06d000 ---p 00197000 08:03 5246102                    /usr/lib/libc-2.23.so
7f850c06d000-7f850c071000 r--p 00197000 08:03 5246102                    /usr/lib/libc-2.23.so
7f850c071000-7f850c073000 rw-p 0019b000 08:03 5246102                    /usr/lib/libc-2.23.so
7f850c073000-7f850c077000 rw-p 00000000 00:00 0 
7f850c077000-7f850c079000 r-xp 00000000 08:03 5246159                    /usr/lib/libdl-2.23.so
7f850c079000-7f850c279000 ---p 00002000 08:03 5246159                    /usr/lib/libdl-2.23.so
7f850c279000-7f850c27a000 r--p 00002000 08:03 5246159                    /usr/lib/libdl-2.23.so
7f850c27a000-7f850c27b000 rw-p 00003000 08:03 5246159                    /usr/lib/libdl-2.23.so
7f850c27b000-7f850c288000 r-xp 00000000 08:03 6170588                    /usr/lib/jvm/java-8-openjdk/jre/lib/amd64/jli/libjli.so
7f850c288000-7f850c487000 ---p 0000d000 08:03 6170588                    /usr/lib/jvm/java-8-openjdk/jre/lib/amd64/jli/libjli.so
7f850c487000-7f850c488000 rw-p 0000c000 08:03 6170588                    /usr/lib/jvm/java-8-openjdk/jre/lib/amd64/jli/libjli.so
7f850c488000-7f850c49d000 r-xp 00000000 08:03 5253324                    /usr/lib/libz.so.1.2.8
7f850c49d000-7f850c69c000 ---p 00015000 08:03 5253324                    /usr/lib/libz.so.1.2.8
7f850c69c000-7f850c69d000 r--p 00014000 08:03 5253324                    /usr/lib/libz.so.1.2.8
7f850c69d000-7f850c69e000 rw-p 00015000 08:03 5253324                    /usr/lib/libz.so.1.2.8
7f850c69e000-7f850c6b6000 r-xp 00000000 08:03 5246083                    /usr/lib/libpthread-2.23.so
7f850c6b6000-7f850c8b5000 ---p 00018000 08:03 5246083                    /usr/lib/libpthread-2.23.so
7f850c8b5000-7f850c8b6000 r--p 00017000 08:03 5246083                    /usr/lib/libpthread-2.23.so
7f850c8b6000-7f850c8b7000 rw-p 00018000 08:03 5246083                    /usr/lib/libpthread-2.23.so
7f850c8b7000-7f850c8bb000 rw-p 00000000 00:00 0 
7f850c8bb000-7f850c8de000 r-xp 00000000 08:03 5246101                    /usr/lib/ld-2.23.so
7f850c8de000-7f850c8df000 r--s 00036000 08:03 3279976                    /home/twittumz/Desktop/git/2DMapEditor/libs/jogl/jar/jogl-all-natives-linux-amd64.jar
7f850c8df000-7f850c8e0000 r--p 00000000 00:00 0 
7f850c8e0000-7f850c8e4000 r--s 00097000 08:03 5905401                    /usr/lib/jvm/java-8-openjdk/jre/lib/jsse.jar
7f850c8e4000-7f850c9a7000 rw-p 00000000 00:00 0 
7f850c9a7000-7f850c9aa000 ---p 00000000 00:00 0 
7f850c9aa000-7f850caac000 rw-p 00000000 00:00 0 
7f850caac000-7f850cab2000 r--s 0004f000 08:03 3279895                    /home/twittumz/Desktop/git/2DMapEditor/libs/jogl/jar/gluegen-rt.jar
7f850cab2000-7f850cad3000 rw-p 00000000 00:00 0 
7f850cad3000-7f850cadb000 rw-s 00000000 00:23 168633                     /tmp/hsperfdata_twittumz/32000
7f850cadb000-7f850cadc000 rw-p 00000000 00:00 0 
7f850cadc000-7f850cadd000 r--p 00000000 00:00 0 
7f850cadd000-7f850cade000 rw-p 00000000 00:00 0 
7f850cade000-7f850cadf000 r--p 00023000 08:03 5246101                    /usr/lib/ld-2.23.so
7f850cadf000-7f850cae0000 rw-p 00024000 08:03 5246101                    /usr/lib/ld-2.23.so
7f850cae0000-7f850cae1000 rw-p 00000000 00:00 0 
7ffc15446000-7ffc15467000 rw-p 00000000 00:00 0                          [stack]
7ffc154ed000-7ffc154f0000 r--p 00000000 00:00 0                          [vvar]
7ffc154f0000-7ffc154f2000 r-xp 00000000 00:00 0                          [vdso]
ffffffffff600000-ffffffffff601000 r-xp 00000000 00:00 0                  [vsyscall]

VM Arguments:
jvm_args: -Dfile.encoding=UTF-8 
java_command: Editor.Main
java_class_path (initial): /home/twittumz/Desktop/git/2DMapEditor/2dMapEditor/bin:/home/twittumz/Desktop/git/2DMapEditor/libs/jogl/jar/gluegen-rt.jar:/home/twittumz/Desktop/git/2DMapEditor/libs/jogl/jar/jogl-all.jar
Launcher Type: SUN_STANDARD

Environment Variables:
PATH=/usr/local/sbin:/usr/local/bin:/usr/bin:/usr/lib/jvm/default/bin:/usr/bin/site_perl:/usr/bin/vendor_perl:/usr/bin/core_perl
USERNAME=twittumz
SHELL=/bin/bash
DISPLAY=:1

Signal Handlers:
SIGSEGV: [libjvm.so+0xa5a220], sa_mask[0]=11111111011111111101111111111110, sa_flags=SA_RESTART|SA_SIGINFO
SIGBUS: [libjvm.so+0xa5a220], sa_mask[0]=11111111011111111101111111111110, sa_flags=SA_RESTART|SA_SIGINFO
SIGFPE: [libjvm.so+0x8a5a90], sa_mask[0]=11111111011111111101111111111110, sa_flags=SA_RESTART|SA_SIGINFO
SIGPIPE: [libjvm.so+0x8a5a90], sa_mask[0]=11111111011111111101111111111110, sa_flags=SA_RESTART|SA_SIGINFO
SIGXFSZ: [libjvm.so+0x8a5a90], sa_mask[0]=11111111011111111101111111111110, sa_flags=SA_RESTART|SA_SIGINFO
SIGILL: [libjvm.so+0x8a5a90], sa_mask[0]=11111111011111111101111111111110, sa_flags=SA_RESTART|SA_SIGINFO
SIGUSR1: SIG_DFL, sa_mask[0]=00000000000000000000000000000000, sa_flags=none
SIGUSR2: [libjvm.so+0x8a5940], sa_mask[0]=00100000000000000000000000000000, sa_flags=SA_RESTART|SA_SIGINFO
SIGHUP: [libjvm.so+0x8a5e10], sa_mask[0]=11111111011111111101111111111110, sa_flags=SA_RESTART|SA_SIGINFO
SIGINT: [libjvm.so+0x8a5e10], sa_mask[0]=11111111011111111101111111111110, sa_flags=SA_RESTART|SA_SIGINFO
SIGTERM: [libjvm.so+0x8a5e10], sa_mask[0]=11111111011111111101111111111110, sa_flags=SA_RESTART|SA_SIGINFO
SIGQUIT: [libjvm.so+0x8a5e10], sa_mask[0]=11111111011111111101111111111110, sa_flags=SA_RESTART|SA_SIGINFO


---------------  S Y S T E M  ---------------

OS:NAME="Arch Linux"
ID=arch
PRETTY_NAME="Arch Linux"
ANSI_COLOR="0;36"
HOME_URL="https://www.archlinux.org/"
SUPPORT_URL="https://bbs.archlinux.org/"
BUG_REPORT_URL="https://bugs.archlinux.org/"


uname:Linux 4.6.3-1-ARCH #1 SMP PREEMPT Fri Jun 24 21:19:13 CEST 2016 x86_64
libc:glibc 2.23 NPTL 2.23 
rlimit: STACK 8192k, CORE infinity, NPROC 63849, NOFILE 4096, AS infinity
load average:0.52 0.54 0.49

/proc/meminfo:
MemTotal:       16350744 kB
MemFree:        11462320 kB
MemAvailable:   12785988 kB
Buffers:           72316 kB
Cached:          1499264 kB
SwapCached:            0 kB
Active:          3370836 kB
Inactive:        1184908 kB
Active(anon):    2985084 kB
Inactive(anon):    30752 kB
Active(file):     385752 kB
Inactive(file):  1154156 kB
Unevictable:           0 kB
Mlocked:               0 kB
SwapTotal:       4191228 kB
SwapFree:        4191228 kB
Dirty:                28 kB
Writeback:             0 kB
AnonPages:       2602096 kB
Mapped:           384260 kB
Shmem:             31676 kB
Slab:             123932 kB
SReclaimable:      82180 kB
SUnreclaim:        41752 kB
KernelStack:        9200 kB
PageTables:        29792 kB
NFS_Unstable:          0 kB
Bounce:                0 kB
WritebackTmp:          0 kB
CommitLimit:    12366600 kB
Committed_AS:    5621816 kB
VmallocTotal:   34359738367 kB
VmallocUsed:           0 kB
VmallocChunk:          0 kB
HardwareCorrupted:     0 kB
AnonHugePages:   1564672 kB
HugePages_Total:       0
HugePages_Free:        0
HugePages_Rsvd:        0
HugePages_Surp:        0
Hugepagesize:       2048 kB
DirectMap4k:      251356 kB
DirectMap2M:     7002112 kB
DirectMap1G:     9437184 kB


CPU:total 8 (4 cores per cpu, 2 threads per core) family 6 model 94 stepping 3, cmov, cx8, fxsr, mmx, sse, sse2, sse3, ssse3, sse4.1, sse4.2, popcnt, avx, avx2, aes, clmul, erms, rtm, 3dnowpref, lzcnt, ht, tsc, tscinvbit, bmi1, bmi2, adx

/proc/cpuinfo:
processor	: 0
vendor_id	: GenuineIntel
cpu family	: 6
model		: 94
model name	: Intel(R) Core(TM) i7-6700K CPU @ 4.00GHz
stepping	: 3
microcode	: 0x6a
cpu MHz		: 4121.250
cache size	: 8192 KB
physical id	: 0
siblings	: 8
core id		: 0
cpu cores	: 4
apicid		: 0
initial apicid	: 0
fpu		: yes
fpu_exception	: yes
cpuid level	: 22
wp		: yes
flags		: fpu vme de pse tsc msr pae mce cx8 apic sep mtrr pge mca cmov pat pse36 clflush dts acpi mmx fxsr sse sse2 ss ht tm pbe syscall nx pdpe1gb rdtscp lm constant_tsc art arch_perfmon pebs bts rep_good nopl xtopology nonstop_tsc aperfmperf eagerfpu pni pclmulqdq dtes64 monitor ds_cpl vmx est tm2 ssse3 sdbg fma cx16 xtpr pdcm pcid sse4_1 sse4_2 x2apic movbe popcnt tsc_deadline_timer aes xsave avx f16c rdrand lahf_lm abm 3dnowprefetch epb intel_pt tpr_shadow vnmi flexpriority ept vpid fsgsbase tsc_adjust bmi1 hle avx2 smep bmi2 erms invpcid rtm mpx rdseed adx smap clflushopt xsaveopt xsavec xgetbv1 dtherm ida arat pln pts hwp hwp_notify hwp_act_window hwp_epp
bugs		:
bogomips	: 8019.73
clflush size	: 64
cache_alignment	: 64
address sizes	: 39 bits physical, 48 bits virtual
power management:

processor	: 1
vendor_id	: GenuineIntel
cpu family	: 6
model		: 94
model name	: Intel(R) Core(TM) i7-6700K CPU @ 4.00GHz
stepping	: 3
microcode	: 0x6a
cpu MHz		: 4139.687
cache size	: 8192 KB
physical id	: 0
siblings	: 8
core id		: 1
cpu cores	: 4
apicid		: 2
initial apicid	: 2
fpu		: yes
fpu_exception	: yes
cpuid level	: 22
wp		: yes
flags		: fpu vme de pse tsc msr pae mce cx8 apic sep mtrr pge mca cmov pat pse36 clflush dts acpi mmx fxsr sse sse2 ss ht tm pbe syscall nx pdpe1gb rdtscp lm constant_tsc art arch_perfmon pebs bts rep_good nopl xtopology nonstop_tsc aperfmperf eagerfpu pni pclmulqdq dtes64 monitor ds_cpl vmx est tm2 ssse3 sdbg fma cx16 xtpr pdcm pcid sse4_1 sse4_2 x2apic movbe popcnt tsc_deadline_timer aes xsave avx f16c rdrand lahf_lm abm 3dnowprefetch epb intel_pt tpr_shadow vnmi flexpriority ept vpid fsgsbase tsc_adjust bmi1 hle avx2 smep bmi2 erms invpcid rtm mpx rdseed adx smap clflushopt xsaveopt xsavec xgetbv1 dtherm ida arat pln pts hwp hwp_notify hwp_act_window hwp_epp
bugs		:
bogomips	: 8020.80
clflush size	: 64
cache_alignment	: 64
address sizes	: 39 bits physical, 48 bits virtual
power management:

processor	: 2
vendor_id	: GenuineIntel
cpu family	: 6
model		: 94
model name	: Intel(R) Core(TM) i7-6700K CPU @ 4.00GHz
stepping	: 3
microcode	: 0x6a
cpu MHz		: 4147.812
cache size	: 8192 KB
physical id	: 0
siblings	: 8
core id		: 2
cpu cores	: 4
apicid		: 4
initial apicid	: 4
fpu		: yes
fpu_exception	: yes
cpuid level	: 22
wp		: yes
flags		: fpu vme de pse tsc msr pae mce cx8 apic sep mtrr pge mca cmov pat pse36 clflush dts acpi mmx fxsr sse sse2 ss ht tm pbe syscall nx pdpe1gb rdtscp lm constant_tsc art arch_perfmon pebs bts rep_good nopl xtopology nonstop_tsc aperfmperf eagerfpu pni pclmulqdq dtes64 monitor ds_cpl vmx est tm2 ssse3 sdbg fma cx16 xtpr pdcm pcid sse4_1 sse4_2 x2apic movbe popcnt tsc_deadline_timer aes xsave avx f16c rdrand lahf_lm abm 3dnowprefetch epb intel_pt tpr_shadow vnmi flexpriority ept vpid fsgsbase tsc_adjust bmi1 hle avx2 smep bmi2 erms invpcid rtm mpx rdseed adx smap clflushopt xsaveopt xsavec xgetbv1 dtherm ida arat pln pts hwp hwp_notify hwp_act_window hwp_epp
bugs		:
bogomips	: 8021.87
clflush size	: 64
cache_alignment	: 64
address sizes	: 39 bits physical, 48 bits virtual
power management:

processor	: 3
vendor_id	: GenuineIntel
cpu family	: 6
model		: 94
model name	: Intel(R) Core(TM) i7-6700K CPU @ 4.00GHz
stepping	: 3
microcode	: 0x6a
cpu MHz		: 4100.000
cache size	: 8192 KB
physical id	: 0
siblings	: 8
core id		: 3
cpu cores	: 4
apicid		: 6
initial apicid	: 6
fpu		: yes
fpu_exception	: yes
cpuid level	: 22
wp		: yes
flags		: fpu vme de pse tsc msr pae mce cx8 apic sep mtrr pge mca cmov pat pse36 clflush dts acpi mmx fxsr sse sse2 ss ht tm pbe syscall nx pdpe1gb rdtscp lm constant_tsc art arch_perfmon pebs bts rep_good nopl xtopology nonstop_tsc aperfmperf eagerfpu pni pclmulqdq dtes64 monitor ds_cpl vmx est tm2 ssse3 sdbg fma cx16 xtpr pdcm pcid sse4_1 sse4_2 x2apic movbe popcnt tsc_deadline_timer aes xsave avx f16c rdrand lahf_lm abm 3dnowprefetch epb intel_pt tpr_shadow vnmi flexpriority ept vpid fsgsbase tsc_adjust bmi1 hle avx2 smep bmi2 erms invpcid rtm mpx rdseed adx smap clflushopt xsaveopt xsavec xgetbv1 dtherm ida arat pln pts hwp hwp_notify hwp_act_window hwp_epp
bugs		:
bogomips	: 8021.87
clflush size	: 64
cache_alignment	: 64
address sizes	: 39 bits physical, 48 bits virtual
power management:

processor	: 4
vendor_id	: GenuineIntel
cpu family	: 6
model		: 94
model name	: Intel(R) Core(TM) i7-6700K CPU @ 4.00GHz
stepping	: 3
microcode	: 0x6a
cpu MHz		: 4102.812
cache size	: 8192 KB
physical id	: 0
siblings	: 8
core id		: 0
cpu cores	: 4
apicid		: 1
initial apicid	: 1
fpu		: yes
fpu_exception	: yes
cpuid level	: 22
wp		: yes
flags		: fpu vme de pse tsc msr pae mce cx8 apic sep mtrr pge mca cmov pat pse36 clflush dts acpi mmx fxsr sse sse2 ss ht tm pbe syscall nx pdpe1gb rdtscp lm constant_tsc art arch_perfmon pebs bts rep_good nopl xtopology nonstop_tsc aperfmperf eagerfpu pni pclmulqdq dtes64 monitor ds_cpl vmx est tm2 ssse3 sdbg fma cx16 xtpr pdcm pcid sse4_1 sse4_2 x2apic movbe popcnt tsc_deadline_timer aes xsave avx f16c rdrand lahf_lm abm 3dnowprefetch epb intel_pt tpr_shadow vnmi flexpriority ept vpid fsgsbase tsc_adjust bmi1 hle avx2 smep bmi2 erms invpcid rtm mpx rdseed adx smap clflushopt xsaveopt xsavec xgetbv1 dtherm ida arat pln pts hwp hwp_notify hwp_act_window hwp_epp
bugs		:
bogomips	: 8021.36
clflush size	: 64
cache_alignment	: 64
address sizes	: 39 bits physical, 48 bits virtual
power management:

processor	: 5
vendor_id	: GenuineIntel
cpu family	: 6
model		: 94
model name	: Intel(R) Core(TM) i7-6700K CPU @ 4.00GHz
stepping	: 3
microcode	: 0x6a
cpu MHz		: 4138.125
cache size	: 8192 KB
physical id	: 0
siblings	: 8
core id		: 1
cpu cores	: 4
apicid		: 3
initial apicid	: 3
fpu		: yes
fpu_exception	: yes
cpuid level	: 22
wp		: yes
flags		: fpu vme de pse tsc msr pae mce cx8 apic sep mtrr pge mca cmov pat pse36 clflush dts acpi mmx fxsr sse sse2 ss ht tm pbe syscall nx pdpe1gb rdtscp lm constant_tsc art arch_perfmon pebs bts rep_good nopl xtopology nonstop_tsc aperfmperf eagerfpu pni pclmulqdq dtes64 monitor ds_cpl vmx est tm2 ssse3 sdbg fma cx16 xtpr pdcm pcid sse4_1 sse4_2 x2apic movbe popcnt tsc_deadline_timer aes xsave avx f16c rdrand lahf_lm abm 3dnowprefetch epb intel_pt tpr_shadow vnmi flexpriority ept vpid fsgsbase tsc_adjust bmi1 hle avx2 smep bmi2 erms invpcid rtm mpx rdseed adx smap clflushopt xsaveopt xsavec xgetbv1 dtherm ida arat pln pts hwp hwp_notify hwp_act_window hwp_epp
bugs		:
bogomips	: 8021.92
clflush size	: 64
cache_alignment	: 64
address sizes	: 39 bits physical, 48 bits virtual
power management:

processor	: 6
vendor_id	: GenuineIntel
cpu family	: 6
model		: 94
model name	: Intel(R) Core(TM) i7-6700K CPU @ 4.00GHz
stepping	: 3
microcode	: 0x6a
cpu MHz		: 4111.562
cache size	: 8192 KB
physical id	: 0
siblings	: 8
core id		: 2
cpu cores	: 4
apicid		: 5
initial apicid	: 5
fpu		: yes
fpu_exception	: yes
cpuid level	: 22
wp		: yes
flags		: fpu vme de pse tsc msr pae mce cx8 apic sep mtrr pge mca cmov pat pse36 clflush dts acpi mmx fxsr sse sse2 ss ht tm pbe syscall nx pdpe1gb rdtscp lm constant_tsc art arch_perfmon pebs bts rep_good nopl xtopology nonstop_tsc aperfmperf eagerfpu pni pclmulqdq dtes64 monitor ds_cpl vmx est tm2 ssse3 sdbg fma cx16 xtpr pdcm pcid sse4_1 sse4_2 x2apic movbe popcnt tsc_deadline_timer aes xsave avx f16c rdrand lahf_lm abm 3dnowprefetch epb intel_pt tpr_shadow vnmi flexpriority ept vpid fsgsbase tsc_adjust bmi1 hle avx2 smep bmi2 erms invpcid rtm mpx rdseed adx smap clflushopt xsaveopt xsavec xgetbv1 dtherm ida arat pln pts hwp hwp_notify hwp_act_window hwp_epp
bugs		:
bogomips	: 8021.91
clflush size	: 64
cache_alignment	: 64
address sizes	: 39 bits physical, 48 bits virtual
power management:

processor	: 7
vendor_id	: GenuineIntel
cpu family	: 6
model		: 94
model name	: Intel(R) Core(TM) i7-6700K CPU @ 4.00GHz
stepping	: 3
microcode	: 0x6a
cpu MHz		: 4099.843
cache size	: 8192 KB
physical id	: 0
siblings	: 8
core id		: 3
cpu cores	: 4
apicid		: 7
initial apicid	: 7
fpu		: yes
fpu_exception	: yes
cpuid level	: 22
wp		: yes
flags		: fpu vme de pse tsc msr pae mce cx8 apic sep mtrr pge mca cmov pat pse36 clflush dts acpi mmx fxsr sse sse2 ss ht tm pbe syscall nx pdpe1gb rdtscp lm constant_tsc art arch_perfmon pebs bts rep_good nopl xtopology nonstop_tsc aperfmperf eagerfpu pni pclmulqdq dtes64 monitor ds_cpl vmx est tm2 ssse3 sdbg fma cx16 xtpr pdcm pcid sse4_1 sse4_2 x2apic movbe popcnt tsc_deadline_timer aes xsave avx f16c rdrand lahf_lm abm 3dnowprefetch epb intel_pt tpr_shadow vnmi flexpriority ept vpid fsgsbase tsc_adjust bmi1 hle avx2 smep bmi2 erms invpcid rtm mpx rdseed adx smap clflushopt xsaveopt xsavec xgetbv1 dtherm ida arat pln pts hwp hwp_notify hwp_act_window hwp_epp
bugs		:
bogomips	: 8021.92
clflush size	: 64
cache_alignment	: 64
address sizes	: 39 bits physical, 48 bits virtual
power management:



Memory: 4k page, physical 16350744k(11462320k free), swap 4191228k(4191228k free)

vm_info: OpenJDK 64-Bit Server VM (25.92-b14) for linux-amd64 JRE (1.8.0_92-b14), built on Apr 24 2016 15:02:36 by "builduser" with gcc 5.3.0

time: Mon Jul 25 16:41:24 2016
elapsed time: 1 seconds (0d 0h 0m 1s)

