#
# A fatal error has been detected by the Java Runtime Environment:
#
#  SIGSEGV (0xb) at pc=0x000000004122aed7, pid=29391, tid=0x00007fc64f7ea700
#
# JRE version: OpenJDK Runtime Environment (8.0_92-b14) (build 1.8.0_92-b14)
# Java VM: OpenJDK 64-Bit Server VM (25.92-b14 mixed mode linux-amd64 compressed oops)
# Problematic frame:
# C  0x000000004122aed7
#
# Core dump written. Default location: /home/twittumz/Desktop/git/2DMapEditor/2dMapEditor/core or core.29391
#
# If you would like to submit a bug report, please visit:
#   http://bugreport.java.com/bugreport/crash.jsp
# The crash happened outside the Java Virtual Machine in native code.
# See problematic frame for where to report the bug.
#

---------------  T H R E A D  ---------------

Current thread (0x00007fc6b4278000):  JavaThread "AWT-EventQueue-0" [_thread_in_native, id=29421, stack(0x00007fc64f6ea000,0x00007fc64f7eb000)]

siginfo: si_signo: 11 (SIGSEGV), si_code: 1 (SEGV_MAPERR), si_addr: 0x0000000000000000

Registers:
RAX=0x00007fc62ccbfb00, RBX=0x0000000041607000, RCX=0x0000000000000000, RDX=0x00007fc63c28e402
RSP=0x00007fc64f7e80f8, RBP=0x00007fc63c28e406, RSI=0x0000000000000000, RDI=0x0000000000000000
R8 =0x00007fc63c144d90, R9 =0x00000001020e5000, R10=0x0000000041678b28, R11=0x00007fc63c28e406
R12=0x0000000000000003, R13=0x0000000000000003, R14=0x00007fc63c28e400, R15=0x0000000000000024
RIP=0x000000004122aed7, EFLAGS=0x0000000000010202, CSGSFS=0x002b000000000033, ERR=0x0000000000000004
  TRAPNO=0x000000000000000e

Top of Stack: (sp=0x00007fc64f7e80f8)
0x00007fc64f7e80f8:   00007fc62746d27c 00007fc63c146fd0
0x00007fc64f7e8108:   00007fc63c146fd0 00007fc64f7e8270
0x00007fc64f7e8118:   00007fc64f7e81a0 000000044f7e8130
0x00007fc64f7e8128:   0000000300001403 00007fc63c28e400
0x00007fc64f7e8138:   0000000441607000 0000000041607000
0x00007fc64f7e8148:   0000000041657fa0 00007fc63c147f20
0x00007fc64f7e8158:   000000004122ae80 0000000000000000
0x00007fc64f7e8168:   0000000000000000 0000000000000000
0x00007fc64f7e8178:   0000000000000000 000000033c2989a0
0x00007fc64f7e8188:   00007fc63c28e400 00007fc63c147f20
0x00007fc64f7e8198:   00007fc64f7e82b0 00000002f00df00d
0x00007fc64f7e81a8:   0000000000000070 00000001beefbeef
0x00007fc64f7e81b8:   0000000000000000 00000000f00df00d
0x00007fc64f7e81c8:   0000000000000027 0000000041607000
0x00007fc64f7e81d8:   00000000416585a8 0000000000000000
0x00007fc64f7e81e8:   0000000000000000 0000000000000003
0x00007fc64f7e81f8:   00007fc6273acaf7 0000000000000003
0x00007fc64f7e8208:   0000000000000000 0000000000000000
0x00007fc64f7e8218:   00000000416591dc 00007fc64f7e8260
0x00007fc64f7e8228:   0000000041607000 00000000416591d8
0x00007fc64f7e8238:   0000000000000007 00000000416590d8
0x00007fc64f7e8248:   00007fc6273ad0d1 00007fc63c1e6834
0x00007fc64f7e8258:   000000012746c865 0000000100002123
0x00007fc64f7e8268:   0000000100000001 0000000c00000003
0x00007fc64f7e8278:   00007fc63c1e6934 00007fc63c1e68b4
0x00007fc64f7e8288:   0000001000030006 0000000000000003
0x00007fc64f7e8298:   00c0000000000000 3fffffff3fffffff
0x00007fc64f7e82a8:   0000003f3fffffff 0000000000000006
0x00007fc64f7e82b8:   00007fc63c1e6834 0000000000000003
0x00007fc64f7e82c8:   0000000000000000 0000000000000000
0x00007fc64f7e82d8:   0000000000c00000 00007fc63c147f20
0x00007fc64f7e82e8:   00007fc627499265 0000000000000003 

Instructions: (pc=0x000000004122aed7)
0x000000004122aeb7:   48 83 c2 02 48 be 78 8a 65 41 00 00 00 00 48 8b
0x000000004122aec7:   36 48 8b b6 08 03 00 00 48 8d 3c 49 48 8d 34 be
0x000000004122aed7:   8b 3e 8b 6e 04 89 38 89 68 04 8b 7e 08 89 78 08
0x000000004122aee7:   48 83 c0 0c 49 3b d3 75 b7 48 8b 7c 24 e0 48 8b 

Register to memory mapping:

RAX=0x00007fc62ccbfb00 is an unknown value
RBX=0x0000000041607000 is an unknown value
RCX=0x0000000000000000 is an unknown value
RDX=0x00007fc63c28e402 is an unknown value
RSP=0x00007fc64f7e80f8 is pointing into the stack for thread: 0x00007fc6b4278000
RBP=0x00007fc63c28e406 is an unknown value
RSI=0x0000000000000000 is an unknown value
RDI=0x0000000000000000 is an unknown value
R8 =0x00007fc63c144d90 is an unknown value
R9 =0x00000001020e5000 is an unknown value
R10=0x0000000041678b28 is an unknown value
R11=0x00007fc63c28e406 is an unknown value
R12=0x0000000000000003 is an unknown value
R13=0x0000000000000003 is an unknown value
R14=0x00007fc63c28e400 is an unknown value
R15=0x0000000000000024 is an unknown value


Stack: [0x00007fc64f6ea000,0x00007fc64f7eb000],  sp=0x00007fc64f7e80f8,  free space=1016k
Native frames: (J=compiled Java code, j=interpreted, Vv=VM code, C=native code)
C  0x000000004122aed7

Java frames: (J=compiled Java code, j=interpreted, Vv=VM code)
j  jogamp.opengl.gl4.GL4bcImpl.dispatch_glDrawElements1(IIILjava/lang/Object;IZJ)V+0
j  jogamp.opengl.gl4.GL4bcImpl.glDrawElements(IIILjava/nio/Buffer;)V+99
j  Engine.SpriteRenderer.Draw(Lcom/jogamp/opengl/GL2;)V+93
j  Engine.Engine.Render(Lcom/jogamp/opengl/GLAutoDrawable;)V+22
j  Editor.Window$1.display(Lcom/jogamp/opengl/GLAutoDrawable;)V+22
j  jogamp.opengl.GLDrawableHelper.displayImpl(Lcom/jogamp/opengl/GLAutoDrawable;)V+62
j  jogamp.opengl.GLDrawableHelper.display(Lcom/jogamp/opengl/GLAutoDrawable;)V+2
j  com.jogamp.opengl.awt.GLCanvas$11.run()V+118
j  jogamp.opengl.GLDrawableHelper.invokeGLImpl(Lcom/jogamp/opengl/GLDrawable;Lcom/jogamp/opengl/GLContext;Ljava/lang/Runnable;Ljava/lang/Runnable;)V+203
j  jogamp.opengl.GLDrawableHelper.invokeGL(Lcom/jogamp/opengl/GLDrawable;Lcom/jogamp/opengl/GLContext;Ljava/lang/Runnable;Ljava/lang/Runnable;)V+72
j  com.jogamp.opengl.awt.GLCanvas$12.run()V+104
j  java.awt.event.InvocationEvent.dispatch()V+11
j  java.awt.EventQueue.dispatchEventImpl(Ljava/awt/AWTEvent;Ljava/lang/Object;)V+21
j  java.awt.EventQueue.access$500(Ljava/awt/EventQueue;Ljava/awt/AWTEvent;Ljava/lang/Object;)V+3
j  java.awt.EventQueue$3.run()Ljava/lang/Void;+32
j  java.awt.EventQueue$3.run()Ljava/lang/Object;+1
v  ~StubRoutines::call_stub
j  java.security.AccessController.doPrivileged(Ljava/security/PrivilegedAction;Ljava/security/AccessControlContext;)Ljava/lang/Object;+0
j  java.security.ProtectionDomain$JavaSecurityAccessImpl.doIntersectionPrivilege(Ljava/security/PrivilegedAction;Ljava/security/AccessControlContext;Ljava/security/AccessControlContext;)Ljava/lang/Object;+18
j  java.awt.EventQueue.dispatchEvent(Ljava/awt/AWTEvent;)V+46
j  java.awt.EventDispatchThread.pumpOneEventForFilters(I)V+245
j  java.awt.EventDispatchThread.pumpEventsForFilter(ILjava/awt/Conditional;Ljava/awt/EventFilter;)V+35
j  java.awt.EventDispatchThread.pumpEventsForHierarchy(ILjava/awt/Conditional;Ljava/awt/Component;)V+11
j  java.awt.EventDispatchThread.pumpEvents(ILjava/awt/Conditional;)V+4
j  java.awt.EventDispatchThread.pumpEvents(Ljava/awt/Conditional;)V+3
j  java.awt.EventDispatchThread.run()V+9
v  ~StubRoutines::call_stub

---------------  P R O C E S S  ---------------

Java Threads: ( => current thread )
  0x00007fc6b4008000 JavaThread "DestroyJavaVM" [_thread_blocked, id=29397, stack(0x00007fc6bd75c000,0x00007fc6bd85d000)]
  0x00007fc6b4600000 JavaThread "main-AWTAnimator#00" [_thread_blocked, id=29430, stack(0x00007fc62d742000,0x00007fc62d843000)]
  0x00007fc6b43fd800 JavaThread "main-SharedResourceRunner" daemon [_thread_blocked, id=29429, stack(0x00007fc64ca77000,0x00007fc64cb78000)]
  0x00007fc6b43e8000 JavaThread "main-SharedResourceRunner" daemon [_thread_blocked, id=29428, stack(0x00007fc64efc1000,0x00007fc64f0c2000)]
  0x00007fc6b42c1000 JavaThread "process reaper" daemon [_thread_blocked, id=29424, stack(0x00007fc6a401e000,0x00007fc6a4057000)]
=>0x00007fc6b4278000 JavaThread "AWT-EventQueue-0" [_thread_in_native, id=29421, stack(0x00007fc64f6ea000,0x00007fc64f7eb000)]
  0x00007fc6b4276000 JavaThread "AWT-Shutdown" [_thread_blocked, id=29420, stack(0x00007fc64f7eb000,0x00007fc64f8ec000)]
  0x00007fc6b426b000 JavaThread "Image Fetcher 0" daemon [_thread_blocked, id=29419, stack(0x00007fc64f8ec000,0x00007fc64f9ed000)]
  0x00007fc6b4230000 JavaThread "AWT-XAWT" daemon [_thread_blocked, id=29418, stack(0x00007fc64f9ed000,0x00007fc64faee000)]
  0x00007fc6b4208800 JavaThread "Java2D Disposer" daemon [_thread_blocked, id=29417, stack(0x00007fc64feff000,0x00007fc650000000)]
  0x00007fc6b40d0000 JavaThread "Service Thread" daemon [_thread_blocked, id=29415, stack(0x00007fc696b55000,0x00007fc696c56000)]
  0x00007fc6b40c5000 JavaThread "C1 CompilerThread3" daemon [_thread_blocked, id=29414, stack(0x00007fc696c56000,0x00007fc696d57000)]
  0x00007fc6b40c3000 JavaThread "C2 CompilerThread2" daemon [_thread_blocked, id=29413, stack(0x00007fc696d57000,0x00007fc696e58000)]
  0x00007fc6b40c1000 JavaThread "C2 CompilerThread1" daemon [_thread_blocked, id=29412, stack(0x00007fc696e58000,0x00007fc696f59000)]
  0x00007fc6b40be000 JavaThread "C2 CompilerThread0" daemon [_thread_in_native, id=29411, stack(0x00007fc696f59000,0x00007fc69705a000)]
  0x00007fc6b40bc800 JavaThread "Signal Dispatcher" daemon [_thread_blocked, id=29410, stack(0x00007fc69705a000,0x00007fc69715b000)]
  0x00007fc6b408a000 JavaThread "Finalizer" daemon [_thread_blocked, id=29408, stack(0x00007fc6972f3000,0x00007fc6973f4000)]
  0x00007fc6b4085800 JavaThread "Reference Handler" daemon [_thread_blocked, id=29407, stack(0x00007fc6973f4000,0x00007fc6974f5000)]

Other Threads:
  0x00007fc6b407e000 VMThread [stack: 0x00007fc6974f5000,0x00007fc6975f6000] [id=29406]
  0x00007fc6b40d2800 WatcherThread [stack: 0x00007fc696a54000,0x00007fc696b55000] [id=29416]

VM state:not at safepoint (normal execution)

VM Mutex/Monitor currently owned by a thread: None

Heap:
 PSYoungGen      total 74752K, used 33948K [0x000000076cd80000, 0x0000000772080000, 0x00000007c0000000)
  eden space 64512K, 52% used [0x000000076cd80000,0x000000076eea73d0,0x0000000770c80000)
  from space 10240K, 0% used [0x0000000771680000,0x0000000771680000,0x0000000772080000)
  to   space 10240K, 0% used [0x0000000770c80000,0x0000000770c80000,0x0000000771680000)
 ParOldGen       total 171008K, used 0K [0x00000006c6800000, 0x00000006d0f00000, 0x000000076cd80000)
  object space 171008K, 0% used [0x00000006c6800000,0x00000006c6800000,0x00000006d0f00000)
 Metaspace       used 17367K, capacity 17572K, committed 17792K, reserved 1064960K
  class space    used 1773K, capacity 1837K, committed 1920K, reserved 1048576K

Card table byte_map: [0x00007fc6ba25b000,0x00007fc6baa28000] byte_map_base: 0x00007fc6b6c27000

Marking Bits: (ParMarkBitMap*) 0x00007fc6bca6e540
 Begin Bits: [0x00007fc674340000, 0x00007fc6781a0000)
 End Bits:   [0x00007fc6781a0000, 0x00007fc67c000000)

Polling page: 0x00007fc6bd891000

CodeCache: size=245760Kb used=3485Kb max_used=3493Kb free=242274Kb
 bounds [0x00007fc6a5000000, 0x00007fc6a5370000, 0x00007fc6b4000000]
 total_blobs=1808 nmethods=857 adapters=866
 compilation: enabled

Compilation events (10 events):
Event: 0.890 Thread 0x00007fc6b40c3000 nmethod 854 0x00007fc6a5361710 code [0x00007fc6a5361860, 0x00007fc6a5361958]
Event: 0.890 Thread 0x00007fc6b40c5000 nmethod 853 0x00007fc6a5361f50 code [0x00007fc6a5362200, 0x00007fc6a5363948]
Event: 0.890 Thread 0x00007fc6b40c5000  855       1       com.jogamp.common.util.VersionNumber::getMajor (5 bytes)
Event: 0.890 Thread 0x00007fc6b40c5000 nmethod 855 0x00007fc6a5361390 code [0x00007fc6a53614e0, 0x00007fc6a53615f0]
Event: 0.891 Thread 0x00007fc6b40c5000  856       3       java.util.jar.Attributes$Name::equals (39 bytes)
Event: 0.891 Thread 0x00007fc6b40c5000 nmethod 856 0x00007fc6a5365510 code [0x00007fc6a53656a0, 0x00007fc6a5365b48]
Event: 0.891 Thread 0x00007fc6b40c5000  857       3       sun.misc.ASCIICaseInsensitiveComparator::compare (13 bytes)
Event: 0.892 Thread 0x00007fc6b40c5000 nmethod 857 0x00007fc6a5365c90 code [0x00007fc6a5365e20, 0x00007fc6a5366188]
Event: 0.892 Thread 0x00007fc6b40c1000  858       4       java.util.concurrent.ConcurrentHashMap::casTabAt (20 bytes)
Event: 0.893 Thread 0x00007fc6b40c1000 nmethod 858 0x00007fc6a536af90 code [0x00007fc6a536b0c0, 0x00007fc6a536b138]

GC Heap History (0 events):
No events

Deoptimization events (10 events):
Event: 0.749 Thread 0x00007fc6b4600000 Uncommon trap: reason=unstable_if action=reinterpret pc=0x00007fc6a5317d0c method=java.awt.Component.isDisplayable()Z @ 4
Event: 0.749 Thread 0x00007fc6b4600000 Uncommon trap: reason=unstable_if action=reinterpret pc=0x00007fc6a531d848 method=java.awt.Component.isDisplayable()Z @ 4
Event: 0.749 Thread 0x00007fc6b4600000 Uncommon trap: reason=unstable_if action=reinterpret pc=0x00007fc6a53190cc method=java.awt.Component.isDisplayable()Z @ 4
Event: 0.754 Thread 0x00007fc6b4600000 Uncommon trap: reason=unstable_if action=reinterpret pc=0x00007fc6a532b334 method=com.jogamp.opengl.awt.GLCanvas.validateGLDrawable()Z @ 22
Event: 0.756 Thread 0x00007fc6b4600000 Uncommon trap: reason=unstable_if action=reinterpret pc=0x00007fc6a5330e14 method=com.jogamp.opengl.awt.GLCanvas.validateGLDrawable()Z @ 22
Event: 0.756 Thread 0x00007fc6b4600000 Uncommon trap: reason=unstable_if action=reinterpret pc=0x00007fc6a5337fa8 method=com.jogamp.opengl.awt.GLCanvas.validateGLDrawable()Z @ 22
Event: 0.768 Thread 0x00007fc6b4600000 Uncommon trap: reason=unstable_if action=reinterpret pc=0x00007fc6a5343e10 method=com.jogamp.opengl.awt.GLCanvas.validateGLDrawable()Z @ 22
Event: 0.809 Thread 0x00007fc6b4600000 Uncommon trap: reason=unstable_if action=reinterpret pc=0x00007fc6a5348fdc method=com.jogamp.opengl.awt.GLCanvas.validateGLDrawable()Z @ 43
Event: 0.809 Thread 0x00007fc6b4008000 Uncommon trap: reason=unstable_if action=reinterpret pc=0x00007fc6a5346f0c method=com.jogamp.opengl.awt.GLCanvas.validateGLDrawable()Z @ 43
Event: 0.810 Thread 0x00007fc6b4600000 Uncommon trap: reason=unstable_if action=reinterpret pc=0x00007fc6a53462c8 method=com.jogamp.opengl.awt.GLCanvas.validateGLDrawable()Z @ 33

Internal exceptions (10 events):
Event: 0.087 Thread 0x00007fc6b4008000 Exception <a 'java/io/FileNotFoundException'> (0x000000076d0f2018) thrown at [/build/java8-openjdk/src/jdk8u-jdk8u92-b14/hotspot/src/share/vm/prims/jni.cpp, line 709]
Event: 0.087 Thread 0x00007fc6b4008000 Exception <a 'java/io/FileNotFoundException'> (0x000000076d0f2a08) thrown at [/build/java8-openjdk/src/jdk8u-jdk8u92-b14/hotspot/src/share/vm/prims/jni.cpp, line 709]
Event: 0.095 Thread 0x00007fc6b4008000 Exception <a 'java/lang/ClassNotFoundException': sun/dc/DuctusRenderingEngine> (0x000000076d10ad48) thrown at [/build/java8-openjdk/src/jdk8u-jdk8u92-b14/hotspot/src/share/vm/classfile/systemDictionary.cpp, line 210]
Event: 0.744 Thread 0x00007fc6b4008000 Exception <a 'java/lang/reflect/InvocationTargetException'> (0x000000076e337300) thrown at [/build/java8-openjdk/src/jdk8u-jdk8u92-b14/hotspot/src/share/vm/runtime/reflection.cpp, line 1092]
Event: 0.748 Thread 0x00007fc6b4008000 Exception <a 'java/lang/reflect/InvocationTargetException'> (0x000000076e3473c0) thrown at [/build/java8-openjdk/src/jdk8u-jdk8u92-b14/hotspot/src/share/vm/runtime/reflection.cpp, line 1092]
Event: 0.752 Thread 0x00007fc6b4008000 Exception <a 'java/lang/reflect/InvocationTargetException'> (0x000000076ec4fa90) thrown at [/build/java8-openjdk/src/jdk8u-jdk8u92-b14/hotspot/src/share/vm/runtime/reflection.cpp, line 1092]
Event: 0.754 Thread 0x00007fc6b4008000 Exception <a 'java/lang/reflect/InvocationTargetException'> (0x000000076ec68688) thrown at [/build/java8-openjdk/src/jdk8u-jdk8u92-b14/hotspot/src/share/vm/runtime/reflection.cpp, line 1092]
Event: 0.809 Thread 0x00007fc6b4278000 Exception <a 'java/lang/reflect/InvocationTargetException'> (0x000000076d5114e8) thrown at [/build/java8-openjdk/src/jdk8u-jdk8u92-b14/hotspot/src/share/vm/runtime/reflection.cpp, line 1092]
Event: 0.810 Thread 0x00007fc6b4278000 Exception <a 'java/lang/reflect/InvocationTargetException'> (0x000000076d511b98) thrown at [/build/java8-openjdk/src/jdk8u-jdk8u92-b14/hotspot/src/share/vm/runtime/reflection.cpp, line 1092]
Event: 0.812 Thread 0x00007fc6b4278000 Exception <a 'java/lang/reflect/InvocationTargetException'> (0x000000076d512bd0) thrown at [/build/java8-openjdk/src/jdk8u-jdk8u92-b14/hotspot/src/share/vm/runtime/reflection.cpp, line 1092]

Events (10 events):
Event: 0.891 loading class com/jogamp/opengl/glu/GLU
Event: 0.891 loading class com/jogamp/opengl/glu/GLU done
Event: 0.892 loading class com/jogamp/opengl/glu/GLUquadric
Event: 0.892 loading class com/jogamp/opengl/glu/GLUquadric done
Event: 0.892 loading class com/jogamp/opengl/glu/gl2/GLUgl2
Event: 0.892 loading class com/jogamp/opengl/glu/gl2/GLUgl2 done
Event: 0.892 loading class com/jogamp/opengl/glu/gl2es1/GLUgl2es1
Event: 0.892 loading class com/jogamp/opengl/glu/gl2es1/GLUgl2es1 done
Event: 0.892 loading class jogamp/opengl/ProjectFloat
Event: 0.892 loading class jogamp/opengl/ProjectFloat done


Dynamic libraries:
00400000-00401000 r-xp 00000000 08:03 5905458                            /usr/lib/jvm/java-8-openjdk/jre/bin/java
00600000-00601000 rw-p 00000000 08:03 5905458                            /usr/lib/jvm/java-8-openjdk/jre/bin/java
012a2000-012c3000 rw-p 00000000 00:00 0                                  [heap]
40cfb000-40d9b000 rw-p 00000000 00:00 0 
41229000-4122b000 r-xs 00000000 00:23 167339                             /tmp/.gl14Y2wX (deleted)
41607000-416a7000 rw-p 00000000 00:00 0 
6c6800000-6d0f00000 rw-p 00000000 00:00 0 
6d0f00000-76cd80000 ---p 00000000 00:00 0 
76cd80000-772080000 rw-p 00000000 00:00 0 
772080000-7c0000000 ---p 00000000 00:00 0 
7c0000000-7c01e0000 rw-p 00000000 00:00 0 
7c01e0000-800000000 ---p 00000000 00:00 0 
7fc620000000-7fc620021000 rw-p 00000000 00:00 0 
7fc620021000-7fc624000000 ---p 00000000 00:00 0 
7fc6262cb000-7fc627660000 r-xp 00000000 08:03 5268236                    /usr/lib/libnvidia-glcore.so.367.27
7fc627660000-7fc627680000 rwxp 01395000 08:03 5268236                    /usr/lib/libnvidia-glcore.so.367.27
7fc627680000-7fc627a20000 r-xp 013b5000 08:03 5268236                    /usr/lib/libnvidia-glcore.so.367.27
7fc627a20000-7fc627c20000 ---p 01755000 08:03 5268236                    /usr/lib/libnvidia-glcore.so.367.27
7fc627c20000-7fc627fe8000 rw-p 01755000 08:03 5268236                    /usr/lib/libnvidia-glcore.so.367.27
7fc627fe8000-7fc628000000 rw-p 00000000 00:00 0 
7fc628000000-7fc6284f4000 rw-p 00000000 00:00 0 
7fc6284f4000-7fc62c000000 ---p 00000000 00:00 0 
7fc62ccbd000-7fc62cdbd000 rw-s 399c33000 00:06 9877                      /dev/nvidiactl
7fc62cdbd000-7fc62cdd0000 rw-s 368c20000 00:06 9877                      /dev/nvidiactl
7fc62cdd0000-7fc62cdf0000 rw-s c03a0000 00:06 13745                      /dev/nvidia0
7fc62cdf0000-7fc62ce30000 rw-s 3d50bf000 00:06 9877                      /dev/nvidiactl
7fc62ce30000-7fc62ce50000 rw-s 3d433d000 00:06 9877                      /dev/nvidiactl
7fc62ce50000-7fc62ce90000 rw-s 3d5250000 00:06 9877                      /dev/nvidiactl
7fc62ce90000-7fc62ceb0000 rw-s 367e77000 00:06 9877                      /dev/nvidiactl
7fc62ceb0000-7fc62cef0000 rw-s 39b10b000 00:06 9877                      /dev/nvidiactl
7fc62cef0000-7fc62cef4000 r-xp 00000000 08:03 5249369                    /usr/lib/libcap.so.2.25
7fc62cef4000-7fc62d0f3000 ---p 00004000 08:03 5249369                    /usr/lib/libcap.so.2.25
7fc62d0f3000-7fc62d0f4000 rw-p 00003000 08:03 5249369                    /usr/lib/libcap.so.2.25
7fc62d0f4000-7fc62d108000 r-xp 00000000 08:03 5246162                    /usr/lib/libresolv-2.23.so
7fc62d108000-7fc62d307000 ---p 00014000 08:03 5246162                    /usr/lib/libresolv-2.23.so
7fc62d307000-7fc62d308000 r--p 00013000 08:03 5246162                    /usr/lib/libresolv-2.23.so
7fc62d308000-7fc62d309000 rw-p 00014000 08:03 5246162                    /usr/lib/libresolv-2.23.so
7fc62d309000-7fc62d30b000 rw-p 00000000 00:00 0 
7fc62d30b000-7fc62d310000 r-xp 00000000 08:03 5246154                    /usr/lib/libnss_dns-2.23.so
7fc62d310000-7fc62d50f000 ---p 00005000 08:03 5246154                    /usr/lib/libnss_dns-2.23.so
7fc62d50f000-7fc62d510000 r--p 00004000 08:03 5246154                    /usr/lib/libnss_dns-2.23.so
7fc62d510000-7fc62d511000 rw-p 00005000 08:03 5246154                    /usr/lib/libnss_dns-2.23.so
7fc62d522000-7fc62d542000 rw-s 3716e2000 00:06 9877                      /dev/nvidiactl
7fc62d542000-7fc62d6c2000 rw-p 00000000 00:00 0 
7fc62d6c2000-7fc62d742000 ---p 00000000 00:00 0 
7fc62d742000-7fc62d745000 ---p 00000000 00:00 0 
7fc62d745000-7fc62d843000 rw-p 00000000 00:00 0 
7fc62d843000-7fc62d8c3000 rw-s 36d80c000 00:06 9877                      /dev/nvidiactl
7fc62d8c3000-7fc62d943000 rw-s 3cb68c000 00:06 9877                      /dev/nvidiactl
7fc62d943000-7fc62d9c3000 rw-s 39064c000 00:06 9877                      /dev/nvidiactl
7fc62d9c3000-7fc62dac3000 rw-s 367e6d000 00:06 9877                      /dev/nvidiactl
7fc62dac3000-7fc62dad6000 rw-s 3716b7000 00:06 9877                      /dev/nvidiactl
7fc62dad6000-7fc62daf6000 rw-s c0360000 00:06 13745                      /dev/nvidia0
7fc62daf6000-7fc62db36000 rw-s 3716fb000 00:06 9877                      /dev/nvidiactl
7fc62db36000-7fc62db39000 r-xp 00000000 08:03 5773637                    /usr/lib/tls/libnvidia-tls.so.367.27
7fc62db39000-7fc62dd39000 ---p 00003000 08:03 5773637                    /usr/lib/tls/libnvidia-tls.so.367.27
7fc62dd39000-7fc62dd3a000 rw-p 00003000 08:03 5773637                    /usr/lib/tls/libnvidia-tls.so.367.27
7fc62dd3a000-7fc62de02000 r-xp 00000000 08:03 5268220                    /usr/lib/libGLX_nvidia.so.367.27
7fc62de02000-7fc62de36000 rwxp 000c8000 08:03 5268220                    /usr/lib/libGLX_nvidia.so.367.27
7fc62de36000-7fc62de49000 r-xp 000fc000 08:03 5268220                    /usr/lib/libGLX_nvidia.so.367.27
7fc62de49000-7fc62e049000 ---p 0010f000 08:03 5268220                    /usr/lib/libGLX_nvidia.so.367.27
7fc62e049000-7fc62e071000 rw-p 0010f000 08:03 5268220                    /usr/lib/libGLX_nvidia.so.367.27
7fc62e071000-7fc62e078000 rw-p 00000000 00:00 0 
7fc62e078000-7fc62e07a000 r-xp 00000000 08:03 5269221                    /usr/lib/libXinerama.so.1.0.0
7fc62e07a000-7fc62e279000 ---p 00002000 08:03 5269221                    /usr/lib/libXinerama.so.1.0.0
7fc62e279000-7fc62e27a000 r--p 00001000 08:03 5269221                    /usr/lib/libXinerama.so.1.0.0
7fc62e27a000-7fc62e27b000 rw-p 00002000 08:03 5269221                    /usr/lib/libXinerama.so.1.0.0
7fc62e27b000-7fc62e286000 r-xp 00000000 08:03 5268224                    /usr/lib/libGLESv1_CM_nvidia.so.367.27
7fc62e286000-7fc62e485000 ---p 0000b000 08:03 5268224                    /usr/lib/libGLESv1_CM_nvidia.so.367.27
7fc62e485000-7fc62e488000 rw-p 0000a000 08:03 5268224                    /usr/lib/libGLESv1_CM_nvidia.so.367.27
7fc62e488000-7fc62fa54000 r-xp 00000000 08:03 5268233                    /usr/lib/libnvidia-eglcore.so.367.27
7fc62fa54000-7fc62fc54000 ---p 015cc000 08:03 5268233                    /usr/lib/libnvidia-eglcore.so.367.27
7fc62fc54000-7fc62ffec000 rw-p 015cc000 08:03 5268233                    /usr/lib/libnvidia-eglcore.so.367.27
7fc62ffec000-7fc630000000 rw-p 00000000 00:00 0 
7fc630000000-7fc630021000 rw-p 00000000 00:00 0 
7fc630021000-7fc634000000 ---p 00000000 00:00 0 
7fc634000000-7fc63455e000 rw-p 00000000 00:00 0 
7fc63455e000-7fc638000000 ---p 00000000 00:00 0 
7fc638000000-7fc638021000 rw-p 00000000 00:00 0 
7fc638021000-7fc63c000000 ---p 00000000 00:00 0 
7fc63c000000-7fc63c2a8000 rw-p 00000000 00:00 0 
7fc63c2a8000-7fc640000000 ---p 00000000 00:00 0 
7fc640000000-7fc640021000 rw-p 00000000 00:00 0 
7fc640021000-7fc644000000 ---p 00000000 00:00 0 
7fc644000000-7fc644027000 rw-p 00000000 00:00 0 
7fc644027000-7fc648000000 ---p 00000000 00:00 0 
7fc648000000-7fc648021000 rw-p 00000000 00:00 0 
7fc648021000-7fc64c000000 ---p 00000000 00:00 0 
7fc64c00d000-7fc64c02d000 rw-s 390457000 00:06 9877                      /dev/nvidiactl
7fc64c02d000-7fc64c06d000 rw-s 366c01000 00:06 9877                      /dev/nvidiactl
7fc64c06d000-7fc64c08d000 rw-s 39b29c000 00:06 9877                      /dev/nvidiactl
7fc64c08d000-7fc64c0cd000 rw-s 3d6016000 00:06 9877                      /dev/nvidiactl
7fc64c0cd000-7fc64c1d1000 rw-s 80802000 00:06 9877                       /dev/nvidiactl
7fc64c1d1000-7fc64c211000 rw-s 00000000 08:03 3151479                    /home/twittumz/#3151479 (deleted)
7fc64c211000-7fc64c251000 r-xs 00000000 08:03 3151479                    /home/twittumz/#3151479 (deleted)
7fc64c251000-7fc64c2d1000 rw-s 5f425000 00:06 9877                       /dev/nvidiactl
7fc64c2d1000-7fc64c351000 rw-s 765ab000 00:06 9877                       /dev/nvidiactl
7fc64c351000-7fc64c3d1000 rw-s 765bb000 00:06 9877                       /dev/nvidiactl
7fc64c3d1000-7fc64c4d1000 rw-s 3d41db000 00:06 9877                      /dev/nvidiactl
7fc64c4d1000-7fc64c4f1000 rw-s c0320000 00:06 13745                      /dev/nvidia0
7fc64c4f1000-7fc64c531000 rw-s 390572000 00:06 9877                      /dev/nvidiactl
7fc64c531000-7fc64c551000 rw-s 3935a1000 00:06 9877                      /dev/nvidiactl
7fc64c551000-7fc64c560000 r-xp 00000000 08:03 5268258                    /usr/lib/libGLESv2_nvidia.so.367.27
7fc64c560000-7fc64c760000 ---p 0000f000 08:03 5268258                    /usr/lib/libGLESv2_nvidia.so.367.27
7fc64c760000-7fc64c764000 rw-p 0000f000 08:03 5268258                    /usr/lib/libGLESv2_nvidia.so.367.27
7fc64c764000-7fc64c868000 rw-s 80802000 00:06 9877                       /dev/nvidiactl
7fc64c868000-7fc64c876000 r-xp 00000000 08:03 5264554                    /usr/lib/libdrm.so.2.4.0
7fc64c876000-7fc64ca75000 ---p 0000e000 08:03 5264554                    /usr/lib/libdrm.so.2.4.0
7fc64ca75000-7fc64ca76000 r--p 0000d000 08:03 5264554                    /usr/lib/libdrm.so.2.4.0
7fc64ca76000-7fc64ca77000 rw-p 0000e000 08:03 5264554                    /usr/lib/libdrm.so.2.4.0
7fc64ca77000-7fc64ca7a000 ---p 00000000 00:00 0 
7fc64ca7a000-7fc64cb78000 rw-p 00000000 00:00 0 
7fc64cb78000-7fc64cbd4000 r-xp 00000000 00:23 166098                     /tmp/jogamp_0000/file_cache/jln1384832678560030581/jln5194295115266303833/natives/linux-amd64/libjogl_mobile.so
7fc64cbd4000-7fc64cdd4000 ---p 0005c000 00:23 166098                     /tmp/jogamp_0000/file_cache/jln1384832678560030581/jln5194295115266303833/natives/linux-amd64/libjogl_mobile.so
7fc64cdd4000-7fc64cdd5000 rw-p 0005c000 00:23 166098                     /tmp/jogamp_0000/file_cache/jln1384832678560030581/jln5194295115266303833/natives/linux-amd64/libjogl_mobile.so
7fc64cdd5000-7fc64ce47000 r-xp 00000000 08:03 5268234                    /usr/lib/libnvidia-glsi.so.367.27
7fc64ce47000-7fc64d046000 ---p 00072000 08:03 5268234                    /usr/lib/libnvidia-glsi.so.367.27
7fc64d046000-7fc64d04f000 rw-p 00071000 08:03 5268234                    /usr/lib/libnvidia-glsi.so.367.27
7fc64d04f000-7fc64d05e000 rw-p 00000000 00:00 0 
7fc64d05e000-7fc64d129000 r-xp 00000000 08:03 5268259                    /usr/lib/libEGL_nvidia.so.367.27
7fc64d129000-7fc64d328000 ---p 000cb000 08:03 5268259                    /usr/lib/libEGL_nvidia.so.367.27
7fc64d328000-7fc64d353000 rw-p 000ca000 08:03 5268259                    /usr/lib/libEGL_nvidia.so.367.27
7fc64d353000-7fc64d367000 rw-p 00000000 00:00 0 
7fc64d367000-7fc64d36b000 r-xp 00000000 08:03 5773639                    /usr/lib/nvidia/libEGL.so.1
7fc64d36b000-7fc64d56a000 ---p 00004000 08:03 5773639                    /usr/lib/nvidia/libEGL.so.1
7fc64d56a000-7fc64d56b000 rw-p 00003000 08:03 5773639                    /usr/lib/nvidia/libEGL.so.1
7fc64d56b000-7fc64d570000 r-xp 00000000 08:03 5773617                    /usr/lib/nvidia/libGLESv2.so.2.0.0
7fc64d570000-7fc64d572000 r-xp 00005000 08:03 5773617                    /usr/lib/nvidia/libGLESv2.so.2.0.0
7fc64d572000-7fc64d576000 r-xp 00007000 08:03 5773617                    /usr/lib/nvidia/libGLESv2.so.2.0.0
7fc64d576000-7fc64d775000 ---p 0000b000 08:03 5773617                    /usr/lib/nvidia/libGLESv2.so.2.0.0
7fc64d775000-7fc64d776000 r--p 0000a000 08:03 5773617                    /usr/lib/nvidia/libGLESv2.so.2.0.0
7fc64d776000-7fc64d777000 rw-p 0000b000 08:03 5773617                    /usr/lib/nvidia/libGLESv2.so.2.0.0
7fc64d777000-7fc64d82f000 r-xp 00000000 00:23 166097                     /tmp/jogamp_0000/file_cache/jln1384832678560030581/jln5194295115266303833/natives/linux-amd64/libjogl_desktop.so
7fc64d82f000-7fc64da2f000 ---p 000b8000 00:23 166097                     /tmp/jogamp_0000/file_cache/jln1384832678560030581/jln5194295115266303833/natives/linux-amd64/libjogl_desktop.so
7fc64da2f000-7fc64da30000 rw-p 000b8000 00:23 166097                     /tmp/jogamp_0000/file_cache/jln1384832678560030581/jln5194295115266303833/natives/linux-amd64/libjogl_desktop.so
7fc64da30000-7fc64da83000 r-xp 00000000 08:03 5268203                    /usr/lib/libGLdispatch.so.0.0.0
7fc64da83000-7fc64da9c000 r-xp 00053000 08:03 5268203                    /usr/lib/libGLdispatch.so.0.0.0
7fc64da9c000-7fc64dad7000 r-xp 0006c000 08:03 5268203                    /usr/lib/libGLdispatch.so.0.0.0
7fc64dad7000-7fc64dcd6000 ---p 000a7000 08:03 5268203                    /usr/lib/libGLdispatch.so.0.0.0
7fc64dcd6000-7fc64dce5000 r--p 000a6000 08:03 5268203                    /usr/lib/libGLdispatch.so.0.0.0
7fc64dce5000-7fc64dce6000 rw-p 000b5000 08:03 5268203                    /usr/lib/libGLdispatch.so.0.0.0
7fc64dce6000-7fc64dd06000 rw-p 00000000 00:00 0 
7fc64dd06000-7fc64dd16000 r-xp 00000000 08:03 5268199                    /usr/lib/libGLX.so.0.0.0
7fc64dd16000-7fc64df16000 ---p 00010000 08:03 5268199                    /usr/lib/libGLX.so.0.0.0
7fc64df16000-7fc64df17000 r--p 00010000 08:03 5268199                    /usr/lib/libGLX.so.0.0.0
7fc64df17000-7fc64df18000 rw-p 00011000 08:03 5268199                    /usr/lib/libGLX.so.0.0.0
7fc64df18000-7fc64df38000 rw-p 00000000 00:00 0 
7fc64df38000-7fc64df68000 r-xp 00000000 08:03 5773620                    /usr/lib/nvidia/libGL.so.1.0.0
7fc64df68000-7fc64df81000 r-xp 00030000 08:03 5773620                    /usr/lib/nvidia/libGL.so.1.0.0
7fc64df81000-7fc64dfac000 r-xp 00049000 08:03 5773620                    /usr/lib/nvidia/libGL.so.1.0.0
7fc64dfac000-7fc64e1ac000 ---p 00074000 08:03 5773620                    /usr/lib/nvidia/libGL.so.1.0.0
7fc64e1ac000-7fc64e1ad000 r--p 00074000 08:03 5773620                    /usr/lib/nvidia/libGL.so.1.0.0
7fc64e1ad000-7fc64e1ae000 rw-p 00075000 08:03 5773620                    /usr/lib/nvidia/libGL.so.1.0.0
7fc64e1ae000-7fc64e3af000 rw-p 00000000 00:00 0 
7fc64e3af000-7fc64e5af000 rw-p 00000000 00:00 0 
7fc64e5af000-7fc64e5b6000 r-xp 00000000 00:23 166100                     /tmp/jogamp_0000/file_cache/jln1384832678560030581/jln5194295115266303833/natives/linux-amd64/libnativewindow_x11.so
7fc64e5b6000-7fc64e7b5000 ---p 00007000 00:23 166100                     /tmp/jogamp_0000/file_cache/jln1384832678560030581/jln5194295115266303833/natives/linux-amd64/libnativewindow_x11.so
7fc64e7b5000-7fc64e7b6000 rw-p 00006000 00:23 166100                     /tmp/jogamp_0000/file_cache/jln1384832678560030581/jln5194295115266303833/natives/linux-amd64/libnativewindow_x11.so
7fc64e7b6000-7fc64e7bb000 r-xp 00000000 08:03 5268760                    /usr/lib/libXxf86vm.so.1.0.0
7fc64e7bb000-7fc64e9ba000 ---p 00005000 08:03 5268760                    /usr/lib/libXxf86vm.so.1.0.0
7fc64e9ba000-7fc64e9bb000 r--p 00004000 08:03 5268760                    /usr/lib/libXxf86vm.so.1.0.0
7fc64e9bb000-7fc64e9bc000 rw-p 00005000 08:03 5268760                    /usr/lib/libXxf86vm.so.1.0.0
7fc64e9bc000-7fc64e9be000 r-xp 00000000 00:23 166099                     /tmp/jogamp_0000/file_cache/jln1384832678560030581/jln5194295115266303833/natives/linux-amd64/libnativewindow_awt.so
7fc64e9be000-7fc64ebbd000 ---p 00002000 00:23 166099                     /tmp/jogamp_0000/file_cache/jln1384832678560030581/jln5194295115266303833/natives/linux-amd64/libnativewindow_awt.so
7fc64ebbd000-7fc64ebbe000 rw-p 00001000 00:23 166099                     /tmp/jogamp_0000/file_cache/jln1384832678560030581/jln5194295115266303833/natives/linux-amd64/libnativewindow_awt.so
7fc64ebbe000-7fc64ebbf000 r-xp 00000000 08:03 5905448                    /usr/lib/jvm/java-8-openjdk/jre/lib/amd64/libjawt.so
7fc64ebbf000-7fc64edbe000 ---p 00001000 08:03 5905448                    /usr/lib/jvm/java-8-openjdk/jre/lib/amd64/libjawt.so
7fc64edbe000-7fc64edbf000 rw-p 00000000 08:03 5905448                    /usr/lib/jvm/java-8-openjdk/jre/lib/amd64/libjawt.so
7fc64edbf000-7fc64edc1000 r-xp 00000000 00:23 166096                     /tmp/jogamp_0000/file_cache/jln1384832678560030581/jln5194295115266303833/natives/linux-amd64/libgluegen-rt.so
7fc64edc1000-7fc64efc0000 ---p 00002000 00:23 166096                     /tmp/jogamp_0000/file_cache/jln1384832678560030581/jln5194295115266303833/natives/linux-amd64/libgluegen-rt.so
7fc64efc0000-7fc64efc1000 rw-p 00001000 00:23 166096                     /tmp/jogamp_0000/file_cache/jln1384832678560030581/jln5194295115266303833/natives/linux-amd64/libgluegen-rt.so
7fc64efc1000-7fc64efc4000 ---p 00000000 00:00 0 
7fc64efc4000-7fc64f0c2000 rw-p 00000000 00:00 0 
7fc64f0c2000-7fc64f0d3000 r-xp 00000000 08:03 5905443                    /usr/lib/jvm/java-8-openjdk/jre/lib/amd64/libnio.so
7fc64f0d3000-7fc64f2d2000 ---p 00011000 08:03 5905443                    /usr/lib/jvm/java-8-openjdk/jre/lib/amd64/libnio.so
7fc64f2d2000-7fc64f2d3000 rw-p 00010000 08:03 5905443                    /usr/lib/jvm/java-8-openjdk/jre/lib/amd64/libnio.so
7fc64f2d3000-7fc64f2e9000 r-xp 00000000 08:03 5905432                    /usr/lib/jvm/java-8-openjdk/jre/lib/amd64/libnet.so
7fc64f2e9000-7fc64f4e9000 ---p 00016000 08:03 5905432                    /usr/lib/jvm/java-8-openjdk/jre/lib/amd64/libnet.so
7fc64f4e9000-7fc64f4ea000 rw-p 00016000 08:03 5905432                    /usr/lib/jvm/java-8-openjdk/jre/lib/amd64/libnet.so
7fc64f4ea000-7fc64f6ea000 rw-p 00000000 00:00 0 
7fc64f6ea000-7fc64f6ed000 ---p 00000000 00:00 0 
7fc64f6ed000-7fc64f7eb000 rw-p 00000000 00:00 0 
7fc64f7eb000-7fc64f7ee000 ---p 00000000 00:00 0 
7fc64f7ee000-7fc64f8ec000 rw-p 00000000 00:00 0 
7fc64f8ec000-7fc64f8ef000 ---p 00000000 00:00 0 
7fc64f8ef000-7fc64f9ed000 rw-p 00000000 00:00 0 
7fc64f9ed000-7fc64f9f0000 ---p 00000000 00:00 0 
7fc64f9f0000-7fc64faee000 rw-p 00000000 00:00 0 
7fc64faee000-7fc64faf3000 r-xp 00000000 08:03 5268766                    /usr/lib/libXfixes.so.3.1.0
7fc64faf3000-7fc64fcf2000 ---p 00005000 08:03 5268766                    /usr/lib/libXfixes.so.3.1.0
7fc64fcf2000-7fc64fcf3000 r--p 00004000 08:03 5268766                    /usr/lib/libXfixes.so.3.1.0
7fc64fcf3000-7fc64fcf4000 rw-p 00005000 08:03 5268766                    /usr/lib/libXfixes.so.3.1.0
7fc64fcf4000-7fc64fcfe000 r-xp 00000000 08:03 5269218                    /usr/lib/libXcursor.so.1.0.2
7fc64fcfe000-7fc64fefd000 ---p 0000a000 08:03 5269218                    /usr/lib/libXcursor.so.1.0.2
7fc64fefd000-7fc64fefe000 r--p 00009000 08:03 5269218                    /usr/lib/libXcursor.so.1.0.2
7fc64fefe000-7fc64feff000 rw-p 0000a000 08:03 5269218                    /usr/lib/libXcursor.so.1.0.2
7fc64feff000-7fc64ff02000 ---p 00000000 00:00 0 
7fc64ff02000-7fc650000000 rw-p 00000000 00:00 0 
7fc650000000-7fc650021000 rw-p 00000000 00:00 0 
7fc650021000-7fc654000000 ---p 00000000 00:00 0 
7fc654000000-7fc654021000 rw-p 00000000 00:00 0 
7fc654021000-7fc658000000 ---p 00000000 00:00 0 
7fc658000000-7fc658137000 rw-p 00000000 00:00 0 
7fc658137000-7fc65c000000 ---p 00000000 00:00 0 
7fc65c000000-7fc65c218000 rw-p 00000000 00:00 0 
7fc65c218000-7fc660000000 ---p 00000000 00:00 0 
7fc660000000-7fc660176000 rw-p 00000000 00:00 0 
7fc660176000-7fc664000000 ---p 00000000 00:00 0 
7fc664000000-7fc6640f7000 rw-p 00000000 00:00 0 
7fc6640f7000-7fc668000000 ---p 00000000 00:00 0 
7fc668000000-7fc668021000 rw-p 00000000 00:00 0 
7fc668021000-7fc66c000000 ---p 00000000 00:00 0 
7fc66c000000-7fc66c021000 rw-p 00000000 00:00 0 
7fc66c021000-7fc670000000 ---p 00000000 00:00 0 
7fc670000000-7fc670021000 rw-p 00000000 00:00 0 
7fc670021000-7fc674000000 ---p 00000000 00:00 0 
7fc67400d000-7fc67404d000 rw-s 390643000 00:06 9877                      /dev/nvidiactl
7fc67404d000-7fc67406d000 rw-s 367d32000 00:06 9877                      /dev/nvidiactl
7fc67406d000-7fc6740ad000 rw-s 39b240000 00:06 9877                      /dev/nvidiactl
7fc6740b9000-7fc6740c9000 r-xp 00000000 08:03 5253231                    /usr/lib/libnss_myhostname.so.2
7fc6740c9000-7fc6740ca000 ---p 00010000 08:03 5253231                    /usr/lib/libnss_myhostname.so.2
7fc6740ca000-7fc6740cc000 r--p 00010000 08:03 5253231                    /usr/lib/libnss_myhostname.so.2
7fc6740cc000-7fc6740cd000 rw-p 00012000 08:03 5253231                    /usr/lib/libnss_myhostname.so.2
7fc6740cd000-7fc67413f000 r-xp 00000000 08:03 5254181                    /usr/lib/libpcre.so.1.2.7
7fc67413f000-7fc67433e000 ---p 00072000 08:03 5254181                    /usr/lib/libpcre.so.1.2.7
7fc67433e000-7fc67433f000 r--p 00071000 08:03 5254181                    /usr/lib/libpcre.so.1.2.7
7fc67433f000-7fc674340000 rw-p 00072000 08:03 5254181                    /usr/lib/libpcre.so.1.2.7
7fc674340000-7fc67c000000 rw-p 00000000 00:00 0 
7fc67c000000-7fc67c021000 rw-p 00000000 00:00 0 
7fc67c021000-7fc680000000 ---p 00000000 00:00 0 
7fc680000000-7fc680021000 rw-p 00000000 00:00 0 
7fc680021000-7fc684000000 ---p 00000000 00:00 0 
7fc684000000-7fc684021000 rw-p 00000000 00:00 0 
7fc684021000-7fc688000000 ---p 00000000 00:00 0 
7fc688000000-7fc688021000 rw-p 00000000 00:00 0 
7fc688021000-7fc68c000000 ---p 00000000 00:00 0 
7fc68c000000-7fc68c021000 rw-p 00000000 00:00 0 
7fc68c021000-7fc690000000 ---p 00000000 00:00 0 
7fc690000000-7fc690021000 rw-p 00000000 00:00 0 
7fc690021000-7fc694000000 ---p 00000000 00:00 0 
7fc694000000-7fc694013000 rw-s 3d4248000 00:06 9877                      /dev/nvidiactl
7fc694013000-7fc694023000 rw-s 00000000 08:03 3147080                    /home/twittumz/#3147080 (deleted)
7fc694023000-7fc694054000 rw-p 00000000 00:00 0 
7fc694054000-7fc69407e000 r-xp 00000000 08:03 5264449                    /usr/lib/libgraphite2.so.3.0.1
7fc69407e000-7fc69427d000 ---p 0002a000 08:03 5264449                    /usr/lib/libgraphite2.so.3.0.1
7fc69427d000-7fc69427f000 r--p 00029000 08:03 5264449                    /usr/lib/libgraphite2.so.3.0.1
7fc69427f000-7fc694280000 rw-p 0002b000 08:03 5264449                    /usr/lib/libgraphite2.so.3.0.1
7fc694280000-7fc69438d000 r-xp 00000000 08:03 5256081                    /usr/lib/libglib-2.0.so.0.4800.1
7fc69438d000-7fc69458c000 ---p 0010d000 08:03 5256081                    /usr/lib/libglib-2.0.so.0.4800.1
7fc69458c000-7fc69458d000 r--p 0010c000 08:03 5256081                    /usr/lib/libglib-2.0.so.0.4800.1
7fc69458d000-7fc69458e000 rw-p 0010d000 08:03 5256081                    /usr/lib/libglib-2.0.so.0.4800.1
7fc69458e000-7fc69458f000 rw-p 00000000 00:00 0 
7fc69458f000-7fc694609000 r-xp 00000000 08:03 5264460                    /usr/lib/libharfbuzz.so.0.10200.7
7fc694609000-7fc694809000 ---p 0007a000 08:03 5264460                    /usr/lib/libharfbuzz.so.0.10200.7
7fc694809000-7fc69480a000 r--p 0007a000 08:03 5264460                    /usr/lib/libharfbuzz.so.0.10200.7
7fc69480a000-7fc69480b000 rw-p 0007b000 08:03 5264460                    /usr/lib/libharfbuzz.so.0.10200.7
7fc69480b000-7fc69483f000 r-xp 00000000 08:03 5264433                    /usr/lib/libpng16.so.16.23.0
7fc69483f000-7fc694a3f000 ---p 00034000 08:03 5264433                    /usr/lib/libpng16.so.16.23.0
7fc694a3f000-7fc694a40000 r--p 00034000 08:03 5264433                    /usr/lib/libpng16.so.16.23.0
7fc694a40000-7fc694a41000 rw-p 00035000 08:03 5264433                    /usr/lib/libpng16.so.16.23.0
7fc694a41000-7fc694a50000 r-xp 00000000 08:03 5249251                    /usr/lib/libbz2.so.1.0.6
7fc694a50000-7fc694c4f000 ---p 0000f000 08:03 5249251                    /usr/lib/libbz2.so.1.0.6
7fc694c4f000-7fc694c51000 rw-p 0000e000 08:03 5249251                    /usr/lib/libbz2.so.1.0.6
7fc694c51000-7fc694c67000 r-xp 00000000 08:03 5246433                    /usr/lib/libgcc_s.so.1
7fc694c67000-7fc694e66000 ---p 00016000 08:03 5246433                    /usr/lib/libgcc_s.so.1
7fc694e66000-7fc694e67000 rw-p 00015000 08:03 5246433                    /usr/lib/libgcc_s.so.1
7fc694e67000-7fc694f1d000 r-xp 00000000 08:03 5264483                    /usr/lib/libfreetype.so.6.12.5
7fc694f1d000-7fc69511c000 ---p 000b6000 08:03 5264483                    /usr/lib/libfreetype.so.6.12.5
7fc69511c000-7fc695122000 r--p 000b5000 08:03 5264483                    /usr/lib/libfreetype.so.6.12.5
7fc695122000-7fc695123000 rw-p 000bb000 08:03 5264483                    /usr/lib/libfreetype.so.6.12.5
7fc695123000-7fc695184000 r-xp 00000000 08:03 5905449                    /usr/lib/jvm/java-8-openjdk/jre/lib/amd64/libfontmanager.so
7fc695184000-7fc695384000 ---p 00061000 08:03 5905449                    /usr/lib/jvm/java-8-openjdk/jre/lib/amd64/libfontmanager.so
7fc695384000-7fc695388000 rw-p 00061000 08:03 5905449                    /usr/lib/jvm/java-8-openjdk/jre/lib/amd64/libfontmanager.so
7fc695388000-7fc69538d000 r-xp 00000000 08:03 5264426                    /usr/lib/libXdmcp.so.6.0.0
7fc69538d000-7fc69558c000 ---p 00005000 08:03 5264426                    /usr/lib/libXdmcp.so.6.0.0
7fc69558c000-7fc69558d000 r--p 00004000 08:03 5264426                    /usr/lib/libXdmcp.so.6.0.0
7fc69558d000-7fc69558e000 rw-p 00005000 08:03 5264426                    /usr/lib/libXdmcp.so.6.0.0
7fc69558e000-7fc695590000 r-xp 00000000 08:03 5264569                    /usr/lib/libXau.so.6.0.0
7fc695590000-7fc695790000 ---p 00002000 08:03 5264569                    /usr/lib/libXau.so.6.0.0
7fc695790000-7fc695791000 r--p 00002000 08:03 5264569                    /usr/lib/libXau.so.6.0.0
7fc695791000-7fc695792000 rw-p 00003000 08:03 5264569                    /usr/lib/libXau.so.6.0.0
7fc695792000-7fc6957ba000 r-xp 00000000 08:03 5264668                    /usr/lib/libxcb.so.1.1.0
7fc6957ba000-7fc6959b9000 ---p 00028000 08:03 5264668                    /usr/lib/libxcb.so.1.1.0
7fc6959b9000-7fc6959ba000 r--p 00027000 08:03 5264668                    /usr/lib/libxcb.so.1.1.0
7fc6959ba000-7fc6959bb000 rw-p 00028000 08:03 5264668                    /usr/lib/libxcb.so.1.1.0
7fc6959bb000-7fc6959ca000 r-xp 00000000 08:03 5269325                    /usr/lib/libXi.so.6.1.0
7fc6959ca000-7fc695bc9000 ---p 0000f000 08:03 5269325                    /usr/lib/libXi.so.6.1.0
7fc695bc9000-7fc695bca000 r--p 0000e000 08:03 5269325                    /usr/lib/libXi.so.6.1.0
7fc695bca000-7fc695bcb000 rw-p 0000f000 08:03 5269325                    /usr/lib/libXi.so.6.1.0
7fc695bcb000-7fc695bd0000 r-xp 00000000 08:03 5269506                    /usr/lib/libXtst.so.6.1.0
7fc695bd0000-7fc695dcf000 ---p 00005000 08:03 5269506                    /usr/lib/libXtst.so.6.1.0
7fc695dcf000-7fc695dd0000 r--p 00004000 08:03 5269506                    /usr/lib/libXtst.so.6.1.0
7fc695dd0000-7fc695dd1000 rw-p 00005000 08:03 5269506                    /usr/lib/libXtst.so.6.1.0
7fc695dd1000-7fc695dda000 r-xp 00000000 08:03 5268501                    /usr/lib/libXrender.so.1.3.0
7fc695dda000-7fc695fd9000 ---p 00009000 08:03 5268501                    /usr/lib/libXrender.so.1.3.0
7fc695fd9000-7fc695fda000 r--p 00008000 08:03 5268501                    /usr/lib/libXrender.so.1.3.0
7fc695fda000-7fc695fdb000 rw-p 00009000 08:03 5268501                    /usr/lib/libXrender.so.1.3.0
7fc695fdb000-7fc696116000 r-xp 00000000 08:03 5266962                    /usr/lib/libX11.so.6.3.0
7fc696116000-7fc696315000 ---p 0013b000 08:03 5266962                    /usr/lib/libX11.so.6.3.0
7fc696315000-7fc696317000 r--p 0013a000 08:03 5266962                    /usr/lib/libX11.so.6.3.0
7fc696317000-7fc69631c000 rw-p 0013c000 08:03 5266962                    /usr/lib/libX11.so.6.3.0
7fc69631c000-7fc69631d000 rw-p 00000000 00:00 0 
7fc69631d000-7fc69632e000 r-xp 00000000 08:03 5268193                    /usr/lib/libXext.so.6.4.0
7fc69632e000-7fc69652d000 ---p 00011000 08:03 5268193                    /usr/lib/libXext.so.6.4.0
7fc69652d000-7fc69652e000 r--p 00010000 08:03 5268193                    /usr/lib/libXext.so.6.4.0
7fc69652e000-7fc69652f000 rw-p 00011000 08:03 5268193                    /usr/lib/libXext.so.6.4.0
7fc69652f000-7fc696582000 r-xp 00000000 08:03 5905447                    /usr/lib/jvm/java-8-openjdk/jre/lib/amd64/libawt_xawt.so
7fc696582000-7fc696782000 ---p 00053000 08:03 5905447                    /usr/lib/jvm/java-8-openjdk/jre/lib/amd64/libawt_xawt.so
7fc696782000-7fc696785000 rw-p 00053000 08:03 5905447                    /usr/lib/jvm/java-8-openjdk/jre/lib/amd64/libawt_xawt.so
7fc696785000-7fc696786000 rw-p 00000000 00:00 0 
7fc696786000-7fc696824000 r-xp 00000000 08:03 5905442                    /usr/lib/jvm/java-8-openjdk/jre/lib/amd64/libawt.so
7fc696824000-7fc696a24000 ---p 0009e000 08:03 5905442                    /usr/lib/jvm/java-8-openjdk/jre/lib/amd64/libawt.so
7fc696a24000-7fc696a30000 rw-p 0009e000 08:03 5905442                    /usr/lib/jvm/java-8-openjdk/jre/lib/amd64/libawt.so
7fc696a30000-7fc696a54000 rw-p 00000000 00:00 0 
7fc696a54000-7fc696a55000 ---p 00000000 00:00 0 
7fc696a55000-7fc696b55000 rw-p 00000000 00:00 0 
7fc696b55000-7fc696b58000 ---p 00000000 00:00 0 
7fc696b58000-7fc696c56000 rw-p 00000000 00:00 0 
7fc696c56000-7fc696c59000 ---p 00000000 00:00 0 
7fc696c59000-7fc696d57000 rw-p 00000000 00:00 0 
7fc696d57000-7fc696d5a000 ---p 00000000 00:00 0 
7fc696d5a000-7fc696e58000 rw-p 00000000 00:00 0 
7fc696e58000-7fc696e5b000 ---p 00000000 00:00 0 
7fc696e5b000-7fc696f59000 rw-p 00000000 00:00 0 
7fc696f59000-7fc696f5c000 ---p 00000000 00:00 0 
7fc696f5c000-7fc69705a000 rw-p 00000000 00:00 0 
7fc69705a000-7fc69705d000 ---p 00000000 00:00 0 
7fc69705d000-7fc69715b000 rw-p 00000000 00:00 0 
7fc69715b000-7fc6972f3000 r--p 00000000 08:03 5281274                    /usr/lib/locale/locale-archive
7fc6972f3000-7fc6972f6000 ---p 00000000 00:00 0 
7fc6972f6000-7fc6973f4000 rw-p 00000000 00:00 0 
7fc6973f4000-7fc6973f7000 ---p 00000000 00:00 0 
7fc6973f7000-7fc6974f5000 rw-p 00000000 00:00 0 
7fc6974f5000-7fc6974f6000 ---p 00000000 00:00 0 
7fc6974f6000-7fc698000000 rw-p 00000000 00:00 0 
7fc698000000-7fc698021000 rw-p 00000000 00:00 0 
7fc698021000-7fc69c000000 ---p 00000000 00:00 0 
7fc69c000000-7fc69c021000 rw-p 00000000 00:00 0 
7fc69c021000-7fc6a0000000 ---p 00000000 00:00 0 
7fc6a0000000-7fc6a0021000 rw-p 00000000 00:00 0 
7fc6a0021000-7fc6a4000000 ---p 00000000 00:00 0 
7fc6a4001000-7fc6a4002000 rw-s 3d433c000 00:06 9877                      /dev/nvidiactl
7fc6a4002000-7fc6a4003000 rw-s cfd69000 00:06 13745                      /dev/nvidia0
7fc6a4003000-7fc6a4004000 rw-s cfd68000 00:06 13745                      /dev/nvidia0
7fc6a4004000-7fc6a4005000 rw-s cfd68000 00:06 13745                      /dev/nvidia0
7fc6a4005000-7fc6a4006000 rw-s 3d6014000 00:06 9877                      /dev/nvidiactl
7fc6a4006000-7fc6a4008000 rw-s 00000000 00:23 167339                     /tmp/.gl14Y2wX (deleted)
7fc6a4008000-7fc6a4009000 rw-s 3716b6000 00:06 9877                      /dev/nvidiactl
7fc6a4009000-7fc6a400d000 rw-s 390456000 00:06 9877                      /dev/nvidiactl
7fc6a400d000-7fc6a400e000 rw-s cfd68000 00:06 13745                      /dev/nvidia0
7fc6a400e000-7fc6a401e000 r-xs 00000000 08:03 3147080                    /home/twittumz/#3147080 (deleted)
7fc6a401e000-7fc6a4021000 ---p 00000000 00:00 0 
7fc6a4021000-7fc6a4057000 rw-p 00000000 00:00 0 
7fc6a4057000-7fc6a406a000 r--s 00345000 08:03 5905402                    /usr/lib/jvm/java-8-openjdk/jre/lib/resources.jar
7fc6a406a000-7fc6a408e000 r--s 0031e000 08:03 3279997                    /home/twittumz/Desktop/git/2DMapEditor/libs/jogl/jar/jogl-all.jar
7fc6a408e000-7fc6a5000000 rw-p 00000000 00:00 0 
7fc6a5000000-7fc6a5370000 rwxp 00000000 00:00 0 
7fc6a5370000-7fc6b4000000 ---p 00000000 00:00 0 
7fc6b4000000-7fc6b4aa2000 rw-p 00000000 00:00 0 
7fc6b4aa2000-7fc6b8000000 ---p 00000000 00:00 0 
7fc6b8000000-7fc6b8001000 rw-s cfd68000 00:06 13745                      /dev/nvidia0
7fc6b8001000-7fc6b8002000 rw-s cfd68000 00:06 13745                      /dev/nvidia0
7fc6b8002000-7fc6b8003000 rw-s 39b29d000 00:06 9877                      /dev/nvidiactl
7fc6b8003000-7fc6b8004000 rw-s de060000 00:06 13745                      /dev/nvidia0
7fc6b8004000-7fc6b8005000 rw-s 3714cd000 00:06 9877                      /dev/nvidiactl
7fc6b8005000-7fc6b8009000 rw-s 3d603f000 00:06 9877                      /dev/nvidiactl
7fc6b8009000-7fc6b800a000 rw-s cfd68000 00:06 13745                      /dev/nvidia0
7fc6b800a000-7fc6b800b000 rw-s cfd68000 00:06 13745                      /dev/nvidia0
7fc6b800b000-7fc6b800c000 rw-s cfd68000 00:06 13745                      /dev/nvidia0
7fc6b800c000-7fc6b800d000 rw-s 367d33000 00:06 9877                      /dev/nvidiactl
7fc6b800d000-7fc6b800f000 r--s 00000000 08:03 3279886                    /home/twittumz/Desktop/git/2DMapEditor/libs/jogl/jar/gluegen-rt-natives-linux-amd64.jar
7fc6b800f000-7fc6b82b6000 rw-p 00000000 00:00 0 
7fc6b82b6000-7fc6b8483000 r--s 03bec000 08:03 5905403                    /usr/lib/jvm/java-8-openjdk/jre/lib/rt.jar
7fc6b8483000-7fc6b9520000 rw-p 00000000 00:00 0 
7fc6b9520000-7fc6b9521000 ---p 00000000 00:00 0 
7fc6b9521000-7fc6b9621000 rw-p 00000000 00:00 0 
7fc6b9621000-7fc6b9622000 ---p 00000000 00:00 0 
7fc6b9622000-7fc6b9722000 rw-p 00000000 00:00 0 
7fc6b9722000-7fc6b9723000 ---p 00000000 00:00 0 
7fc6b9723000-7fc6b9823000 rw-p 00000000 00:00 0 
7fc6b9823000-7fc6b9824000 ---p 00000000 00:00 0 
7fc6b9824000-7fc6b9924000 rw-p 00000000 00:00 0 
7fc6b9924000-7fc6b9925000 ---p 00000000 00:00 0 
7fc6b9925000-7fc6b9a25000 rw-p 00000000 00:00 0 
7fc6b9a25000-7fc6b9a26000 ---p 00000000 00:00 0 
7fc6b9a26000-7fc6b9b26000 rw-p 00000000 00:00 0 
7fc6b9b26000-7fc6b9b27000 ---p 00000000 00:00 0 
7fc6b9b27000-7fc6b9c27000 rw-p 00000000 00:00 0 
7fc6b9c27000-7fc6b9c28000 ---p 00000000 00:00 0 
7fc6b9c28000-7fc6b9d7c000 rw-p 00000000 00:00 0 
7fc6b9d7c000-7fc6ba25b000 ---p 00000000 00:00 0 
7fc6ba25b000-7fc6ba2af000 rw-p 00000000 00:00 0 
7fc6ba2af000-7fc6ba78d000 ---p 00000000 00:00 0 
7fc6ba78d000-7fc6ba7b8000 rw-p 00000000 00:00 0 
7fc6ba7b8000-7fc6baa27000 ---p 00000000 00:00 0 
7fc6baa27000-7fc6baa36000 rw-p 00000000 00:00 0 
7fc6baa36000-7fc6bade8000 ---p 00000000 00:00 0 
7fc6bade8000-7fc6badf0000 r-xp 00000000 08:03 5905430                    /usr/lib/jvm/java-8-openjdk/jre/lib/amd64/libzip.so
7fc6badf0000-7fc6bafef000 ---p 00008000 08:03 5905430                    /usr/lib/jvm/java-8-openjdk/jre/lib/amd64/libzip.so
7fc6bafef000-7fc6baff0000 rw-p 00007000 08:03 5905430                    /usr/lib/jvm/java-8-openjdk/jre/lib/amd64/libzip.so
7fc6baff0000-7fc6baffb000 r-xp 00000000 08:03 5246155                    /usr/lib/libnss_files-2.23.so
7fc6baffb000-7fc6bb1fa000 ---p 0000b000 08:03 5246155                    /usr/lib/libnss_files-2.23.so
7fc6bb1fa000-7fc6bb1fb000 r--p 0000a000 08:03 5246155                    /usr/lib/libnss_files-2.23.so
7fc6bb1fb000-7fc6bb1fc000 rw-p 0000b000 08:03 5246155                    /usr/lib/libnss_files-2.23.so
7fc6bb1fc000-7fc6bb202000 rw-p 00000000 00:00 0 
7fc6bb202000-7fc6bb22e000 r-xp 00000000 08:03 5905429                    /usr/lib/jvm/java-8-openjdk/jre/lib/amd64/libjava.so
7fc6bb22e000-7fc6bb42e000 ---p 0002c000 08:03 5905429                    /usr/lib/jvm/java-8-openjdk/jre/lib/amd64/libjava.so
7fc6bb42e000-7fc6bb430000 rw-p 0002c000 08:03 5905429                    /usr/lib/jvm/java-8-openjdk/jre/lib/amd64/libjava.so
7fc6bb430000-7fc6bb43d000 r-xp 00000000 08:03 5905422                    /usr/lib/jvm/java-8-openjdk/jre/lib/amd64/libverify.so
7fc6bb43d000-7fc6bb63c000 ---p 0000d000 08:03 5905422                    /usr/lib/jvm/java-8-openjdk/jre/lib/amd64/libverify.so
7fc6bb63c000-7fc6bb63e000 rw-p 0000c000 08:03 5905422                    /usr/lib/jvm/java-8-openjdk/jre/lib/amd64/libverify.so
7fc6bb63e000-7fc6bb645000 r-xp 00000000 08:03 5246163                    /usr/lib/librt-2.23.so
7fc6bb645000-7fc6bb844000 ---p 00007000 08:03 5246163                    /usr/lib/librt-2.23.so
7fc6bb844000-7fc6bb845000 r--p 00006000 08:03 5246163                    /usr/lib/librt-2.23.so
7fc6bb845000-7fc6bb846000 rw-p 00007000 08:03 5246163                    /usr/lib/librt-2.23.so
7fc6bb846000-7fc6bb949000 r-xp 00000000 08:03 5246160                    /usr/lib/libm-2.23.so
7fc6bb949000-7fc6bbb48000 ---p 00103000 08:03 5246160                    /usr/lib/libm-2.23.so
7fc6bbb48000-7fc6bbb49000 r--p 00102000 08:03 5246160                    /usr/lib/libm-2.23.so
7fc6bbb49000-7fc6bbb4a000 rw-p 00103000 08:03 5246160                    /usr/lib/libm-2.23.so
7fc6bbb4a000-7fc6bc79f000 r-xp 00000000 08:03 6170591                    /usr/lib/jvm/java-8-openjdk/jre/lib/amd64/server/libjvm.so
7fc6bc79f000-7fc6bc99f000 ---p 00c55000 08:03 6170591                    /usr/lib/jvm/java-8-openjdk/jre/lib/amd64/server/libjvm.so
7fc6bc99f000-7fc6bca5b000 rw-p 00c55000 08:03 6170591                    /usr/lib/jvm/java-8-openjdk/jre/lib/amd64/server/libjvm.so
7fc6bca5b000-7fc6bca8b000 rw-p 00000000 00:00 0 
7fc6bca8b000-7fc6bcc22000 r-xp 00000000 08:03 5246102                    /usr/lib/libc-2.23.so
7fc6bcc22000-7fc6bce22000 ---p 00197000 08:03 5246102                    /usr/lib/libc-2.23.so
7fc6bce22000-7fc6bce26000 r--p 00197000 08:03 5246102                    /usr/lib/libc-2.23.so
7fc6bce26000-7fc6bce28000 rw-p 0019b000 08:03 5246102                    /usr/lib/libc-2.23.so
7fc6bce28000-7fc6bce2c000 rw-p 00000000 00:00 0 
7fc6bce2c000-7fc6bce2e000 r-xp 00000000 08:03 5246159                    /usr/lib/libdl-2.23.so
7fc6bce2e000-7fc6bd02e000 ---p 00002000 08:03 5246159                    /usr/lib/libdl-2.23.so
7fc6bd02e000-7fc6bd02f000 r--p 00002000 08:03 5246159                    /usr/lib/libdl-2.23.so
7fc6bd02f000-7fc6bd030000 rw-p 00003000 08:03 5246159                    /usr/lib/libdl-2.23.so
7fc6bd030000-7fc6bd03d000 r-xp 00000000 08:03 6170588                    /usr/lib/jvm/java-8-openjdk/jre/lib/amd64/jli/libjli.so
7fc6bd03d000-7fc6bd23c000 ---p 0000d000 08:03 6170588                    /usr/lib/jvm/java-8-openjdk/jre/lib/amd64/jli/libjli.so
7fc6bd23c000-7fc6bd23d000 rw-p 0000c000 08:03 6170588                    /usr/lib/jvm/java-8-openjdk/jre/lib/amd64/jli/libjli.so
7fc6bd23d000-7fc6bd252000 r-xp 00000000 08:03 5253324                    /usr/lib/libz.so.1.2.8
7fc6bd252000-7fc6bd451000 ---p 00015000 08:03 5253324                    /usr/lib/libz.so.1.2.8
7fc6bd451000-7fc6bd452000 r--p 00014000 08:03 5253324                    /usr/lib/libz.so.1.2.8
7fc6bd452000-7fc6bd453000 rw-p 00015000 08:03 5253324                    /usr/lib/libz.so.1.2.8
7fc6bd453000-7fc6bd46b000 r-xp 00000000 08:03 5246083                    /usr/lib/libpthread-2.23.so
7fc6bd46b000-7fc6bd66a000 ---p 00018000 08:03 5246083                    /usr/lib/libpthread-2.23.so
7fc6bd66a000-7fc6bd66b000 r--p 00017000 08:03 5246083                    /usr/lib/libpthread-2.23.so
7fc6bd66b000-7fc6bd66c000 rw-p 00018000 08:03 5246083                    /usr/lib/libpthread-2.23.so
7fc6bd66c000-7fc6bd670000 rw-p 00000000 00:00 0 
7fc6bd670000-7fc6bd693000 r-xp 00000000 08:03 5246101                    /usr/lib/ld-2.23.so
7fc6bd693000-7fc6bd694000 r--s 00036000 08:03 3279976                    /home/twittumz/Desktop/git/2DMapEditor/libs/jogl/jar/jogl-all-natives-linux-amd64.jar
7fc6bd694000-7fc6bd695000 r--p 00000000 00:00 0 
7fc6bd695000-7fc6bd699000 r--s 00097000 08:03 5905401                    /usr/lib/jvm/java-8-openjdk/jre/lib/jsse.jar
7fc6bd699000-7fc6bd75c000 rw-p 00000000 00:00 0 
7fc6bd75c000-7fc6bd75f000 ---p 00000000 00:00 0 
7fc6bd75f000-7fc6bd861000 rw-p 00000000 00:00 0 
7fc6bd861000-7fc6bd867000 r--s 0004f000 08:03 3279895                    /home/twittumz/Desktop/git/2DMapEditor/libs/jogl/jar/gluegen-rt.jar
7fc6bd867000-7fc6bd888000 rw-p 00000000 00:00 0 
7fc6bd888000-7fc6bd890000 rw-s 00000000 00:23 166070                     /tmp/hsperfdata_twittumz/29391
7fc6bd890000-7fc6bd891000 rw-p 00000000 00:00 0 
7fc6bd891000-7fc6bd892000 r--p 00000000 00:00 0 
7fc6bd892000-7fc6bd893000 rw-p 00000000 00:00 0 
7fc6bd893000-7fc6bd894000 r--p 00023000 08:03 5246101                    /usr/lib/ld-2.23.so
7fc6bd894000-7fc6bd895000 rw-p 00024000 08:03 5246101                    /usr/lib/ld-2.23.so
7fc6bd895000-7fc6bd896000 rw-p 00000000 00:00 0 
7ffdb19e2000-7ffdb1a03000 rw-p 00000000 00:00 0                          [stack]
7ffdb1a0a000-7ffdb1a0d000 r--p 00000000 00:00 0                          [vvar]
7ffdb1a0d000-7ffdb1a0f000 r-xp 00000000 00:00 0                          [vdso]
ffffffffff600000-ffffffffff601000 r-xp 00000000 00:00 0                  [vsyscall]

VM Arguments:
jvm_args: -Dfile.encoding=UTF-8 
java_command: Editor.Main
java_class_path (initial): /home/twittumz/Desktop/git/2DMapEditor/2dMapEditor/bin:/home/twittumz/Desktop/git/2DMapEditor/libs/jogl/jar/gluegen-rt.jar:/home/twittumz/Desktop/git/2DMapEditor/libs/jogl/jar/jogl-all.jar
Launcher Type: SUN_STANDARD

Environment Variables:
PATH=/usr/local/sbin:/usr/local/bin:/usr/bin:/usr/lib/jvm/default/bin:/usr/bin/site_perl:/usr/bin/vendor_perl:/usr/bin/core_perl
USERNAME=twittumz
SHELL=/bin/bash
DISPLAY=:1

Signal Handlers:
SIGSEGV: [libjvm.so+0xa5a220], sa_mask[0]=11111111011111111101111111111110, sa_flags=SA_RESTART|SA_SIGINFO
SIGBUS: [libjvm.so+0xa5a220], sa_mask[0]=11111111011111111101111111111110, sa_flags=SA_RESTART|SA_SIGINFO
SIGFPE: [libjvm.so+0x8a5a90], sa_mask[0]=11111111011111111101111111111110, sa_flags=SA_RESTART|SA_SIGINFO
SIGPIPE: [libjvm.so+0x8a5a90], sa_mask[0]=11111111011111111101111111111110, sa_flags=SA_RESTART|SA_SIGINFO
SIGXFSZ: [libjvm.so+0x8a5a90], sa_mask[0]=11111111011111111101111111111110, sa_flags=SA_RESTART|SA_SIGINFO
SIGILL: [libjvm.so+0x8a5a90], sa_mask[0]=11111111011111111101111111111110, sa_flags=SA_RESTART|SA_SIGINFO
SIGUSR1: SIG_DFL, sa_mask[0]=00000000000000000000000000000000, sa_flags=none
SIGUSR2: [libjvm.so+0x8a5940], sa_mask[0]=00100000000000000000000000000000, sa_flags=SA_RESTART|SA_SIGINFO
SIGHUP: [libjvm.so+0x8a5e10], sa_mask[0]=11111111011111111101111111111110, sa_flags=SA_RESTART|SA_SIGINFO
SIGINT: [libjvm.so+0x8a5e10], sa_mask[0]=11111111011111111101111111111110, sa_flags=SA_RESTART|SA_SIGINFO
SIGTERM: [libjvm.so+0x8a5e10], sa_mask[0]=11111111011111111101111111111110, sa_flags=SA_RESTART|SA_SIGINFO
SIGQUIT: [libjvm.so+0x8a5e10], sa_mask[0]=11111111011111111101111111111110, sa_flags=SA_RESTART|SA_SIGINFO


---------------  S Y S T E M  ---------------

OS:NAME="Arch Linux"
ID=arch
PRETTY_NAME="Arch Linux"
ANSI_COLOR="0;36"
HOME_URL="https://www.archlinux.org/"
SUPPORT_URL="https://bbs.archlinux.org/"
BUG_REPORT_URL="https://bugs.archlinux.org/"


uname:Linux 4.6.3-1-ARCH #1 SMP PREEMPT Fri Jun 24 21:19:13 CEST 2016 x86_64
libc:glibc 2.23 NPTL 2.23 
rlimit: STACK 8192k, CORE infinity, NPROC 63849, NOFILE 4096, AS infinity
load average:0.47 0.47 0.41

/proc/meminfo:
MemTotal:       16350744 kB
MemFree:        11460556 kB
MemAvailable:   12734312 kB
Buffers:           71600 kB
Cached:          1451960 kB
SwapCached:            0 kB
Active:          3383592 kB
Inactive:        1163608 kB
Active(anon):    3024720 kB
Inactive(anon):    31936 kB
Active(file):     358872 kB
Inactive(file):  1131672 kB
Unevictable:           0 kB
Mlocked:               0 kB
SwapTotal:       4191228 kB
SwapFree:        4191228 kB
Dirty:                44 kB
Writeback:             0 kB
AnonPages:       2643828 kB
Mapped:           395652 kB
Shmem:             33020 kB
Slab:             124288 kB
SReclaimable:      81088 kB
SUnreclaim:        43200 kB
KernelStack:        9680 kB
PageTables:        30276 kB
NFS_Unstable:          0 kB
Bounce:                0 kB
WritebackTmp:          0 kB
CommitLimit:    12366600 kB
Committed_AS:    6098428 kB
VmallocTotal:   34359738367 kB
VmallocUsed:           0 kB
VmallocChunk:          0 kB
HardwareCorrupted:     0 kB
AnonHugePages:   1540096 kB
HugePages_Total:       0
HugePages_Free:        0
HugePages_Rsvd:        0
HugePages_Surp:        0
Hugepagesize:       2048 kB
DirectMap4k:      251356 kB
DirectMap2M:     7002112 kB
DirectMap1G:     9437184 kB


CPU:total 8 (4 cores per cpu, 2 threads per core) family 6 model 94 stepping 3, cmov, cx8, fxsr, mmx, sse, sse2, sse3, ssse3, sse4.1, sse4.2, popcnt, avx, avx2, aes, clmul, erms, rtm, 3dnowpref, lzcnt, ht, tsc, tscinvbit, bmi1, bmi2, adx

/proc/cpuinfo:
processor	: 0
vendor_id	: GenuineIntel
cpu family	: 6
model		: 94
model name	: Intel(R) Core(TM) i7-6700K CPU @ 4.00GHz
stepping	: 3
microcode	: 0x6a
cpu MHz		: 4186.250
cache size	: 8192 KB
physical id	: 0
siblings	: 8
core id		: 0
cpu cores	: 4
apicid		: 0
initial apicid	: 0
fpu		: yes
fpu_exception	: yes
cpuid level	: 22
wp		: yes
flags		: fpu vme de pse tsc msr pae mce cx8 apic sep mtrr pge mca cmov pat pse36 clflush dts acpi mmx fxsr sse sse2 ss ht tm pbe syscall nx pdpe1gb rdtscp lm constant_tsc art arch_perfmon pebs bts rep_good nopl xtopology nonstop_tsc aperfmperf eagerfpu pni pclmulqdq dtes64 monitor ds_cpl vmx est tm2 ssse3 sdbg fma cx16 xtpr pdcm pcid sse4_1 sse4_2 x2apic movbe popcnt tsc_deadline_timer aes xsave avx f16c rdrand lahf_lm abm 3dnowprefetch epb intel_pt tpr_shadow vnmi flexpriority ept vpid fsgsbase tsc_adjust bmi1 hle avx2 smep bmi2 erms invpcid rtm mpx rdseed adx smap clflushopt xsaveopt xsavec xgetbv1 dtherm ida arat pln pts hwp hwp_notify hwp_act_window hwp_epp
bugs		:
bogomips	: 8019.73
clflush size	: 64
cache_alignment	: 64
address sizes	: 39 bits physical, 48 bits virtual
power management:

processor	: 1
vendor_id	: GenuineIntel
cpu family	: 6
model		: 94
model name	: Intel(R) Core(TM) i7-6700K CPU @ 4.00GHz
stepping	: 3
microcode	: 0x6a
cpu MHz		: 4101.093
cache size	: 8192 KB
physical id	: 0
siblings	: 8
core id		: 1
cpu cores	: 4
apicid		: 2
initial apicid	: 2
fpu		: yes
fpu_exception	: yes
cpuid level	: 22
wp		: yes
flags		: fpu vme de pse tsc msr pae mce cx8 apic sep mtrr pge mca cmov pat pse36 clflush dts acpi mmx fxsr sse sse2 ss ht tm pbe syscall nx pdpe1gb rdtscp lm constant_tsc art arch_perfmon pebs bts rep_good nopl xtopology nonstop_tsc aperfmperf eagerfpu pni pclmulqdq dtes64 monitor ds_cpl vmx est tm2 ssse3 sdbg fma cx16 xtpr pdcm pcid sse4_1 sse4_2 x2apic movbe popcnt tsc_deadline_timer aes xsave avx f16c rdrand lahf_lm abm 3dnowprefetch epb intel_pt tpr_shadow vnmi flexpriority ept vpid fsgsbase tsc_adjust bmi1 hle avx2 smep bmi2 erms invpcid rtm mpx rdseed adx smap clflushopt xsaveopt xsavec xgetbv1 dtherm ida arat pln pts hwp hwp_notify hwp_act_window hwp_epp
bugs		:
bogomips	: 8020.80
clflush size	: 64
cache_alignment	: 64
address sizes	: 39 bits physical, 48 bits virtual
power management:

processor	: 2
vendor_id	: GenuineIntel
cpu family	: 6
model		: 94
model name	: Intel(R) Core(TM) i7-6700K CPU @ 4.00GHz
stepping	: 3
microcode	: 0x6a
cpu MHz		: 4149.843
cache size	: 8192 KB
physical id	: 0
siblings	: 8
core id		: 2
cpu cores	: 4
apicid		: 4
initial apicid	: 4
fpu		: yes
fpu_exception	: yes
cpuid level	: 22
wp		: yes
flags		: fpu vme de pse tsc msr pae mce cx8 apic sep mtrr pge mca cmov pat pse36 clflush dts acpi mmx fxsr sse sse2 ss ht tm pbe syscall nx pdpe1gb rdtscp lm constant_tsc art arch_perfmon pebs bts rep_good nopl xtopology nonstop_tsc aperfmperf eagerfpu pni pclmulqdq dtes64 monitor ds_cpl vmx est tm2 ssse3 sdbg fma cx16 xtpr pdcm pcid sse4_1 sse4_2 x2apic movbe popcnt tsc_deadline_timer aes xsave avx f16c rdrand lahf_lm abm 3dnowprefetch epb intel_pt tpr_shadow vnmi flexpriority ept vpid fsgsbase tsc_adjust bmi1 hle avx2 smep bmi2 erms invpcid rtm mpx rdseed adx smap clflushopt xsaveopt xsavec xgetbv1 dtherm ida arat pln pts hwp hwp_notify hwp_act_window hwp_epp
bugs		:
bogomips	: 8021.87
clflush size	: 64
cache_alignment	: 64
address sizes	: 39 bits physical, 48 bits virtual
power management:

processor	: 3
vendor_id	: GenuineIntel
cpu family	: 6
model		: 94
model name	: Intel(R) Core(TM) i7-6700K CPU @ 4.00GHz
stepping	: 3
microcode	: 0x6a
cpu MHz		: 4250.156
cache size	: 8192 KB
physical id	: 0
siblings	: 8
core id		: 3
cpu cores	: 4
apicid		: 6
initial apicid	: 6
fpu		: yes
fpu_exception	: yes
cpuid level	: 22
wp		: yes
flags		: fpu vme de pse tsc msr pae mce cx8 apic sep mtrr pge mca cmov pat pse36 clflush dts acpi mmx fxsr sse sse2 ss ht tm pbe syscall nx pdpe1gb rdtscp lm constant_tsc art arch_perfmon pebs bts rep_good nopl xtopology nonstop_tsc aperfmperf eagerfpu pni pclmulqdq dtes64 monitor ds_cpl vmx est tm2 ssse3 sdbg fma cx16 xtpr pdcm pcid sse4_1 sse4_2 x2apic movbe popcnt tsc_deadline_timer aes xsave avx f16c rdrand lahf_lm abm 3dnowprefetch epb intel_pt tpr_shadow vnmi flexpriority ept vpid fsgsbase tsc_adjust bmi1 hle avx2 smep bmi2 erms invpcid rtm mpx rdseed adx smap clflushopt xsaveopt xsavec xgetbv1 dtherm ida arat pln pts hwp hwp_notify hwp_act_window hwp_epp
bugs		:
bogomips	: 8021.87
clflush size	: 64
cache_alignment	: 64
address sizes	: 39 bits physical, 48 bits virtual
power management:

processor	: 4
vendor_id	: GenuineIntel
cpu family	: 6
model		: 94
model name	: Intel(R) Core(TM) i7-6700K CPU @ 4.00GHz
stepping	: 3
microcode	: 0x6a
cpu MHz		: 4123.593
cache size	: 8192 KB
physical id	: 0
siblings	: 8
core id		: 0
cpu cores	: 4
apicid		: 1
initial apicid	: 1
fpu		: yes
fpu_exception	: yes
cpuid level	: 22
wp		: yes
flags		: fpu vme de pse tsc msr pae mce cx8 apic sep mtrr pge mca cmov pat pse36 clflush dts acpi mmx fxsr sse sse2 ss ht tm pbe syscall nx pdpe1gb rdtscp lm constant_tsc art arch_perfmon pebs bts rep_good nopl xtopology nonstop_tsc aperfmperf eagerfpu pni pclmulqdq dtes64 monitor ds_cpl vmx est tm2 ssse3 sdbg fma cx16 xtpr pdcm pcid sse4_1 sse4_2 x2apic movbe popcnt tsc_deadline_timer aes xsave avx f16c rdrand lahf_lm abm 3dnowprefetch epb intel_pt tpr_shadow vnmi flexpriority ept vpid fsgsbase tsc_adjust bmi1 hle avx2 smep bmi2 erms invpcid rtm mpx rdseed adx smap clflushopt xsaveopt xsavec xgetbv1 dtherm ida arat pln pts hwp hwp_notify hwp_act_window hwp_epp
bugs		:
bogomips	: 8021.36
clflush size	: 64
cache_alignment	: 64
address sizes	: 39 bits physical, 48 bits virtual
power management:

processor	: 5
vendor_id	: GenuineIntel
cpu family	: 6
model		: 94
model name	: Intel(R) Core(TM) i7-6700K CPU @ 4.00GHz
stepping	: 3
microcode	: 0x6a
cpu MHz		: 4100.625
cache size	: 8192 KB
physical id	: 0
siblings	: 8
core id		: 1
cpu cores	: 4
apicid		: 3
initial apicid	: 3
fpu		: yes
fpu_exception	: yes
cpuid level	: 22
wp		: yes
flags		: fpu vme de pse tsc msr pae mce cx8 apic sep mtrr pge mca cmov pat pse36 clflush dts acpi mmx fxsr sse sse2 ss ht tm pbe syscall nx pdpe1gb rdtscp lm constant_tsc art arch_perfmon pebs bts rep_good nopl xtopology nonstop_tsc aperfmperf eagerfpu pni pclmulqdq dtes64 monitor ds_cpl vmx est tm2 ssse3 sdbg fma cx16 xtpr pdcm pcid sse4_1 sse4_2 x2apic movbe popcnt tsc_deadline_timer aes xsave avx f16c rdrand lahf_lm abm 3dnowprefetch epb intel_pt tpr_shadow vnmi flexpriority ept vpid fsgsbase tsc_adjust bmi1 hle avx2 smep bmi2 erms invpcid rtm mpx rdseed adx smap clflushopt xsaveopt xsavec xgetbv1 dtherm ida arat pln pts hwp hwp_notify hwp_act_window hwp_epp
bugs		:
bogomips	: 8021.92
clflush size	: 64
cache_alignment	: 64
address sizes	: 39 bits physical, 48 bits virtual
power management:

processor	: 6
vendor_id	: GenuineIntel
cpu family	: 6
model		: 94
model name	: Intel(R) Core(TM) i7-6700K CPU @ 4.00GHz
stepping	: 3
microcode	: 0x6a
cpu MHz		: 4100.312
cache size	: 8192 KB
physical id	: 0
siblings	: 8
core id		: 2
cpu cores	: 4
apicid		: 5
initial apicid	: 5
fpu		: yes
fpu_exception	: yes
cpuid level	: 22
wp		: yes
flags		: fpu vme de pse tsc msr pae mce cx8 apic sep mtrr pge mca cmov pat pse36 clflush dts acpi mmx fxsr sse sse2 ss ht tm pbe syscall nx pdpe1gb rdtscp lm constant_tsc art arch_perfmon pebs bts rep_good nopl xtopology nonstop_tsc aperfmperf eagerfpu pni pclmulqdq dtes64 monitor ds_cpl vmx est tm2 ssse3 sdbg fma cx16 xtpr pdcm pcid sse4_1 sse4_2 x2apic movbe popcnt tsc_deadline_timer aes xsave avx f16c rdrand lahf_lm abm 3dnowprefetch epb intel_pt tpr_shadow vnmi flexpriority ept vpid fsgsbase tsc_adjust bmi1 hle avx2 smep bmi2 erms invpcid rtm mpx rdseed adx smap clflushopt xsaveopt xsavec xgetbv1 dtherm ida arat pln pts hwp hwp_notify hwp_act_window hwp_epp
bugs		:
bogomips	: 8021.91
clflush size	: 64
cache_alignment	: 64
address sizes	: 39 bits physical, 48 bits virtual
power management:

processor	: 7
vendor_id	: GenuineIntel
cpu family	: 6
model		: 94
model name	: Intel(R) Core(TM) i7-6700K CPU @ 4.00GHz
stepping	: 3
microcode	: 0x6a
cpu MHz		: 4105.781
cache size	: 8192 KB
physical id	: 0
siblings	: 8
core id		: 3
cpu cores	: 4
apicid		: 7
initial apicid	: 7
fpu		: yes
fpu_exception	: yes
cpuid level	: 22
wp		: yes
flags		: fpu vme de pse tsc msr pae mce cx8 apic sep mtrr pge mca cmov pat pse36 clflush dts acpi mmx fxsr sse sse2 ss ht tm pbe syscall nx pdpe1gb rdtscp lm constant_tsc art arch_perfmon pebs bts rep_good nopl xtopology nonstop_tsc aperfmperf eagerfpu pni pclmulqdq dtes64 monitor ds_cpl vmx est tm2 ssse3 sdbg fma cx16 xtpr pdcm pcid sse4_1 sse4_2 x2apic movbe popcnt tsc_deadline_timer aes xsave avx f16c rdrand lahf_lm abm 3dnowprefetch epb intel_pt tpr_shadow vnmi flexpriority ept vpid fsgsbase tsc_adjust bmi1 hle avx2 smep bmi2 erms invpcid rtm mpx rdseed adx smap clflushopt xsaveopt xsavec xgetbv1 dtherm ida arat pln pts hwp hwp_notify hwp_act_window hwp_epp
bugs		:
bogomips	: 8021.92
clflush size	: 64
cache_alignment	: 64
address sizes	: 39 bits physical, 48 bits virtual
power management:



Memory: 4k page, physical 16350744k(11460556k free), swap 4191228k(4191228k free)

vm_info: OpenJDK 64-Bit Server VM (25.92-b14) for linux-amd64 JRE (1.8.0_92-b14), built on Apr 24 2016 15:02:36 by "builduser" with gcc 5.3.0

time: Mon Jul 25 16:32:46 2016
elapsed time: 0 seconds (0d 0h 0m 0s)

