#
# A fatal error has been detected by the Java Runtime Environment:
#
#  SIGSEGV (0xb) at pc=0x0000000041426efe, pid=25806, tid=0x00007ff1c8b77700
#
# JRE version: OpenJDK Runtime Environment (8.0_92-b14) (build 1.8.0_92-b14)
# Java VM: OpenJDK 64-Bit Server VM (25.92-b14 mixed mode linux-amd64 compressed oops)
# Problematic frame:
# C  0x0000000041426efe
#
# Core dump written. Default location: /home/twittumz/Desktop/git/2DMapEditor/2dMapEditor/core or core.25806
#
# If you would like to submit a bug report, please visit:
#   http://bugreport.java.com/bugreport/crash.jsp
# The crash happened outside the Java Virtual Machine in native code.
# See problematic frame for where to report the bug.
#

---------------  T H R E A D  ---------------

Current thread (0x00007ff1e4277800):  JavaThread "AWT-EventQueue-0" [_thread_in_native, id=25834, stack(0x00007ff1c8a77000,0x00007ff1c8b78000)]

siginfo: si_signo: 11 (SIGSEGV), si_code: 1 (SEGV_MAPERR), si_addr: 0x0000000000000000

Registers:
RAX=0x00007ff1ac23ab60, RBX=0x0000000040aed000, RCX=0x0000000000000000, RDX=0x0000000000000003
RSP=0x00007ff1c8b75498, RBP=0x0000000000000030, RSI=0x0000000000000000, RDI=0x0000000000000000
R8 =0x00007ff15c144d90, R9 =0x00000001020e5000, R10=0x00007ff15d1b1110, R11=0x0000000000000000
R12=0x0000000000000000, R13=0x0000000000000003, R14=0x0000000000000000, R15=0x00007ff15c147f20
RIP=0x0000000041426efe, EFLAGS=0x0000000000010246, CSGSFS=0x002b000000000033, ERR=0x0000000000000004
  TRAPNO=0x000000000000000e

Top of Stack: (sp=0x00007ff1c8b75498)
0x00007ff1c8b75498:   00007ff1ad8f78c4 0000000500000000
0x00007ff1c8b754a8:   0000000040b3dfa0 00007ff1e4277800
0x00007ff1c8b754b8:   00007ff1ad8f833e 00007ff1ac23ab60
0x00007ff1c8b754c8:   0000000040aed000 0000000040b31df0
0x00007ff1c8b754d8:   0000000000000005 0000000000000000
0x00007ff1c8b754e8:   00007ff1c8b75660 00007ff1e4277800
0x00007ff1c8b754f8:   00007ff1ad4e3c78 00007ff1c8b75660
0x00007ff1c8b75508:   00000003c3677ba8 00007ff1e40f43b0
0x00007ff1c8b75518:   00007ff1e4277800 00007ff1e4277800
0x00007ff1c8b75528:   00007ff1c3677ba8 00007ff1c8b75590
0x00007ff1c8b75538:   0000000000000000 00007ff1c3677ba8
0x00007ff1c8b75548:   00007ff1c2a16e78 00007ff1c8b75590
0x00007ff1c8b75558:   00007ff1c2cc8320 00000003c8a18c28
0x00007ff1c8b75568:   0000000500000000 00007ff1c8b75660
0x00007ff1c8b75578:   00007ff1e42779e0 00007ff1c8b75618
0x00007ff1c8b75588:   00007ff1c2cc8320 00007ff1c8b75618
0x00007ff1c8b75598:   00007ff1d5017754 00007ff1c3677ba8
0x00007ff1c8b755a8:   0000000000000000 00007ff1c3677ba8
0x00007ff1c8b755b8:   00007ff1c8b75660 00007ff1c8b75618
0x00007ff1c8b755c8:   00007ff1d50174e7 00007ff1d50174a2
0x00007ff1c8b755d8:   00007ff1c8b755d8 00007ff1c3677ba8
0x00007ff1c8b755e8:   00007ff1c8b75660 00007ff1c3770028
0x00007ff1c8b755f8:   0000000000000000 00007ff1c3677ba8
0x00007ff1c8b75608:   0000000000000000 00007ff1c8b75638
0x00007ff1c8b75618:   00007ff1c8b756a8 00007ff1d5007ffd
0x00007ff1c8b75628:   0000000000000000 00007ff1d5011278
0x00007ff1c8b75638:   00007ff1c2cc8320 00007ff1c8b756a8
0x00007ff1c8b75648:   0000000000000003 0000000000000000
0x00007ff1c8b75658:   0000000000000005 000000076d514418
0x00007ff1c8b75668:   00007ff1c8b75668 00007ff1c3677af5
0x00007ff1c8b75678:   00007ff1c8b756e0 00007ff1c3770028
0x00007ff1c8b75688:   0000000000000000 00007ff1c3677b08 

Instructions: (pc=0x0000000041426efe)
0x0000000041426ede:   8b d1 49 8b cb 48 be 78 ea b3 40 00 00 00 00 48
0x0000000041426eee:   8b 36 48 8b 76 08 48 8b f9 48 c1 e7 04 48 03 f7
0x0000000041426efe:   8b 3e 8b 6e 04 89 38 89 68 04 8b 7e 08 8b 6e 0c
0x0000000041426f0e:   89 78 08 89 68 0c 48 83 c0 10 ff c1 ff ca 75 c5 

Register to memory mapping:

RAX=0x00007ff1ac23ab60 is an unknown value
RBX=0x0000000040aed000 is an unknown value
RCX=0x0000000000000000 is an unknown value
RDX=0x0000000000000003 is an unknown value
RSP=0x00007ff1c8b75498 is pointing into the stack for thread: 0x00007ff1e4277800
RBP=0x0000000000000030 is an unknown value
RSI=0x0000000000000000 is an unknown value
RDI=0x0000000000000000 is an unknown value
R8 =0x00007ff15c144d90 is an unknown value
R9 =0x00000001020e5000 is an unknown value
R10=0x00007ff15d1b1110 is an unknown value
R11=0x0000000000000000 is an unknown value
R12=0x0000000000000000 is an unknown value
R13=0x0000000000000003 is an unknown value
R14=0x0000000000000000 is an unknown value
R15=0x00007ff15c147f20 is an unknown value


Stack: [0x00007ff1c8a77000,0x00007ff1c8b78000],  sp=0x00007ff1c8b75498,  free space=1017k
Native frames: (J=compiled Java code, j=interpreted, Vv=VM code, C=native code)
C  0x0000000041426efe

Java frames: (J=compiled Java code, j=interpreted, Vv=VM code)
j  jogamp.opengl.gl4.GL4bcImpl.dispatch_glDrawArrays1(IIIJ)V+0
j  jogamp.opengl.gl4.GL4bcImpl.glDrawArrays(III)V+45
j  Engine.SpriteRenderer.Draw(Lcom/jogamp/opengl/GL2;)V+74
j  Engine.Engine.Render(Lcom/jogamp/opengl/GLAutoDrawable;)V+22
j  Editor.Window$1.display(Lcom/jogamp/opengl/GLAutoDrawable;)V+22
j  jogamp.opengl.GLDrawableHelper.displayImpl(Lcom/jogamp/opengl/GLAutoDrawable;)V+62
j  jogamp.opengl.GLDrawableHelper.display(Lcom/jogamp/opengl/GLAutoDrawable;)V+2
j  com.jogamp.opengl.awt.GLCanvas$11.run()V+118
j  jogamp.opengl.GLDrawableHelper.invokeGLImpl(Lcom/jogamp/opengl/GLDrawable;Lcom/jogamp/opengl/GLContext;Ljava/lang/Runnable;Ljava/lang/Runnable;)V+203
j  jogamp.opengl.GLDrawableHelper.invokeGL(Lcom/jogamp/opengl/GLDrawable;Lcom/jogamp/opengl/GLContext;Ljava/lang/Runnable;Ljava/lang/Runnable;)V+72
j  com.jogamp.opengl.awt.GLCanvas$12.run()V+104
j  java.awt.event.InvocationEvent.dispatch()V+11
j  java.awt.EventQueue.dispatchEventImpl(Ljava/awt/AWTEvent;Ljava/lang/Object;)V+21
j  java.awt.EventQueue.access$500(Ljava/awt/EventQueue;Ljava/awt/AWTEvent;Ljava/lang/Object;)V+3
j  java.awt.EventQueue$3.run()Ljava/lang/Void;+32
j  java.awt.EventQueue$3.run()Ljava/lang/Object;+1
v  ~StubRoutines::call_stub
j  java.security.AccessController.doPrivileged(Ljava/security/PrivilegedAction;Ljava/security/AccessControlContext;)Ljava/lang/Object;+0
j  java.security.ProtectionDomain$JavaSecurityAccessImpl.doIntersectionPrivilege(Ljava/security/PrivilegedAction;Ljava/security/AccessControlContext;Ljava/security/AccessControlContext;)Ljava/lang/Object;+18
j  java.awt.EventQueue.dispatchEvent(Ljava/awt/AWTEvent;)V+46
j  java.awt.EventDispatchThread.pumpOneEventForFilters(I)V+245
j  java.awt.EventDispatchThread.pumpEventsForFilter(ILjava/awt/Conditional;Ljava/awt/EventFilter;)V+35
j  java.awt.EventDispatchThread.pumpEventsForHierarchy(ILjava/awt/Conditional;Ljava/awt/Component;)V+11
j  java.awt.EventDispatchThread.pumpEvents(ILjava/awt/Conditional;)V+4
j  java.awt.EventDispatchThread.pumpEvents(Ljava/awt/Conditional;)V+3
j  java.awt.EventDispatchThread.run()V+9
v  ~StubRoutines::call_stub

---------------  P R O C E S S  ---------------

Java Threads: ( => current thread )
  0x00007ff1e4008000 JavaThread "DestroyJavaVM" [_thread_blocked, id=25811, stack(0x00007ff1ead87000,0x00007ff1eae88000)]
  0x00007ff1e4606000 JavaThread "main-AWTAnimator#00" [_thread_blocked, id=25844, stack(0x00007ff1c0597000,0x00007ff1c0698000)]
  0x00007ff1e4424800 JavaThread "main-SharedResourceRunner" daemon [_thread_blocked, id=25842, stack(0x00007ff1c804b000,0x00007ff1c814c000)]
  0x00007ff1e4407800 JavaThread "main-SharedResourceRunner" daemon [_thread_blocked, id=25841, stack(0x00007ff1c834e000,0x00007ff1c844f000)]
  0x00007ff1e42c1000 JavaThread "process reaper" daemon [_thread_blocked, id=25837, stack(0x00007ff1d00a6000,0x00007ff1d00df000)]
=>0x00007ff1e4277800 JavaThread "AWT-EventQueue-0" [_thread_in_native, id=25834, stack(0x00007ff1c8a77000,0x00007ff1c8b78000)]
  0x00007ff1e4276000 JavaThread "AWT-Shutdown" [_thread_blocked, id=25833, stack(0x00007ff1c8b78000,0x00007ff1c8c79000)]
  0x00007ff1e426a800 JavaThread "Image Fetcher 0" daemon [_thread_blocked, id=25832, stack(0x00007ff1c8c79000,0x00007ff1c8d7a000)]
  0x00007ff1e422f800 JavaThread "AWT-XAWT" daemon [_thread_blocked, id=25831, stack(0x00007ff1c8d7a000,0x00007ff1c8e7b000)]
  0x00007ff1e4208800 JavaThread "Java2D Disposer" daemon [_thread_blocked, id=25830, stack(0x00007ff1c928c000,0x00007ff1c938d000)]
  0x00007ff1e40d0000 JavaThread "Service Thread" daemon [_thread_blocked, id=25828, stack(0x00007ff1d0204000,0x00007ff1d0305000)]
  0x00007ff1e40c5000 JavaThread "C1 CompilerThread3" daemon [_thread_blocked, id=25827, stack(0x00007ff1d0305000,0x00007ff1d0406000)]
  0x00007ff1e40c3000 JavaThread "C2 CompilerThread2" daemon [_thread_blocked, id=25826, stack(0x00007ff1d0406000,0x00007ff1d0507000)]
  0x00007ff1e40c1000 JavaThread "C2 CompilerThread1" daemon [_thread_blocked, id=25825, stack(0x00007ff1d0507000,0x00007ff1d0608000)]
  0x00007ff1e40be000 JavaThread "C2 CompilerThread0" daemon [_thread_blocked, id=25824, stack(0x00007ff1d0608000,0x00007ff1d0709000)]
  0x00007ff1e40bc800 JavaThread "Signal Dispatcher" daemon [_thread_blocked, id=25823, stack(0x00007ff1d0709000,0x00007ff1d080a000)]
  0x00007ff1e408a000 JavaThread "Finalizer" daemon [_thread_blocked, id=25822, stack(0x00007ff1d09a2000,0x00007ff1d0aa3000)]
  0x00007ff1e4085800 JavaThread "Reference Handler" daemon [_thread_blocked, id=25821, stack(0x00007ff1d0aa3000,0x00007ff1d0ba4000)]

Other Threads:
  0x00007ff1e407e000 VMThread [stack: 0x00007ff1d0ba4000,0x00007ff1d0ca5000] [id=25820]
  0x00007ff1e40d2800 WatcherThread [stack: 0x00007ff1d0103000,0x00007ff1d0204000] [id=25829]

VM state:not at safepoint (normal execution)

VM Mutex/Monitor currently owned by a thread: None

Heap:
 PSYoungGen      total 74752K, used 33958K [0x000000076cd80000, 0x0000000772080000, 0x00000007c0000000)
  eden space 64512K, 52% used [0x000000076cd80000,0x000000076eea9878,0x0000000770c80000)
  from space 10240K, 0% used [0x0000000771680000,0x0000000771680000,0x0000000772080000)
  to   space 10240K, 0% used [0x0000000770c80000,0x0000000770c80000,0x0000000771680000)
 ParOldGen       total 171008K, used 0K [0x00000006c6800000, 0x00000006d0f00000, 0x000000076cd80000)
  object space 171008K, 0% used [0x00000006c6800000,0x00000006c6800000,0x00000006d0f00000)
 Metaspace       used 17487K, capacity 17700K, committed 18048K, reserved 1064960K
  class space    used 1776K, capacity 1837K, committed 1920K, reserved 1048576K

Card table byte_map: [0x00007ff1d4833000,0x00007ff1d5000000] byte_map_base: 0x00007ff1d11ff000

Marking Bits: (ParMarkBitMap*) 0x00007ff1ea09a540
 Begin Bits: [0x00007ff198340000, 0x00007ff19c1a0000)
 End Bits:   [0x00007ff19c1a0000, 0x00007ff1a0000000)

Polling page: 0x00007ff1eaebd000

CodeCache: size=245760Kb used=3553Kb max_used=3553Kb free=242207Kb
 bounds [0x00007ff1d5000000, 0x00007ff1d5380000, 0x00007ff1e4000000]
 total_blobs=1846 nmethods=874 adapters=887
 compilation: enabled

Compilation events (10 events):
Event: 1.053 Thread 0x00007ff1e40c5000  870       3       java.util.Arrays::copyOf (13 bytes)
Event: 1.053 Thread 0x00007ff1e40c5000 nmethod 870 0x00007ff1d53793d0 code [0x00007ff1d5379540, 0x00007ff1d5379748]
Event: 1.053 Thread 0x00007ff1e40c5000  871       3       java.util.regex.Matcher::search (109 bytes)
Event: 1.054 Thread 0x00007ff1e40c5000 nmethod 871 0x00007ff1d5379810 code [0x00007ff1d53799a0, 0x00007ff1d5379da8]
Event: 1.054 Thread 0x00007ff1e40c5000  872       3       java.util.regex.Pattern$Branch::match (66 bytes)
Event: 1.054 Thread 0x00007ff1e40c5000 nmethod 872 0x00007ff1d5379f10 code [0x00007ff1d537a0c0, 0x00007ff1d537a5b8]
Event: 1.054 Thread 0x00007ff1e40c5000  873       3       java.util.ArrayList::<init> (12 bytes)
Event: 1.054 Thread 0x00007ff1e40c5000 nmethod 873 0x00007ff1d537a7d0 code [0x00007ff1d537a940, 0x00007ff1d537abd0]
Event: 1.054 Thread 0x00007ff1e40c5000  874       1       java.util.Formatter::access$000 (5 bytes)
Event: 1.054 Thread 0x00007ff1e40c5000 nmethod 874 0x00007ff1d537ad10 code [0x00007ff1d537ae60, 0x00007ff1d537af50]

GC Heap History (0 events):
No events

Deoptimization events (10 events):
Event: 0.880 Thread 0x00007ff1e4606000 Uncommon trap: reason=unstable_if action=reinterpret pc=0x00007ff1d531e348 method=java.awt.Component.isDisplayable()Z @ 4
Event: 0.880 Thread 0x00007ff1e4606000 Uncommon trap: reason=unstable_if action=reinterpret pc=0x00007ff1d531a80c method=java.awt.Component.isDisplayable()Z @ 4
Event: 0.886 Thread 0x00007ff1e4606000 Uncommon trap: reason=unstable_if action=reinterpret pc=0x00007ff1d53419c4 method=com.jogamp.opengl.awt.GLCanvas.validateGLDrawable()Z @ 22
Event: 0.886 Thread 0x00007ff1e4606000 Uncommon trap: reason=unstable_if action=reinterpret pc=0x00007ff1d5346a28 method=com.jogamp.opengl.awt.GLCanvas.validateGLDrawable()Z @ 22
Event: 0.887 Thread 0x00007ff1e4606000 Uncommon trap: reason=unstable_if action=reinterpret pc=0x00007ff1d5343674 method=com.jogamp.opengl.awt.GLCanvas.validateGLDrawable()Z @ 22
Event: 0.890 Thread 0x00007ff1e4606000 Uncommon trap: reason=unstable_if action=reinterpret pc=0x00007ff1d532244c method=java.awt.Component.isDisplayable()Z @ 4
Event: 0.959 Thread 0x00007ff1e4606000 Uncommon trap: reason=unstable_if action=reinterpret pc=0x00007ff1d5355418 method=com.jogamp.opengl.awt.GLCanvas.validateGLDrawable()Z @ 43
Event: 0.959 Thread 0x00007ff1e4008000 Uncommon trap: reason=unstable_if action=reinterpret pc=0x00007ff1d535040c method=com.jogamp.opengl.awt.GLCanvas.validateGLDrawable()Z @ 43
Event: 0.960 Thread 0x00007ff1e4606000 Uncommon trap: reason=unstable_if action=reinterpret pc=0x00007ff1d53524d8 method=com.jogamp.opengl.awt.GLCanvas.validateGLDrawable()Z @ 33
Event: 0.960 Thread 0x00007ff1e4606000 Uncommon trap: reason=unstable_if action=reinterpret pc=0x00007ff1d534f7c8 method=com.jogamp.opengl.awt.GLCanvas.validateGLDrawable()Z @ 33

Internal exceptions (10 events):
Event: 0.081 Thread 0x00007ff1e4008000 Exception <a 'java/io/FileNotFoundException'> (0x000000076d0f2018) thrown at [/build/java8-openjdk/src/jdk8u-jdk8u92-b14/hotspot/src/share/vm/prims/jni.cpp, line 709]
Event: 0.081 Thread 0x00007ff1e4008000 Exception <a 'java/io/FileNotFoundException'> (0x000000076d0f2a08) thrown at [/build/java8-openjdk/src/jdk8u-jdk8u92-b14/hotspot/src/share/vm/prims/jni.cpp, line 709]
Event: 0.091 Thread 0x00007ff1e4008000 Exception <a 'java/lang/ClassNotFoundException': sun/dc/DuctusRenderingEngine> (0x000000076d10ad48) thrown at [/build/java8-openjdk/src/jdk8u-jdk8u92-b14/hotspot/src/share/vm/classfile/systemDictionary.cpp, line 210]
Event: 0.876 Thread 0x00007ff1e4008000 Exception <a 'java/lang/reflect/InvocationTargetException'> (0x000000076e3379c0) thrown at [/build/java8-openjdk/src/jdk8u-jdk8u92-b14/hotspot/src/share/vm/runtime/reflection.cpp, line 1092]
Event: 0.880 Thread 0x00007ff1e4008000 Exception <a 'java/lang/reflect/InvocationTargetException'> (0x000000076e347a80) thrown at [/build/java8-openjdk/src/jdk8u-jdk8u92-b14/hotspot/src/share/vm/runtime/reflection.cpp, line 1092]
Event: 0.884 Thread 0x00007ff1e4008000 Exception <a 'java/lang/reflect/InvocationTargetException'> (0x000000076ec52060) thrown at [/build/java8-openjdk/src/jdk8u-jdk8u92-b14/hotspot/src/share/vm/runtime/reflection.cpp, line 1092]
Event: 0.886 Thread 0x00007ff1e4008000 Exception <a 'java/lang/reflect/InvocationTargetException'> (0x000000076ec6ac58) thrown at [/build/java8-openjdk/src/jdk8u-jdk8u92-b14/hotspot/src/share/vm/runtime/reflection.cpp, line 1092]
Event: 0.959 Thread 0x00007ff1e4277800 Exception <a 'java/lang/reflect/InvocationTargetException'> (0x000000076d511648) thrown at [/build/java8-openjdk/src/jdk8u-jdk8u92-b14/hotspot/src/share/vm/runtime/reflection.cpp, line 1092]
Event: 0.960 Thread 0x00007ff1e4277800 Exception <a 'java/lang/reflect/InvocationTargetException'> (0x000000076d511cf8) thrown at [/build/java8-openjdk/src/jdk8u-jdk8u92-b14/hotspot/src/share/vm/runtime/reflection.cpp, line 1092]
Event: 0.962 Thread 0x00007ff1e4277800 Exception <a 'java/lang/reflect/InvocationTargetException'> (0x000000076d512bd0) thrown at [/build/java8-openjdk/src/jdk8u-jdk8u92-b14/hotspot/src/share/vm/runtime/reflection.cpp, line 1092]

Events (10 events):
Event: 1.051 loading class com/jogamp/opengl/math/VectorUtil
Event: 1.051 loading class com/jogamp/opengl/math/VectorUtil done
Event: 1.051 loading class sun/misc/FormattedFloatingDecimal$Form
Event: 1.052 loading class sun/misc/FormattedFloatingDecimal$Form done
Event: 1.052 loading class sun/misc/FormattedFloatingDecimal
Event: 1.052 loading class sun/misc/FormattedFloatingDecimal done
Event: 1.052 loading class sun/misc/FormattedFloatingDecimal$1
Event: 1.052 loading class sun/misc/FormattedFloatingDecimal$1 done
Event: 1.052 loading class sun/misc/FormattedFloatingDecimal$2
Event: 1.052 loading class sun/misc/FormattedFloatingDecimal$2 done


Dynamic libraries:
00400000-00401000 r-xp 00000000 08:03 5905458                            /usr/lib/jvm/java-8-openjdk/jre/bin/java
00600000-00601000 rw-p 00000000 08:03 5905458                            /usr/lib/jvm/java-8-openjdk/jre/bin/java
019a1000-019c2000 rw-p 00000000 00:00 0                                  [heap]
40aed000-40b8d000 rw-p 00000000 00:00 0 
41425000-41427000 r-xs 00000000 00:23 162748                             /tmp/.glmHi0F6 (deleted)
4181b000-418bb000 rw-p 00000000 00:00 0 
6c6800000-6d0f00000 rw-p 00000000 00:00 0 
6d0f00000-76cd80000 ---p 00000000 00:00 0 
76cd80000-772080000 rw-p 00000000 00:00 0 
772080000-7c0000000 ---p 00000000 00:00 0 
7c0000000-7c01e0000 rw-p 00000000 00:00 0 
7c01e0000-800000000 ---p 00000000 00:00 0 
7ff14c000000-7ff14c021000 rw-p 00000000 00:00 0 
7ff14c021000-7ff150000000 ---p 00000000 00:00 0 
7ff154000000-7ff15455e000 rw-p 00000000 00:00 0 
7ff15455e000-7ff158000000 ---p 00000000 00:00 0 
7ff158000000-7ff1584f2000 rw-p 00000000 00:00 0 
7ff1584f2000-7ff15c000000 ---p 00000000 00:00 0 
7ff15c000000-7ff15d1c1000 rw-p 00000000 00:00 0 
7ff15d1c1000-7ff160000000 ---p 00000000 00:00 0 
7ff160000000-7ff160021000 rw-p 00000000 00:00 0 
7ff160021000-7ff164000000 ---p 00000000 00:00 0 
7ff164000000-7ff164027000 rw-p 00000000 00:00 0 
7ff164027000-7ff168000000 ---p 00000000 00:00 0 
7ff168000000-7ff168021000 rw-p 00000000 00:00 0 
7ff168021000-7ff16c000000 ---p 00000000 00:00 0 
7ff16c000000-7ff16c021000 rw-p 00000000 00:00 0 
7ff16c021000-7ff170000000 ---p 00000000 00:00 0 
7ff170000000-7ff170021000 rw-p 00000000 00:00 0 
7ff170021000-7ff174000000 ---p 00000000 00:00 0 
7ff174000000-7ff174021000 rw-p 00000000 00:00 0 
7ff174021000-7ff178000000 ---p 00000000 00:00 0 
7ff178000000-7ff178021000 rw-p 00000000 00:00 0 
7ff178021000-7ff17c000000 ---p 00000000 00:00 0 
7ff17c000000-7ff17c07b000 rw-p 00000000 00:00 0 
7ff17c07b000-7ff180000000 ---p 00000000 00:00 0 
7ff180000000-7ff1801f5000 rw-p 00000000 00:00 0 
7ff1801f5000-7ff184000000 ---p 00000000 00:00 0 
7ff184000000-7ff18421e000 rw-p 00000000 00:00 0 
7ff18421e000-7ff188000000 ---p 00000000 00:00 0 
7ff188000000-7ff188109000 rw-p 00000000 00:00 0 
7ff188109000-7ff18c000000 ---p 00000000 00:00 0 
7ff18c000000-7ff18c021000 rw-p 00000000 00:00 0 
7ff18c021000-7ff190000000 ---p 00000000 00:00 0 
7ff190000000-7ff190021000 rw-p 00000000 00:00 0 
7ff190021000-7ff194000000 ---p 00000000 00:00 0 
7ff194000000-7ff194021000 rw-p 00000000 00:00 0 
7ff194021000-7ff198000000 ---p 00000000 00:00 0 
7ff198340000-7ff1a0000000 rw-p 00000000 00:00 0 
7ff1a0000000-7ff1a0021000 rw-p 00000000 00:00 0 
7ff1a0021000-7ff1a4000000 ---p 00000000 00:00 0 
7ff1a4000000-7ff1a4021000 rw-p 00000000 00:00 0 
7ff1a4021000-7ff1a8000000 ---p 00000000 00:00 0 
7ff1a8000000-7ff1a8021000 rw-p 00000000 00:00 0 
7ff1a8021000-7ff1ac000000 ---p 00000000 00:00 0 
7ff1ac238000-7ff1ac338000 rw-s 77e1f000 00:06 15720                      /dev/nvidiactl
7ff1ac338000-7ff1ac33c000 r-xp 00000000 08:03 5249369                    /usr/lib/libcap.so.2.25
7ff1ac33c000-7ff1ac53b000 ---p 00004000 08:03 5249369                    /usr/lib/libcap.so.2.25
7ff1ac53b000-7ff1ac53c000 rw-p 00003000 08:03 5249369                    /usr/lib/libcap.so.2.25
7ff1ac53c000-7ff1ac550000 r-xp 00000000 08:03 5246162                    /usr/lib/libresolv-2.23.so
7ff1ac550000-7ff1ac74f000 ---p 00014000 08:03 5246162                    /usr/lib/libresolv-2.23.so
7ff1ac74f000-7ff1ac750000 r--p 00013000 08:03 5246162                    /usr/lib/libresolv-2.23.so
7ff1ac750000-7ff1ac751000 rw-p 00014000 08:03 5246162                    /usr/lib/libresolv-2.23.so
7ff1ac751000-7ff1ac753000 rw-p 00000000 00:00 0 
7ff1ac753000-7ff1adae8000 r-xp 00000000 08:03 5268236                    /usr/lib/libnvidia-glcore.so.367.27
7ff1adae8000-7ff1adb08000 rwxp 01395000 08:03 5268236                    /usr/lib/libnvidia-glcore.so.367.27
7ff1adb08000-7ff1adea8000 r-xp 013b5000 08:03 5268236                    /usr/lib/libnvidia-glcore.so.367.27
7ff1adea8000-7ff1ae0a8000 ---p 01755000 08:03 5268236                    /usr/lib/libnvidia-glcore.so.367.27
7ff1ae0a8000-7ff1ae470000 rw-p 01755000 08:03 5268236                    /usr/lib/libnvidia-glcore.so.367.27
7ff1ae470000-7ff1ae488000 rw-p 00000000 00:00 0 
7ff1ae488000-7ff1afa54000 r-xp 00000000 08:03 5268233                    /usr/lib/libnvidia-eglcore.so.367.27
7ff1afa54000-7ff1afc54000 ---p 015cc000 08:03 5268233                    /usr/lib/libnvidia-eglcore.so.367.27
7ff1afc54000-7ff1affec000 rw-p 015cc000 08:03 5268233                    /usr/lib/libnvidia-eglcore.so.367.27
7ff1affec000-7ff1b0000000 rw-p 00000000 00:00 0 
7ff1b0000000-7ff1b0021000 rw-p 00000000 00:00 0 
7ff1b0021000-7ff1b4000000 ---p 00000000 00:00 0 
7ff1b4000000-7ff1b4021000 rw-p 00000000 00:00 0 
7ff1b4021000-7ff1b8000000 ---p 00000000 00:00 0 
7ff1b8000000-7ff1b8021000 rw-p 00000000 00:00 0 
7ff1b8021000-7ff1bc000000 ---p 00000000 00:00 0 
7ff1bc000000-7ff1bc021000 rw-p 00000000 00:00 0 
7ff1bc021000-7ff1c0000000 ---p 00000000 00:00 0 
7ff1c004a000-7ff1c005d000 rw-s 79748000 00:06 15720                      /dev/nvidiactl
7ff1c005d000-7ff1c007d000 rw-s c02a0000 00:06 16655                      /dev/nvidia0
7ff1c007d000-7ff1c00bd000 rw-s 3bff5c000 00:06 15720                     /dev/nvidiactl
7ff1c00bd000-7ff1c00dd000 rw-s 45d98c000 00:06 15720                     /dev/nvidiactl
7ff1c00dd000-7ff1c011d000 rw-s 3e5a65000 00:06 15720                     /dev/nvidiactl
7ff1c011d000-7ff1c013d000 rw-s 4309f8000 00:06 15720                     /dev/nvidiactl
7ff1c013d000-7ff1c017d000 rw-s 4372ee000 00:06 15720                     /dev/nvidiactl
7ff1c017d000-7ff1c018d000 r-xp 00000000 08:03 5253231                    /usr/lib/libnss_myhostname.so.2
7ff1c018d000-7ff1c018e000 ---p 00010000 08:03 5253231                    /usr/lib/libnss_myhostname.so.2
7ff1c018e000-7ff1c0190000 r--p 00010000 08:03 5253231                    /usr/lib/libnss_myhostname.so.2
7ff1c0190000-7ff1c0191000 rw-p 00012000 08:03 5253231                    /usr/lib/libnss_myhostname.so.2
7ff1c0191000-7ff1c0196000 r-xp 00000000 08:03 5246154                    /usr/lib/libnss_dns-2.23.so
7ff1c0196000-7ff1c0395000 ---p 00005000 08:03 5246154                    /usr/lib/libnss_dns-2.23.so
7ff1c0395000-7ff1c0396000 r--p 00004000 08:03 5246154                    /usr/lib/libnss_dns-2.23.so
7ff1c0396000-7ff1c0397000 rw-p 00005000 08:03 5246154                    /usr/lib/libnss_dns-2.23.so
7ff1c0397000-7ff1c0557000 rw-p 00000000 00:00 0 
7ff1c0557000-7ff1c0597000 ---p 00000000 00:00 0 
7ff1c0597000-7ff1c059a000 ---p 00000000 00:00 0 
7ff1c059a000-7ff1c0698000 rw-p 00000000 00:00 0 
7ff1c0698000-7ff1c0718000 rw-s 3717db000 00:06 15720                     /dev/nvidiactl
7ff1c0718000-7ff1c0798000 rw-s 3690ff000 00:06 15720                     /dev/nvidiactl
7ff1c0798000-7ff1c0818000 rw-s 3daeda000 00:06 15720                     /dev/nvidiactl
7ff1c0818000-7ff1c0918000 rw-s 43087e000 00:06 15720                     /dev/nvidiactl
7ff1c0918000-7ff1c0938000 rw-s c0260000 00:06 16655                      /dev/nvidia0
7ff1c0938000-7ff1c0978000 rw-s 3ed985000 00:06 15720                     /dev/nvidiactl
7ff1c0978000-7ff1c0998000 rw-s 403401000 00:06 15720                     /dev/nvidiactl
7ff1c0998000-7ff1c09d8000 rw-s 3cab3a000 00:06 15720                     /dev/nvidiactl
7ff1c09d8000-7ff1c09f8000 rw-s 40371c000 00:06 15720                     /dev/nvidiactl
7ff1c09f8000-7ff1c0a38000 rw-s 3a8753000 00:06 15720                     /dev/nvidiactl
7ff1c0a38000-7ff1c0b3c000 rw-s 448ce6000 00:06 15720                     /dev/nvidiactl
7ff1c0b3c000-7ff1c0b3f000 r-xp 00000000 08:03 5773637                    /usr/lib/tls/libnvidia-tls.so.367.27
7ff1c0b3f000-7ff1c0d3f000 ---p 00003000 08:03 5773637                    /usr/lib/tls/libnvidia-tls.so.367.27
7ff1c0d3f000-7ff1c0d40000 rw-p 00003000 08:03 5773637                    /usr/lib/tls/libnvidia-tls.so.367.27
7ff1c0d40000-7ff1c0e08000 r-xp 00000000 08:03 5268220                    /usr/lib/libGLX_nvidia.so.367.27
7ff1c0e08000-7ff1c0e3c000 rwxp 000c8000 08:03 5268220                    /usr/lib/libGLX_nvidia.so.367.27
7ff1c0e3c000-7ff1c0e4f000 r-xp 000fc000 08:03 5268220                    /usr/lib/libGLX_nvidia.so.367.27
7ff1c0e4f000-7ff1c104f000 ---p 0010f000 08:03 5268220                    /usr/lib/libGLX_nvidia.so.367.27
7ff1c104f000-7ff1c1077000 rw-p 0010f000 08:03 5268220                    /usr/lib/libGLX_nvidia.so.367.27
7ff1c1077000-7ff1c107e000 rw-p 00000000 00:00 0 
7ff1c107e000-7ff1c1080000 r-xp 00000000 08:03 5269221                    /usr/lib/libXinerama.so.1.0.0
7ff1c1080000-7ff1c127f000 ---p 00002000 08:03 5269221                    /usr/lib/libXinerama.so.1.0.0
7ff1c127f000-7ff1c1280000 r--p 00001000 08:03 5269221                    /usr/lib/libXinerama.so.1.0.0
7ff1c1280000-7ff1c1281000 rw-p 00002000 08:03 5269221                    /usr/lib/libXinerama.so.1.0.0
7ff1c1281000-7ff1c128c000 r-xp 00000000 08:03 5268224                    /usr/lib/libGLESv1_CM_nvidia.so.367.27
7ff1c128c000-7ff1c148b000 ---p 0000b000 08:03 5268224                    /usr/lib/libGLESv1_CM_nvidia.so.367.27
7ff1c148b000-7ff1c148e000 rw-p 0000a000 08:03 5268224                    /usr/lib/libGLESv1_CM_nvidia.so.367.27
7ff1c14a0000-7ff1c14c0000 rw-s 3cb6b5000 00:06 15720                     /dev/nvidiactl
7ff1c14c0000-7ff1c1500000 rw-s 00000000 08:03 3153263                    /home/twittumz/#3153263 (deleted)
7ff1c1500000-7ff1c1540000 r-xs 00000000 08:03 3153263                    /home/twittumz/#3153263 (deleted)
7ff1c1540000-7ff1c15c0000 rw-s 3717d0000 00:06 15720                     /dev/nvidiactl
7ff1c15c0000-7ff1c1640000 rw-s 3dae0d000 00:06 15720                     /dev/nvidiactl
7ff1c1640000-7ff1c16c0000 rw-s 3c9761000 00:06 15720                     /dev/nvidiactl
7ff1c16c0000-7ff1c17c0000 rw-s 3f071c000 00:06 15720                     /dev/nvidiactl
7ff1c17c0000-7ff1c17d3000 rw-s 433337000 00:06 15720                     /dev/nvidiactl
7ff1c17d3000-7ff1c17f3000 rw-s c0220000 00:06 16655                      /dev/nvidia0
7ff1c17f3000-7ff1c1833000 rw-s 3daf6d000 00:06 15720                     /dev/nvidiactl
7ff1c1833000-7ff1c1853000 rw-s 3fc41a000 00:06 15720                     /dev/nvidiactl
7ff1c1853000-7ff1c1893000 rw-s 43d32a000 00:06 15720                     /dev/nvidiactl
7ff1c1893000-7ff1c18a2000 r-xp 00000000 08:03 5268258                    /usr/lib/libGLESv2_nvidia.so.367.27
7ff1c18a2000-7ff1c1aa2000 ---p 0000f000 08:03 5268258                    /usr/lib/libGLESv2_nvidia.so.367.27
7ff1c1aa2000-7ff1c1aa6000 rw-p 0000f000 08:03 5268258                    /usr/lib/libGLESv2_nvidia.so.367.27
7ff1c1aa6000-7ff1c1baa000 rw-s 448ce6000 00:06 15720                     /dev/nvidiactl
7ff1c1baa000-7ff1c1bb8000 r-xp 00000000 08:03 5264554                    /usr/lib/libdrm.so.2.4.0
7ff1c1bb8000-7ff1c1db7000 ---p 0000e000 08:03 5264554                    /usr/lib/libdrm.so.2.4.0
7ff1c1db7000-7ff1c1db8000 r--p 0000d000 08:03 5264554                    /usr/lib/libdrm.so.2.4.0
7ff1c1db8000-7ff1c1db9000 rw-p 0000e000 08:03 5264554                    /usr/lib/libdrm.so.2.4.0
7ff1c1db9000-7ff1c1e15000 r-xp 00000000 00:23 172167                     /tmp/jogamp_0000/file_cache/jln3839457419816404336/jln3162316815817284040/natives/linux-amd64/libjogl_mobile.so
7ff1c1e15000-7ff1c2015000 ---p 0005c000 00:23 172167                     /tmp/jogamp_0000/file_cache/jln3839457419816404336/jln3162316815817284040/natives/linux-amd64/libjogl_mobile.so
7ff1c2015000-7ff1c2016000 rw-p 0005c000 00:23 172167                     /tmp/jogamp_0000/file_cache/jln3839457419816404336/jln3162316815817284040/natives/linux-amd64/libjogl_mobile.so
7ff1c2016000-7ff1c2088000 r-xp 00000000 08:03 5268234                    /usr/lib/libnvidia-glsi.so.367.27
7ff1c2088000-7ff1c2287000 ---p 00072000 08:03 5268234                    /usr/lib/libnvidia-glsi.so.367.27
7ff1c2287000-7ff1c2290000 rw-p 00071000 08:03 5268234                    /usr/lib/libnvidia-glsi.so.367.27
7ff1c2290000-7ff1c229f000 rw-p 00000000 00:00 0 
7ff1c229f000-7ff1c236a000 r-xp 00000000 08:03 5268259                    /usr/lib/libEGL_nvidia.so.367.27
7ff1c236a000-7ff1c2569000 ---p 000cb000 08:03 5268259                    /usr/lib/libEGL_nvidia.so.367.27
7ff1c2569000-7ff1c2594000 rw-p 000ca000 08:03 5268259                    /usr/lib/libEGL_nvidia.so.367.27
7ff1c2594000-7ff1c25a8000 rw-p 00000000 00:00 0 
7ff1c25a8000-7ff1c25ac000 r-xp 00000000 08:03 5773639                    /usr/lib/nvidia/libEGL.so.1
7ff1c25ac000-7ff1c27ab000 ---p 00004000 08:03 5773639                    /usr/lib/nvidia/libEGL.so.1
7ff1c27ab000-7ff1c27ac000 rw-p 00003000 08:03 5773639                    /usr/lib/nvidia/libEGL.so.1
7ff1c27ac000-7ff1c27b1000 r-xp 00000000 08:03 5773617                    /usr/lib/nvidia/libGLESv2.so.2.0.0
7ff1c27b1000-7ff1c27b3000 r-xp 00005000 08:03 5773617                    /usr/lib/nvidia/libGLESv2.so.2.0.0
7ff1c27b3000-7ff1c27b7000 r-xp 00007000 08:03 5773617                    /usr/lib/nvidia/libGLESv2.so.2.0.0
7ff1c27b7000-7ff1c29b6000 ---p 0000b000 08:03 5773617                    /usr/lib/nvidia/libGLESv2.so.2.0.0
7ff1c29b6000-7ff1c29b7000 r--p 0000a000 08:03 5773617                    /usr/lib/nvidia/libGLESv2.so.2.0.0
7ff1c29b7000-7ff1c29b8000 rw-p 0000b000 08:03 5773617                    /usr/lib/nvidia/libGLESv2.so.2.0.0
7ff1c29b8000-7ff1c2a70000 r-xp 00000000 00:23 172166                     /tmp/jogamp_0000/file_cache/jln3839457419816404336/jln3162316815817284040/natives/linux-amd64/libjogl_desktop.so
7ff1c2a70000-7ff1c2c70000 ---p 000b8000 00:23 172166                     /tmp/jogamp_0000/file_cache/jln3839457419816404336/jln3162316815817284040/natives/linux-amd64/libjogl_desktop.so
7ff1c2c70000-7ff1c2c71000 rw-p 000b8000 00:23 172166                     /tmp/jogamp_0000/file_cache/jln3839457419816404336/jln3162316815817284040/natives/linux-amd64/libjogl_desktop.so
7ff1c2c71000-7ff1c2cc4000 r-xp 00000000 08:03 5268203                    /usr/lib/libGLdispatch.so.0.0.0
7ff1c2cc4000-7ff1c2cdd000 r-xp 00053000 08:03 5268203                    /usr/lib/libGLdispatch.so.0.0.0
7ff1c2cdd000-7ff1c2d18000 r-xp 0006c000 08:03 5268203                    /usr/lib/libGLdispatch.so.0.0.0
7ff1c2d18000-7ff1c2f17000 ---p 000a7000 08:03 5268203                    /usr/lib/libGLdispatch.so.0.0.0
7ff1c2f17000-7ff1c2f26000 r--p 000a6000 08:03 5268203                    /usr/lib/libGLdispatch.so.0.0.0
7ff1c2f26000-7ff1c2f27000 rw-p 000b5000 08:03 5268203                    /usr/lib/libGLdispatch.so.0.0.0
7ff1c2f27000-7ff1c2f47000 rw-p 00000000 00:00 0 
7ff1c2f47000-7ff1c2f57000 r-xp 00000000 08:03 5268199                    /usr/lib/libGLX.so.0.0.0
7ff1c2f57000-7ff1c3157000 ---p 00010000 08:03 5268199                    /usr/lib/libGLX.so.0.0.0
7ff1c3157000-7ff1c3158000 r--p 00010000 08:03 5268199                    /usr/lib/libGLX.so.0.0.0
7ff1c3158000-7ff1c3159000 rw-p 00011000 08:03 5268199                    /usr/lib/libGLX.so.0.0.0
7ff1c3159000-7ff1c3179000 rw-p 00000000 00:00 0 
7ff1c3179000-7ff1c31a9000 r-xp 00000000 08:03 5773620                    /usr/lib/nvidia/libGL.so.1.0.0
7ff1c31a9000-7ff1c31c2000 r-xp 00030000 08:03 5773620                    /usr/lib/nvidia/libGL.so.1.0.0
7ff1c31c2000-7ff1c31ed000 r-xp 00049000 08:03 5773620                    /usr/lib/nvidia/libGL.so.1.0.0
7ff1c31ed000-7ff1c33ed000 ---p 00074000 08:03 5773620                    /usr/lib/nvidia/libGL.so.1.0.0
7ff1c33ed000-7ff1c33ee000 r--p 00074000 08:03 5773620                    /usr/lib/nvidia/libGL.so.1.0.0
7ff1c33ee000-7ff1c33ef000 rw-p 00075000 08:03 5773620                    /usr/lib/nvidia/libGL.so.1.0.0
7ff1c33ef000-7ff1c35f0000 rw-p 00000000 00:00 0 
7ff1c35f0000-7ff1c37f0000 rw-p 00000000 00:00 0 
7ff1c37f0000-7ff1c37f7000 r-xp 00000000 00:23 172169                     /tmp/jogamp_0000/file_cache/jln3839457419816404336/jln3162316815817284040/natives/linux-amd64/libnativewindow_x11.so
7ff1c37f7000-7ff1c39f6000 ---p 00007000 00:23 172169                     /tmp/jogamp_0000/file_cache/jln3839457419816404336/jln3162316815817284040/natives/linux-amd64/libnativewindow_x11.so
7ff1c39f6000-7ff1c39f7000 rw-p 00006000 00:23 172169                     /tmp/jogamp_0000/file_cache/jln3839457419816404336/jln3162316815817284040/natives/linux-amd64/libnativewindow_x11.so
7ff1c39f7000-7ff1c39fc000 r-xp 00000000 08:03 5268760                    /usr/lib/libXxf86vm.so.1.0.0
7ff1c39fc000-7ff1c3bfb000 ---p 00005000 08:03 5268760                    /usr/lib/libXxf86vm.so.1.0.0
7ff1c3bfb000-7ff1c3bfc000 r--p 00004000 08:03 5268760                    /usr/lib/libXxf86vm.so.1.0.0
7ff1c3bfc000-7ff1c3bfd000 rw-p 00005000 08:03 5268760                    /usr/lib/libXxf86vm.so.1.0.0
7ff1c3bfd000-7ff1c3bff000 r-xp 00000000 00:23 172168                     /tmp/jogamp_0000/file_cache/jln3839457419816404336/jln3162316815817284040/natives/linux-amd64/libnativewindow_awt.so
7ff1c3bff000-7ff1c3dfe000 ---p 00002000 00:23 172168                     /tmp/jogamp_0000/file_cache/jln3839457419816404336/jln3162316815817284040/natives/linux-amd64/libnativewindow_awt.so
7ff1c3dfe000-7ff1c3dff000 rw-p 00001000 00:23 172168                     /tmp/jogamp_0000/file_cache/jln3839457419816404336/jln3162316815817284040/natives/linux-amd64/libnativewindow_awt.so
7ff1c3dff000-7ff1c3e00000 r-xp 00000000 08:03 5905448                    /usr/lib/jvm/java-8-openjdk/jre/lib/amd64/libjawt.so
7ff1c3e00000-7ff1c3fff000 ---p 00001000 08:03 5905448                    /usr/lib/jvm/java-8-openjdk/jre/lib/amd64/libjawt.so
7ff1c3fff000-7ff1c4000000 rw-p 00000000 08:03 5905448                    /usr/lib/jvm/java-8-openjdk/jre/lib/amd64/libjawt.so
7ff1c4000000-7ff1c4021000 rw-p 00000000 00:00 0 
7ff1c4021000-7ff1c8000000 ---p 00000000 00:00 0 
7ff1c800b000-7ff1c804b000 rw-s 3d7269000 00:06 15720                     /dev/nvidiactl
7ff1c804b000-7ff1c804e000 ---p 00000000 00:00 0 
7ff1c804e000-7ff1c814c000 rw-p 00000000 00:00 0 
7ff1c814c000-7ff1c814e000 r-xp 00000000 00:23 172165                     /tmp/jogamp_0000/file_cache/jln3839457419816404336/jln3162316815817284040/natives/linux-amd64/libgluegen-rt.so
7ff1c814e000-7ff1c834d000 ---p 00002000 00:23 172165                     /tmp/jogamp_0000/file_cache/jln3839457419816404336/jln3162316815817284040/natives/linux-amd64/libgluegen-rt.so
7ff1c834d000-7ff1c834e000 rw-p 00001000 00:23 172165                     /tmp/jogamp_0000/file_cache/jln3839457419816404336/jln3162316815817284040/natives/linux-amd64/libgluegen-rt.so
7ff1c834e000-7ff1c8351000 ---p 00000000 00:00 0 
7ff1c8351000-7ff1c844f000 rw-p 00000000 00:00 0 
7ff1c844f000-7ff1c8460000 r-xp 00000000 08:03 5905443                    /usr/lib/jvm/java-8-openjdk/jre/lib/amd64/libnio.so
7ff1c8460000-7ff1c865f000 ---p 00011000 08:03 5905443                    /usr/lib/jvm/java-8-openjdk/jre/lib/amd64/libnio.so
7ff1c865f000-7ff1c8660000 rw-p 00010000 08:03 5905443                    /usr/lib/jvm/java-8-openjdk/jre/lib/amd64/libnio.so
7ff1c8660000-7ff1c8676000 r-xp 00000000 08:03 5905432                    /usr/lib/jvm/java-8-openjdk/jre/lib/amd64/libnet.so
7ff1c8676000-7ff1c8876000 ---p 00016000 08:03 5905432                    /usr/lib/jvm/java-8-openjdk/jre/lib/amd64/libnet.so
7ff1c8876000-7ff1c8877000 rw-p 00016000 08:03 5905432                    /usr/lib/jvm/java-8-openjdk/jre/lib/amd64/libnet.so
7ff1c8877000-7ff1c8a77000 rw-p 00000000 00:00 0 
7ff1c8a77000-7ff1c8a7a000 ---p 00000000 00:00 0 
7ff1c8a7a000-7ff1c8b78000 rw-p 00000000 00:00 0 
7ff1c8b78000-7ff1c8b7b000 ---p 00000000 00:00 0 
7ff1c8b7b000-7ff1c8c79000 rw-p 00000000 00:00 0 
7ff1c8c79000-7ff1c8c7c000 ---p 00000000 00:00 0 
7ff1c8c7c000-7ff1c8d7a000 rw-p 00000000 00:00 0 
7ff1c8d7a000-7ff1c8d7d000 ---p 00000000 00:00 0 
7ff1c8d7d000-7ff1c8e7b000 rw-p 00000000 00:00 0 
7ff1c8e7b000-7ff1c8e80000 r-xp 00000000 08:03 5268766                    /usr/lib/libXfixes.so.3.1.0
7ff1c8e80000-7ff1c907f000 ---p 00005000 08:03 5268766                    /usr/lib/libXfixes.so.3.1.0
7ff1c907f000-7ff1c9080000 r--p 00004000 08:03 5268766                    /usr/lib/libXfixes.so.3.1.0
7ff1c9080000-7ff1c9081000 rw-p 00005000 08:03 5268766                    /usr/lib/libXfixes.so.3.1.0
7ff1c9081000-7ff1c908b000 r-xp 00000000 08:03 5269218                    /usr/lib/libXcursor.so.1.0.2
7ff1c908b000-7ff1c928a000 ---p 0000a000 08:03 5269218                    /usr/lib/libXcursor.so.1.0.2
7ff1c928a000-7ff1c928b000 r--p 00009000 08:03 5269218                    /usr/lib/libXcursor.so.1.0.2
7ff1c928b000-7ff1c928c000 rw-p 0000a000 08:03 5269218                    /usr/lib/libXcursor.so.1.0.2
7ff1c928c000-7ff1c928f000 ---p 00000000 00:00 0 
7ff1c928f000-7ff1c938d000 rw-p 00000000 00:00 0 
7ff1c938d000-7ff1c93ff000 r-xp 00000000 08:03 5254181                    /usr/lib/libpcre.so.1.2.7
7ff1c93ff000-7ff1c95fe000 ---p 00072000 08:03 5254181                    /usr/lib/libpcre.so.1.2.7
7ff1c95fe000-7ff1c95ff000 r--p 00071000 08:03 5254181                    /usr/lib/libpcre.so.1.2.7
7ff1c95ff000-7ff1c9600000 rw-p 00072000 08:03 5254181                    /usr/lib/libpcre.so.1.2.7
7ff1c9600000-7ff1c962a000 r-xp 00000000 08:03 5264449                    /usr/lib/libgraphite2.so.3.0.1
7ff1c962a000-7ff1c9829000 ---p 0002a000 08:03 5264449                    /usr/lib/libgraphite2.so.3.0.1
7ff1c9829000-7ff1c982b000 r--p 00029000 08:03 5264449                    /usr/lib/libgraphite2.so.3.0.1
7ff1c982b000-7ff1c982c000 rw-p 0002b000 08:03 5264449                    /usr/lib/libgraphite2.so.3.0.1
7ff1c982c000-7ff1c9939000 r-xp 00000000 08:03 5256081                    /usr/lib/libglib-2.0.so.0.4800.1
7ff1c9939000-7ff1c9b38000 ---p 0010d000 08:03 5256081                    /usr/lib/libglib-2.0.so.0.4800.1
7ff1c9b38000-7ff1c9b39000 r--p 0010c000 08:03 5256081                    /usr/lib/libglib-2.0.so.0.4800.1
7ff1c9b39000-7ff1c9b3a000 rw-p 0010d000 08:03 5256081                    /usr/lib/libglib-2.0.so.0.4800.1
7ff1c9b3a000-7ff1c9b3b000 rw-p 00000000 00:00 0 
7ff1c9b3b000-7ff1c9bb5000 r-xp 00000000 08:03 5264460                    /usr/lib/libharfbuzz.so.0.10200.7
7ff1c9bb5000-7ff1c9db5000 ---p 0007a000 08:03 5264460                    /usr/lib/libharfbuzz.so.0.10200.7
7ff1c9db5000-7ff1c9db6000 r--p 0007a000 08:03 5264460                    /usr/lib/libharfbuzz.so.0.10200.7
7ff1c9db6000-7ff1c9db7000 rw-p 0007b000 08:03 5264460                    /usr/lib/libharfbuzz.so.0.10200.7
7ff1c9db7000-7ff1c9deb000 r-xp 00000000 08:03 5264433                    /usr/lib/libpng16.so.16.23.0
7ff1c9deb000-7ff1c9feb000 ---p 00034000 08:03 5264433                    /usr/lib/libpng16.so.16.23.0
7ff1c9feb000-7ff1c9fec000 r--p 00034000 08:03 5264433                    /usr/lib/libpng16.so.16.23.0
7ff1c9fec000-7ff1c9fed000 rw-p 00035000 08:03 5264433                    /usr/lib/libpng16.so.16.23.0
7ff1c9fed000-7ff1c9ffc000 r-xp 00000000 08:03 5249251                    /usr/lib/libbz2.so.1.0.6
7ff1c9ffc000-7ff1ca1fb000 ---p 0000f000 08:03 5249251                    /usr/lib/libbz2.so.1.0.6
7ff1ca1fb000-7ff1ca1fd000 rw-p 0000e000 08:03 5249251                    /usr/lib/libbz2.so.1.0.6
7ff1ca1fd000-7ff1ca213000 r-xp 00000000 08:03 5246433                    /usr/lib/libgcc_s.so.1
7ff1ca213000-7ff1ca412000 ---p 00016000 08:03 5246433                    /usr/lib/libgcc_s.so.1
7ff1ca412000-7ff1ca413000 rw-p 00015000 08:03 5246433                    /usr/lib/libgcc_s.so.1
7ff1ca413000-7ff1ca4c9000 r-xp 00000000 08:03 5264483                    /usr/lib/libfreetype.so.6.12.5
7ff1ca4c9000-7ff1ca6c8000 ---p 000b6000 08:03 5264483                    /usr/lib/libfreetype.so.6.12.5
7ff1ca6c8000-7ff1ca6ce000 r--p 000b5000 08:03 5264483                    /usr/lib/libfreetype.so.6.12.5
7ff1ca6ce000-7ff1ca6cf000 rw-p 000bb000 08:03 5264483                    /usr/lib/libfreetype.so.6.12.5
7ff1ca6cf000-7ff1ca730000 r-xp 00000000 08:03 5905449                    /usr/lib/jvm/java-8-openjdk/jre/lib/amd64/libfontmanager.so
7ff1ca730000-7ff1ca930000 ---p 00061000 08:03 5905449                    /usr/lib/jvm/java-8-openjdk/jre/lib/amd64/libfontmanager.so
7ff1ca930000-7ff1ca934000 rw-p 00061000 08:03 5905449                    /usr/lib/jvm/java-8-openjdk/jre/lib/amd64/libfontmanager.so
7ff1ca934000-7ff1ca939000 r-xp 00000000 08:03 5264426                    /usr/lib/libXdmcp.so.6.0.0
7ff1ca939000-7ff1cab38000 ---p 00005000 08:03 5264426                    /usr/lib/libXdmcp.so.6.0.0
7ff1cab38000-7ff1cab39000 r--p 00004000 08:03 5264426                    /usr/lib/libXdmcp.so.6.0.0
7ff1cab39000-7ff1cab3a000 rw-p 00005000 08:03 5264426                    /usr/lib/libXdmcp.so.6.0.0
7ff1cab3a000-7ff1cab3c000 r-xp 00000000 08:03 5264569                    /usr/lib/libXau.so.6.0.0
7ff1cab3c000-7ff1cad3c000 ---p 00002000 08:03 5264569                    /usr/lib/libXau.so.6.0.0
7ff1cad3c000-7ff1cad3d000 r--p 00002000 08:03 5264569                    /usr/lib/libXau.so.6.0.0
7ff1cad3d000-7ff1cad3e000 rw-p 00003000 08:03 5264569                    /usr/lib/libXau.so.6.0.0
7ff1cad3e000-7ff1cad66000 r-xp 00000000 08:03 5264668                    /usr/lib/libxcb.so.1.1.0
7ff1cad66000-7ff1caf65000 ---p 00028000 08:03 5264668                    /usr/lib/libxcb.so.1.1.0
7ff1caf65000-7ff1caf66000 r--p 00027000 08:03 5264668                    /usr/lib/libxcb.so.1.1.0
7ff1caf66000-7ff1caf67000 rw-p 00028000 08:03 5264668                    /usr/lib/libxcb.so.1.1.0
7ff1caf67000-7ff1caf76000 r-xp 00000000 08:03 5269325                    /usr/lib/libXi.so.6.1.0
7ff1caf76000-7ff1cb175000 ---p 0000f000 08:03 5269325                    /usr/lib/libXi.so.6.1.0
7ff1cb175000-7ff1cb176000 r--p 0000e000 08:03 5269325                    /usr/lib/libXi.so.6.1.0
7ff1cb176000-7ff1cb177000 rw-p 0000f000 08:03 5269325                    /usr/lib/libXi.so.6.1.0
7ff1cb177000-7ff1cb17c000 r-xp 00000000 08:03 5269506                    /usr/lib/libXtst.so.6.1.0
7ff1cb17c000-7ff1cb37b000 ---p 00005000 08:03 5269506                    /usr/lib/libXtst.so.6.1.0
7ff1cb37b000-7ff1cb37c000 r--p 00004000 08:03 5269506                    /usr/lib/libXtst.so.6.1.0
7ff1cb37c000-7ff1cb37d000 rw-p 00005000 08:03 5269506                    /usr/lib/libXtst.so.6.1.0
7ff1cb37d000-7ff1cb386000 r-xp 00000000 08:03 5268501                    /usr/lib/libXrender.so.1.3.0
7ff1cb386000-7ff1cb585000 ---p 00009000 08:03 5268501                    /usr/lib/libXrender.so.1.3.0
7ff1cb585000-7ff1cb586000 r--p 00008000 08:03 5268501                    /usr/lib/libXrender.so.1.3.0
7ff1cb586000-7ff1cb587000 rw-p 00009000 08:03 5268501                    /usr/lib/libXrender.so.1.3.0
7ff1cb587000-7ff1cb6c2000 r-xp 00000000 08:03 5266962                    /usr/lib/libX11.so.6.3.0
7ff1cb6c2000-7ff1cb8c1000 ---p 0013b000 08:03 5266962                    /usr/lib/libX11.so.6.3.0
7ff1cb8c1000-7ff1cb8c3000 r--p 0013a000 08:03 5266962                    /usr/lib/libX11.so.6.3.0
7ff1cb8c3000-7ff1cb8c8000 rw-p 0013c000 08:03 5266962                    /usr/lib/libX11.so.6.3.0
7ff1cb8c8000-7ff1cb8c9000 rw-p 00000000 00:00 0 
7ff1cb8c9000-7ff1cb8da000 r-xp 00000000 08:03 5268193                    /usr/lib/libXext.so.6.4.0
7ff1cb8da000-7ff1cbad9000 ---p 00011000 08:03 5268193                    /usr/lib/libXext.so.6.4.0
7ff1cbad9000-7ff1cbada000 r--p 00010000 08:03 5268193                    /usr/lib/libXext.so.6.4.0
7ff1cbada000-7ff1cbadb000 rw-p 00011000 08:03 5268193                    /usr/lib/libXext.so.6.4.0
7ff1cbadb000-7ff1cbb2e000 r-xp 00000000 08:03 5905447                    /usr/lib/jvm/java-8-openjdk/jre/lib/amd64/libawt_xawt.so
7ff1cbb2e000-7ff1cbd2e000 ---p 00053000 08:03 5905447                    /usr/lib/jvm/java-8-openjdk/jre/lib/amd64/libawt_xawt.so
7ff1cbd2e000-7ff1cbd31000 rw-p 00053000 08:03 5905447                    /usr/lib/jvm/java-8-openjdk/jre/lib/amd64/libawt_xawt.so
7ff1cbd31000-7ff1cbd32000 rw-p 00000000 00:00 0 
7ff1cbd32000-7ff1cbdd0000 r-xp 00000000 08:03 5905442                    /usr/lib/jvm/java-8-openjdk/jre/lib/amd64/libawt.so
7ff1cbdd0000-7ff1cbfd0000 ---p 0009e000 08:03 5905442                    /usr/lib/jvm/java-8-openjdk/jre/lib/amd64/libawt.so
7ff1cbfd0000-7ff1cbfdc000 rw-p 0009e000 08:03 5905442                    /usr/lib/jvm/java-8-openjdk/jre/lib/amd64/libawt.so
7ff1cbfdc000-7ff1cc000000 rw-p 00000000 00:00 0 
7ff1cc000000-7ff1cc021000 rw-p 00000000 00:00 0 
7ff1cc021000-7ff1d0000000 ---p 00000000 00:00 0 
7ff1d000d000-7ff1d000e000 rw-s 6fec7000 00:06 15720                      /dev/nvidiactl
7ff1d000e000-7ff1d000f000 rw-s cfd66000 00:06 16655                      /dev/nvidia0
7ff1d000f000-7ff1d0010000 rw-s cfd65000 00:06 16655                      /dev/nvidia0
7ff1d0010000-7ff1d0011000 rw-s cfd65000 00:06 16655                      /dev/nvidia0
7ff1d0011000-7ff1d0015000 rw-s 3dadde000 00:06 15720                     /dev/nvidiactl
7ff1d0015000-7ff1d0035000 rw-s 3e5baa000 00:06 15720                     /dev/nvidiactl
7ff1d0035000-7ff1d0036000 rw-s 3f0925000 00:06 15720                     /dev/nvidiactl
7ff1d0036000-7ff1d0038000 rw-s 00000000 00:23 162748                     /tmp/.glmHi0F6 (deleted)
7ff1d0038000-7ff1d004b000 rw-s 44aa13000 00:06 15720                     /dev/nvidiactl
7ff1d004b000-7ff1d004c000 rw-s 44aa12000 00:06 15720                     /dev/nvidiactl
7ff1d004c000-7ff1d0050000 rw-s 3f08e9000 00:06 15720                     /dev/nvidiactl
7ff1d0050000-7ff1d0051000 rw-s cfd65000 00:06 16655                      /dev/nvidia0
7ff1d0051000-7ff1d0052000 rw-s cfd65000 00:06 16655                      /dev/nvidia0
7ff1d0052000-7ff1d0053000 rw-s cfd65000 00:06 16655                      /dev/nvidia0
7ff1d0053000-7ff1d0054000 rw-s 3f077d000 00:06 15720                     /dev/nvidiactl
7ff1d0054000-7ff1d0055000 rw-s de060000 00:06 16655                      /dev/nvidia0
7ff1d0055000-7ff1d0065000 rw-s 00000000 08:03 3153262                    /home/twittumz/#3153262 (deleted)
7ff1d0065000-7ff1d0075000 r-xs 00000000 08:03 3153262                    /home/twittumz/#3153262 (deleted)
7ff1d0075000-7ff1d00a6000 rw-p 00000000 00:00 0 
7ff1d00a6000-7ff1d00a9000 ---p 00000000 00:00 0 
7ff1d00a9000-7ff1d00df000 rw-p 00000000 00:00 0 
7ff1d00df000-7ff1d0103000 r--s 0031e000 08:03 3279997                    /home/twittumz/Desktop/git/2DMapEditor/libs/jogl/jar/jogl-all.jar
7ff1d0103000-7ff1d0104000 ---p 00000000 00:00 0 
7ff1d0104000-7ff1d0204000 rw-p 00000000 00:00 0 
7ff1d0204000-7ff1d0207000 ---p 00000000 00:00 0 
7ff1d0207000-7ff1d0305000 rw-p 00000000 00:00 0 
7ff1d0305000-7ff1d0308000 ---p 00000000 00:00 0 
7ff1d0308000-7ff1d0406000 rw-p 00000000 00:00 0 
7ff1d0406000-7ff1d0409000 ---p 00000000 00:00 0 
7ff1d0409000-7ff1d0507000 rw-p 00000000 00:00 0 
7ff1d0507000-7ff1d050a000 ---p 00000000 00:00 0 
7ff1d050a000-7ff1d0608000 rw-p 00000000 00:00 0 
7ff1d0608000-7ff1d060b000 ---p 00000000 00:00 0 
7ff1d060b000-7ff1d0709000 rw-p 00000000 00:00 0 
7ff1d0709000-7ff1d070c000 ---p 00000000 00:00 0 
7ff1d070c000-7ff1d080a000 rw-p 00000000 00:00 0 
7ff1d080a000-7ff1d09a2000 r--p 00000000 08:03 5281274                    /usr/lib/locale/locale-archive
7ff1d09a2000-7ff1d09a5000 ---p 00000000 00:00 0 
7ff1d09a5000-7ff1d0aa3000 rw-p 00000000 00:00 0 
7ff1d0aa3000-7ff1d0aa6000 ---p 00000000 00:00 0 
7ff1d0aa6000-7ff1d0ba4000 rw-p 00000000 00:00 0 
7ff1d0ba4000-7ff1d0ba5000 ---p 00000000 00:00 0 
7ff1d0ba5000-7ff1d28e9000 rw-p 00000000 00:00 0 
7ff1d28e9000-7ff1d2ab6000 r--s 03bec000 08:03 5905403                    /usr/lib/jvm/java-8-openjdk/jre/lib/rt.jar
7ff1d2ab6000-7ff1d3af8000 rw-p 00000000 00:00 0 
7ff1d3af8000-7ff1d3af9000 ---p 00000000 00:00 0 
7ff1d3af9000-7ff1d3bf9000 rw-p 00000000 00:00 0 
7ff1d3bf9000-7ff1d3bfa000 ---p 00000000 00:00 0 
7ff1d3bfa000-7ff1d3cfa000 rw-p 00000000 00:00 0 
7ff1d3cfa000-7ff1d3cfb000 ---p 00000000 00:00 0 
7ff1d3cfb000-7ff1d3dfb000 rw-p 00000000 00:00 0 
7ff1d3dfb000-7ff1d3dfc000 ---p 00000000 00:00 0 
7ff1d3dfc000-7ff1d3efc000 rw-p 00000000 00:00 0 
7ff1d3efc000-7ff1d3efd000 ---p 00000000 00:00 0 
7ff1d3efd000-7ff1d3ffd000 rw-p 00000000 00:00 0 
7ff1d3ffd000-7ff1d3ffe000 ---p 00000000 00:00 0 
7ff1d3ffe000-7ff1d40fe000 rw-p 00000000 00:00 0 
7ff1d40fe000-7ff1d40ff000 ---p 00000000 00:00 0 
7ff1d40ff000-7ff1d41ff000 rw-p 00000000 00:00 0 
7ff1d41ff000-7ff1d4200000 ---p 00000000 00:00 0 
7ff1d4200000-7ff1d4354000 rw-p 00000000 00:00 0 
7ff1d4354000-7ff1d4833000 ---p 00000000 00:00 0 
7ff1d4833000-7ff1d4887000 rw-p 00000000 00:00 0 
7ff1d4887000-7ff1d4d65000 ---p 00000000 00:00 0 
7ff1d4d65000-7ff1d4d90000 rw-p 00000000 00:00 0 
7ff1d4d90000-7ff1d4fff000 ---p 00000000 00:00 0 
7ff1d4fff000-7ff1d5000000 rw-p 00000000 00:00 0 
7ff1d5000000-7ff1d5380000 rwxp 00000000 00:00 0 
7ff1d5380000-7ff1e4000000 ---p 00000000 00:00 0 
7ff1e4000000-7ff1e4aca000 rw-p 00000000 00:00 0 
7ff1e4aca000-7ff1e8000000 ---p 00000000 00:00 0 
7ff1e8000000-7ff1e8001000 rw-s 40809c000 00:06 15720                     /dev/nvidiactl
7ff1e8001000-7ff1e8002000 rw-s cfd65000 00:06 16655                      /dev/nvidia0
7ff1e8002000-7ff1e8003000 rw-s cfd65000 00:06 16655                      /dev/nvidia0
7ff1e8003000-7ff1e8004000 rw-s cfd65000 00:06 16655                      /dev/nvidia0
7ff1e8004000-7ff1e8005000 rw-s 3cb746000 00:06 15720                     /dev/nvidiactl
7ff1e8005000-7ff1e8007000 r--s 00000000 08:03 3279886                    /home/twittumz/Desktop/git/2DMapEditor/libs/jogl/jar/gluegen-rt-natives-linux-amd64.jar
7ff1e8007000-7ff1e8062000 rw-p 00000000 00:00 0 
7ff1e8062000-7ff1e8414000 ---p 00000000 00:00 0 
7ff1e8414000-7ff1e841c000 r-xp 00000000 08:03 5905430                    /usr/lib/jvm/java-8-openjdk/jre/lib/amd64/libzip.so
7ff1e841c000-7ff1e861b000 ---p 00008000 08:03 5905430                    /usr/lib/jvm/java-8-openjdk/jre/lib/amd64/libzip.so
7ff1e861b000-7ff1e861c000 rw-p 00007000 08:03 5905430                    /usr/lib/jvm/java-8-openjdk/jre/lib/amd64/libzip.so
7ff1e861c000-7ff1e8627000 r-xp 00000000 08:03 5246155                    /usr/lib/libnss_files-2.23.so
7ff1e8627000-7ff1e8826000 ---p 0000b000 08:03 5246155                    /usr/lib/libnss_files-2.23.so
7ff1e8826000-7ff1e8827000 r--p 0000a000 08:03 5246155                    /usr/lib/libnss_files-2.23.so
7ff1e8827000-7ff1e8828000 rw-p 0000b000 08:03 5246155                    /usr/lib/libnss_files-2.23.so
7ff1e8828000-7ff1e882e000 rw-p 00000000 00:00 0 
7ff1e882e000-7ff1e885a000 r-xp 00000000 08:03 5905429                    /usr/lib/jvm/java-8-openjdk/jre/lib/amd64/libjava.so
7ff1e885a000-7ff1e8a5a000 ---p 0002c000 08:03 5905429                    /usr/lib/jvm/java-8-openjdk/jre/lib/amd64/libjava.so
7ff1e8a5a000-7ff1e8a5c000 rw-p 0002c000 08:03 5905429                    /usr/lib/jvm/java-8-openjdk/jre/lib/amd64/libjava.so
7ff1e8a5c000-7ff1e8a69000 r-xp 00000000 08:03 5905422                    /usr/lib/jvm/java-8-openjdk/jre/lib/amd64/libverify.so
7ff1e8a69000-7ff1e8c68000 ---p 0000d000 08:03 5905422                    /usr/lib/jvm/java-8-openjdk/jre/lib/amd64/libverify.so
7ff1e8c68000-7ff1e8c6a000 rw-p 0000c000 08:03 5905422                    /usr/lib/jvm/java-8-openjdk/jre/lib/amd64/libverify.so
7ff1e8c6a000-7ff1e8c71000 r-xp 00000000 08:03 5246163                    /usr/lib/librt-2.23.so
7ff1e8c71000-7ff1e8e70000 ---p 00007000 08:03 5246163                    /usr/lib/librt-2.23.so
7ff1e8e70000-7ff1e8e71000 r--p 00006000 08:03 5246163                    /usr/lib/librt-2.23.so
7ff1e8e71000-7ff1e8e72000 rw-p 00007000 08:03 5246163                    /usr/lib/librt-2.23.so
7ff1e8e72000-7ff1e8f75000 r-xp 00000000 08:03 5246160                    /usr/lib/libm-2.23.so
7ff1e8f75000-7ff1e9174000 ---p 00103000 08:03 5246160                    /usr/lib/libm-2.23.so
7ff1e9174000-7ff1e9175000 r--p 00102000 08:03 5246160                    /usr/lib/libm-2.23.so
7ff1e9175000-7ff1e9176000 rw-p 00103000 08:03 5246160                    /usr/lib/libm-2.23.so
7ff1e9176000-7ff1e9dcb000 r-xp 00000000 08:03 6170591                    /usr/lib/jvm/java-8-openjdk/jre/lib/amd64/server/libjvm.so
7ff1e9dcb000-7ff1e9fcb000 ---p 00c55000 08:03 6170591                    /usr/lib/jvm/java-8-openjdk/jre/lib/amd64/server/libjvm.so
7ff1e9fcb000-7ff1ea087000 rw-p 00c55000 08:03 6170591                    /usr/lib/jvm/java-8-openjdk/jre/lib/amd64/server/libjvm.so
7ff1ea087000-7ff1ea0b7000 rw-p 00000000 00:00 0 
7ff1ea0b7000-7ff1ea24e000 r-xp 00000000 08:03 5246102                    /usr/lib/libc-2.23.so
7ff1ea24e000-7ff1ea44e000 ---p 00197000 08:03 5246102                    /usr/lib/libc-2.23.so
7ff1ea44e000-7ff1ea452000 r--p 00197000 08:03 5246102                    /usr/lib/libc-2.23.so
7ff1ea452000-7ff1ea454000 rw-p 0019b000 08:03 5246102                    /usr/lib/libc-2.23.so
7ff1ea454000-7ff1ea458000 rw-p 00000000 00:00 0 
7ff1ea458000-7ff1ea45a000 r-xp 00000000 08:03 5246159                    /usr/lib/libdl-2.23.so
7ff1ea45a000-7ff1ea65a000 ---p 00002000 08:03 5246159                    /usr/lib/libdl-2.23.so
7ff1ea65a000-7ff1ea65b000 r--p 00002000 08:03 5246159                    /usr/lib/libdl-2.23.so
7ff1ea65b000-7ff1ea65c000 rw-p 00003000 08:03 5246159                    /usr/lib/libdl-2.23.so
7ff1ea65c000-7ff1ea669000 r-xp 00000000 08:03 6170588                    /usr/lib/jvm/java-8-openjdk/jre/lib/amd64/jli/libjli.so
7ff1ea669000-7ff1ea868000 ---p 0000d000 08:03 6170588                    /usr/lib/jvm/java-8-openjdk/jre/lib/amd64/jli/libjli.so
7ff1ea868000-7ff1ea869000 rw-p 0000c000 08:03 6170588                    /usr/lib/jvm/java-8-openjdk/jre/lib/amd64/jli/libjli.so
7ff1ea869000-7ff1ea87e000 r-xp 00000000 08:03 5253324                    /usr/lib/libz.so.1.2.8
7ff1ea87e000-7ff1eaa7d000 ---p 00015000 08:03 5253324                    /usr/lib/libz.so.1.2.8
7ff1eaa7d000-7ff1eaa7e000 r--p 00014000 08:03 5253324                    /usr/lib/libz.so.1.2.8
7ff1eaa7e000-7ff1eaa7f000 rw-p 00015000 08:03 5253324                    /usr/lib/libz.so.1.2.8
7ff1eaa7f000-7ff1eaa97000 r-xp 00000000 08:03 5246083                    /usr/lib/libpthread-2.23.so
7ff1eaa97000-7ff1eac96000 ---p 00018000 08:03 5246083                    /usr/lib/libpthread-2.23.so
7ff1eac96000-7ff1eac97000 r--p 00017000 08:03 5246083                    /usr/lib/libpthread-2.23.so
7ff1eac97000-7ff1eac98000 rw-p 00018000 08:03 5246083                    /usr/lib/libpthread-2.23.so
7ff1eac98000-7ff1eac9c000 rw-p 00000000 00:00 0 
7ff1eac9c000-7ff1eacbf000 r-xp 00000000 08:03 5246101                    /usr/lib/ld-2.23.so
7ff1eacbf000-7ff1eacc0000 r--s 00036000 08:03 3279976                    /home/twittumz/Desktop/git/2DMapEditor/libs/jogl/jar/jogl-all-natives-linux-amd64.jar
7ff1eacc0000-7ff1eacc1000 r--p 00000000 00:00 0 
7ff1eacc1000-7ff1eacc5000 r--s 00097000 08:03 5905401                    /usr/lib/jvm/java-8-openjdk/jre/lib/jsse.jar
7ff1eacc5000-7ff1eacd8000 r--s 00345000 08:03 5905402                    /usr/lib/jvm/java-8-openjdk/jre/lib/resources.jar
7ff1eacd8000-7ff1eacde000 r--s 0004f000 08:03 3279895                    /home/twittumz/Desktop/git/2DMapEditor/libs/jogl/jar/gluegen-rt.jar
7ff1eacde000-7ff1ead87000 rw-p 00000000 00:00 0 
7ff1ead87000-7ff1ead8a000 ---p 00000000 00:00 0 
7ff1ead8a000-7ff1eaeb4000 rw-p 00000000 00:00 0 
7ff1eaeb4000-7ff1eaebc000 rw-s 00000000 00:23 167443                     /tmp/hsperfdata_twittumz/25806
7ff1eaebc000-7ff1eaebd000 rw-p 00000000 00:00 0 
7ff1eaebd000-7ff1eaebe000 r--p 00000000 00:00 0 
7ff1eaebe000-7ff1eaebf000 rw-p 00000000 00:00 0 
7ff1eaebf000-7ff1eaec0000 r--p 00023000 08:03 5246101                    /usr/lib/ld-2.23.so
7ff1eaec0000-7ff1eaec1000 rw-p 00024000 08:03 5246101                    /usr/lib/ld-2.23.so
7ff1eaec1000-7ff1eaec2000 rw-p 00000000 00:00 0 
7ffd5611e000-7ffd5613f000 rw-p 00000000 00:00 0                          [stack]
7ffd56161000-7ffd56164000 r--p 00000000 00:00 0                          [vvar]
7ffd56164000-7ffd56166000 r-xp 00000000 00:00 0                          [vdso]
ffffffffff600000-ffffffffff601000 r-xp 00000000 00:00 0                  [vsyscall]

VM Arguments:
jvm_args: -Dfile.encoding=UTF-8 
java_command: Editor.Main
java_class_path (initial): /home/twittumz/Desktop/git/2DMapEditor/2dMapEditor/bin:/home/twittumz/Desktop/git/2DMapEditor/libs/jogl/jar/gluegen-rt.jar:/home/twittumz/Desktop/git/2DMapEditor/libs/jogl/jar/jogl-all.jar
Launcher Type: SUN_STANDARD

Environment Variables:
PATH=/usr/local/sbin:/usr/local/bin:/usr/bin:/usr/lib/jvm/default/bin:/usr/bin/site_perl:/usr/bin/vendor_perl:/usr/bin/core_perl
USERNAME=twittumz
SHELL=/bin/bash
DISPLAY=:1

Signal Handlers:
SIGSEGV: [libjvm.so+0xa5a220], sa_mask[0]=11111111011111111101111111111110, sa_flags=SA_RESTART|SA_SIGINFO
SIGBUS: [libjvm.so+0xa5a220], sa_mask[0]=11111111011111111101111111111110, sa_flags=SA_RESTART|SA_SIGINFO
SIGFPE: [libjvm.so+0x8a5a90], sa_mask[0]=11111111011111111101111111111110, sa_flags=SA_RESTART|SA_SIGINFO
SIGPIPE: [libjvm.so+0x8a5a90], sa_mask[0]=11111111011111111101111111111110, sa_flags=SA_RESTART|SA_SIGINFO
SIGXFSZ: [libjvm.so+0x8a5a90], sa_mask[0]=11111111011111111101111111111110, sa_flags=SA_RESTART|SA_SIGINFO
SIGILL: [libjvm.so+0x8a5a90], sa_mask[0]=11111111011111111101111111111110, sa_flags=SA_RESTART|SA_SIGINFO
SIGUSR1: SIG_DFL, sa_mask[0]=00000000000000000000000000000000, sa_flags=none
SIGUSR2: [libjvm.so+0x8a5940], sa_mask[0]=00100000000000000000000000000000, sa_flags=SA_RESTART|SA_SIGINFO
SIGHUP: [libjvm.so+0x8a5e10], sa_mask[0]=11111111011111111101111111111110, sa_flags=SA_RESTART|SA_SIGINFO
SIGINT: [libjvm.so+0x8a5e10], sa_mask[0]=11111111011111111101111111111110, sa_flags=SA_RESTART|SA_SIGINFO
SIGTERM: [libjvm.so+0x8a5e10], sa_mask[0]=11111111011111111101111111111110, sa_flags=SA_RESTART|SA_SIGINFO
SIGQUIT: [libjvm.so+0x8a5e10], sa_mask[0]=11111111011111111101111111111110, sa_flags=SA_RESTART|SA_SIGINFO


---------------  S Y S T E M  ---------------

OS:NAME="Arch Linux"
ID=arch
PRETTY_NAME="Arch Linux"
ANSI_COLOR="0;36"
HOME_URL="https://www.archlinux.org/"
SUPPORT_URL="https://bbs.archlinux.org/"
BUG_REPORT_URL="https://bugs.archlinux.org/"


uname:Linux 4.6.3-1-ARCH #1 SMP PREEMPT Fri Jun 24 21:19:13 CEST 2016 x86_64
libc:glibc 2.23 NPTL 2.23 
rlimit: STACK 8192k, CORE infinity, NPROC 63849, NOFILE 4096, AS infinity
load average:0.78 0.56 0.58

/proc/meminfo:
MemTotal:       16350744 kB
MemFree:        11769112 kB
MemAvailable:   12984424 kB
Buffers:           86440 kB
Cached:          1366248 kB
SwapCached:            0 kB
Active:          3420060 kB
Inactive:         808812 kB
Active(anon):    2777096 kB
Inactive(anon):    32296 kB
Active(file):     642964 kB
Inactive(file):   776516 kB
Unevictable:          16 kB
Mlocked:              16 kB
SwapTotal:       4191228 kB
SwapFree:        4191228 kB
Dirty:               208 kB
Writeback:             0 kB
AnonPages:       2436456 kB
Mapped:           405712 kB
Shmem:             33212 kB
Slab:             148920 kB
SReclaimable:     106328 kB
SUnreclaim:        42592 kB
KernelStack:       10160 kB
PageTables:        32248 kB
NFS_Unstable:          0 kB
Bounce:                0 kB
WritebackTmp:          0 kB
CommitLimit:    12366600 kB
Committed_AS:    6304440 kB
VmallocTotal:   34359738367 kB
VmallocUsed:           0 kB
VmallocChunk:          0 kB
HardwareCorrupted:     0 kB
AnonHugePages:   1124352 kB
HugePages_Total:       0
HugePages_Free:        0
HugePages_Rsvd:        0
HugePages_Surp:        0
Hugepagesize:       2048 kB
DirectMap4k:      275932 kB
DirectMap2M:     6977536 kB
DirectMap1G:     9437184 kB


CPU:total 8 (4 cores per cpu, 2 threads per core) family 6 model 94 stepping 3, cmov, cx8, fxsr, mmx, sse, sse2, sse3, ssse3, sse4.1, sse4.2, popcnt, avx, avx2, aes, clmul, erms, rtm, 3dnowpref, lzcnt, ht, tsc, tscinvbit, bmi1, bmi2, adx

/proc/cpuinfo:
processor	: 0
vendor_id	: GenuineIntel
cpu family	: 6
model		: 94
model name	: Intel(R) Core(TM) i7-6700K CPU @ 4.00GHz
stepping	: 3
microcode	: 0x6a
cpu MHz		: 4142.031
cache size	: 8192 KB
physical id	: 0
siblings	: 8
core id		: 0
cpu cores	: 4
apicid		: 0
initial apicid	: 0
fpu		: yes
fpu_exception	: yes
cpuid level	: 22
wp		: yes
flags		: fpu vme de pse tsc msr pae mce cx8 apic sep mtrr pge mca cmov pat pse36 clflush dts acpi mmx fxsr sse sse2 ss ht tm pbe syscall nx pdpe1gb rdtscp lm constant_tsc art arch_perfmon pebs bts rep_good nopl xtopology nonstop_tsc aperfmperf eagerfpu pni pclmulqdq dtes64 monitor ds_cpl vmx est tm2 ssse3 sdbg fma cx16 xtpr pdcm pcid sse4_1 sse4_2 x2apic movbe popcnt tsc_deadline_timer aes xsave avx f16c rdrand lahf_lm abm 3dnowprefetch epb intel_pt tpr_shadow vnmi flexpriority ept vpid fsgsbase tsc_adjust bmi1 hle avx2 smep bmi2 erms invpcid rtm mpx rdseed adx smap clflushopt xsaveopt xsavec xgetbv1 dtherm ida arat pln pts hwp hwp_notify hwp_act_window hwp_epp
bugs		:
bogomips	: 8019.75
clflush size	: 64
cache_alignment	: 64
address sizes	: 39 bits physical, 48 bits virtual
power management:

processor	: 1
vendor_id	: GenuineIntel
cpu family	: 6
model		: 94
model name	: Intel(R) Core(TM) i7-6700K CPU @ 4.00GHz
stepping	: 3
microcode	: 0x6a
cpu MHz		: 4208.281
cache size	: 8192 KB
physical id	: 0
siblings	: 8
core id		: 1
cpu cores	: 4
apicid		: 2
initial apicid	: 2
fpu		: yes
fpu_exception	: yes
cpuid level	: 22
wp		: yes
flags		: fpu vme de pse tsc msr pae mce cx8 apic sep mtrr pge mca cmov pat pse36 clflush dts acpi mmx fxsr sse sse2 ss ht tm pbe syscall nx pdpe1gb rdtscp lm constant_tsc art arch_perfmon pebs bts rep_good nopl xtopology nonstop_tsc aperfmperf eagerfpu pni pclmulqdq dtes64 monitor ds_cpl vmx est tm2 ssse3 sdbg fma cx16 xtpr pdcm pcid sse4_1 sse4_2 x2apic movbe popcnt tsc_deadline_timer aes xsave avx f16c rdrand lahf_lm abm 3dnowprefetch epb intel_pt tpr_shadow vnmi flexpriority ept vpid fsgsbase tsc_adjust bmi1 hle avx2 smep bmi2 erms invpcid rtm mpx rdseed adx smap clflushopt xsaveopt xsavec xgetbv1 dtherm ida arat pln pts hwp hwp_notify hwp_act_window hwp_epp
bugs		:
bogomips	: 8020.83
clflush size	: 64
cache_alignment	: 64
address sizes	: 39 bits physical, 48 bits virtual
power management:

processor	: 2
vendor_id	: GenuineIntel
cpu family	: 6
model		: 94
model name	: Intel(R) Core(TM) i7-6700K CPU @ 4.00GHz
stepping	: 3
microcode	: 0x6a
cpu MHz		: 4102.343
cache size	: 8192 KB
physical id	: 0
siblings	: 8
core id		: 2
cpu cores	: 4
apicid		: 4
initial apicid	: 4
fpu		: yes
fpu_exception	: yes
cpuid level	: 22
wp		: yes
flags		: fpu vme de pse tsc msr pae mce cx8 apic sep mtrr pge mca cmov pat pse36 clflush dts acpi mmx fxsr sse sse2 ss ht tm pbe syscall nx pdpe1gb rdtscp lm constant_tsc art arch_perfmon pebs bts rep_good nopl xtopology nonstop_tsc aperfmperf eagerfpu pni pclmulqdq dtes64 monitor ds_cpl vmx est tm2 ssse3 sdbg fma cx16 xtpr pdcm pcid sse4_1 sse4_2 x2apic movbe popcnt tsc_deadline_timer aes xsave avx f16c rdrand lahf_lm abm 3dnowprefetch epb intel_pt tpr_shadow vnmi flexpriority ept vpid fsgsbase tsc_adjust bmi1 hle avx2 smep bmi2 erms invpcid rtm mpx rdseed adx smap clflushopt xsaveopt xsavec xgetbv1 dtherm ida arat pln pts hwp hwp_notify hwp_act_window hwp_epp
bugs		:
bogomips	: 8021.89
clflush size	: 64
cache_alignment	: 64
address sizes	: 39 bits physical, 48 bits virtual
power management:

processor	: 3
vendor_id	: GenuineIntel
cpu family	: 6
model		: 94
model name	: Intel(R) Core(TM) i7-6700K CPU @ 4.00GHz
stepping	: 3
microcode	: 0x6a
cpu MHz		: 4105.468
cache size	: 8192 KB
physical id	: 0
siblings	: 8
core id		: 3
cpu cores	: 4
apicid		: 6
initial apicid	: 6
fpu		: yes
fpu_exception	: yes
cpuid level	: 22
wp		: yes
flags		: fpu vme de pse tsc msr pae mce cx8 apic sep mtrr pge mca cmov pat pse36 clflush dts acpi mmx fxsr sse sse2 ss ht tm pbe syscall nx pdpe1gb rdtscp lm constant_tsc art arch_perfmon pebs bts rep_good nopl xtopology nonstop_tsc aperfmperf eagerfpu pni pclmulqdq dtes64 monitor ds_cpl vmx est tm2 ssse3 sdbg fma cx16 xtpr pdcm pcid sse4_1 sse4_2 x2apic movbe popcnt tsc_deadline_timer aes xsave avx f16c rdrand lahf_lm abm 3dnowprefetch epb intel_pt tpr_shadow vnmi flexpriority ept vpid fsgsbase tsc_adjust bmi1 hle avx2 smep bmi2 erms invpcid rtm mpx rdseed adx smap clflushopt xsaveopt xsavec xgetbv1 dtherm ida arat pln pts hwp hwp_notify hwp_act_window hwp_epp
bugs		:
bogomips	: 8021.88
clflush size	: 64
cache_alignment	: 64
address sizes	: 39 bits physical, 48 bits virtual
power management:

processor	: 4
vendor_id	: GenuineIntel
cpu family	: 6
model		: 94
model name	: Intel(R) Core(TM) i7-6700K CPU @ 4.00GHz
stepping	: 3
microcode	: 0x6a
cpu MHz		: 4230.625
cache size	: 8192 KB
physical id	: 0
siblings	: 8
core id		: 0
cpu cores	: 4
apicid		: 1
initial apicid	: 1
fpu		: yes
fpu_exception	: yes
cpuid level	: 22
wp		: yes
flags		: fpu vme de pse tsc msr pae mce cx8 apic sep mtrr pge mca cmov pat pse36 clflush dts acpi mmx fxsr sse sse2 ss ht tm pbe syscall nx pdpe1gb rdtscp lm constant_tsc art arch_perfmon pebs bts rep_good nopl xtopology nonstop_tsc aperfmperf eagerfpu pni pclmulqdq dtes64 monitor ds_cpl vmx est tm2 ssse3 sdbg fma cx16 xtpr pdcm pcid sse4_1 sse4_2 x2apic movbe popcnt tsc_deadline_timer aes xsave avx f16c rdrand lahf_lm abm 3dnowprefetch epb intel_pt tpr_shadow vnmi flexpriority ept vpid fsgsbase tsc_adjust bmi1 hle avx2 smep bmi2 erms invpcid rtm mpx rdseed adx smap clflushopt xsaveopt xsavec xgetbv1 dtherm ida arat pln pts hwp hwp_notify hwp_act_window hwp_epp
bugs		:
bogomips	: 8021.32
clflush size	: 64
cache_alignment	: 64
address sizes	: 39 bits physical, 48 bits virtual
power management:

processor	: 5
vendor_id	: GenuineIntel
cpu family	: 6
model		: 94
model name	: Intel(R) Core(TM) i7-6700K CPU @ 4.00GHz
stepping	: 3
microcode	: 0x6a
cpu MHz		: 4101.406
cache size	: 8192 KB
physical id	: 0
siblings	: 8
core id		: 1
cpu cores	: 4
apicid		: 3
initial apicid	: 3
fpu		: yes
fpu_exception	: yes
cpuid level	: 22
wp		: yes
flags		: fpu vme de pse tsc msr pae mce cx8 apic sep mtrr pge mca cmov pat pse36 clflush dts acpi mmx fxsr sse sse2 ss ht tm pbe syscall nx pdpe1gb rdtscp lm constant_tsc art arch_perfmon pebs bts rep_good nopl xtopology nonstop_tsc aperfmperf eagerfpu pni pclmulqdq dtes64 monitor ds_cpl vmx est tm2 ssse3 sdbg fma cx16 xtpr pdcm pcid sse4_1 sse4_2 x2apic movbe popcnt tsc_deadline_timer aes xsave avx f16c rdrand lahf_lm abm 3dnowprefetch epb intel_pt tpr_shadow vnmi flexpriority ept vpid fsgsbase tsc_adjust bmi1 hle avx2 smep bmi2 erms invpcid rtm mpx rdseed adx smap clflushopt xsaveopt xsavec xgetbv1 dtherm ida arat pln pts hwp hwp_notify hwp_act_window hwp_epp
bugs		:
bogomips	: 8021.93
clflush size	: 64
cache_alignment	: 64
address sizes	: 39 bits physical, 48 bits virtual
power management:

processor	: 6
vendor_id	: GenuineIntel
cpu family	: 6
model		: 94
model name	: Intel(R) Core(TM) i7-6700K CPU @ 4.00GHz
stepping	: 3
microcode	: 0x6a
cpu MHz		: 4109.218
cache size	: 8192 KB
physical id	: 0
siblings	: 8
core id		: 2
cpu cores	: 4
apicid		: 5
initial apicid	: 5
fpu		: yes
fpu_exception	: yes
cpuid level	: 22
wp		: yes
flags		: fpu vme de pse tsc msr pae mce cx8 apic sep mtrr pge mca cmov pat pse36 clflush dts acpi mmx fxsr sse sse2 ss ht tm pbe syscall nx pdpe1gb rdtscp lm constant_tsc art arch_perfmon pebs bts rep_good nopl xtopology nonstop_tsc aperfmperf eagerfpu pni pclmulqdq dtes64 monitor ds_cpl vmx est tm2 ssse3 sdbg fma cx16 xtpr pdcm pcid sse4_1 sse4_2 x2apic movbe popcnt tsc_deadline_timer aes xsave avx f16c rdrand lahf_lm abm 3dnowprefetch epb intel_pt tpr_shadow vnmi flexpriority ept vpid fsgsbase tsc_adjust bmi1 hle avx2 smep bmi2 erms invpcid rtm mpx rdseed adx smap clflushopt xsaveopt xsavec xgetbv1 dtherm ida arat pln pts hwp hwp_notify hwp_act_window hwp_epp
bugs		:
bogomips	: 8021.92
clflush size	: 64
cache_alignment	: 64
address sizes	: 39 bits physical, 48 bits virtual
power management:

processor	: 7
vendor_id	: GenuineIntel
cpu family	: 6
model		: 94
model name	: Intel(R) Core(TM) i7-6700K CPU @ 4.00GHz
stepping	: 3
microcode	: 0x6a
cpu MHz		: 4111.406
cache size	: 8192 KB
physical id	: 0
siblings	: 8
core id		: 3
cpu cores	: 4
apicid		: 7
initial apicid	: 7
fpu		: yes
fpu_exception	: yes
cpuid level	: 22
wp		: yes
flags		: fpu vme de pse tsc msr pae mce cx8 apic sep mtrr pge mca cmov pat pse36 clflush dts acpi mmx fxsr sse sse2 ss ht tm pbe syscall nx pdpe1gb rdtscp lm constant_tsc art arch_perfmon pebs bts rep_good nopl xtopology nonstop_tsc aperfmperf eagerfpu pni pclmulqdq dtes64 monitor ds_cpl vmx est tm2 ssse3 sdbg fma cx16 xtpr pdcm pcid sse4_1 sse4_2 x2apic movbe popcnt tsc_deadline_timer aes xsave avx f16c rdrand lahf_lm abm 3dnowprefetch epb intel_pt tpr_shadow vnmi flexpriority ept vpid fsgsbase tsc_adjust bmi1 hle avx2 smep bmi2 erms invpcid rtm mpx rdseed adx smap clflushopt xsaveopt xsavec xgetbv1 dtherm ida arat pln pts hwp hwp_notify hwp_act_window hwp_epp
bugs		:
bogomips	: 8021.93
clflush size	: 64
cache_alignment	: 64
address sizes	: 39 bits physical, 48 bits virtual
power management:



Memory: 4k page, physical 16350744k(11769112k free), swap 4191228k(4191228k free)

vm_info: OpenJDK 64-Bit Server VM (25.92-b14) for linux-amd64 JRE (1.8.0_92-b14), built on Apr 24 2016 15:02:36 by "builduser" with gcc 5.3.0

time: Sat Jul 30 21:20:09 2016
elapsed time: 1 seconds (0d 0h 0m 1s)

