#
# A fatal error has been detected by the Java Runtime Environment:
#
#  SIGSEGV (0xb) at pc=0x0000000040535ed7, pid=28320, tid=0x00007ff80b678700
#
# JRE version: OpenJDK Runtime Environment (8.0_92-b14) (build 1.8.0_92-b14)
# Java VM: OpenJDK 64-Bit Server VM (25.92-b14 mixed mode linux-amd64 compressed oops)
# Problematic frame:
# C  0x0000000040535ed7
#
# Core dump written. Default location: /home/twittumz/Desktop/git/2DMapEditor/2dMapEditor/core or core.28320
#
# If you would like to submit a bug report, please visit:
#   http://bugreport.java.com/bugreport/crash.jsp
# The crash happened outside the Java Virtual Machine in native code.
# See problematic frame for where to report the bug.
#

---------------  T H R E A D  ---------------

Current thread (0x00007ff828287800):  JavaThread "AWT-EventQueue-0" [_thread_in_native, id=28349, stack(0x00007ff80b578000,0x00007ff80b679000)]

siginfo: si_signo: 11 (SIGSEGV), si_code: 1 (SEGV_MAPERR), si_addr: 0x0000000000000000

Registers:
RAX=0x00007ff79b0f9b00, RBX=0x0000000040107000, RCX=0x0000000000000000, RDX=0x000000076d5734f2
RSP=0x00007ff80b6760f8, RBP=0x000000076d5734fc, RSI=0x0000000000000000, RDI=0x0000000000000000
R8 =0x00007ff7a8144da0, R9 =0x00000001020e5000, R10=0x0000000040178b28, R11=0x000000076d5734fc
R12=0x0000000000000006, R13=0x0000000000000006, R14=0x000000076d5734f0, R15=0x0000000000000048
RIP=0x0000000040535ed7, EFLAGS=0x0000000000010202, CSGSFS=0x002b000000000033, ERR=0x0000000000000004
  TRAPNO=0x000000000000000e

Top of Stack: (sp=0x00007ff80b6760f8)
0x00007ff80b6760f8:   00007ff79d1b027c 00007ff7a8146fe0
0x00007ff80b676108:   00007ff7a8146fe0 00007ff80b676270
0x00007ff80b676118:   00007ff80b6761a0 000000050b676130
0x00007ff80b676128:   0000000600001403 000000076d5734f0
0x00007ff80b676138:   0000000540107000 0000000040107000
0x00007ff80b676148:   0000000040157fa0 00007ff7a8147f30
0x00007ff80b676158:   0000000040535e80 0000000000000000
0x00007ff80b676168:   0000000000000000 0000000000000000
0x00007ff80b676178:   0000000000000000 00000006aa0d2bb0
0x00007ff80b676188:   000000076d5734f0 00007ff7a8147f30
0x00007ff80b676198:   00007ff80b6762b0 00000002f00df00d
0x00007ff80b6761a8:   0000000000000070 00000001beefbeef
0x00007ff80b6761b8:   0000000000000000 00000000f00df00d
0x00007ff80b6761c8:   0000000000000027 0000000040107000
0x00007ff80b6761d8:   00000000401585a8 0000000000000000
0x00007ff80b6761e8:   0000000000000000 0000000000000003
0x00007ff80b6761f8:   00007ff79d0efaf7 0000000000000003
0x00007ff80b676208:   0000000000000000 0000000000000000
0x00007ff80b676218:   00000000401591dc 00007ff80b676260
0x00007ff80b676228:   0000000040107000 00000000401591d8
0x00007ff80b676238:   0000000000000007 00000000401590d8
0x00007ff80b676248:   00007ff79d0f00d1 00007ff7a81e6844
0x00007ff80b676258:   000000019d1af865 0000000100002123
0x00007ff80b676268:   0000000100000001 0000000c00000003
0x00007ff80b676278:   00007ff7a81e6944 00007ff7a81e68c4
0x00007ff80b676288:   0000001000030006 0000000000000003
0x00007ff80b676298:   00c0000000000000 3fffffff3fffffff
0x00007ff80b6762a8:   0000003f3fffffff 0000000000000006
0x00007ff80b6762b8:   00007ff7a81e6844 0000000000000003
0x00007ff80b6762c8:   0000000000000000 0000000000000000
0x00007ff80b6762d8:   0000000000c00000 00007ff7a8147f30
0x00007ff80b6762e8:   00007ff79d1dc265 0000000000000003 

Instructions: (pc=0x0000000040535ed7)
0x0000000040535eb7:   48 83 c2 02 48 be 78 8a 15 40 00 00 00 00 48 8b
0x0000000040535ec7:   36 48 8b b6 08 03 00 00 48 8d 3c 49 48 8d 34 be
0x0000000040535ed7:   8b 3e 8b 6e 04 89 38 89 68 04 8b 7e 08 89 78 08
0x0000000040535ee7:   48 83 c0 0c 49 3b d3 75 b7 48 8b 7c 24 e0 48 8b 

Register to memory mapping:

RAX=0x00007ff79b0f9b00 is an unknown value
RBX=0x0000000040107000 is an unknown value
RCX=0x0000000000000000 is an unknown value
RDX=0x000000076d5734f2 is an unknown value
RSP=0x00007ff80b6760f8 is pointing into the stack for thread: 0x00007ff828287800
RBP=0x000000076d5734fc is an unknown value
RSI=0x0000000000000000 is an unknown value
RDI=0x0000000000000000 is an unknown value
R8 =0x00007ff7a8144da0 is an unknown value
R9 =0x00000001020e5000 is an unknown value
R10=0x0000000040178b28 is an unknown value
R11=0x000000076d5734fc is an unknown value
R12=0x0000000000000006 is an unknown value
R13=0x0000000000000006 is an unknown value
R14=0x000000076d5734f0 is an oop

[error occurred during error reporting (printing register info), id 0xb]

Stack: [0x00007ff80b578000,0x00007ff80b679000],  sp=0x00007ff80b6760f8,  free space=1016k
Native frames: (J=compiled Java code, j=interpreted, Vv=VM code, C=native code)
C  0x0000000040535ed7

Java frames: (J=compiled Java code, j=interpreted, Vv=VM code)
j  jogamp.opengl.gl4.GL4bcImpl.dispatch_glDrawElements1(IIILjava/lang/Object;IZJ)V+0
j  jogamp.opengl.gl4.GL4bcImpl.glDrawElements(IIILjava/nio/Buffer;)V+99
j  Engine.SpriteRenderer.Draw(Lcom/jogamp/opengl/GL2;)V+93
j  Engine.Engine.Render(Lcom/jogamp/opengl/GLAutoDrawable;)V+22
j  Editor.Window$1.display(Lcom/jogamp/opengl/GLAutoDrawable;)V+22
j  jogamp.opengl.GLDrawableHelper.displayImpl(Lcom/jogamp/opengl/GLAutoDrawable;)V+62
j  jogamp.opengl.GLDrawableHelper.display(Lcom/jogamp/opengl/GLAutoDrawable;)V+2
j  com.jogamp.opengl.awt.GLCanvas$11.run()V+118
j  jogamp.opengl.GLDrawableHelper.invokeGLImpl(Lcom/jogamp/opengl/GLDrawable;Lcom/jogamp/opengl/GLContext;Ljava/lang/Runnable;Ljava/lang/Runnable;)V+203
j  jogamp.opengl.GLDrawableHelper.invokeGL(Lcom/jogamp/opengl/GLDrawable;Lcom/jogamp/opengl/GLContext;Ljava/lang/Runnable;Ljava/lang/Runnable;)V+72
j  com.jogamp.opengl.awt.GLCanvas$12.run()V+104
j  java.awt.event.InvocationEvent.dispatch()V+11
j  java.awt.EventQueue.dispatchEventImpl(Ljava/awt/AWTEvent;Ljava/lang/Object;)V+21
j  java.awt.EventQueue.access$500(Ljava/awt/EventQueue;Ljava/awt/AWTEvent;Ljava/lang/Object;)V+3
j  java.awt.EventQueue$3.run()Ljava/lang/Void;+32
j  java.awt.EventQueue$3.run()Ljava/lang/Object;+1
v  ~StubRoutines::call_stub
j  java.security.AccessController.doPrivileged(Ljava/security/PrivilegedAction;Ljava/security/AccessControlContext;)Ljava/lang/Object;+0
j  java.security.ProtectionDomain$JavaSecurityAccessImpl.doIntersectionPrivilege(Ljava/security/PrivilegedAction;Ljava/security/AccessControlContext;Ljava/security/AccessControlContext;)Ljava/lang/Object;+18
j  java.awt.EventQueue.dispatchEvent(Ljava/awt/AWTEvent;)V+46
j  java.awt.EventDispatchThread.pumpOneEventForFilters(I)V+245
j  java.awt.EventDispatchThread.pumpEventsForFilter(ILjava/awt/Conditional;Ljava/awt/EventFilter;)V+35
j  java.awt.EventDispatchThread.pumpEventsForHierarchy(ILjava/awt/Conditional;Ljava/awt/Component;)V+11
j  java.awt.EventDispatchThread.pumpEvents(ILjava/awt/Conditional;)V+4
j  java.awt.EventDispatchThread.pumpEvents(Ljava/awt/Conditional;)V+3
j  java.awt.EventDispatchThread.run()V+9
v  ~StubRoutines::call_stub

---------------  P R O C E S S  ---------------

Java Threads: ( => current thread )
  0x00007ff828008000 JavaThread "DestroyJavaVM" [_thread_blocked, id=28323, stack(0x00007ff8318ca000,0x00007ff8319cb000)]
  0x00007ff82864f800 JavaThread "main-AWTAnimator#00" [_thread_blocked, id=28369, stack(0x00007ff79bb69000,0x00007ff79bc6a000)]
  0x00007ff828448000 JavaThread "main-SharedResourceRunner" daemon [_thread_blocked, id=28357, stack(0x00007ff80883a000,0x00007ff80893b000)]
  0x00007ff82842b000 JavaThread "main-SharedResourceRunner" daemon [_thread_blocked, id=28356, stack(0x00007ff80ae4f000,0x00007ff80af50000)]
  0x00007ff8282d0800 JavaThread "process reaper" daemon [_thread_blocked, id=28352, stack(0x00007ff81808d000,0x00007ff8180c6000)]
=>0x00007ff828287800 JavaThread "AWT-EventQueue-0" [_thread_in_native, id=28349, stack(0x00007ff80b578000,0x00007ff80b679000)]
  0x00007ff828285800 JavaThread "AWT-Shutdown" [_thread_blocked, id=28348, stack(0x00007ff80b679000,0x00007ff80b77a000)]
  0x00007ff82827a800 JavaThread "Image Fetcher 0" daemon [_thread_blocked, id=28347, stack(0x00007ff80b77a000,0x00007ff80b87b000)]
  0x00007ff82823f800 JavaThread "AWT-XAWT" daemon [_thread_blocked, id=28346, stack(0x00007ff80b87b000,0x00007ff80b97c000)]
  0x00007ff828218800 JavaThread "Java2D Disposer" daemon [_thread_blocked, id=28345, stack(0x00007ff810054000,0x00007ff810155000)]
  0x00007ff8280c7800 JavaThread "Service Thread" daemon [_thread_blocked, id=28343, stack(0x00007ff812c56000,0x00007ff812d57000)]
  0x00007ff8280c4800 JavaThread "C1 CompilerThread3" daemon [_thread_blocked, id=28342, stack(0x00007ff812d57000,0x00007ff812e58000)]
  0x00007ff8280c3000 JavaThread "C2 CompilerThread2" daemon [_thread_blocked, id=28341, stack(0x00007ff812e58000,0x00007ff812f59000)]
  0x00007ff8280c1000 JavaThread "C2 CompilerThread1" daemon [_thread_blocked, id=28340, stack(0x00007ff812f59000,0x00007ff81305a000)]
  0x00007ff8280be000 JavaThread "C2 CompilerThread0" daemon [_thread_blocked, id=28339, stack(0x00007ff81305a000,0x00007ff81315b000)]
  0x00007ff8280bc800 JavaThread "Signal Dispatcher" daemon [_thread_blocked, id=28338, stack(0x00007ff81315b000,0x00007ff81325c000)]
  0x00007ff82808a000 JavaThread "Finalizer" daemon [_thread_blocked, id=28337, stack(0x00007ff8133f4000,0x00007ff8134f5000)]
  0x00007ff828085800 JavaThread "Reference Handler" daemon [_thread_blocked, id=28336, stack(0x00007ff8134f5000,0x00007ff8135f6000)]

Other Threads:
  0x00007ff82807e000 VMThread [stack: 0x00007ff8135f6000,0x00007ff8136f7000] [id=28335]
  0x00007ff8280ca000 WatcherThread [stack: 0x00007ff812b55000,0x00007ff812c56000] [id=28344]

VM state:not at safepoint (normal execution)

VM Mutex/Monitor currently owned by a thread: None

Heap:
 PSYoungGen      total 74752K, used 33938K [0x000000076cd80000, 0x0000000772080000, 0x00000007c0000000)
  eden space 64512K, 52% used [0x000000076cd80000,0x000000076eea4b98,0x0000000770c80000)
  from space 10240K, 0% used [0x0000000771680000,0x0000000771680000,0x0000000772080000)
  to   space 10240K, 0% used [0x0000000770c80000,0x0000000770c80000,0x0000000771680000)
 ParOldGen       total 171008K, used 0K [0x00000006c6800000, 0x00000006d0f00000, 0x000000076cd80000)
  object space 171008K, 0% used [0x00000006c6800000,0x00000006c6800000,0x00000006d0f00000)
 Metaspace       used 17374K, capacity 17600K, committed 17792K, reserved 1064960K
  class space    used 1777K, capacity 1869K, committed 1920K, reserved 1048576K

Card table byte_map: [0x00007ff82e3c9000,0x00007ff82eb96000] byte_map_base: 0x00007ff82ad95000

Marking Bits: (ParMarkBitMap*) 0x00007ff830bdc540
 Begin Bits: [0x00007ff7e4340000, 0x00007ff7e81a0000)
 End Bits:   [0x00007ff7e81a0000, 0x00007ff7ec000000)

Polling page: 0x00007ff8319ff000

CodeCache: size=245760Kb used=3501Kb max_used=3508Kb free=242258Kb
 bounds [0x00007ff819000000, 0x00007ff819370000, 0x00007ff828000000]
 total_blobs=1794 nmethods=843 adapters=866
 compilation: enabled

Compilation events (10 events):
Event: 0.913 Thread 0x00007ff8280c4800  839       1       com.jogamp.common.util.VersionNumber::getMajor (5 bytes)
Event: 0.913 Thread 0x00007ff8280c4800 nmethod 839 0x00007ff819361d50 code [0x00007ff819361ea0, 0x00007ff819361fb0]
Event: 0.917 Thread 0x00007ff8280be000 nmethod 835 0x00007ff81936ac10 code [0x00007ff81936adc0, 0x00007ff81936b8d8]
Event: 0.934 Thread 0x00007ff8280c4800  840       3       java.util.jar.Attributes$Name::equals (39 bytes)
Event: 0.934 Thread 0x00007ff8280c4800 nmethod 840 0x00007ff81936a490 code [0x00007ff81936a620, 0x00007ff81936aac8]
Event: 0.934 Thread 0x00007ff8280c4800  841       3       sun.misc.ASCIICaseInsensitiveComparator::compare (13 bytes)
Event: 0.934 Thread 0x00007ff8280c4800 nmethod 841 0x00007ff819369ed0 code [0x00007ff81936a060, 0x00007ff81936a3c8]
Event: 0.935 Thread 0x00007ff8280c1000  842       4       java.util.concurrent.ConcurrentHashMap::casTabAt (20 bytes)
Event: 0.935 Thread 0x00007ff8280c1000 nmethod 842 0x00007ff81936ee50 code [0x00007ff81936ef80, 0x00007ff81936eff8]
Event: 0.935 Thread 0x00007ff8280c4800  843   !   3       java.lang.ClassLoader::findNative (86 bytes)

GC Heap History (0 events):
No events

Deoptimization events (10 events):
Event: 0.714 Thread 0x00007ff82864f800 Uncommon trap: reason=unstable_if action=reinterpret pc=0x00007ff8193086c8 method=java.awt.Component.isDisplayable()Z @ 4
Event: 0.714 Thread 0x00007ff82864f800 Uncommon trap: reason=unstable_if action=reinterpret pc=0x00007ff819304ecc method=java.awt.Component.isDisplayable()Z @ 4
Event: 0.719 Thread 0x00007ff82864f800 Uncommon trap: reason=unstable_if action=reinterpret pc=0x00007ff8193379f4 method=com.jogamp.opengl.awt.GLCanvas.validateGLDrawable()Z @ 22
Event: 0.720 Thread 0x00007ff82864f800 Uncommon trap: reason=unstable_if action=reinterpret pc=0x00007ff81930ff4c method=java.awt.Component.isDisplayable()Z @ 4
Event: 0.721 Thread 0x00007ff82864f800 Uncommon trap: reason=unstable_if action=reinterpret pc=0x00007ff81933d8d0 method=com.jogamp.opengl.awt.GLCanvas.validateGLDrawable()Z @ 22
Event: 0.722 Thread 0x00007ff82864f800 Uncommon trap: reason=unstable_if action=reinterpret pc=0x00007ff819340028 method=com.jogamp.opengl.awt.GLCanvas.validateGLDrawable()Z @ 22
Event: 0.790 Thread 0x00007ff82864f800 Uncommon trap: reason=unstable_if action=reinterpret pc=0x00007ff819349ec0 method=com.jogamp.opengl.awt.GLCanvas.validateGLDrawable()Z @ 43
Event: 0.790 Thread 0x00007ff828008000 Uncommon trap: reason=unstable_if action=reinterpret pc=0x00007ff81934424c method=com.jogamp.opengl.awt.GLCanvas.validateGLDrawable()Z @ 43
Event: 0.790 Thread 0x00007ff82864f800 Uncommon trap: reason=unstable_if action=reinterpret pc=0x00007ff81934c020 method=com.jogamp.opengl.awt.GLCanvas.validateGLDrawable()Z @ 33
Event: 0.790 Thread 0x00007ff82864f800 Uncommon trap: reason=unstable_if action=reinterpret pc=0x00007ff81933f048 method=com.jogamp.opengl.awt.GLCanvas.validateGLDrawable()Z @ 33

Internal exceptions (10 events):
Event: 0.068 Thread 0x00007ff828008000 Exception <a 'java/io/FileNotFoundException'> (0x000000076d0f2018) thrown at [/build/java8-openjdk/src/jdk8u-jdk8u92-b14/hotspot/src/share/vm/prims/jni.cpp, line 709]
Event: 0.068 Thread 0x00007ff828008000 Exception <a 'java/io/FileNotFoundException'> (0x000000076d0f2a08) thrown at [/build/java8-openjdk/src/jdk8u-jdk8u92-b14/hotspot/src/share/vm/prims/jni.cpp, line 709]
Event: 0.075 Thread 0x00007ff828008000 Exception <a 'java/lang/ClassNotFoundException': sun/dc/DuctusRenderingEngine> (0x000000076d10ad48) thrown at [/build/java8-openjdk/src/jdk8u-jdk8u92-b14/hotspot/src/share/vm/classfile/systemDictionary.cpp, line 210]
Event: 0.708 Thread 0x00007ff828008000 Exception <a 'java/lang/reflect/InvocationTargetException'> (0x000000076e332ce0) thrown at [/build/java8-openjdk/src/jdk8u-jdk8u92-b14/hotspot/src/share/vm/runtime/reflection.cpp, line 1092]
Event: 0.713 Thread 0x00007ff828008000 Exception <a 'java/lang/reflect/InvocationTargetException'> (0x000000076e342da0) thrown at [/build/java8-openjdk/src/jdk8u-jdk8u92-b14/hotspot/src/share/vm/runtime/reflection.cpp, line 1092]
Event: 0.718 Thread 0x00007ff828008000 Exception <a 'java/lang/reflect/InvocationTargetException'> (0x000000076ec4d380) thrown at [/build/java8-openjdk/src/jdk8u-jdk8u92-b14/hotspot/src/share/vm/runtime/reflection.cpp, line 1092]
Event: 0.719 Thread 0x00007ff828008000 Exception <a 'java/lang/reflect/InvocationTargetException'> (0x000000076ec65f78) thrown at [/build/java8-openjdk/src/jdk8u-jdk8u92-b14/hotspot/src/share/vm/runtime/reflection.cpp, line 1092]
Event: 0.790 Thread 0x00007ff828287800 Exception <a 'java/lang/reflect/InvocationTargetException'> (0x000000076d5114e8) thrown at [/build/java8-openjdk/src/jdk8u-jdk8u92-b14/hotspot/src/share/vm/runtime/reflection.cpp, line 1092]
Event: 0.790 Thread 0x00007ff828287800 Exception <a 'java/lang/reflect/InvocationTargetException'> (0x000000076d511b98) thrown at [/build/java8-openjdk/src/jdk8u-jdk8u92-b14/hotspot/src/share/vm/runtime/reflection.cpp, line 1092]
Event: 0.792 Thread 0x00007ff828287800 Exception <a 'java/lang/reflect/InvocationTargetException'> (0x000000076d512bb0) thrown at [/build/java8-openjdk/src/jdk8u-jdk8u92-b14/hotspot/src/share/vm/runtime/reflection.cpp, line 1092]

Events (10 events):
Event: 0.933 loading class com/jogamp/opengl/glu/GLU
Event: 0.933 loading class com/jogamp/opengl/glu/GLU done
Event: 0.934 loading class com/jogamp/opengl/glu/GLUquadric
Event: 0.934 loading class com/jogamp/opengl/glu/GLUquadric done
Event: 0.934 loading class com/jogamp/opengl/glu/gl2/GLUgl2
Event: 0.934 loading class com/jogamp/opengl/glu/gl2/GLUgl2 done
Event: 0.935 loading class com/jogamp/opengl/glu/gl2es1/GLUgl2es1
Event: 0.935 loading class com/jogamp/opengl/glu/gl2es1/GLUgl2es1 done
Event: 0.935 loading class jogamp/opengl/ProjectFloat
Event: 0.935 loading class jogamp/opengl/ProjectFloat done


Dynamic libraries:
00400000-00401000 r-xp 00000000 08:03 5905458                            /usr/lib/jvm/java-8-openjdk/jre/bin/java
00600000-00601000 rw-p 00000000 08:03 5905458                            /usr/lib/jvm/java-8-openjdk/jre/bin/java
0247b000-0249c000 rw-p 00000000 00:00 0                                  [heap]
40107000-401a7000 rw-p 00000000 00:00 0 
4034a000-403ea000 rw-p 00000000 00:00 0 
40534000-40536000 r-xs 00000000 00:23 156499                             /tmp/.gloIKhw2 (deleted)
6c6800000-6d0f00000 rw-p 00000000 00:00 0 
6d0f00000-76cd80000 ---p 00000000 00:00 0 
76cd80000-772080000 rw-p 00000000 00:00 0 
772080000-7c0000000 ---p 00000000 00:00 0 
7c0000000-7c01e0000 rw-p 00000000 00:00 0 
7c01e0000-800000000 ---p 00000000 00:00 0 
7ff794000000-7ff794021000 rw-p 00000000 00:00 0 
7ff794021000-7ff798000000 ---p 00000000 00:00 0 
7ff79b0f7000-7ff79b1f7000 rw-s 3714c5000 00:06 9877                      /dev/nvidiactl
7ff79b1f7000-7ff79b217000 rw-s c03a0000 00:06 13745                      /dev/nvidia0
7ff79b217000-7ff79b257000 rw-s 367e70000 00:06 9877                      /dev/nvidiactl
7ff79b257000-7ff79b277000 rw-s 371663000 00:06 9877                      /dev/nvidiactl
7ff79b277000-7ff79b2b7000 rw-s 399e88000 00:06 9877                      /dev/nvidiactl
7ff79b2b7000-7ff79b2d7000 rw-s 371685000 00:06 9877                      /dev/nvidiactl
7ff79b2d7000-7ff79b317000 rw-s 3935f1000 00:06 9877                      /dev/nvidiactl
7ff79b317000-7ff79b31b000 r-xp 00000000 08:03 5249369                    /usr/lib/libcap.so.2.25
7ff79b31b000-7ff79b51a000 ---p 00004000 08:03 5249369                    /usr/lib/libcap.so.2.25
7ff79b51a000-7ff79b51b000 rw-p 00003000 08:03 5249369                    /usr/lib/libcap.so.2.25
7ff79b51b000-7ff79b52f000 r-xp 00000000 08:03 5246162                    /usr/lib/libresolv-2.23.so
7ff79b52f000-7ff79b72e000 ---p 00014000 08:03 5246162                    /usr/lib/libresolv-2.23.so
7ff79b72e000-7ff79b72f000 r--p 00013000 08:03 5246162                    /usr/lib/libresolv-2.23.so
7ff79b72f000-7ff79b730000 rw-p 00014000 08:03 5246162                    /usr/lib/libresolv-2.23.so
7ff79b730000-7ff79b732000 rw-p 00000000 00:00 0 
7ff79b732000-7ff79b737000 r-xp 00000000 08:03 5246154                    /usr/lib/libnss_dns-2.23.so
7ff79b737000-7ff79b936000 ---p 00005000 08:03 5246154                    /usr/lib/libnss_dns-2.23.so
7ff79b936000-7ff79b937000 r--p 00004000 08:03 5246154                    /usr/lib/libnss_dns-2.23.so
7ff79b937000-7ff79b938000 rw-p 00005000 08:03 5246154                    /usr/lib/libnss_dns-2.23.so
7ff79b949000-7ff79b969000 rw-s 3d4094000 00:06 9877                      /dev/nvidiactl
7ff79b969000-7ff79bae9000 rw-p 00000000 00:00 0 
7ff79bae9000-7ff79bb69000 ---p 00000000 00:00 0 
7ff79bb69000-7ff79bb6c000 ---p 00000000 00:00 0 
7ff79bb6c000-7ff79bc6a000 rw-p 00000000 00:00 0 
7ff79bc6a000-7ff79bcea000 rw-s 764bd000 00:06 9877                       /dev/nvidiactl
7ff79bcea000-7ff79bd6a000 rw-s 78fd0000 00:06 9877                       /dev/nvidiactl
7ff79bd6a000-7ff79bdea000 rw-s 3714eb000 00:06 9877                      /dev/nvidiactl
7ff79bdea000-7ff79beea000 rw-s 399f3a000 00:06 9877                      /dev/nvidiactl
7ff79beea000-7ff79bf0a000 rw-s c0360000 00:06 13745                      /dev/nvidia0
7ff79bf0a000-7ff79c00e000 rw-s 80802000 00:06 9877                       /dev/nvidiactl
7ff79c00e000-7ff79d3a3000 r-xp 00000000 08:03 5268236                    /usr/lib/libnvidia-glcore.so.367.27
7ff79d3a3000-7ff79d3c3000 rwxp 01395000 08:03 5268236                    /usr/lib/libnvidia-glcore.so.367.27
7ff79d3c3000-7ff79d763000 r-xp 013b5000 08:03 5268236                    /usr/lib/libnvidia-glcore.so.367.27
7ff79d763000-7ff79d963000 ---p 01755000 08:03 5268236                    /usr/lib/libnvidia-glcore.so.367.27
7ff79d963000-7ff79dd2b000 rw-p 01755000 08:03 5268236                    /usr/lib/libnvidia-glcore.so.367.27
7ff79dd2b000-7ff79dd43000 rw-p 00000000 00:00 0 
7ff79dd43000-7ff79dd46000 r-xp 00000000 08:03 5773637                    /usr/lib/tls/libnvidia-tls.so.367.27
7ff79dd46000-7ff79df46000 ---p 00003000 08:03 5773637                    /usr/lib/tls/libnvidia-tls.so.367.27
7ff79df46000-7ff79df47000 rw-p 00003000 08:03 5773637                    /usr/lib/tls/libnvidia-tls.so.367.27
7ff79df47000-7ff79e00f000 r-xp 00000000 08:03 5268220                    /usr/lib/libGLX_nvidia.so.367.27
7ff79e00f000-7ff79e043000 rwxp 000c8000 08:03 5268220                    /usr/lib/libGLX_nvidia.so.367.27
7ff79e043000-7ff79e056000 r-xp 000fc000 08:03 5268220                    /usr/lib/libGLX_nvidia.so.367.27
7ff79e056000-7ff79e256000 ---p 0010f000 08:03 5268220                    /usr/lib/libGLX_nvidia.so.367.27
7ff79e256000-7ff79e27e000 rw-p 0010f000 08:03 5268220                    /usr/lib/libGLX_nvidia.so.367.27
7ff79e27e000-7ff79e285000 rw-p 00000000 00:00 0 
7ff79e285000-7ff79e287000 r-xp 00000000 08:03 5269221                    /usr/lib/libXinerama.so.1.0.0
7ff79e287000-7ff79e486000 ---p 00002000 08:03 5269221                    /usr/lib/libXinerama.so.1.0.0
7ff79e486000-7ff79e487000 r--p 00001000 08:03 5269221                    /usr/lib/libXinerama.so.1.0.0
7ff79e487000-7ff79e488000 rw-p 00002000 08:03 5269221                    /usr/lib/libXinerama.so.1.0.0
7ff79e488000-7ff79fa54000 r-xp 00000000 08:03 5268233                    /usr/lib/libnvidia-eglcore.so.367.27
7ff79fa54000-7ff79fc54000 ---p 015cc000 08:03 5268233                    /usr/lib/libnvidia-eglcore.so.367.27
7ff79fc54000-7ff79ffec000 rw-p 015cc000 08:03 5268233                    /usr/lib/libnvidia-eglcore.so.367.27
7ff79ffec000-7ff7a0000000 rw-p 00000000 00:00 0 
7ff7a0000000-7ff7a055e000 rw-p 00000000 00:00 0 
7ff7a055e000-7ff7a4000000 ---p 00000000 00:00 0 
7ff7a4000000-7ff7a44f2000 rw-p 00000000 00:00 0 
7ff7a44f2000-7ff7a8000000 ---p 00000000 00:00 0 
7ff7a8000000-7ff7aa1eb000 rw-p 00000000 00:00 0 
7ff7aa1eb000-7ff7ac000000 ---p 00000000 00:00 0 
7ff7ac000000-7ff7ac021000 rw-p 00000000 00:00 0 
7ff7ac021000-7ff7b0000000 ---p 00000000 00:00 0 
7ff7b0000000-7ff7b0027000 rw-p 00000000 00:00 0 
7ff7b0027000-7ff7b4000000 ---p 00000000 00:00 0 
7ff7b4000000-7ff7b4021000 rw-p 00000000 00:00 0 
7ff7b4021000-7ff7b8000000 ---p 00000000 00:00 0 
7ff7b8000000-7ff7b8021000 rw-p 00000000 00:00 0 
7ff7b8021000-7ff7bc000000 ---p 00000000 00:00 0 
7ff7bc000000-7ff7bc021000 rw-p 00000000 00:00 0 
7ff7bc021000-7ff7c0000000 ---p 00000000 00:00 0 
7ff7c0000000-7ff7c0021000 rw-p 00000000 00:00 0 
7ff7c0021000-7ff7c4000000 ---p 00000000 00:00 0 
7ff7c4000000-7ff7c4021000 rw-p 00000000 00:00 0 
7ff7c4021000-7ff7c8000000 ---p 00000000 00:00 0 
7ff7c8000000-7ff7c8115000 rw-p 00000000 00:00 0 
7ff7c8115000-7ff7cc000000 ---p 00000000 00:00 0 
7ff7cc000000-7ff7cc203000 rw-p 00000000 00:00 0 
7ff7cc203000-7ff7d0000000 ---p 00000000 00:00 0 
7ff7d0000000-7ff7d01a6000 rw-p 00000000 00:00 0 
7ff7d01a6000-7ff7d4000000 ---p 00000000 00:00 0 
7ff7d4000000-7ff7d4086000 rw-p 00000000 00:00 0 
7ff7d4086000-7ff7d8000000 ---p 00000000 00:00 0 
7ff7d8000000-7ff7d8021000 rw-p 00000000 00:00 0 
7ff7d8021000-7ff7dc000000 ---p 00000000 00:00 0 
7ff7dc000000-7ff7dc021000 rw-p 00000000 00:00 0 
7ff7dc021000-7ff7e0000000 ---p 00000000 00:00 0 
7ff7e0000000-7ff7e0021000 rw-p 00000000 00:00 0 
7ff7e0021000-7ff7e4000000 ---p 00000000 00:00 0 
7ff7e4013000-7ff7e4053000 rw-s 399d7a000 00:06 9877                      /dev/nvidiactl
7ff7e4053000-7ff7e4073000 rw-s 3d41f7000 00:06 9877                      /dev/nvidiactl
7ff7e4073000-7ff7e40b3000 rw-s 3cb6ab000 00:06 9877                      /dev/nvidiactl
7ff7e40b3000-7ff7e40f3000 rw-s 368c2c000 00:06 9877                      /dev/nvidiactl
7ff7e40f3000-7ff7e40fe000 r-xp 00000000 08:03 5268224                    /usr/lib/libGLESv1_CM_nvidia.so.367.27
7ff7e40fe000-7ff7e42fd000 ---p 0000b000 08:03 5268224                    /usr/lib/libGLESv1_CM_nvidia.so.367.27
7ff7e42fd000-7ff7e4300000 rw-p 0000a000 08:03 5268224                    /usr/lib/libGLESv1_CM_nvidia.so.367.27
7ff7e4300000-7ff7e4340000 rw-s 00000000 08:03 3151480                    /home/twittumz/#3151480 (deleted)
7ff7e4340000-7ff7ec000000 rw-p 00000000 00:00 0 
7ff7ec000000-7ff7ec021000 rw-p 00000000 00:00 0 
7ff7ec021000-7ff7f0000000 ---p 00000000 00:00 0 
7ff7f0000000-7ff7f0021000 rw-p 00000000 00:00 0 
7ff7f0021000-7ff7f4000000 ---p 00000000 00:00 0 
7ff7f4000000-7ff7f4021000 rw-p 00000000 00:00 0 
7ff7f4021000-7ff7f8000000 ---p 00000000 00:00 0 
7ff7f8000000-7ff7f8021000 rw-p 00000000 00:00 0 
7ff7f8021000-7ff7fc000000 ---p 00000000 00:00 0 
7ff7fc000000-7ff7fc021000 rw-p 00000000 00:00 0 
7ff7fc021000-7ff800000000 ---p 00000000 00:00 0 
7ff800000000-7ff800021000 rw-p 00000000 00:00 0 
7ff800021000-7ff804000000 ---p 00000000 00:00 0 
7ff804000000-7ff804021000 rw-p 00000000 00:00 0 
7ff804021000-7ff808000000 ---p 00000000 00:00 0 
7ff808001000-7ff808014000 rw-s 399f51000 00:06 9877                      /dev/nvidiactl
7ff808014000-7ff808034000 rw-s 3d41f1000 00:06 9877                      /dev/nvidiactl
7ff808034000-7ff808074000 r-xs 00000000 08:03 3151480                    /home/twittumz/#3151480 (deleted)
7ff808074000-7ff8080f4000 rw-s 3935c7000 00:06 9877                      /dev/nvidiactl
7ff8080f4000-7ff808174000 rw-s 368e77000 00:06 9877                      /dev/nvidiactl
7ff808174000-7ff8081f4000 rw-s 3d60f7000 00:06 9877                      /dev/nvidiactl
7ff8081f4000-7ff8082f4000 rw-s 399f0e000 00:06 9877                      /dev/nvidiactl
7ff8082f4000-7ff808314000 rw-s c0320000 00:06 13745                      /dev/nvidia0
7ff808314000-7ff808323000 r-xp 00000000 08:03 5268258                    /usr/lib/libGLESv2_nvidia.so.367.27
7ff808323000-7ff808523000 ---p 0000f000 08:03 5268258                    /usr/lib/libGLESv2_nvidia.so.367.27
7ff808523000-7ff808527000 rw-p 0000f000 08:03 5268258                    /usr/lib/libGLESv2_nvidia.so.367.27
7ff808527000-7ff80862b000 rw-s 80802000 00:06 9877                       /dev/nvidiactl
7ff80862b000-7ff808639000 r-xp 00000000 08:03 5264554                    /usr/lib/libdrm.so.2.4.0
7ff808639000-7ff808838000 ---p 0000e000 08:03 5264554                    /usr/lib/libdrm.so.2.4.0
7ff808838000-7ff808839000 r--p 0000d000 08:03 5264554                    /usr/lib/libdrm.so.2.4.0
7ff808839000-7ff80883a000 rw-p 0000e000 08:03 5264554                    /usr/lib/libdrm.so.2.4.0
7ff80883a000-7ff80883d000 ---p 00000000 00:00 0 
7ff80883d000-7ff80893b000 rw-p 00000000 00:00 0 
7ff80893b000-7ff808997000 r-xp 00000000 00:23 163935                     /tmp/jogamp_0000/file_cache/jln763620414931941087/jln6353421607053691293/natives/linux-amd64/libjogl_mobile.so
7ff808997000-7ff808b97000 ---p 0005c000 00:23 163935                     /tmp/jogamp_0000/file_cache/jln763620414931941087/jln6353421607053691293/natives/linux-amd64/libjogl_mobile.so
7ff808b97000-7ff808b98000 rw-p 0005c000 00:23 163935                     /tmp/jogamp_0000/file_cache/jln763620414931941087/jln6353421607053691293/natives/linux-amd64/libjogl_mobile.so
7ff808b98000-7ff808c0a000 r-xp 00000000 08:03 5268234                    /usr/lib/libnvidia-glsi.so.367.27
7ff808c0a000-7ff808e09000 ---p 00072000 08:03 5268234                    /usr/lib/libnvidia-glsi.so.367.27
7ff808e09000-7ff808e12000 rw-p 00071000 08:03 5268234                    /usr/lib/libnvidia-glsi.so.367.27
7ff808e12000-7ff808e21000 rw-p 00000000 00:00 0 
7ff808e21000-7ff808eec000 r-xp 00000000 08:03 5268259                    /usr/lib/libEGL_nvidia.so.367.27
7ff808eec000-7ff8090eb000 ---p 000cb000 08:03 5268259                    /usr/lib/libEGL_nvidia.so.367.27
7ff8090eb000-7ff809116000 rw-p 000ca000 08:03 5268259                    /usr/lib/libEGL_nvidia.so.367.27
7ff809116000-7ff80912a000 rw-p 00000000 00:00 0 
7ff80912a000-7ff80912e000 r-xp 00000000 08:03 5773639                    /usr/lib/nvidia/libEGL.so.1
7ff80912e000-7ff80932d000 ---p 00004000 08:03 5773639                    /usr/lib/nvidia/libEGL.so.1
7ff80932d000-7ff80932e000 rw-p 00003000 08:03 5773639                    /usr/lib/nvidia/libEGL.so.1
7ff80932e000-7ff809333000 r-xp 00000000 08:03 5773617                    /usr/lib/nvidia/libGLESv2.so.2.0.0
7ff809333000-7ff809335000 r-xp 00005000 08:03 5773617                    /usr/lib/nvidia/libGLESv2.so.2.0.0
7ff809335000-7ff809339000 r-xp 00007000 08:03 5773617                    /usr/lib/nvidia/libGLESv2.so.2.0.0
7ff809339000-7ff809538000 ---p 0000b000 08:03 5773617                    /usr/lib/nvidia/libGLESv2.so.2.0.0
7ff809538000-7ff809539000 r--p 0000a000 08:03 5773617                    /usr/lib/nvidia/libGLESv2.so.2.0.0
7ff809539000-7ff80953a000 rw-p 0000b000 08:03 5773617                    /usr/lib/nvidia/libGLESv2.so.2.0.0
7ff80953a000-7ff8095f2000 r-xp 00000000 00:23 163934                     /tmp/jogamp_0000/file_cache/jln763620414931941087/jln6353421607053691293/natives/linux-amd64/libjogl_desktop.so
7ff8095f2000-7ff8097f2000 ---p 000b8000 00:23 163934                     /tmp/jogamp_0000/file_cache/jln763620414931941087/jln6353421607053691293/natives/linux-amd64/libjogl_desktop.so
7ff8097f2000-7ff8097f3000 rw-p 000b8000 00:23 163934                     /tmp/jogamp_0000/file_cache/jln763620414931941087/jln6353421607053691293/natives/linux-amd64/libjogl_desktop.so
7ff8097f3000-7ff809846000 r-xp 00000000 08:03 5268203                    /usr/lib/libGLdispatch.so.0.0.0
7ff809846000-7ff80985f000 r-xp 00053000 08:03 5268203                    /usr/lib/libGLdispatch.so.0.0.0
7ff80985f000-7ff80989a000 r-xp 0006c000 08:03 5268203                    /usr/lib/libGLdispatch.so.0.0.0
7ff80989a000-7ff809a99000 ---p 000a7000 08:03 5268203                    /usr/lib/libGLdispatch.so.0.0.0
7ff809a99000-7ff809aa8000 r--p 000a6000 08:03 5268203                    /usr/lib/libGLdispatch.so.0.0.0
7ff809aa8000-7ff809aa9000 rw-p 000b5000 08:03 5268203                    /usr/lib/libGLdispatch.so.0.0.0
7ff809aa9000-7ff809ac9000 rw-p 00000000 00:00 0 
7ff809ac9000-7ff809ad9000 r-xp 00000000 08:03 5268199                    /usr/lib/libGLX.so.0.0.0
7ff809ad9000-7ff809cd9000 ---p 00010000 08:03 5268199                    /usr/lib/libGLX.so.0.0.0
7ff809cd9000-7ff809cda000 r--p 00010000 08:03 5268199                    /usr/lib/libGLX.so.0.0.0
7ff809cda000-7ff809cdb000 rw-p 00011000 08:03 5268199                    /usr/lib/libGLX.so.0.0.0
7ff809cdb000-7ff809cfb000 rw-p 00000000 00:00 0 
7ff809cfb000-7ff809d2b000 r-xp 00000000 08:03 5773620                    /usr/lib/nvidia/libGL.so.1.0.0
7ff809d2b000-7ff809d44000 r-xp 00030000 08:03 5773620                    /usr/lib/nvidia/libGL.so.1.0.0
7ff809d44000-7ff809d6f000 r-xp 00049000 08:03 5773620                    /usr/lib/nvidia/libGL.so.1.0.0
7ff809d6f000-7ff809f6f000 ---p 00074000 08:03 5773620                    /usr/lib/nvidia/libGL.so.1.0.0
7ff809f6f000-7ff809f70000 r--p 00074000 08:03 5773620                    /usr/lib/nvidia/libGL.so.1.0.0
7ff809f70000-7ff809f71000 rw-p 00075000 08:03 5773620                    /usr/lib/nvidia/libGL.so.1.0.0
7ff809f71000-7ff80a172000 rw-p 00000000 00:00 0 
7ff80a172000-7ff80a372000 rw-p 00000000 00:00 0 
7ff80a37b000-7ff80a37d000 rw-s 00000000 00:23 156499                     /tmp/.gloIKhw2 (deleted)
7ff80a37d000-7ff80a3bd000 rw-s 368c1f000 00:06 9877                      /dev/nvidiactl
7ff80a3bd000-7ff80a3dd000 rw-s 39b2ac000 00:06 9877                      /dev/nvidiactl
7ff80a3dd000-7ff80a41d000 rw-s 3cb4b8000 00:06 9877                      /dev/nvidiactl
7ff80a41d000-7ff80a43d000 rw-s 393446000 00:06 9877                      /dev/nvidiactl
7ff80a43d000-7ff80a444000 r-xp 00000000 00:23 163937                     /tmp/jogamp_0000/file_cache/jln763620414931941087/jln6353421607053691293/natives/linux-amd64/libnativewindow_x11.so
7ff80a444000-7ff80a643000 ---p 00007000 00:23 163937                     /tmp/jogamp_0000/file_cache/jln763620414931941087/jln6353421607053691293/natives/linux-amd64/libnativewindow_x11.so
7ff80a643000-7ff80a644000 rw-p 00006000 00:23 163937                     /tmp/jogamp_0000/file_cache/jln763620414931941087/jln6353421607053691293/natives/linux-amd64/libnativewindow_x11.so
7ff80a644000-7ff80a649000 r-xp 00000000 08:03 5268760                    /usr/lib/libXxf86vm.so.1.0.0
7ff80a649000-7ff80a848000 ---p 00005000 08:03 5268760                    /usr/lib/libXxf86vm.so.1.0.0
7ff80a848000-7ff80a849000 r--p 00004000 08:03 5268760                    /usr/lib/libXxf86vm.so.1.0.0
7ff80a849000-7ff80a84a000 rw-p 00005000 08:03 5268760                    /usr/lib/libXxf86vm.so.1.0.0
7ff80a84a000-7ff80a84c000 r-xp 00000000 00:23 163936                     /tmp/jogamp_0000/file_cache/jln763620414931941087/jln6353421607053691293/natives/linux-amd64/libnativewindow_awt.so
7ff80a84c000-7ff80aa4b000 ---p 00002000 00:23 163936                     /tmp/jogamp_0000/file_cache/jln763620414931941087/jln6353421607053691293/natives/linux-amd64/libnativewindow_awt.so
7ff80aa4b000-7ff80aa4c000 rw-p 00001000 00:23 163936                     /tmp/jogamp_0000/file_cache/jln763620414931941087/jln6353421607053691293/natives/linux-amd64/libnativewindow_awt.so
7ff80aa4c000-7ff80aa4d000 r-xp 00000000 08:03 5905448                    /usr/lib/jvm/java-8-openjdk/jre/lib/amd64/libjawt.so
7ff80aa4d000-7ff80ac4c000 ---p 00001000 08:03 5905448                    /usr/lib/jvm/java-8-openjdk/jre/lib/amd64/libjawt.so
7ff80ac4c000-7ff80ac4d000 rw-p 00000000 08:03 5905448                    /usr/lib/jvm/java-8-openjdk/jre/lib/amd64/libjawt.so
7ff80ac4d000-7ff80ac4f000 r-xp 00000000 00:23 163933                     /tmp/jogamp_0000/file_cache/jln763620414931941087/jln6353421607053691293/natives/linux-amd64/libgluegen-rt.so
7ff80ac4f000-7ff80ae4e000 ---p 00002000 00:23 163933                     /tmp/jogamp_0000/file_cache/jln763620414931941087/jln6353421607053691293/natives/linux-amd64/libgluegen-rt.so
7ff80ae4e000-7ff80ae4f000 rw-p 00001000 00:23 163933                     /tmp/jogamp_0000/file_cache/jln763620414931941087/jln6353421607053691293/natives/linux-amd64/libgluegen-rt.so
7ff80ae4f000-7ff80ae52000 ---p 00000000 00:00 0 
7ff80ae52000-7ff80af50000 rw-p 00000000 00:00 0 
7ff80af50000-7ff80af61000 r-xp 00000000 08:03 5905443                    /usr/lib/jvm/java-8-openjdk/jre/lib/amd64/libnio.so
7ff80af61000-7ff80b160000 ---p 00011000 08:03 5905443                    /usr/lib/jvm/java-8-openjdk/jre/lib/amd64/libnio.so
7ff80b160000-7ff80b161000 rw-p 00010000 08:03 5905443                    /usr/lib/jvm/java-8-openjdk/jre/lib/amd64/libnio.so
7ff80b161000-7ff80b177000 r-xp 00000000 08:03 5905432                    /usr/lib/jvm/java-8-openjdk/jre/lib/amd64/libnet.so
7ff80b177000-7ff80b377000 ---p 00016000 08:03 5905432                    /usr/lib/jvm/java-8-openjdk/jre/lib/amd64/libnet.so
7ff80b377000-7ff80b378000 rw-p 00016000 08:03 5905432                    /usr/lib/jvm/java-8-openjdk/jre/lib/amd64/libnet.so
7ff80b378000-7ff80b578000 rw-p 00000000 00:00 0 
7ff80b578000-7ff80b57b000 ---p 00000000 00:00 0 
7ff80b57b000-7ff80b679000 rw-p 00000000 00:00 0 
7ff80b679000-7ff80b67c000 ---p 00000000 00:00 0 
7ff80b67c000-7ff80b77a000 rw-p 00000000 00:00 0 
7ff80b77a000-7ff80b77d000 ---p 00000000 00:00 0 
7ff80b77d000-7ff80b87b000 rw-p 00000000 00:00 0 
7ff80b87b000-7ff80b87e000 ---p 00000000 00:00 0 
7ff80b87e000-7ff80b97c000 rw-p 00000000 00:00 0 
7ff80b97c000-7ff80b981000 r-xp 00000000 08:03 5268766                    /usr/lib/libXfixes.so.3.1.0
7ff80b981000-7ff80bb80000 ---p 00005000 08:03 5268766                    /usr/lib/libXfixes.so.3.1.0
7ff80bb80000-7ff80bb81000 r--p 00004000 08:03 5268766                    /usr/lib/libXfixes.so.3.1.0
7ff80bb81000-7ff80bb82000 rw-p 00005000 08:03 5268766                    /usr/lib/libXfixes.so.3.1.0
7ff80bb82000-7ff80bb8c000 r-xp 00000000 08:03 5269218                    /usr/lib/libXcursor.so.1.0.2
7ff80bb8c000-7ff80bd8b000 ---p 0000a000 08:03 5269218                    /usr/lib/libXcursor.so.1.0.2
7ff80bd8b000-7ff80bd8c000 r--p 00009000 08:03 5269218                    /usr/lib/libXcursor.so.1.0.2
7ff80bd8c000-7ff80bd8d000 rw-p 0000a000 08:03 5269218                    /usr/lib/libXcursor.so.1.0.2
7ff80bd8d000-7ff80bdff000 r-xp 00000000 08:03 5254181                    /usr/lib/libpcre.so.1.2.7
7ff80bdff000-7ff80bffe000 ---p 00072000 08:03 5254181                    /usr/lib/libpcre.so.1.2.7
7ff80bffe000-7ff80bfff000 r--p 00071000 08:03 5254181                    /usr/lib/libpcre.so.1.2.7
7ff80bfff000-7ff80c000000 rw-p 00072000 08:03 5254181                    /usr/lib/libpcre.so.1.2.7
7ff80c000000-7ff80c021000 rw-p 00000000 00:00 0 
7ff80c021000-7ff810000000 ---p 00000000 00:00 0 
7ff810001000-7ff810014000 rw-s 367f87000 00:06 9877                      /dev/nvidiactl
7ff810014000-7ff810054000 rw-s 399ee1000 00:06 9877                      /dev/nvidiactl
7ff810054000-7ff810057000 ---p 00000000 00:00 0 
7ff810057000-7ff810155000 rw-p 00000000 00:00 0 
7ff810155000-7ff81017f000 r-xp 00000000 08:03 5264449                    /usr/lib/libgraphite2.so.3.0.1
7ff81017f000-7ff81037e000 ---p 0002a000 08:03 5264449                    /usr/lib/libgraphite2.so.3.0.1
7ff81037e000-7ff810380000 r--p 00029000 08:03 5264449                    /usr/lib/libgraphite2.so.3.0.1
7ff810380000-7ff810381000 rw-p 0002b000 08:03 5264449                    /usr/lib/libgraphite2.so.3.0.1
7ff810381000-7ff81048e000 r-xp 00000000 08:03 5256081                    /usr/lib/libglib-2.0.so.0.4800.1
7ff81048e000-7ff81068d000 ---p 0010d000 08:03 5256081                    /usr/lib/libglib-2.0.so.0.4800.1
7ff81068d000-7ff81068e000 r--p 0010c000 08:03 5256081                    /usr/lib/libglib-2.0.so.0.4800.1
7ff81068e000-7ff81068f000 rw-p 0010d000 08:03 5256081                    /usr/lib/libglib-2.0.so.0.4800.1
7ff81068f000-7ff810690000 rw-p 00000000 00:00 0 
7ff810690000-7ff81070a000 r-xp 00000000 08:03 5264460                    /usr/lib/libharfbuzz.so.0.10200.7
7ff81070a000-7ff81090a000 ---p 0007a000 08:03 5264460                    /usr/lib/libharfbuzz.so.0.10200.7
7ff81090a000-7ff81090b000 r--p 0007a000 08:03 5264460                    /usr/lib/libharfbuzz.so.0.10200.7
7ff81090b000-7ff81090c000 rw-p 0007b000 08:03 5264460                    /usr/lib/libharfbuzz.so.0.10200.7
7ff81090c000-7ff810940000 r-xp 00000000 08:03 5264433                    /usr/lib/libpng16.so.16.23.0
7ff810940000-7ff810b40000 ---p 00034000 08:03 5264433                    /usr/lib/libpng16.so.16.23.0
7ff810b40000-7ff810b41000 r--p 00034000 08:03 5264433                    /usr/lib/libpng16.so.16.23.0
7ff810b41000-7ff810b42000 rw-p 00035000 08:03 5264433                    /usr/lib/libpng16.so.16.23.0
7ff810b42000-7ff810b51000 r-xp 00000000 08:03 5249251                    /usr/lib/libbz2.so.1.0.6
7ff810b51000-7ff810d50000 ---p 0000f000 08:03 5249251                    /usr/lib/libbz2.so.1.0.6
7ff810d50000-7ff810d52000 rw-p 0000e000 08:03 5249251                    /usr/lib/libbz2.so.1.0.6
7ff810d52000-7ff810d68000 r-xp 00000000 08:03 5246433                    /usr/lib/libgcc_s.so.1
7ff810d68000-7ff810f67000 ---p 00016000 08:03 5246433                    /usr/lib/libgcc_s.so.1
7ff810f67000-7ff810f68000 rw-p 00015000 08:03 5246433                    /usr/lib/libgcc_s.so.1
7ff810f68000-7ff81101e000 r-xp 00000000 08:03 5264483                    /usr/lib/libfreetype.so.6.12.5
7ff81101e000-7ff81121d000 ---p 000b6000 08:03 5264483                    /usr/lib/libfreetype.so.6.12.5
7ff81121d000-7ff811223000 r--p 000b5000 08:03 5264483                    /usr/lib/libfreetype.so.6.12.5
7ff811223000-7ff811224000 rw-p 000bb000 08:03 5264483                    /usr/lib/libfreetype.so.6.12.5
7ff811224000-7ff811285000 r-xp 00000000 08:03 5905449                    /usr/lib/jvm/java-8-openjdk/jre/lib/amd64/libfontmanager.so
7ff811285000-7ff811485000 ---p 00061000 08:03 5905449                    /usr/lib/jvm/java-8-openjdk/jre/lib/amd64/libfontmanager.so
7ff811485000-7ff811489000 rw-p 00061000 08:03 5905449                    /usr/lib/jvm/java-8-openjdk/jre/lib/amd64/libfontmanager.so
7ff811489000-7ff81148e000 r-xp 00000000 08:03 5264426                    /usr/lib/libXdmcp.so.6.0.0
7ff81148e000-7ff81168d000 ---p 00005000 08:03 5264426                    /usr/lib/libXdmcp.so.6.0.0
7ff81168d000-7ff81168e000 r--p 00004000 08:03 5264426                    /usr/lib/libXdmcp.so.6.0.0
7ff81168e000-7ff81168f000 rw-p 00005000 08:03 5264426                    /usr/lib/libXdmcp.so.6.0.0
7ff81168f000-7ff811691000 r-xp 00000000 08:03 5264569                    /usr/lib/libXau.so.6.0.0
7ff811691000-7ff811891000 ---p 00002000 08:03 5264569                    /usr/lib/libXau.so.6.0.0
7ff811891000-7ff811892000 r--p 00002000 08:03 5264569                    /usr/lib/libXau.so.6.0.0
7ff811892000-7ff811893000 rw-p 00003000 08:03 5264569                    /usr/lib/libXau.so.6.0.0
7ff811893000-7ff8118bb000 r-xp 00000000 08:03 5264668                    /usr/lib/libxcb.so.1.1.0
7ff8118bb000-7ff811aba000 ---p 00028000 08:03 5264668                    /usr/lib/libxcb.so.1.1.0
7ff811aba000-7ff811abb000 r--p 00027000 08:03 5264668                    /usr/lib/libxcb.so.1.1.0
7ff811abb000-7ff811abc000 rw-p 00028000 08:03 5264668                    /usr/lib/libxcb.so.1.1.0
7ff811abc000-7ff811acb000 r-xp 00000000 08:03 5269325                    /usr/lib/libXi.so.6.1.0
7ff811acb000-7ff811cca000 ---p 0000f000 08:03 5269325                    /usr/lib/libXi.so.6.1.0
7ff811cca000-7ff811ccb000 r--p 0000e000 08:03 5269325                    /usr/lib/libXi.so.6.1.0
7ff811ccb000-7ff811ccc000 rw-p 0000f000 08:03 5269325                    /usr/lib/libXi.so.6.1.0
7ff811ccc000-7ff811cd1000 r-xp 00000000 08:03 5269506                    /usr/lib/libXtst.so.6.1.0
7ff811cd1000-7ff811ed0000 ---p 00005000 08:03 5269506                    /usr/lib/libXtst.so.6.1.0
7ff811ed0000-7ff811ed1000 r--p 00004000 08:03 5269506                    /usr/lib/libXtst.so.6.1.0
7ff811ed1000-7ff811ed2000 rw-p 00005000 08:03 5269506                    /usr/lib/libXtst.so.6.1.0
7ff811ed2000-7ff811edb000 r-xp 00000000 08:03 5268501                    /usr/lib/libXrender.so.1.3.0
7ff811edb000-7ff8120da000 ---p 00009000 08:03 5268501                    /usr/lib/libXrender.so.1.3.0
7ff8120da000-7ff8120db000 r--p 00008000 08:03 5268501                    /usr/lib/libXrender.so.1.3.0
7ff8120db000-7ff8120dc000 rw-p 00009000 08:03 5268501                    /usr/lib/libXrender.so.1.3.0
7ff8120dc000-7ff812217000 r-xp 00000000 08:03 5266962                    /usr/lib/libX11.so.6.3.0
7ff812217000-7ff812416000 ---p 0013b000 08:03 5266962                    /usr/lib/libX11.so.6.3.0
7ff812416000-7ff812418000 r--p 0013a000 08:03 5266962                    /usr/lib/libX11.so.6.3.0
7ff812418000-7ff81241d000 rw-p 0013c000 08:03 5266962                    /usr/lib/libX11.so.6.3.0
7ff81241d000-7ff81241e000 rw-p 00000000 00:00 0 
7ff81241e000-7ff81242f000 r-xp 00000000 08:03 5268193                    /usr/lib/libXext.so.6.4.0
7ff81242f000-7ff81262e000 ---p 00011000 08:03 5268193                    /usr/lib/libXext.so.6.4.0
7ff81262e000-7ff81262f000 r--p 00010000 08:03 5268193                    /usr/lib/libXext.so.6.4.0
7ff81262f000-7ff812630000 rw-p 00011000 08:03 5268193                    /usr/lib/libXext.so.6.4.0
7ff812630000-7ff812683000 r-xp 00000000 08:03 5905447                    /usr/lib/jvm/java-8-openjdk/jre/lib/amd64/libawt_xawt.so
7ff812683000-7ff812883000 ---p 00053000 08:03 5905447                    /usr/lib/jvm/java-8-openjdk/jre/lib/amd64/libawt_xawt.so
7ff812883000-7ff812886000 rw-p 00053000 08:03 5905447                    /usr/lib/jvm/java-8-openjdk/jre/lib/amd64/libawt_xawt.so
7ff812886000-7ff812887000 rw-p 00000000 00:00 0 
7ff812887000-7ff812925000 r-xp 00000000 08:03 5905442                    /usr/lib/jvm/java-8-openjdk/jre/lib/amd64/libawt.so
7ff812925000-7ff812b25000 ---p 0009e000 08:03 5905442                    /usr/lib/jvm/java-8-openjdk/jre/lib/amd64/libawt.so
7ff812b25000-7ff812b31000 rw-p 0009e000 08:03 5905442                    /usr/lib/jvm/java-8-openjdk/jre/lib/amd64/libawt.so
7ff812b31000-7ff812b55000 rw-p 00000000 00:00 0 
7ff812b55000-7ff812b56000 ---p 00000000 00:00 0 
7ff812b56000-7ff812c56000 rw-p 00000000 00:00 0 
7ff812c56000-7ff812c59000 ---p 00000000 00:00 0 
7ff812c59000-7ff812d57000 rw-p 00000000 00:00 0 
7ff812d57000-7ff812d5a000 ---p 00000000 00:00 0 
7ff812d5a000-7ff812e58000 rw-p 00000000 00:00 0 
7ff812e58000-7ff812e5b000 ---p 00000000 00:00 0 
7ff812e5b000-7ff812f59000 rw-p 00000000 00:00 0 
7ff812f59000-7ff812f5c000 ---p 00000000 00:00 0 
7ff812f5c000-7ff81305a000 rw-p 00000000 00:00 0 
7ff81305a000-7ff81305d000 ---p 00000000 00:00 0 
7ff81305d000-7ff81315b000 rw-p 00000000 00:00 0 
7ff81315b000-7ff81315e000 ---p 00000000 00:00 0 
7ff81315e000-7ff81325c000 rw-p 00000000 00:00 0 
7ff81325c000-7ff8133f4000 r--p 00000000 08:03 5281274                    /usr/lib/locale/locale-archive
7ff8133f4000-7ff8133f7000 ---p 00000000 00:00 0 
7ff8133f7000-7ff8134f5000 rw-p 00000000 00:00 0 
7ff8134f5000-7ff8134f8000 ---p 00000000 00:00 0 
7ff8134f8000-7ff8135f6000 rw-p 00000000 00:00 0 
7ff8135f6000-7ff8135f7000 ---p 00000000 00:00 0 
7ff8135f7000-7ff814000000 rw-p 00000000 00:00 0 
7ff814000000-7ff814021000 rw-p 00000000 00:00 0 
7ff814021000-7ff818000000 ---p 00000000 00:00 0 
7ff818001000-7ff818002000 rw-s 367f85000 00:06 9877                      /dev/nvidiactl
7ff818002000-7ff818006000 rw-s 3d41f0000 00:06 9877                      /dev/nvidiactl
7ff818006000-7ff818007000 rw-s cfd68000 00:06 13745                      /dev/nvidia0
7ff818007000-7ff818008000 rw-s cfd68000 00:06 13745                      /dev/nvidia0
7ff818008000-7ff818009000 rw-s cfd68000 00:06 13745                      /dev/nvidia0
7ff818009000-7ff81801c000 rw-s 399d3b000 00:06 9877                      /dev/nvidiactl
7ff818023000-7ff818024000 rw-s 399f6f000 00:06 9877                      /dev/nvidiactl
7ff818024000-7ff818025000 rw-s cfd69000 00:06 13745                      /dev/nvidia0
7ff818025000-7ff818026000 rw-s cfd68000 00:06 13745                      /dev/nvidia0
7ff818026000-7ff818027000 rw-s cfd68000 00:06 13745                      /dev/nvidia0
7ff818027000-7ff818028000 rw-s 39b1f9000 00:06 9877                      /dev/nvidiactl
7ff818028000-7ff818038000 r-xp 00000000 08:03 5253231                    /usr/lib/libnss_myhostname.so.2
7ff818038000-7ff818039000 ---p 00010000 08:03 5253231                    /usr/lib/libnss_myhostname.so.2
7ff818039000-7ff81803b000 r--p 00010000 08:03 5253231                    /usr/lib/libnss_myhostname.so.2
7ff81803b000-7ff81803c000 rw-p 00012000 08:03 5253231                    /usr/lib/libnss_myhostname.so.2
7ff81803c000-7ff81804c000 rw-s 00000000 08:03 3147042                    /home/twittumz/#3147042 (deleted)
7ff81804c000-7ff81805c000 r-xs 00000000 08:03 3147042                    /home/twittumz/#3147042 (deleted)
7ff81805c000-7ff81808d000 rw-p 00000000 00:00 0 
7ff81808d000-7ff818090000 ---p 00000000 00:00 0 
7ff818090000-7ff8180c6000 rw-p 00000000 00:00 0 
7ff8180c6000-7ff8180ea000 r--s 0031e000 08:03 3279997                    /home/twittumz/Desktop/git/2DMapEditor/libs/jogl/jar/jogl-all.jar
7ff8180ea000-7ff819000000 rw-p 00000000 00:00 0 
7ff819000000-7ff819370000 rwxp 00000000 00:00 0 
7ff819370000-7ff828000000 ---p 00000000 00:00 0 
7ff828000000-7ff828b12000 rw-p 00000000 00:00 0 
7ff828b12000-7ff82c000000 ---p 00000000 00:00 0 
7ff82c000000-7ff82c001000 rw-s 3d41f6000 00:06 9877                      /dev/nvidiactl
7ff82c001000-7ff82c002000 rw-s de060000 00:06 13745                      /dev/nvidia0
7ff82c002000-7ff82c003000 rw-s 399d3a000 00:06 9877                      /dev/nvidiactl
7ff82c003000-7ff82c007000 rw-s 3d535f000 00:06 9877                      /dev/nvidiactl
7ff82c007000-7ff82c008000 rw-s cfd68000 00:06 13745                      /dev/nvidia0
7ff82c008000-7ff82c009000 rw-s cfd68000 00:06 13745                      /dev/nvidia0
7ff82c009000-7ff82c00a000 rw-s cfd68000 00:06 13745                      /dev/nvidia0
7ff82c00a000-7ff82c00b000 rw-s 3d503e000 00:06 9877                      /dev/nvidiactl
7ff82c00b000-7ff82c00d000 r--s 00000000 08:03 3279886                    /home/twittumz/Desktop/git/2DMapEditor/libs/jogl/jar/gluegen-rt-natives-linux-amd64.jar
7ff82c00d000-7ff82c020000 r--s 00345000 08:03 5905402                    /usr/lib/jvm/java-8-openjdk/jre/lib/resources.jar
7ff82c020000-7ff82c424000 rw-p 00000000 00:00 0 
7ff82c424000-7ff82c5f1000 r--s 03bec000 08:03 5905403                    /usr/lib/jvm/java-8-openjdk/jre/lib/rt.jar
7ff82c5f1000-7ff82d68e000 rw-p 00000000 00:00 0 
7ff82d68e000-7ff82d68f000 ---p 00000000 00:00 0 
7ff82d68f000-7ff82d78f000 rw-p 00000000 00:00 0 
7ff82d78f000-7ff82d790000 ---p 00000000 00:00 0 
7ff82d790000-7ff82d890000 rw-p 00000000 00:00 0 
7ff82d890000-7ff82d891000 ---p 00000000 00:00 0 
7ff82d891000-7ff82d991000 rw-p 00000000 00:00 0 
7ff82d991000-7ff82d992000 ---p 00000000 00:00 0 
7ff82d992000-7ff82da92000 rw-p 00000000 00:00 0 
7ff82da92000-7ff82da93000 ---p 00000000 00:00 0 
7ff82da93000-7ff82db93000 rw-p 00000000 00:00 0 
7ff82db93000-7ff82db94000 ---p 00000000 00:00 0 
7ff82db94000-7ff82dc94000 rw-p 00000000 00:00 0 
7ff82dc94000-7ff82dc95000 ---p 00000000 00:00 0 
7ff82dc95000-7ff82dd95000 rw-p 00000000 00:00 0 
7ff82dd95000-7ff82dd96000 ---p 00000000 00:00 0 
7ff82dd96000-7ff82deea000 rw-p 00000000 00:00 0 
7ff82deea000-7ff82e3c9000 ---p 00000000 00:00 0 
7ff82e3c9000-7ff82e41d000 rw-p 00000000 00:00 0 
7ff82e41d000-7ff82e8fb000 ---p 00000000 00:00 0 
7ff82e8fb000-7ff82e926000 rw-p 00000000 00:00 0 
7ff82e926000-7ff82eb95000 ---p 00000000 00:00 0 
7ff82eb95000-7ff82eba4000 rw-p 00000000 00:00 0 
7ff82eba4000-7ff82ef56000 ---p 00000000 00:00 0 
7ff82ef56000-7ff82ef5e000 r-xp 00000000 08:03 5905430                    /usr/lib/jvm/java-8-openjdk/jre/lib/amd64/libzip.so
7ff82ef5e000-7ff82f15d000 ---p 00008000 08:03 5905430                    /usr/lib/jvm/java-8-openjdk/jre/lib/amd64/libzip.so
7ff82f15d000-7ff82f15e000 rw-p 00007000 08:03 5905430                    /usr/lib/jvm/java-8-openjdk/jre/lib/amd64/libzip.so
7ff82f15e000-7ff82f169000 r-xp 00000000 08:03 5246155                    /usr/lib/libnss_files-2.23.so
7ff82f169000-7ff82f368000 ---p 0000b000 08:03 5246155                    /usr/lib/libnss_files-2.23.so
7ff82f368000-7ff82f369000 r--p 0000a000 08:03 5246155                    /usr/lib/libnss_files-2.23.so
7ff82f369000-7ff82f36a000 rw-p 0000b000 08:03 5246155                    /usr/lib/libnss_files-2.23.so
7ff82f36a000-7ff82f370000 rw-p 00000000 00:00 0 
7ff82f370000-7ff82f39c000 r-xp 00000000 08:03 5905429                    /usr/lib/jvm/java-8-openjdk/jre/lib/amd64/libjava.so
7ff82f39c000-7ff82f59c000 ---p 0002c000 08:03 5905429                    /usr/lib/jvm/java-8-openjdk/jre/lib/amd64/libjava.so
7ff82f59c000-7ff82f59e000 rw-p 0002c000 08:03 5905429                    /usr/lib/jvm/java-8-openjdk/jre/lib/amd64/libjava.so
7ff82f59e000-7ff82f5ab000 r-xp 00000000 08:03 5905422                    /usr/lib/jvm/java-8-openjdk/jre/lib/amd64/libverify.so
7ff82f5ab000-7ff82f7aa000 ---p 0000d000 08:03 5905422                    /usr/lib/jvm/java-8-openjdk/jre/lib/amd64/libverify.so
7ff82f7aa000-7ff82f7ac000 rw-p 0000c000 08:03 5905422                    /usr/lib/jvm/java-8-openjdk/jre/lib/amd64/libverify.so
7ff82f7ac000-7ff82f7b3000 r-xp 00000000 08:03 5246163                    /usr/lib/librt-2.23.so
7ff82f7b3000-7ff82f9b2000 ---p 00007000 08:03 5246163                    /usr/lib/librt-2.23.so
7ff82f9b2000-7ff82f9b3000 r--p 00006000 08:03 5246163                    /usr/lib/librt-2.23.so
7ff82f9b3000-7ff82f9b4000 rw-p 00007000 08:03 5246163                    /usr/lib/librt-2.23.so
7ff82f9b4000-7ff82fab7000 r-xp 00000000 08:03 5246160                    /usr/lib/libm-2.23.so
7ff82fab7000-7ff82fcb6000 ---p 00103000 08:03 5246160                    /usr/lib/libm-2.23.so
7ff82fcb6000-7ff82fcb7000 r--p 00102000 08:03 5246160                    /usr/lib/libm-2.23.so
7ff82fcb7000-7ff82fcb8000 rw-p 00103000 08:03 5246160                    /usr/lib/libm-2.23.so
7ff82fcb8000-7ff83090d000 r-xp 00000000 08:03 6170591                    /usr/lib/jvm/java-8-openjdk/jre/lib/amd64/server/libjvm.so
7ff83090d000-7ff830b0d000 ---p 00c55000 08:03 6170591                    /usr/lib/jvm/java-8-openjdk/jre/lib/amd64/server/libjvm.so
7ff830b0d000-7ff830bc9000 rw-p 00c55000 08:03 6170591                    /usr/lib/jvm/java-8-openjdk/jre/lib/amd64/server/libjvm.so
7ff830bc9000-7ff830bf9000 rw-p 00000000 00:00 0 
7ff830bf9000-7ff830d90000 r-xp 00000000 08:03 5246102                    /usr/lib/libc-2.23.so
7ff830d90000-7ff830f90000 ---p 00197000 08:03 5246102                    /usr/lib/libc-2.23.so
7ff830f90000-7ff830f94000 r--p 00197000 08:03 5246102                    /usr/lib/libc-2.23.so
7ff830f94000-7ff830f96000 rw-p 0019b000 08:03 5246102                    /usr/lib/libc-2.23.so
7ff830f96000-7ff830f9a000 rw-p 00000000 00:00 0 
7ff830f9a000-7ff830f9c000 r-xp 00000000 08:03 5246159                    /usr/lib/libdl-2.23.so
7ff830f9c000-7ff83119c000 ---p 00002000 08:03 5246159                    /usr/lib/libdl-2.23.so
7ff83119c000-7ff83119d000 r--p 00002000 08:03 5246159                    /usr/lib/libdl-2.23.so
7ff83119d000-7ff83119e000 rw-p 00003000 08:03 5246159                    /usr/lib/libdl-2.23.so
7ff83119e000-7ff8311ab000 r-xp 00000000 08:03 6170588                    /usr/lib/jvm/java-8-openjdk/jre/lib/amd64/jli/libjli.so
7ff8311ab000-7ff8313aa000 ---p 0000d000 08:03 6170588                    /usr/lib/jvm/java-8-openjdk/jre/lib/amd64/jli/libjli.so
7ff8313aa000-7ff8313ab000 rw-p 0000c000 08:03 6170588                    /usr/lib/jvm/java-8-openjdk/jre/lib/amd64/jli/libjli.so
7ff8313ab000-7ff8313c0000 r-xp 00000000 08:03 5253324                    /usr/lib/libz.so.1.2.8
7ff8313c0000-7ff8315bf000 ---p 00015000 08:03 5253324                    /usr/lib/libz.so.1.2.8
7ff8315bf000-7ff8315c0000 r--p 00014000 08:03 5253324                    /usr/lib/libz.so.1.2.8
7ff8315c0000-7ff8315c1000 rw-p 00015000 08:03 5253324                    /usr/lib/libz.so.1.2.8
7ff8315c1000-7ff8315d9000 r-xp 00000000 08:03 5246083                    /usr/lib/libpthread-2.23.so
7ff8315d9000-7ff8317d8000 ---p 00018000 08:03 5246083                    /usr/lib/libpthread-2.23.so
7ff8317d8000-7ff8317d9000 r--p 00017000 08:03 5246083                    /usr/lib/libpthread-2.23.so
7ff8317d9000-7ff8317da000 rw-p 00018000 08:03 5246083                    /usr/lib/libpthread-2.23.so
7ff8317da000-7ff8317de000 rw-p 00000000 00:00 0 
7ff8317de000-7ff831801000 r-xp 00000000 08:03 5246101                    /usr/lib/ld-2.23.so
7ff831801000-7ff831802000 r--s 00036000 08:03 3279976                    /home/twittumz/Desktop/git/2DMapEditor/libs/jogl/jar/jogl-all-natives-linux-amd64.jar
7ff831802000-7ff831803000 r--p 00000000 00:00 0 
7ff831803000-7ff831807000 r--s 00097000 08:03 5905401                    /usr/lib/jvm/java-8-openjdk/jre/lib/jsse.jar
7ff831807000-7ff8318ca000 rw-p 00000000 00:00 0 
7ff8318ca000-7ff8318cd000 ---p 00000000 00:00 0 
7ff8318cd000-7ff8319cf000 rw-p 00000000 00:00 0 
7ff8319cf000-7ff8319d5000 r--s 0004f000 08:03 3279895                    /home/twittumz/Desktop/git/2DMapEditor/libs/jogl/jar/gluegen-rt.jar
7ff8319d5000-7ff8319f6000 rw-p 00000000 00:00 0 
7ff8319f6000-7ff8319fe000 rw-s 00000000 00:23 156488                     /tmp/hsperfdata_twittumz/28320
7ff8319fe000-7ff8319ff000 rw-p 00000000 00:00 0 
7ff8319ff000-7ff831a00000 r--p 00000000 00:00 0 
7ff831a00000-7ff831a01000 rw-p 00000000 00:00 0 
7ff831a01000-7ff831a02000 r--p 00023000 08:03 5246101                    /usr/lib/ld-2.23.so
7ff831a02000-7ff831a03000 rw-p 00024000 08:03 5246101                    /usr/lib/ld-2.23.so
7ff831a03000-7ff831a04000 rw-p 00000000 00:00 0 
7ffcb69c2000-7ffcb69e3000 rw-p 00000000 00:00 0                          [stack]
7ffcb69f7000-7ffcb69fa000 r--p 00000000 00:00 0                          [vvar]
7ffcb69fa000-7ffcb69fc000 r-xp 00000000 00:00 0                          [vdso]
ffffffffff600000-ffffffffff601000 r-xp 00000000 00:00 0                  [vsyscall]

VM Arguments:
jvm_args: -Dfile.encoding=UTF-8 
java_command: Editor.Main
java_class_path (initial): /home/twittumz/Desktop/git/2DMapEditor/2dMapEditor/bin:/home/twittumz/Desktop/git/2DMapEditor/libs/jogl/jar/gluegen-rt.jar:/home/twittumz/Desktop/git/2DMapEditor/libs/jogl/jar/jogl-all.jar
Launcher Type: SUN_STANDARD

Environment Variables:
PATH=/usr/local/sbin:/usr/local/bin:/usr/bin:/usr/lib/jvm/default/bin:/usr/bin/site_perl:/usr/bin/vendor_perl:/usr/bin/core_perl
USERNAME=twittumz
SHELL=/bin/bash
DISPLAY=:1

Signal Handlers:
SIGSEGV: [libjvm.so+0xa5a220], sa_mask[0]=11111111011111111101111111111110, sa_flags=SA_RESTART|SA_SIGINFO
SIGBUS: [libjvm.so+0xa5a220], sa_mask[0]=11111111011111111101111111111110, sa_flags=SA_RESTART|SA_SIGINFO
SIGFPE: [libjvm.so+0x8a5a90], sa_mask[0]=11111111011111111101111111111110, sa_flags=SA_RESTART|SA_SIGINFO
SIGPIPE: [libjvm.so+0x8a5a90], sa_mask[0]=11111111011111111101111111111110, sa_flags=SA_RESTART|SA_SIGINFO
SIGXFSZ: [libjvm.so+0x8a5a90], sa_mask[0]=11111111011111111101111111111110, sa_flags=SA_RESTART|SA_SIGINFO
SIGILL: [libjvm.so+0x8a5a90], sa_mask[0]=11111111011111111101111111111110, sa_flags=SA_RESTART|SA_SIGINFO
SIGUSR1: SIG_DFL, sa_mask[0]=00000000000000000000000000000000, sa_flags=none
SIGUSR2: [libjvm.so+0x8a5940], sa_mask[0]=00100000000000000000000000000000, sa_flags=SA_RESTART|SA_SIGINFO
SIGHUP: [libjvm.so+0x8a5e10], sa_mask[0]=11111111011111111101111111111110, sa_flags=SA_RESTART|SA_SIGINFO
SIGINT: [libjvm.so+0x8a5e10], sa_mask[0]=11111111011111111101111111111110, sa_flags=SA_RESTART|SA_SIGINFO
SIGTERM: [libjvm.so+0x8a5e10], sa_mask[0]=11111111011111111101111111111110, sa_flags=SA_RESTART|SA_SIGINFO
SIGQUIT: [libjvm.so+0x8a5e10], sa_mask[0]=11111111011111111101111111111110, sa_flags=SA_RESTART|SA_SIGINFO


---------------  S Y S T E M  ---------------

OS:NAME="Arch Linux"
ID=arch
PRETTY_NAME="Arch Linux"
ANSI_COLOR="0;36"
HOME_URL="https://www.archlinux.org/"
SUPPORT_URL="https://bbs.archlinux.org/"
BUG_REPORT_URL="https://bugs.archlinux.org/"


uname:Linux 4.6.3-1-ARCH #1 SMP PREEMPT Fri Jun 24 21:19:13 CEST 2016 x86_64
libc:glibc 2.23 NPTL 2.23 
rlimit: STACK 8192k, CORE infinity, NPROC 63849, NOFILE 4096, AS infinity
load average:0.56 0.41 0.38

/proc/meminfo:
MemTotal:       16350744 kB
MemFree:        11362832 kB
MemAvailable:   12582392 kB
Buffers:           71300 kB
Cached:          1399008 kB
SwapCached:            0 kB
Active:          3534536 kB
Inactive:        1112388 kB
Active(anon):    3177660 kB
Inactive(anon):    31848 kB
Active(file):     356876 kB
Inactive(file):  1080540 kB
Unevictable:           0 kB
Mlocked:               0 kB
SwapTotal:       4191228 kB
SwapFree:        4191228 kB
Dirty:               280 kB
Writeback:             0 kB
AnonPages:       2796728 kB
Mapped:           397644 kB
Shmem:             32896 kB
Slab:             121544 kB
SReclaimable:      78952 kB
SUnreclaim:        42592 kB
KernelStack:        9536 kB
PageTables:        30184 kB
NFS_Unstable:          0 kB
Bounce:                0 kB
WritebackTmp:          0 kB
CommitLimit:    12366600 kB
Committed_AS:    6187912 kB
VmallocTotal:   34359738367 kB
VmallocUsed:           0 kB
VmallocChunk:          0 kB
HardwareCorrupted:     0 kB
AnonHugePages:   1523712 kB
HugePages_Total:       0
HugePages_Free:        0
HugePages_Rsvd:        0
HugePages_Surp:        0
Hugepagesize:       2048 kB
DirectMap4k:      251356 kB
DirectMap2M:     7002112 kB
DirectMap1G:     9437184 kB


CPU:total 8 (4 cores per cpu, 2 threads per core) family 6 model 94 stepping 3, cmov, cx8, fxsr, mmx, sse, sse2, sse3, ssse3, sse4.1, sse4.2, popcnt, avx, avx2, aes, clmul, erms, rtm, 3dnowpref, lzcnt, ht, tsc, tscinvbit, bmi1, bmi2, adx

/proc/cpuinfo:
processor	: 0
vendor_id	: GenuineIntel
cpu family	: 6
model		: 94
model name	: Intel(R) Core(TM) i7-6700K CPU @ 4.00GHz
stepping	: 3
microcode	: 0x6a
cpu MHz		: 4152.968
cache size	: 8192 KB
physical id	: 0
siblings	: 8
core id		: 0
cpu cores	: 4
apicid		: 0
initial apicid	: 0
fpu		: yes
fpu_exception	: yes
cpuid level	: 22
wp		: yes
flags		: fpu vme de pse tsc msr pae mce cx8 apic sep mtrr pge mca cmov pat pse36 clflush dts acpi mmx fxsr sse sse2 ss ht tm pbe syscall nx pdpe1gb rdtscp lm constant_tsc art arch_perfmon pebs bts rep_good nopl xtopology nonstop_tsc aperfmperf eagerfpu pni pclmulqdq dtes64 monitor ds_cpl vmx est tm2 ssse3 sdbg fma cx16 xtpr pdcm pcid sse4_1 sse4_2 x2apic movbe popcnt tsc_deadline_timer aes xsave avx f16c rdrand lahf_lm abm 3dnowprefetch epb intel_pt tpr_shadow vnmi flexpriority ept vpid fsgsbase tsc_adjust bmi1 hle avx2 smep bmi2 erms invpcid rtm mpx rdseed adx smap clflushopt xsaveopt xsavec xgetbv1 dtherm ida arat pln pts hwp hwp_notify hwp_act_window hwp_epp
bugs		:
bogomips	: 8019.73
clflush size	: 64
cache_alignment	: 64
address sizes	: 39 bits physical, 48 bits virtual
power management:

processor	: 1
vendor_id	: GenuineIntel
cpu family	: 6
model		: 94
model name	: Intel(R) Core(TM) i7-6700K CPU @ 4.00GHz
stepping	: 3
microcode	: 0x6a
cpu MHz		: 4100.000
cache size	: 8192 KB
physical id	: 0
siblings	: 8
core id		: 1
cpu cores	: 4
apicid		: 2
initial apicid	: 2
fpu		: yes
fpu_exception	: yes
cpuid level	: 22
wp		: yes
flags		: fpu vme de pse tsc msr pae mce cx8 apic sep mtrr pge mca cmov pat pse36 clflush dts acpi mmx fxsr sse sse2 ss ht tm pbe syscall nx pdpe1gb rdtscp lm constant_tsc art arch_perfmon pebs bts rep_good nopl xtopology nonstop_tsc aperfmperf eagerfpu pni pclmulqdq dtes64 monitor ds_cpl vmx est tm2 ssse3 sdbg fma cx16 xtpr pdcm pcid sse4_1 sse4_2 x2apic movbe popcnt tsc_deadline_timer aes xsave avx f16c rdrand lahf_lm abm 3dnowprefetch epb intel_pt tpr_shadow vnmi flexpriority ept vpid fsgsbase tsc_adjust bmi1 hle avx2 smep bmi2 erms invpcid rtm mpx rdseed adx smap clflushopt xsaveopt xsavec xgetbv1 dtherm ida arat pln pts hwp hwp_notify hwp_act_window hwp_epp
bugs		:
bogomips	: 8020.80
clflush size	: 64
cache_alignment	: 64
address sizes	: 39 bits physical, 48 bits virtual
power management:

processor	: 2
vendor_id	: GenuineIntel
cpu family	: 6
model		: 94
model name	: Intel(R) Core(TM) i7-6700K CPU @ 4.00GHz
stepping	: 3
microcode	: 0x6a
cpu MHz		: 4289.687
cache size	: 8192 KB
physical id	: 0
siblings	: 8
core id		: 2
cpu cores	: 4
apicid		: 4
initial apicid	: 4
fpu		: yes
fpu_exception	: yes
cpuid level	: 22
wp		: yes
flags		: fpu vme de pse tsc msr pae mce cx8 apic sep mtrr pge mca cmov pat pse36 clflush dts acpi mmx fxsr sse sse2 ss ht tm pbe syscall nx pdpe1gb rdtscp lm constant_tsc art arch_perfmon pebs bts rep_good nopl xtopology nonstop_tsc aperfmperf eagerfpu pni pclmulqdq dtes64 monitor ds_cpl vmx est tm2 ssse3 sdbg fma cx16 xtpr pdcm pcid sse4_1 sse4_2 x2apic movbe popcnt tsc_deadline_timer aes xsave avx f16c rdrand lahf_lm abm 3dnowprefetch epb intel_pt tpr_shadow vnmi flexpriority ept vpid fsgsbase tsc_adjust bmi1 hle avx2 smep bmi2 erms invpcid rtm mpx rdseed adx smap clflushopt xsaveopt xsavec xgetbv1 dtherm ida arat pln pts hwp hwp_notify hwp_act_window hwp_epp
bugs		:
bogomips	: 8021.87
clflush size	: 64
cache_alignment	: 64
address sizes	: 39 bits physical, 48 bits virtual
power management:

processor	: 3
vendor_id	: GenuineIntel
cpu family	: 6
model		: 94
model name	: Intel(R) Core(TM) i7-6700K CPU @ 4.00GHz
stepping	: 3
microcode	: 0x6a
cpu MHz		: 4101.875
cache size	: 8192 KB
physical id	: 0
siblings	: 8
core id		: 3
cpu cores	: 4
apicid		: 6
initial apicid	: 6
fpu		: yes
fpu_exception	: yes
cpuid level	: 22
wp		: yes
flags		: fpu vme de pse tsc msr pae mce cx8 apic sep mtrr pge mca cmov pat pse36 clflush dts acpi mmx fxsr sse sse2 ss ht tm pbe syscall nx pdpe1gb rdtscp lm constant_tsc art arch_perfmon pebs bts rep_good nopl xtopology nonstop_tsc aperfmperf eagerfpu pni pclmulqdq dtes64 monitor ds_cpl vmx est tm2 ssse3 sdbg fma cx16 xtpr pdcm pcid sse4_1 sse4_2 x2apic movbe popcnt tsc_deadline_timer aes xsave avx f16c rdrand lahf_lm abm 3dnowprefetch epb intel_pt tpr_shadow vnmi flexpriority ept vpid fsgsbase tsc_adjust bmi1 hle avx2 smep bmi2 erms invpcid rtm mpx rdseed adx smap clflushopt xsaveopt xsavec xgetbv1 dtherm ida arat pln pts hwp hwp_notify hwp_act_window hwp_epp
bugs		:
bogomips	: 8021.87
clflush size	: 64
cache_alignment	: 64
address sizes	: 39 bits physical, 48 bits virtual
power management:

processor	: 4
vendor_id	: GenuineIntel
cpu family	: 6
model		: 94
model name	: Intel(R) Core(TM) i7-6700K CPU @ 4.00GHz
stepping	: 3
microcode	: 0x6a
cpu MHz		: 4130.625
cache size	: 8192 KB
physical id	: 0
siblings	: 8
core id		: 0
cpu cores	: 4
apicid		: 1
initial apicid	: 1
fpu		: yes
fpu_exception	: yes
cpuid level	: 22
wp		: yes
flags		: fpu vme de pse tsc msr pae mce cx8 apic sep mtrr pge mca cmov pat pse36 clflush dts acpi mmx fxsr sse sse2 ss ht tm pbe syscall nx pdpe1gb rdtscp lm constant_tsc art arch_perfmon pebs bts rep_good nopl xtopology nonstop_tsc aperfmperf eagerfpu pni pclmulqdq dtes64 monitor ds_cpl vmx est tm2 ssse3 sdbg fma cx16 xtpr pdcm pcid sse4_1 sse4_2 x2apic movbe popcnt tsc_deadline_timer aes xsave avx f16c rdrand lahf_lm abm 3dnowprefetch epb intel_pt tpr_shadow vnmi flexpriority ept vpid fsgsbase tsc_adjust bmi1 hle avx2 smep bmi2 erms invpcid rtm mpx rdseed adx smap clflushopt xsaveopt xsavec xgetbv1 dtherm ida arat pln pts hwp hwp_notify hwp_act_window hwp_epp
bugs		:
bogomips	: 8021.36
clflush size	: 64
cache_alignment	: 64
address sizes	: 39 bits physical, 48 bits virtual
power management:

processor	: 5
vendor_id	: GenuineIntel
cpu family	: 6
model		: 94
model name	: Intel(R) Core(TM) i7-6700K CPU @ 4.00GHz
stepping	: 3
microcode	: 0x6a
cpu MHz		: 4170.156
cache size	: 8192 KB
physical id	: 0
siblings	: 8
core id		: 1
cpu cores	: 4
apicid		: 3
initial apicid	: 3
fpu		: yes
fpu_exception	: yes
cpuid level	: 22
wp		: yes
flags		: fpu vme de pse tsc msr pae mce cx8 apic sep mtrr pge mca cmov pat pse36 clflush dts acpi mmx fxsr sse sse2 ss ht tm pbe syscall nx pdpe1gb rdtscp lm constant_tsc art arch_perfmon pebs bts rep_good nopl xtopology nonstop_tsc aperfmperf eagerfpu pni pclmulqdq dtes64 monitor ds_cpl vmx est tm2 ssse3 sdbg fma cx16 xtpr pdcm pcid sse4_1 sse4_2 x2apic movbe popcnt tsc_deadline_timer aes xsave avx f16c rdrand lahf_lm abm 3dnowprefetch epb intel_pt tpr_shadow vnmi flexpriority ept vpid fsgsbase tsc_adjust bmi1 hle avx2 smep bmi2 erms invpcid rtm mpx rdseed adx smap clflushopt xsaveopt xsavec xgetbv1 dtherm ida arat pln pts hwp hwp_notify hwp_act_window hwp_epp
bugs		:
bogomips	: 8021.92
clflush size	: 64
cache_alignment	: 64
address sizes	: 39 bits physical, 48 bits virtual
power management:

processor	: 6
vendor_id	: GenuineIntel
cpu family	: 6
model		: 94
model name	: Intel(R) Core(TM) i7-6700K CPU @ 4.00GHz
stepping	: 3
microcode	: 0x6a
cpu MHz		: 4245.625
cache size	: 8192 KB
physical id	: 0
siblings	: 8
core id		: 2
cpu cores	: 4
apicid		: 5
initial apicid	: 5
fpu		: yes
fpu_exception	: yes
cpuid level	: 22
wp		: yes
flags		: fpu vme de pse tsc msr pae mce cx8 apic sep mtrr pge mca cmov pat pse36 clflush dts acpi mmx fxsr sse sse2 ss ht tm pbe syscall nx pdpe1gb rdtscp lm constant_tsc art arch_perfmon pebs bts rep_good nopl xtopology nonstop_tsc aperfmperf eagerfpu pni pclmulqdq dtes64 monitor ds_cpl vmx est tm2 ssse3 sdbg fma cx16 xtpr pdcm pcid sse4_1 sse4_2 x2apic movbe popcnt tsc_deadline_timer aes xsave avx f16c rdrand lahf_lm abm 3dnowprefetch epb intel_pt tpr_shadow vnmi flexpriority ept vpid fsgsbase tsc_adjust bmi1 hle avx2 smep bmi2 erms invpcid rtm mpx rdseed adx smap clflushopt xsaveopt xsavec xgetbv1 dtherm ida arat pln pts hwp hwp_notify hwp_act_window hwp_epp
bugs		:
bogomips	: 8021.91
clflush size	: 64
cache_alignment	: 64
address sizes	: 39 bits physical, 48 bits virtual
power management:

processor	: 7
vendor_id	: GenuineIntel
cpu family	: 6
model		: 94
model name	: Intel(R) Core(TM) i7-6700K CPU @ 4.00GHz
stepping	: 3
microcode	: 0x6a
cpu MHz		: 4100.156
cache size	: 8192 KB
physical id	: 0
siblings	: 8
core id		: 3
cpu cores	: 4
apicid		: 7
initial apicid	: 7
fpu		: yes
fpu_exception	: yes
cpuid level	: 22
wp		: yes
flags		: fpu vme de pse tsc msr pae mce cx8 apic sep mtrr pge mca cmov pat pse36 clflush dts acpi mmx fxsr sse sse2 ss ht tm pbe syscall nx pdpe1gb rdtscp lm constant_tsc art arch_perfmon pebs bts rep_good nopl xtopology nonstop_tsc aperfmperf eagerfpu pni pclmulqdq dtes64 monitor ds_cpl vmx est tm2 ssse3 sdbg fma cx16 xtpr pdcm pcid sse4_1 sse4_2 x2apic movbe popcnt tsc_deadline_timer aes xsave avx f16c rdrand lahf_lm abm 3dnowprefetch epb intel_pt tpr_shadow vnmi flexpriority ept vpid fsgsbase tsc_adjust bmi1 hle avx2 smep bmi2 erms invpcid rtm mpx rdseed adx smap clflushopt xsaveopt xsavec xgetbv1 dtherm ida arat pln pts hwp hwp_notify hwp_act_window hwp_epp
bugs		:
bogomips	: 8021.92
clflush size	: 64
cache_alignment	: 64
address sizes	: 39 bits physical, 48 bits virtual
power management:



Memory: 4k page, physical 16350744k(11362832k free), swap 4191228k(4191228k free)

vm_info: OpenJDK 64-Bit Server VM (25.92-b14) for linux-amd64 JRE (1.8.0_92-b14), built on Apr 24 2016 15:02:36 by "builduser" with gcc 5.3.0

time: Mon Jul 25 16:29:06 2016
elapsed time: 0 seconds (0d 0h 0m 0s)

