#
# A fatal error has been detected by the Java Runtime Environment:
#
#  SIGSEGV (0xb) at pc=0x0000000041e77ebe, pid=917, tid=0x00007f9f91f3a700
#
# JRE version: OpenJDK Runtime Environment (8.0_92-b14) (build 1.8.0_92-b14)
# Java VM: OpenJDK 64-Bit Server VM (25.92-b14 mixed mode linux-amd64 compressed oops)
# Problematic frame:
# C  0x0000000041e77ebe
#
# Core dump written. Default location: /home/twittumz/Desktop/git/2DMapEditor/2dMapEditor/core or core.917
#
# If you would like to submit a bug report, please visit:
#   http://bugreport.java.com/bugreport/crash.jsp
# The crash happened outside the Java Virtual Machine in native code.
# See problematic frame for where to report the bug.
#

---------------  T H R E A D  ---------------

Current thread (0x00007f9ff4287800):  JavaThread "AWT-EventQueue-0" [_thread_in_native, id=946, stack(0x00007f9f91e3a000,0x00007f9f91f3b000)]

siginfo: si_signo: 11 (SIGSEGV), si_code: 1 (SEGV_MAPERR), si_addr: 0x0000000000000000

Registers:
RAX=0x00007f9f65647ce0, RBX=0x000000004171a000, RCX=0x0000000000000000, RDX=0x0000000000000004
RSP=0x00007f9f91f38458, RBP=0x0000000000000080, RSI=0x0000000000000000, RDI=0x0000000000000000
R8 =0x00007f9f7c223cb0, R9 =0x00000001022e5000, R10=0x0000000000000020, R11=0x0000000000000000
R12=0x0000000000000000, R13=0x0000000000000004, R14=0x0000000000000000, R15=0x00007f9f7c147f20
RIP=0x0000000041e77ebe, EFLAGS=0x0000000000010246, CSGSFS=0x002b000000000033, ERR=0x0000000000000004
  TRAPNO=0x000000000000000e

Top of Stack: (sp=0x00007f9f91f38458)
0x00007f9f91f38458:   00007f9f6746f8c4 0000000500000000
0x00007f9f91f38468:   000000004176afa0 00007f9ff4287800
0x00007f9f91f38478:   00007f9f6747033e 00007f9f65647ce0
0x00007f9f91f38488:   000000004171a000 000000004175edf0
0x00007f9f91f38498:   0000000000000005 0000000000000000
0x00007f9f91f384a8:   00007f9f91f38620 00007f9ff4287800
0x00007f9f91f384b8:   00007f9f6705bc78 3f80000000000000
0x00007f9f91f384c8:   000000046fdae6b6 00007f9f91f38600
0x00007f9f91f384d8:   3f800000f42879e0 00007f9f9011c520
0x00007f9f91f384e8:   00007f9f90abbba8 00007f9f91f38550
0x00007f9f91f384f8:   0000000000000000 00007f9f90abbba8
0x00007f9f91f38508:   00007f9f6fda5e78 00007f9f91f38560
0x00007f9f91f38518:   00007f9f9010c320 000000046eeb04e8
0x00007f9f91f38528:   0000000500000000 00007f9f91f38620
0x00007f9f91f38538:   00007f9ff42879e0 00007f9f90bab270
0x00007f9f91f38548:   00007f9f9010c320 00007f9f91f385d8
0x00007f9f91f38558:   00007f9fe5017754 00007f9f91f386e8
0x00007f9f91f38568:   00007f9fe53c6594 00007f9f90bb4028
0x00007f9f91f38578:   0000000000000000 00007f9f90ae4800
0x00007f9f91f38588:   0000000000000000 00007f9f91f385b8
0x00007f9f91f38598:   00007f9f91f38598 0000000000000000
0x00007f9f91f385a8:   00007f9f91f38620 00007f9f90bb4028
0x00007f9f91f385b8:   0000000000000000 00007f9f90abbba8
0x00007f9f91f385c8:   0000000000000000 00007f9f91f385f8
0x00007f9f91f385d8:   00007f9f91f38668 00007f9fe5007ffd
0x00007f9f91f385e8:   0000000000000000 00007f9fe5011278
0x00007f9f91f385f8:   00007f9f9010c320 000000076eeb04e8
0x00007f9f91f38608:   0000000000000004 0000000000000000
0x00007f9f91f38618:   0000000000000005 000000076eeb04e8
0x00007f9f91f38628:   00007f9f91f38628 00007f9f90abbaf5
0x00007f9f91f38638:   00007f9f91f386a0 00007f9f90bb4028
0x00007f9f91f38648:   0000000000000000 00007f9f90abbb08 

Instructions: (pc=0x0000000041e77ebe)
0x0000000041e77e9e:   8b d1 49 8b cb 48 be 78 ba 76 41 00 00 00 00 48
0x0000000041e77eae:   8b 36 48 8b 76 08 48 8b f9 48 c1 e7 04 48 03 f7
0x0000000041e77ebe:   8b 3e 8b 6e 04 89 38 89 68 04 8b 7e 08 8b 6e 0c
0x0000000041e77ece:   89 78 08 89 68 0c 48 be 78 ba 76 41 00 00 00 00 

Register to memory mapping:

RAX=0x00007f9f65647ce0 is an unknown value
RBX=0x000000004171a000 is an unknown value
RCX=0x0000000000000000 is an unknown value
RDX=0x0000000000000004 is an unknown value
RSP=0x00007f9f91f38458 is pointing into the stack for thread: 0x00007f9ff4287800
RBP=0x0000000000000080 is an unknown value
RSI=0x0000000000000000 is an unknown value
RDI=0x0000000000000000 is an unknown value
R8 =0x00007f9f7c223cb0 is an unknown value
R9 =0x00000001022e5000 is an unknown value
R10=0x0000000000000020 is an unknown value
R11=0x0000000000000000 is an unknown value
R12=0x0000000000000000 is an unknown value
R13=0x0000000000000004 is an unknown value
R14=0x0000000000000000 is an unknown value
R15=0x00007f9f7c147f20 is an unknown value


Stack: [0x00007f9f91e3a000,0x00007f9f91f3b000],  sp=0x00007f9f91f38458,  free space=1017k
Native frames: (J=compiled Java code, j=interpreted, Vv=VM code, C=native code)
C  0x0000000041e77ebe

Java frames: (J=compiled Java code, j=interpreted, Vv=VM code)
j  jogamp.opengl.gl4.GL4bcImpl.dispatch_glDrawArrays1(IIIJ)V+0
j  jogamp.opengl.gl4.GL4bcImpl.glDrawArrays(III)V+45
j  Engine.SpriteRenderer.Draw(Lcom/jogamp/opengl/GL2;)V+105
j  Engine.Engine.Render(Lcom/jogamp/opengl/GLAutoDrawable;)V+22
j  Editor.Window$1.display(Lcom/jogamp/opengl/GLAutoDrawable;)V+22
j  jogamp.opengl.GLDrawableHelper.displayImpl(Lcom/jogamp/opengl/GLAutoDrawable;)V+62
j  jogamp.opengl.GLDrawableHelper.display(Lcom/jogamp/opengl/GLAutoDrawable;)V+2
j  com.jogamp.opengl.awt.GLCanvas$11.run()V+118
j  jogamp.opengl.GLDrawableHelper.invokeGLImpl(Lcom/jogamp/opengl/GLDrawable;Lcom/jogamp/opengl/GLContext;Ljava/lang/Runnable;Ljava/lang/Runnable;)V+203
j  jogamp.opengl.GLDrawableHelper.invokeGL(Lcom/jogamp/opengl/GLDrawable;Lcom/jogamp/opengl/GLContext;Ljava/lang/Runnable;Ljava/lang/Runnable;)V+72
j  com.jogamp.opengl.awt.GLCanvas$12.run()V+104
j  java.awt.event.InvocationEvent.dispatch()V+11
j  java.awt.EventQueue.dispatchEventImpl(Ljava/awt/AWTEvent;Ljava/lang/Object;)V+21
j  java.awt.EventQueue.access$500(Ljava/awt/EventQueue;Ljava/awt/AWTEvent;Ljava/lang/Object;)V+3
j  java.awt.EventQueue$3.run()Ljava/lang/Void;+32
j  java.awt.EventQueue$3.run()Ljava/lang/Object;+1
v  ~StubRoutines::call_stub
J 1041  java.security.AccessController.doPrivileged(Ljava/security/PrivilegedAction;Ljava/security/AccessControlContext;)Ljava/lang/Object; (0 bytes) @ 0x00007f9fe53c99e3 [0x00007f9fe53c9980+0x63]
J 1058 C1 java.security.ProtectionDomain$JavaSecurityAccessImpl.doIntersectionPrivilege(Ljava/security/PrivilegedAction;Ljava/security/AccessControlContext;Ljava/security/AccessControlContext;)Ljava/lang/Object; (22 bytes) @ 0x00007f9fe53d119c [0x00007f9fe53d0d20+0x47c]
j  java.awt.EventQueue.dispatchEvent(Ljava/awt/AWTEvent;)V+46
j  java.awt.EventDispatchThread.pumpOneEventForFilters(I)V+245
j  java.awt.EventDispatchThread.pumpEventsForFilter(ILjava/awt/Conditional;Ljava/awt/EventFilter;)V+35
j  java.awt.EventDispatchThread.pumpEventsForHierarchy(ILjava/awt/Conditional;Ljava/awt/Component;)V+11
j  java.awt.EventDispatchThread.pumpEvents(ILjava/awt/Conditional;)V+4
j  java.awt.EventDispatchThread.pumpEvents(Ljava/awt/Conditional;)V+3
j  java.awt.EventDispatchThread.run()V+9
v  ~StubRoutines::call_stub

---------------  P R O C E S S  ---------------

Java Threads: ( => current thread )
  0x00007f9ff4008000 JavaThread "DestroyJavaVM" [_thread_blocked, id=921, stack(0x00007f9ffbe3b000,0x00007f9ffbf3c000)]
  0x00007f9ff45bd000 JavaThread "main-AWTAnimator#00" [_thread_blocked, id=956, stack(0x00007f9f660ca000,0x00007f9f661cb000)]
  0x00007f9ff4474800 JavaThread "main-SharedResourceRunner" daemon [_thread_blocked, id=954, stack(0x00007f9f6f047000,0x00007f9f6f148000)]
  0x00007f9ff4457800 JavaThread "main-SharedResourceRunner" daemon [_thread_blocked, id=953, stack(0x00007f9f91711000,0x00007f9f91812000)]
  0x00007f9ff42d1000 JavaThread "process reaper" daemon [_thread_blocked, id=949, stack(0x00007f9fb80af000,0x00007f9fb80e8000)]
=>0x00007f9ff4287800 JavaThread "AWT-EventQueue-0" [_thread_in_native, id=946, stack(0x00007f9f91e3a000,0x00007f9f91f3b000)]
  0x00007f9ff4286000 JavaThread "AWT-Shutdown" [_thread_blocked, id=945, stack(0x00007f9f91f3b000,0x00007f9f9203c000)]
  0x00007f9ff427a800 JavaThread "Image Fetcher 0" daemon [_thread_blocked, id=944, stack(0x00007f9f9203c000,0x00007f9f9213d000)]
  0x00007f9ff423f800 JavaThread "AWT-XAWT" daemon [_thread_blocked, id=943, stack(0x00007f9f9213d000,0x00007f9f9223e000)]
  0x00007f9ff4218800 JavaThread "Java2D Disposer" daemon [_thread_blocked, id=942, stack(0x00007f9fb80e8000,0x00007f9fb81e9000)]
  0x00007f9ff40d0000 JavaThread "Service Thread" daemon [_thread_blocked, id=940, stack(0x00007f9fb9601000,0x00007f9fb9702000)]
  0x00007f9ff40c5000 JavaThread "C1 CompilerThread3" daemon [_thread_blocked, id=939, stack(0x00007f9fb9702000,0x00007f9fb9803000)]
  0x00007f9ff40c3000 JavaThread "C2 CompilerThread2" daemon [_thread_blocked, id=938, stack(0x00007f9fb9803000,0x00007f9fb9904000)]
  0x00007f9ff40c1000 JavaThread "C2 CompilerThread1" daemon [_thread_blocked, id=937, stack(0x00007f9fb9904000,0x00007f9fb9a05000)]
  0x00007f9ff40be000 JavaThread "C2 CompilerThread0" daemon [_thread_blocked, id=936, stack(0x00007f9fb9a05000,0x00007f9fb9b06000)]
  0x00007f9ff40bc800 JavaThread "Signal Dispatcher" daemon [_thread_blocked, id=935, stack(0x00007f9fb9b06000,0x00007f9fb9c07000)]
  0x00007f9ff408a000 JavaThread "Finalizer" daemon [_thread_blocked, id=934, stack(0x00007f9fb9d9f000,0x00007f9fb9ea0000)]
  0x00007f9ff4085800 JavaThread "Reference Handler" daemon [_thread_blocked, id=932, stack(0x00007f9fb9ea0000,0x00007f9fb9fa1000)]

Other Threads:
  0x00007f9ff407e000 VMThread [stack: 0x00007f9fb9fa1000,0x00007f9fba0a2000] [id=931]
  0x00007f9ff40d2800 WatcherThread [stack: 0x00007f9fb9500000,0x00007f9fb9601000] [id=941]

VM state:not at safepoint (normal execution)

VM Mutex/Monitor currently owned by a thread: None

Heap:
 PSYoungGen      total 74752K, used 35221K [0x000000076cd80000, 0x0000000772080000, 0x00000007c0000000)
  eden space 64512K, 54% used [0x000000076cd80000,0x000000076efe56e8,0x0000000770c80000)
  from space 10240K, 0% used [0x0000000771680000,0x0000000771680000,0x0000000772080000)
  to   space 10240K, 0% used [0x0000000770c80000,0x0000000770c80000,0x0000000771680000)
 ParOldGen       total 171008K, used 0K [0x00000006c6800000, 0x00000006d0f00000, 0x000000076cd80000)
  object space 171008K, 0% used [0x00000006c6800000,0x00000006c6800000,0x00000006d0f00000)
 Metaspace       used 18038K, capacity 18236K, committed 18560K, reserved 1067008K
  class space    used 1839K, capacity 1905K, committed 1920K, reserved 1048576K

Card table byte_map: [0x00007f9ff893a000,0x00007f9ff9107000] byte_map_base: 0x00007f9ff5306000

Marking Bits: (ParMarkBitMap*) 0x00007f9ffb14d540
 Begin Bits: [0x00007f9fbc340000, 0x00007f9fc01a0000)
 End Bits:   [0x00007f9fc01a0000, 0x00007f9fc4000000)

Polling page: 0x00007f9ffbf70000

CodeCache: size=245760Kb used=3981Kb max_used=3989Kb free=241778Kb
 bounds [0x00007f9fe5000000, 0x00007f9fe53f0000, 0x00007f9ff4000000]
 total_blobs=2076 nmethods=1108 adapters=883
 compilation: enabled

Compilation events (10 events):
Event: 2.782 Thread 0x00007f9ff40c5000 nmethod 1103 0x00007f9fe53e3f50 code [0x00007f9fe53e40a0, 0x00007f9fe53e41b0]
Event: 2.784 Thread 0x00007f9ff40c1000 nmethod 1096 0x00007f9fe53e7250 code [0x00007f9fe53e73e0, 0x00007f9fe53e7800]
Event: 2.793 Thread 0x00007f9ff40c5000 1105       3       com.jogamp.opengl.GLContext::appendString (25 bytes)
Event: 2.793 Thread 0x00007f9ff40c5000 nmethod 1105 0x00007f9fe53e6b10 code [0x00007f9fe53e6ca0, 0x00007f9fe53e7098]
Event: 2.793 Thread 0x00007f9ff40c5000 1106       3       java.util.regex.Matcher::groupCount (10 bytes)
Event: 2.793 Thread 0x00007f9ff40c5000 nmethod 1106 0x00007f9fe53e6790 code [0x00007f9fe53e6900, 0x00007f9fe53e6a70]
Event: 2.794 Thread 0x00007f9ff40c5000 1107       1       com.jogamp.common.net.Uri$Encoded::get (5 bytes)
Event: 2.794 Thread 0x00007f9ff40c5000 nmethod 1107 0x00007f9fe53e64d0 code [0x00007f9fe53e6620, 0x00007f9fe53e6730]
Event: 2.795 Thread 0x00007f9ff40c5000 1108       3       com.jogamp.opengl.GLContext::isGL2 (27 bytes)
Event: 2.795 Thread 0x00007f9ff40c5000 nmethod 1108 0x00007f9fe53e6010 code [0x00007f9fe53e6180, 0x00007f9fe53e6410]

GC Heap History (0 events):
No events

Deoptimization events (10 events):
Event: 0.739 Thread 0x00007f9ff45bd000 Uncommon trap: reason=unstable_if action=reinterpret pc=0x00007f9fe530d9c8 method=java.awt.Component.isDisplayable()Z @ 4
Event: 0.739 Thread 0x00007f9ff45bd000 Uncommon trap: reason=unstable_if action=reinterpret pc=0x00007f9fe531540c method=java.awt.Component.isDisplayable()Z @ 4
Event: 0.745 Thread 0x00007f9ff45bd000 Uncommon trap: reason=unstable_if action=reinterpret pc=0x00007f9fe5338bb4 method=com.jogamp.opengl.awt.GLCanvas.validateGLDrawable()Z @ 22
Event: 0.745 Thread 0x00007f9ff45bd000 Uncommon trap: reason=unstable_if action=reinterpret pc=0x00007f9fe533faf4 method=com.jogamp.opengl.awt.GLCanvas.validateGLDrawable()Z @ 22
Event: 0.746 Thread 0x00007f9ff45bd000 Uncommon trap: reason=unstable_if action=reinterpret pc=0x00007f9fe5346be8 method=com.jogamp.opengl.awt.GLCanvas.validateGLDrawable()Z @ 22
Event: 0.747 Thread 0x00007f9ff45bd000 Uncommon trap: reason=unstable_if action=reinterpret pc=0x00007f9fe531bc0c method=java.awt.Component.isDisplayable()Z @ 4
Event: 0.813 Thread 0x00007f9ff45bd000 Uncommon trap: reason=unstable_if action=reinterpret pc=0x00007f9fe534eb98 method=com.jogamp.opengl.awt.GLCanvas.validateGLDrawable()Z @ 43
Event: 0.813 Thread 0x00007f9ff4008000 Uncommon trap: reason=unstable_if action=reinterpret pc=0x00007f9fe5349b8c method=com.jogamp.opengl.awt.GLCanvas.validateGLDrawable()Z @ 43
Event: 0.814 Thread 0x00007f9ff45bd000 Uncommon trap: reason=unstable_if action=reinterpret pc=0x00007f9fe534bc58 method=com.jogamp.opengl.awt.GLCanvas.validateGLDrawable()Z @ 33
Event: 0.814 Thread 0x00007f9ff45bd000 Uncommon trap: reason=unstable_if action=reinterpret pc=0x00007f9fe5347f48 method=com.jogamp.opengl.awt.GLCanvas.validateGLDrawable()Z @ 33

Internal exceptions (10 events):
Event: 0.870 Thread 0x00007f9ff4287800 Exception <a 'java/lang/reflect/InvocationTargetException'> (0x000000076d59abb0) thrown at [/build/java8-openjdk/src/jdk8u-jdk8u92-b14/hotspot/src/share/vm/runtime/reflection.cpp, line 1092]
Event: 0.877 Thread 0x00007f9ff4287800 Exception <a 'java/lang/reflect/InvocationTargetException'> (0x000000076d5a06f0) thrown at [/build/java8-openjdk/src/jdk8u-jdk8u92-b14/hotspot/src/share/vm/runtime/reflection.cpp, line 1092]
Event: 0.895 Thread 0x00007f9ff4287800 Exception <a 'java/lang/reflect/InvocationTargetException'> (0x000000076d5a0f38) thrown at [/build/java8-openjdk/src/jdk8u-jdk8u92-b14/hotspot/src/share/vm/runtime/reflection.cpp, line 1092]
Event: 0.905 Thread 0x00007f9ff4287800 Exception <a 'java/lang/reflect/InvocationTargetException'> (0x000000076d5bc0c0) thrown at [/build/java8-openjdk/src/jdk8u-jdk8u92-b14/hotspot/src/share/vm/runtime/reflection.cpp, line 1092]
Event: 0.907 Thread 0x00007f9ff4287800 Exception <a 'java/lang/reflect/InvocationTargetException'> (0x000000076d5bc790) thrown at [/build/java8-openjdk/src/jdk8u-jdk8u92-b14/hotspot/src/share/vm/runtime/reflection.cpp, line 1092]
Event: 0.938 Thread 0x00007f9ff4287800 Exception <a 'java/lang/UnsupportedOperationException': > (0x000000076d5c8f68) thrown at [/build/java8-openjdk/src/jdk8u-jdk8u92-b14/hotspot/src/share/vm/prims/jni.cpp, line 735]
Event: 0.938 Thread 0x00007f9ff4287800 Exception <a 'java/lang/reflect/InvocationTargetException'> (0x000000076d5c9c88) thrown at [/build/java8-openjdk/src/jdk8u-jdk8u92-b14/hotspot/src/share/vm/runtime/reflection.cpp, line 1092]
Event: 0.940 Thread 0x00007f9ff4287800 Exception <a 'java/lang/reflect/InvocationTargetException'> (0x000000076d5ca358) thrown at [/build/java8-openjdk/src/jdk8u-jdk8u92-b14/hotspot/src/share/vm/runtime/reflection.cpp, line 1092]
Event: 0.940 Thread 0x00007f9ff4287800 Exception <a 'java/lang/reflect/InvocationTargetException'> (0x000000076d5cc160) thrown at [/build/java8-openjdk/src/jdk8u-jdk8u92-b14/hotspot/src/share/vm/runtime/reflection.cpp, line 1092]
Event: 0.942 Thread 0x00007f9ff4287800 Exception <a 'java/lang/reflect/InvocationTargetException'> (0x000000076d5ced40) thrown at [/build/java8-openjdk/src/jdk8u-jdk8u92-b14/hotspot/src/share/vm/runtime/reflection.cpp, line 1092]

Events (10 events):
Event: 2.760 loading class com/jogamp/nativewindow/awt/JAWTWindow$JAWTComponentListener$2
Event: 2.760 loading class com/jogamp/nativewindow/awt/JAWTWindow$JAWTComponentListener$2 done
Event: 2.761 loading class java/awt/KeyboardFocusManager$2
Event: 2.761 loading class java/awt/KeyboardFocusManager$2 done
Event: 2.761 loading class sun/awt/SunToolkit$1
Event: 2.761 loading class sun/awt/SunToolkit$1 done
Event: 2.761 loading class java/awt/Component$FlipBufferStrategy
Event: 2.761 loading class java/awt/Component$FlipBufferStrategy done
Event: 2.761 loading class sun/awt/X11/XUnmapEvent
Event: 2.761 loading class sun/awt/X11/XUnmapEvent done


Dynamic libraries:
00400000-00401000 r-xp 00000000 08:03 5905458                            /usr/lib/jvm/java-8-openjdk/jre/bin/java
00600000-00601000 rw-p 00000000 08:03 5905458                            /usr/lib/jvm/java-8-openjdk/jre/bin/java
025c9000-025ea000 rw-p 00000000 00:00 0                                  [heap]
403bd000-4045d000 rw-p 00000000 00:00 0 
4171a000-417ba000 rw-p 00000000 00:00 0 
41e76000-41e78000 r-xs 00000000 00:23 109548                             /tmp/.glRfbQts (deleted)
6c6800000-6d0f00000 rw-p 00000000 00:00 0 
6d0f00000-76cd80000 ---p 00000000 00:00 0 
76cd80000-772080000 rw-p 00000000 00:00 0 
772080000-7c0000000 ---p 00000000 00:00 0 
7c0000000-7c01e0000 rw-p 00000000 00:00 0 
7c01e0000-800000000 ---p 00000000 00:00 0 
7f9f60000000-7f9f60021000 rw-p 00000000 00:00 0 
7f9f60021000-7f9f64000000 ---p 00000000 00:00 0 
7f9f65245000-7f9f65285000 rw-p 00000000 00:00 0 
7f9f65285000-7f9f65445000 ---p 00000000 00:00 0 
7f9f65445000-7f9f65645000 rw-s 3d52b6000 00:06 9877                      /dev/nvidiactl
7f9f65645000-7f9f65745000 rw-s 399f8b000 00:06 9877                      /dev/nvidiactl
7f9f65745000-7f9f65758000 rw-s 3d42be000 00:06 9877                      /dev/nvidiactl
7f9f65758000-7f9f65778000 rw-s c02e0000 00:06 13745                      /dev/nvidia0
7f9f65778000-7f9f657b8000 rw-s 3d5366000 00:06 9877                      /dev/nvidiactl
7f9f657b8000-7f9f657d8000 rw-s 3d43e8000 00:06 9877                      /dev/nvidiactl
7f9f657d8000-7f9f65818000 rw-s 3d5355000 00:06 9877                      /dev/nvidiactl
7f9f65818000-7f9f65838000 rw-s 3d63b1000 00:06 9877                      /dev/nvidiactl
7f9f65838000-7f9f65878000 rw-s 3d50dd000 00:06 9877                      /dev/nvidiactl
7f9f65878000-7f9f6587c000 r-xp 00000000 08:03 5249369                    /usr/lib/libcap.so.2.25
7f9f6587c000-7f9f65a7b000 ---p 00004000 08:03 5249369                    /usr/lib/libcap.so.2.25
7f9f65a7b000-7f9f65a7c000 rw-p 00003000 08:03 5249369                    /usr/lib/libcap.so.2.25
7f9f65a7c000-7f9f65a90000 r-xp 00000000 08:03 5246162                    /usr/lib/libresolv-2.23.so
7f9f65a90000-7f9f65c8f000 ---p 00014000 08:03 5246162                    /usr/lib/libresolv-2.23.so
7f9f65c8f000-7f9f65c90000 r--p 00013000 08:03 5246162                    /usr/lib/libresolv-2.23.so
7f9f65c90000-7f9f65c91000 rw-p 00014000 08:03 5246162                    /usr/lib/libresolv-2.23.so
7f9f65c91000-7f9f65c93000 rw-p 00000000 00:00 0 
7f9f65c93000-7f9f65c98000 r-xp 00000000 08:03 5246154                    /usr/lib/libnss_dns-2.23.so
7f9f65c98000-7f9f65e97000 ---p 00005000 08:03 5246154                    /usr/lib/libnss_dns-2.23.so
7f9f65e97000-7f9f65e98000 r--p 00004000 08:03 5246154                    /usr/lib/libnss_dns-2.23.so
7f9f65e98000-7f9f65e99000 rw-p 00005000 08:03 5246154                    /usr/lib/libnss_dns-2.23.so
7f9f65eca000-7f9f660ca000 rw-p 00000000 00:00 0 
7f9f660ca000-7f9f660cd000 ---p 00000000 00:00 0 
7f9f660cd000-7f9f661cb000 rw-p 00000000 00:00 0 
7f9f661cb000-7f9f6624b000 rw-s 3d432e000 00:06 9877                      /dev/nvidiactl
7f9f6624b000-7f9f662cb000 rw-s 3d6048000 00:06 9877                      /dev/nvidiactl
7f9f662cb000-7f9f67660000 r-xp 00000000 08:03 5268236                    /usr/lib/libnvidia-glcore.so.367.27
7f9f67660000-7f9f67680000 rwxp 01395000 08:03 5268236                    /usr/lib/libnvidia-glcore.so.367.27
7f9f67680000-7f9f67a20000 r-xp 013b5000 08:03 5268236                    /usr/lib/libnvidia-glcore.so.367.27
7f9f67a20000-7f9f67c20000 ---p 01755000 08:03 5268236                    /usr/lib/libnvidia-glcore.so.367.27
7f9f67c20000-7f9f67fe8000 rw-p 01755000 08:03 5268236                    /usr/lib/libnvidia-glcore.so.367.27
7f9f67fe8000-7f9f68000000 rw-p 00000000 00:00 0 
7f9f68000000-7f9f684f4000 rw-p 00000000 00:00 0 
7f9f684f4000-7f9f6c000000 ---p 00000000 00:00 0 
7f9f6c00f000-7f9f6c08f000 rw-s 3d531e000 00:06 9877                      /dev/nvidiactl
7f9f6c08f000-7f9f6c18f000 rw-s 3cb43d000 00:06 9877                      /dev/nvidiactl
7f9f6c18f000-7f9f6c1a2000 rw-s 3cb5c9000 00:06 9877                      /dev/nvidiactl
7f9f6c1a2000-7f9f6c1c2000 rw-s c02a0000 00:06 13745                      /dev/nvidia0
7f9f6c1c2000-7f9f6c202000 rw-s 3d5210000 00:06 9877                      /dev/nvidiactl
7f9f6c202000-7f9f6c222000 rw-s 3d42d7000 00:06 9877                      /dev/nvidiactl
7f9f6c222000-7f9f6c262000 rw-s 3cb4d5000 00:06 9877                      /dev/nvidiactl
7f9f6c262000-7f9f6c2a2000 rw-s 3f3e34000 00:06 9877                      /dev/nvidiactl
7f9f6c2a2000-7f9f6c3a6000 rw-s 80802000 00:06 9877                       /dev/nvidiactl
7f9f6c3a6000-7f9f6c3a9000 r-xp 00000000 08:03 5773637                    /usr/lib/tls/libnvidia-tls.so.367.27
7f9f6c3a9000-7f9f6c5a9000 ---p 00003000 08:03 5773637                    /usr/lib/tls/libnvidia-tls.so.367.27
7f9f6c5a9000-7f9f6c5aa000 rw-p 00003000 08:03 5773637                    /usr/lib/tls/libnvidia-tls.so.367.27
7f9f6c5aa000-7f9f6c672000 r-xp 00000000 08:03 5268220                    /usr/lib/libGLX_nvidia.so.367.27
7f9f6c672000-7f9f6c6a6000 rwxp 000c8000 08:03 5268220                    /usr/lib/libGLX_nvidia.so.367.27
7f9f6c6a6000-7f9f6c6b9000 r-xp 000fc000 08:03 5268220                    /usr/lib/libGLX_nvidia.so.367.27
7f9f6c6b9000-7f9f6c8b9000 ---p 0010f000 08:03 5268220                    /usr/lib/libGLX_nvidia.so.367.27
7f9f6c8b9000-7f9f6c8e1000 rw-p 0010f000 08:03 5268220                    /usr/lib/libGLX_nvidia.so.367.27
7f9f6c8e1000-7f9f6c8e8000 rw-p 00000000 00:00 0 
7f9f6c8e8000-7f9f6c8ea000 r-xp 00000000 08:03 5269221                    /usr/lib/libXinerama.so.1.0.0
7f9f6c8ea000-7f9f6cae9000 ---p 00002000 08:03 5269221                    /usr/lib/libXinerama.so.1.0.0
7f9f6cae9000-7f9f6caea000 r--p 00001000 08:03 5269221                    /usr/lib/libXinerama.so.1.0.0
7f9f6caea000-7f9f6caeb000 rw-p 00002000 08:03 5269221                    /usr/lib/libXinerama.so.1.0.0
7f9f6caeb000-7f9f6caf6000 r-xp 00000000 08:03 5268224                    /usr/lib/libGLESv1_CM_nvidia.so.367.27
7f9f6caf6000-7f9f6ccf5000 ---p 0000b000 08:03 5268224                    /usr/lib/libGLESv1_CM_nvidia.so.367.27
7f9f6ccf5000-7f9f6ccf8000 rw-p 0000a000 08:03 5268224                    /usr/lib/libGLESv1_CM_nvidia.so.367.27
7f9f6cd09000-7f9f6cd29000 rw-s 3d40f2000 00:06 9877                      /dev/nvidiactl
7f9f6cd29000-7f9f6cd69000 rw-s 00000000 08:03 3148437                    /home/twittumz/#3148437 (deleted)
7f9f6cd69000-7f9f6cda9000 r-xs 00000000 08:03 3148437                    /home/twittumz/#3148437 (deleted)
7f9f6cda9000-7f9f6ce29000 rw-s 3d4237000 00:06 9877                      /dev/nvidiactl
7f9f6ce29000-7f9f6cea9000 rw-s 3d436b000 00:06 9877                      /dev/nvidiactl
7f9f6cea9000-7f9f6cfa9000 rw-s 3d60bd000 00:06 9877                      /dev/nvidiactl
7f9f6cfa9000-7f9f6e575000 r-xp 00000000 08:03 5268233                    /usr/lib/libnvidia-eglcore.so.367.27
7f9f6e575000-7f9f6e775000 ---p 015cc000 08:03 5268233                    /usr/lib/libnvidia-eglcore.so.367.27
7f9f6e775000-7f9f6eb0d000 rw-p 015cc000 08:03 5268233                    /usr/lib/libnvidia-eglcore.so.367.27
7f9f6eb0d000-7f9f6eb21000 rw-p 00000000 00:00 0 
7f9f6eb21000-7f9f6eb30000 r-xp 00000000 08:03 5268258                    /usr/lib/libGLESv2_nvidia.so.367.27
7f9f6eb30000-7f9f6ed30000 ---p 0000f000 08:03 5268258                    /usr/lib/libGLESv2_nvidia.so.367.27
7f9f6ed30000-7f9f6ed34000 rw-p 0000f000 08:03 5268258                    /usr/lib/libGLESv2_nvidia.so.367.27
7f9f6ed34000-7f9f6ee38000 rw-s 80802000 00:06 9877                       /dev/nvidiactl
7f9f6ee38000-7f9f6ee46000 r-xp 00000000 08:03 5264554                    /usr/lib/libdrm.so.2.4.0
7f9f6ee46000-7f9f6f045000 ---p 0000e000 08:03 5264554                    /usr/lib/libdrm.so.2.4.0
7f9f6f045000-7f9f6f046000 r--p 0000d000 08:03 5264554                    /usr/lib/libdrm.so.2.4.0
7f9f6f046000-7f9f6f047000 rw-p 0000e000 08:03 5264554                    /usr/lib/libdrm.so.2.4.0
7f9f6f047000-7f9f6f04a000 ---p 00000000 00:00 0 
7f9f6f04a000-7f9f6f148000 rw-p 00000000 00:00 0 
7f9f6f148000-7f9f6f1a4000 r-xp 00000000 00:23 113233                     /tmp/jogamp_0000/file_cache/jln5979644380332101156/jln5957840690665968728/natives/linux-amd64/libjogl_mobile.so
7f9f6f1a4000-7f9f6f3a4000 ---p 0005c000 00:23 113233                     /tmp/jogamp_0000/file_cache/jln5979644380332101156/jln5957840690665968728/natives/linux-amd64/libjogl_mobile.so
7f9f6f3a4000-7f9f6f3a5000 rw-p 0005c000 00:23 113233                     /tmp/jogamp_0000/file_cache/jln5979644380332101156/jln5957840690665968728/natives/linux-amd64/libjogl_mobile.so
7f9f6f3a5000-7f9f6f417000 r-xp 00000000 08:03 5268234                    /usr/lib/libnvidia-glsi.so.367.27
7f9f6f417000-7f9f6f616000 ---p 00072000 08:03 5268234                    /usr/lib/libnvidia-glsi.so.367.27
7f9f6f616000-7f9f6f61f000 rw-p 00071000 08:03 5268234                    /usr/lib/libnvidia-glsi.so.367.27
7f9f6f61f000-7f9f6f62e000 rw-p 00000000 00:00 0 
7f9f6f62e000-7f9f6f6f9000 r-xp 00000000 08:03 5268259                    /usr/lib/libEGL_nvidia.so.367.27
7f9f6f6f9000-7f9f6f8f8000 ---p 000cb000 08:03 5268259                    /usr/lib/libEGL_nvidia.so.367.27
7f9f6f8f8000-7f9f6f923000 rw-p 000ca000 08:03 5268259                    /usr/lib/libEGL_nvidia.so.367.27
7f9f6f923000-7f9f6f937000 rw-p 00000000 00:00 0 
7f9f6f937000-7f9f6f93b000 r-xp 00000000 08:03 5773639                    /usr/lib/nvidia/libEGL.so.1
7f9f6f93b000-7f9f6fb3a000 ---p 00004000 08:03 5773639                    /usr/lib/nvidia/libEGL.so.1
7f9f6fb3a000-7f9f6fb3b000 rw-p 00003000 08:03 5773639                    /usr/lib/nvidia/libEGL.so.1
7f9f6fb3b000-7f9f6fb40000 r-xp 00000000 08:03 5773617                    /usr/lib/nvidia/libGLESv2.so.2.0.0
7f9f6fb40000-7f9f6fb42000 r-xp 00005000 08:03 5773617                    /usr/lib/nvidia/libGLESv2.so.2.0.0
7f9f6fb42000-7f9f6fb46000 r-xp 00007000 08:03 5773617                    /usr/lib/nvidia/libGLESv2.so.2.0.0
7f9f6fb46000-7f9f6fd45000 ---p 0000b000 08:03 5773617                    /usr/lib/nvidia/libGLESv2.so.2.0.0
7f9f6fd45000-7f9f6fd46000 r--p 0000a000 08:03 5773617                    /usr/lib/nvidia/libGLESv2.so.2.0.0
7f9f6fd46000-7f9f6fd47000 rw-p 0000b000 08:03 5773617                    /usr/lib/nvidia/libGLESv2.so.2.0.0
7f9f6fd47000-7f9f6fdff000 r-xp 00000000 00:23 113232                     /tmp/jogamp_0000/file_cache/jln5979644380332101156/jln5957840690665968728/natives/linux-amd64/libjogl_desktop.so
7f9f6fdff000-7f9f6ffff000 ---p 000b8000 00:23 113232                     /tmp/jogamp_0000/file_cache/jln5979644380332101156/jln5957840690665968728/natives/linux-amd64/libjogl_desktop.so
7f9f6ffff000-7f9f70000000 rw-p 000b8000 00:23 113232                     /tmp/jogamp_0000/file_cache/jln5979644380332101156/jln5957840690665968728/natives/linux-amd64/libjogl_desktop.so
7f9f70000000-7f9f70021000 rw-p 00000000 00:00 0 
7f9f70021000-7f9f74000000 ---p 00000000 00:00 0 
7f9f74000000-7f9f7455e000 rw-p 00000000 00:00 0 
7f9f7455e000-7f9f78000000 ---p 00000000 00:00 0 
7f9f78000000-7f9f78021000 rw-p 00000000 00:00 0 
7f9f78021000-7f9f7c000000 ---p 00000000 00:00 0 
7f9f7c000000-7f9f7c608000 rw-p 00000000 00:00 0 
7f9f7c608000-7f9f80000000 ---p 00000000 00:00 0 
7f9f80000000-7f9f80021000 rw-p 00000000 00:00 0 
7f9f80021000-7f9f84000000 ---p 00000000 00:00 0 
7f9f84000000-7f9f84027000 rw-p 00000000 00:00 0 
7f9f84027000-7f9f88000000 ---p 00000000 00:00 0 
7f9f88000000-7f9f88021000 rw-p 00000000 00:00 0 
7f9f88021000-7f9f8c000000 ---p 00000000 00:00 0 
7f9f8c000000-7f9f8c021000 rw-p 00000000 00:00 0 
7f9f8c021000-7f9f90000000 ---p 00000000 00:00 0 
7f9f90002000-7f9f90082000 rw-s 3d50c7000 00:06 9877                      /dev/nvidiactl
7f9f90082000-7f9f90095000 rw-s 39b1ea000 00:06 9877                      /dev/nvidiactl
7f9f90095000-7f9f900b5000 rw-s c0260000 00:06 13745                      /dev/nvidia0
7f9f900b5000-7f9f90108000 r-xp 00000000 08:03 5268203                    /usr/lib/libGLdispatch.so.0.0.0
7f9f90108000-7f9f90121000 r-xp 00053000 08:03 5268203                    /usr/lib/libGLdispatch.so.0.0.0
7f9f90121000-7f9f9015c000 r-xp 0006c000 08:03 5268203                    /usr/lib/libGLdispatch.so.0.0.0
7f9f9015c000-7f9f9035b000 ---p 000a7000 08:03 5268203                    /usr/lib/libGLdispatch.so.0.0.0
7f9f9035b000-7f9f9036a000 r--p 000a6000 08:03 5268203                    /usr/lib/libGLdispatch.so.0.0.0
7f9f9036a000-7f9f9036b000 rw-p 000b5000 08:03 5268203                    /usr/lib/libGLdispatch.so.0.0.0
7f9f9036b000-7f9f9038b000 rw-p 00000000 00:00 0 
7f9f9038b000-7f9f9039b000 r-xp 00000000 08:03 5268199                    /usr/lib/libGLX.so.0.0.0
7f9f9039b000-7f9f9059b000 ---p 00010000 08:03 5268199                    /usr/lib/libGLX.so.0.0.0
7f9f9059b000-7f9f9059c000 r--p 00010000 08:03 5268199                    /usr/lib/libGLX.so.0.0.0
7f9f9059c000-7f9f9059d000 rw-p 00011000 08:03 5268199                    /usr/lib/libGLX.so.0.0.0
7f9f9059d000-7f9f905bd000 rw-p 00000000 00:00 0 
7f9f905bd000-7f9f905ed000 r-xp 00000000 08:03 5773620                    /usr/lib/nvidia/libGL.so.1.0.0
7f9f905ed000-7f9f90606000 r-xp 00030000 08:03 5773620                    /usr/lib/nvidia/libGL.so.1.0.0
7f9f90606000-7f9f90631000 r-xp 00049000 08:03 5773620                    /usr/lib/nvidia/libGL.so.1.0.0
7f9f90631000-7f9f90831000 ---p 00074000 08:03 5773620                    /usr/lib/nvidia/libGL.so.1.0.0
7f9f90831000-7f9f90832000 r--p 00074000 08:03 5773620                    /usr/lib/nvidia/libGL.so.1.0.0
7f9f90832000-7f9f90833000 rw-p 00075000 08:03 5773620                    /usr/lib/nvidia/libGL.so.1.0.0
7f9f90833000-7f9f90a34000 rw-p 00000000 00:00 0 
7f9f90a34000-7f9f90c34000 rw-p 00000000 00:00 0 
7f9f90c3f000-7f9f90c7f000 rw-s 3f1f4a000 00:06 9877                      /dev/nvidiactl
7f9f90c7f000-7f9f90c9f000 rw-s 3cb625000 00:06 9877                      /dev/nvidiactl
7f9f90c9f000-7f9f90cdf000 rw-s 3d40e5000 00:06 9877                      /dev/nvidiactl
7f9f90cdf000-7f9f90cff000 rw-s 3d51d9000 00:06 9877                      /dev/nvidiactl
7f9f90cff000-7f9f90d06000 r-xp 00000000 00:23 113235                     /tmp/jogamp_0000/file_cache/jln5979644380332101156/jln5957840690665968728/natives/linux-amd64/libnativewindow_x11.so
7f9f90d06000-7f9f90f05000 ---p 00007000 00:23 113235                     /tmp/jogamp_0000/file_cache/jln5979644380332101156/jln5957840690665968728/natives/linux-amd64/libnativewindow_x11.so
7f9f90f05000-7f9f90f06000 rw-p 00006000 00:23 113235                     /tmp/jogamp_0000/file_cache/jln5979644380332101156/jln5957840690665968728/natives/linux-amd64/libnativewindow_x11.so
7f9f90f06000-7f9f90f0b000 r-xp 00000000 08:03 5268760                    /usr/lib/libXxf86vm.so.1.0.0
7f9f90f0b000-7f9f9110a000 ---p 00005000 08:03 5268760                    /usr/lib/libXxf86vm.so.1.0.0
7f9f9110a000-7f9f9110b000 r--p 00004000 08:03 5268760                    /usr/lib/libXxf86vm.so.1.0.0
7f9f9110b000-7f9f9110c000 rw-p 00005000 08:03 5268760                    /usr/lib/libXxf86vm.so.1.0.0
7f9f9110c000-7f9f9110e000 r-xp 00000000 00:23 113234                     /tmp/jogamp_0000/file_cache/jln5979644380332101156/jln5957840690665968728/natives/linux-amd64/libnativewindow_awt.so
7f9f9110e000-7f9f9130d000 ---p 00002000 00:23 113234                     /tmp/jogamp_0000/file_cache/jln5979644380332101156/jln5957840690665968728/natives/linux-amd64/libnativewindow_awt.so
7f9f9130d000-7f9f9130e000 rw-p 00001000 00:23 113234                     /tmp/jogamp_0000/file_cache/jln5979644380332101156/jln5957840690665968728/natives/linux-amd64/libnativewindow_awt.so
7f9f9130e000-7f9f9130f000 r-xp 00000000 08:03 5905448                    /usr/lib/jvm/java-8-openjdk/jre/lib/amd64/libjawt.so
7f9f9130f000-7f9f9150e000 ---p 00001000 08:03 5905448                    /usr/lib/jvm/java-8-openjdk/jre/lib/amd64/libjawt.so
7f9f9150e000-7f9f9150f000 rw-p 00000000 08:03 5905448                    /usr/lib/jvm/java-8-openjdk/jre/lib/amd64/libjawt.so
7f9f9150f000-7f9f91511000 r-xp 00000000 00:23 113231                     /tmp/jogamp_0000/file_cache/jln5979644380332101156/jln5957840690665968728/natives/linux-amd64/libgluegen-rt.so
7f9f91511000-7f9f91710000 ---p 00002000 00:23 113231                     /tmp/jogamp_0000/file_cache/jln5979644380332101156/jln5957840690665968728/natives/linux-amd64/libgluegen-rt.so
7f9f91710000-7f9f91711000 rw-p 00001000 00:23 113231                     /tmp/jogamp_0000/file_cache/jln5979644380332101156/jln5957840690665968728/natives/linux-amd64/libgluegen-rt.so
7f9f91711000-7f9f91714000 ---p 00000000 00:00 0 
7f9f91714000-7f9f91812000 rw-p 00000000 00:00 0 
7f9f91812000-7f9f91823000 r-xp 00000000 08:03 5905443                    /usr/lib/jvm/java-8-openjdk/jre/lib/amd64/libnio.so
7f9f91823000-7f9f91a22000 ---p 00011000 08:03 5905443                    /usr/lib/jvm/java-8-openjdk/jre/lib/amd64/libnio.so
7f9f91a22000-7f9f91a23000 rw-p 00010000 08:03 5905443                    /usr/lib/jvm/java-8-openjdk/jre/lib/amd64/libnio.so
7f9f91a23000-7f9f91a39000 r-xp 00000000 08:03 5905432                    /usr/lib/jvm/java-8-openjdk/jre/lib/amd64/libnet.so
7f9f91a39000-7f9f91c39000 ---p 00016000 08:03 5905432                    /usr/lib/jvm/java-8-openjdk/jre/lib/amd64/libnet.so
7f9f91c39000-7f9f91c3a000 rw-p 00016000 08:03 5905432                    /usr/lib/jvm/java-8-openjdk/jre/lib/amd64/libnet.so
7f9f91c3a000-7f9f91e3a000 rw-p 00000000 00:00 0 
7f9f91e3a000-7f9f91e3d000 ---p 00000000 00:00 0 
7f9f91e3d000-7f9f91f3b000 rw-p 00000000 00:00 0 
7f9f91f3b000-7f9f91f3e000 ---p 00000000 00:00 0 
7f9f91f3e000-7f9f9203c000 rw-p 00000000 00:00 0 
7f9f9203c000-7f9f9203f000 ---p 00000000 00:00 0 
7f9f9203f000-7f9f9213d000 rw-p 00000000 00:00 0 
7f9f9213d000-7f9f92140000 ---p 00000000 00:00 0 
7f9f92140000-7f9f9223e000 rw-p 00000000 00:00 0 
7f9f9223e000-7f9f92243000 r-xp 00000000 08:03 5268766                    /usr/lib/libXfixes.so.3.1.0
7f9f92243000-7f9f92442000 ---p 00005000 08:03 5268766                    /usr/lib/libXfixes.so.3.1.0
7f9f92442000-7f9f92443000 r--p 00004000 08:03 5268766                    /usr/lib/libXfixes.so.3.1.0
7f9f92443000-7f9f92444000 rw-p 00005000 08:03 5268766                    /usr/lib/libXfixes.so.3.1.0
7f9f92444000-7f9f9244e000 r-xp 00000000 08:03 5269218                    /usr/lib/libXcursor.so.1.0.2
7f9f9244e000-7f9f9264d000 ---p 0000a000 08:03 5269218                    /usr/lib/libXcursor.so.1.0.2
7f9f9264d000-7f9f9264e000 r--p 00009000 08:03 5269218                    /usr/lib/libXcursor.so.1.0.2
7f9f9264e000-7f9f9264f000 rw-p 0000a000 08:03 5269218                    /usr/lib/libXcursor.so.1.0.2
7f9f9264f000-7f9f926c1000 r-xp 00000000 08:03 5254181                    /usr/lib/libpcre.so.1.2.7
7f9f926c1000-7f9f928c0000 ---p 00072000 08:03 5254181                    /usr/lib/libpcre.so.1.2.7
7f9f928c0000-7f9f928c1000 r--p 00071000 08:03 5254181                    /usr/lib/libpcre.so.1.2.7
7f9f928c1000-7f9f928c2000 rw-p 00072000 08:03 5254181                    /usr/lib/libpcre.so.1.2.7
7f9f928c2000-7f9f928ec000 r-xp 00000000 08:03 5264449                    /usr/lib/libgraphite2.so.3.0.1
7f9f928ec000-7f9f92aeb000 ---p 0002a000 08:03 5264449                    /usr/lib/libgraphite2.so.3.0.1
7f9f92aeb000-7f9f92aed000 r--p 00029000 08:03 5264449                    /usr/lib/libgraphite2.so.3.0.1
7f9f92aed000-7f9f92aee000 rw-p 0002b000 08:03 5264449                    /usr/lib/libgraphite2.so.3.0.1
7f9f92aee000-7f9f92bfb000 r-xp 00000000 08:03 5256081                    /usr/lib/libglib-2.0.so.0.4800.1
7f9f92bfb000-7f9f92dfa000 ---p 0010d000 08:03 5256081                    /usr/lib/libglib-2.0.so.0.4800.1
7f9f92dfa000-7f9f92dfb000 r--p 0010c000 08:03 5256081                    /usr/lib/libglib-2.0.so.0.4800.1
7f9f92dfb000-7f9f92dfc000 rw-p 0010d000 08:03 5256081                    /usr/lib/libglib-2.0.so.0.4800.1
7f9f92dfc000-7f9f92dfd000 rw-p 00000000 00:00 0 
7f9f92dfd000-7f9f92e77000 r-xp 00000000 08:03 5264460                    /usr/lib/libharfbuzz.so.0.10200.7
7f9f92e77000-7f9f93077000 ---p 0007a000 08:03 5264460                    /usr/lib/libharfbuzz.so.0.10200.7
7f9f93077000-7f9f93078000 r--p 0007a000 08:03 5264460                    /usr/lib/libharfbuzz.so.0.10200.7
7f9f93078000-7f9f93079000 rw-p 0007b000 08:03 5264460                    /usr/lib/libharfbuzz.so.0.10200.7
7f9f93079000-7f9f930ad000 r-xp 00000000 08:03 5264433                    /usr/lib/libpng16.so.16.23.0
7f9f930ad000-7f9f932ad000 ---p 00034000 08:03 5264433                    /usr/lib/libpng16.so.16.23.0
7f9f932ad000-7f9f932ae000 r--p 00034000 08:03 5264433                    /usr/lib/libpng16.so.16.23.0
7f9f932ae000-7f9f932af000 rw-p 00035000 08:03 5264433                    /usr/lib/libpng16.so.16.23.0
7f9f932af000-7f9f932be000 r-xp 00000000 08:03 5249251                    /usr/lib/libbz2.so.1.0.6
7f9f932be000-7f9f934bd000 ---p 0000f000 08:03 5249251                    /usr/lib/libbz2.so.1.0.6
7f9f934bd000-7f9f934bf000 rw-p 0000e000 08:03 5249251                    /usr/lib/libbz2.so.1.0.6
7f9f934bf000-7f9f934d5000 r-xp 00000000 08:03 5246433                    /usr/lib/libgcc_s.so.1
7f9f934d5000-7f9f936d4000 ---p 00016000 08:03 5246433                    /usr/lib/libgcc_s.so.1
7f9f936d4000-7f9f936d5000 rw-p 00015000 08:03 5246433                    /usr/lib/libgcc_s.so.1
7f9f936d5000-7f9f9378b000 r-xp 00000000 08:03 5264483                    /usr/lib/libfreetype.so.6.12.5
7f9f9378b000-7f9f9398a000 ---p 000b6000 08:03 5264483                    /usr/lib/libfreetype.so.6.12.5
7f9f9398a000-7f9f93990000 r--p 000b5000 08:03 5264483                    /usr/lib/libfreetype.so.6.12.5
7f9f93990000-7f9f93991000 rw-p 000bb000 08:03 5264483                    /usr/lib/libfreetype.so.6.12.5
7f9f93991000-7f9f939f2000 r-xp 00000000 08:03 5905449                    /usr/lib/jvm/java-8-openjdk/jre/lib/amd64/libfontmanager.so
7f9f939f2000-7f9f93bf2000 ---p 00061000 08:03 5905449                    /usr/lib/jvm/java-8-openjdk/jre/lib/amd64/libfontmanager.so
7f9f93bf2000-7f9f93bf6000 rw-p 00061000 08:03 5905449                    /usr/lib/jvm/java-8-openjdk/jre/lib/amd64/libfontmanager.so
7f9f93bf6000-7f9f93bfb000 r-xp 00000000 08:03 5264426                    /usr/lib/libXdmcp.so.6.0.0
7f9f93bfb000-7f9f93dfa000 ---p 00005000 08:03 5264426                    /usr/lib/libXdmcp.so.6.0.0
7f9f93dfa000-7f9f93dfb000 r--p 00004000 08:03 5264426                    /usr/lib/libXdmcp.so.6.0.0
7f9f93dfb000-7f9f93dfc000 rw-p 00005000 08:03 5264426                    /usr/lib/libXdmcp.so.6.0.0
7f9f93dfc000-7f9f93dfe000 r-xp 00000000 08:03 5264569                    /usr/lib/libXau.so.6.0.0
7f9f93dfe000-7f9f93ffe000 ---p 00002000 08:03 5264569                    /usr/lib/libXau.so.6.0.0
7f9f93ffe000-7f9f93fff000 r--p 00002000 08:03 5264569                    /usr/lib/libXau.so.6.0.0
7f9f93fff000-7f9f94000000 rw-p 00003000 08:03 5264569                    /usr/lib/libXau.so.6.0.0
7f9f94000000-7f9f942d2000 rw-p 00000000 00:00 0 
7f9f942d2000-7f9f98000000 ---p 00000000 00:00 0 
7f9f98000000-7f9f98021000 rw-p 00000000 00:00 0 
7f9f98021000-7f9f9c000000 ---p 00000000 00:00 0 
7f9f9c000000-7f9f9c119000 rw-p 00000000 00:00 0 
7f9f9c119000-7f9fa0000000 ---p 00000000 00:00 0 
7f9fa0000000-7f9fa0139000 rw-p 00000000 00:00 0 
7f9fa0139000-7f9fa4000000 ---p 00000000 00:00 0 
7f9fa4000000-7f9fa4021000 rw-p 00000000 00:00 0 
7f9fa4021000-7f9fa8000000 ---p 00000000 00:00 0 
7f9fa8000000-7f9fa80c7000 rw-p 00000000 00:00 0 
7f9fa80c7000-7f9fac000000 ---p 00000000 00:00 0 
7f9fac000000-7f9fac021000 rw-p 00000000 00:00 0 
7f9fac021000-7f9fb0000000 ---p 00000000 00:00 0 
7f9fb0000000-7f9fb0021000 rw-p 00000000 00:00 0 
7f9fb0021000-7f9fb4000000 ---p 00000000 00:00 0 
7f9fb4000000-7f9fb4021000 rw-p 00000000 00:00 0 
7f9fb4021000-7f9fb8000000 ---p 00000000 00:00 0 
7f9fb800e000-7f9fb804e000 rw-s 390598000 00:06 9877                      /dev/nvidiactl
7f9fb8056000-7f9fb805a000 rw-s 00000000 00:05 8093722                    /SYSV00000000 (deleted)
7f9fb805a000-7f9fb806a000 r-xp 00000000 08:03 5253231                    /usr/lib/libnss_myhostname.so.2
7f9fb806a000-7f9fb806b000 ---p 00010000 08:03 5253231                    /usr/lib/libnss_myhostname.so.2
7f9fb806b000-7f9fb806d000 r--p 00010000 08:03 5253231                    /usr/lib/libnss_myhostname.so.2
7f9fb806d000-7f9fb806e000 rw-p 00012000 08:03 5253231                    /usr/lib/libnss_myhostname.so.2
7f9fb806e000-7f9fb807e000 rw-s 00000000 08:03 3148422                    /home/twittumz/#3148422 (deleted)
7f9fb807e000-7f9fb80af000 rw-p 00000000 00:00 0 
7f9fb80af000-7f9fb80b2000 ---p 00000000 00:00 0 
7f9fb80b2000-7f9fb80e8000 rw-p 00000000 00:00 0 
7f9fb80e8000-7f9fb80eb000 ---p 00000000 00:00 0 
7f9fb80eb000-7f9fb81e9000 rw-p 00000000 00:00 0 
7f9fb81e9000-7f9fb8211000 r-xp 00000000 08:03 5264668                    /usr/lib/libxcb.so.1.1.0
7f9fb8211000-7f9fb8410000 ---p 00028000 08:03 5264668                    /usr/lib/libxcb.so.1.1.0
7f9fb8410000-7f9fb8411000 r--p 00027000 08:03 5264668                    /usr/lib/libxcb.so.1.1.0
7f9fb8411000-7f9fb8412000 rw-p 00028000 08:03 5264668                    /usr/lib/libxcb.so.1.1.0
7f9fb8412000-7f9fb8421000 r-xp 00000000 08:03 5269325                    /usr/lib/libXi.so.6.1.0
7f9fb8421000-7f9fb8620000 ---p 0000f000 08:03 5269325                    /usr/lib/libXi.so.6.1.0
7f9fb8620000-7f9fb8621000 r--p 0000e000 08:03 5269325                    /usr/lib/libXi.so.6.1.0
7f9fb8621000-7f9fb8622000 rw-p 0000f000 08:03 5269325                    /usr/lib/libXi.so.6.1.0
7f9fb8622000-7f9fb8627000 r-xp 00000000 08:03 5269506                    /usr/lib/libXtst.so.6.1.0
7f9fb8627000-7f9fb8826000 ---p 00005000 08:03 5269506                    /usr/lib/libXtst.so.6.1.0
7f9fb8826000-7f9fb8827000 r--p 00004000 08:03 5269506                    /usr/lib/libXtst.so.6.1.0
7f9fb8827000-7f9fb8828000 rw-p 00005000 08:03 5269506                    /usr/lib/libXtst.so.6.1.0
7f9fb8828000-7f9fb8831000 r-xp 00000000 08:03 5268501                    /usr/lib/libXrender.so.1.3.0
7f9fb8831000-7f9fb8a30000 ---p 00009000 08:03 5268501                    /usr/lib/libXrender.so.1.3.0
7f9fb8a30000-7f9fb8a31000 r--p 00008000 08:03 5268501                    /usr/lib/libXrender.so.1.3.0
7f9fb8a31000-7f9fb8a32000 rw-p 00009000 08:03 5268501                    /usr/lib/libXrender.so.1.3.0
7f9fb8a32000-7f9fb8b6d000 r-xp 00000000 08:03 5266962                    /usr/lib/libX11.so.6.3.0
7f9fb8b6d000-7f9fb8d6c000 ---p 0013b000 08:03 5266962                    /usr/lib/libX11.so.6.3.0
7f9fb8d6c000-7f9fb8d6e000 r--p 0013a000 08:03 5266962                    /usr/lib/libX11.so.6.3.0
7f9fb8d6e000-7f9fb8d73000 rw-p 0013c000 08:03 5266962                    /usr/lib/libX11.so.6.3.0
7f9fb8d73000-7f9fb8d74000 rw-p 00000000 00:00 0 
7f9fb8d74000-7f9fb8d85000 r-xp 00000000 08:03 5268193                    /usr/lib/libXext.so.6.4.0
7f9fb8d85000-7f9fb8f84000 ---p 00011000 08:03 5268193                    /usr/lib/libXext.so.6.4.0
7f9fb8f84000-7f9fb8f85000 r--p 00010000 08:03 5268193                    /usr/lib/libXext.so.6.4.0
7f9fb8f85000-7f9fb8f86000 rw-p 00011000 08:03 5268193                    /usr/lib/libXext.so.6.4.0
7f9fb8f88000-7f9fb8f89000 rw-s 399d2f000 00:06 9877                      /dev/nvidiactl
7f9fb8f89000-7f9fb8f8a000 rw-s cfd67000 00:06 13745                      /dev/nvidia0
7f9fb8f8a000-7f9fb8f8b000 rw-s cfd66000 00:06 13745                      /dev/nvidia0
7f9fb8f8b000-7f9fb8f8c000 rw-s cfd66000 00:06 13745                      /dev/nvidia0
7f9fb8f8c000-7f9fb8f8d000 rw-s 3cb58c000 00:06 9877                      /dev/nvidiactl
7f9fb8f8d000-7f9fb8f8f000 rw-s 00000000 00:23 109548                     /tmp/.glRfbQts (deleted)
7f9fb8f8f000-7f9fb8f90000 rw-s 3cb5c8000 00:06 9877                      /dev/nvidiactl
7f9fb8f90000-7f9fb8f94000 rw-s 3d61b1000 00:06 9877                      /dev/nvidiactl
7f9fb8f94000-7f9fb8fa4000 r-xs 00000000 08:03 3148422                    /home/twittumz/#3148422 (deleted)
7f9fb8fa4000-7f9fb8fb7000 r--s 00345000 08:03 5905402                    /usr/lib/jvm/java-8-openjdk/jre/lib/resources.jar
7f9fb8fb7000-7f9fb900a000 r-xp 00000000 08:03 5905447                    /usr/lib/jvm/java-8-openjdk/jre/lib/amd64/libawt_xawt.so
7f9fb900a000-7f9fb920a000 ---p 00053000 08:03 5905447                    /usr/lib/jvm/java-8-openjdk/jre/lib/amd64/libawt_xawt.so
7f9fb920a000-7f9fb920d000 rw-p 00053000 08:03 5905447                    /usr/lib/jvm/java-8-openjdk/jre/lib/amd64/libawt_xawt.so
7f9fb920d000-7f9fb920e000 rw-p 00000000 00:00 0 
7f9fb920e000-7f9fb92ac000 r-xp 00000000 08:03 5905442                    /usr/lib/jvm/java-8-openjdk/jre/lib/amd64/libawt.so
7f9fb92ac000-7f9fb94ac000 ---p 0009e000 08:03 5905442                    /usr/lib/jvm/java-8-openjdk/jre/lib/amd64/libawt.so
7f9fb94ac000-7f9fb94b8000 rw-p 0009e000 08:03 5905442                    /usr/lib/jvm/java-8-openjdk/jre/lib/amd64/libawt.so
7f9fb94b8000-7f9fb94dc000 rw-p 00000000 00:00 0 
7f9fb94dc000-7f9fb9500000 r--s 0031e000 08:03 3279997                    /home/twittumz/Desktop/git/2DMapEditor/libs/jogl/jar/jogl-all.jar
7f9fb9500000-7f9fb9501000 ---p 00000000 00:00 0 
7f9fb9501000-7f9fb9601000 rw-p 00000000 00:00 0 
7f9fb9601000-7f9fb9604000 ---p 00000000 00:00 0 
7f9fb9604000-7f9fb9702000 rw-p 00000000 00:00 0 
7f9fb9702000-7f9fb9705000 ---p 00000000 00:00 0 
7f9fb9705000-7f9fb9803000 rw-p 00000000 00:00 0 
7f9fb9803000-7f9fb9806000 ---p 00000000 00:00 0 
7f9fb9806000-7f9fb9904000 rw-p 00000000 00:00 0 
7f9fb9904000-7f9fb9907000 ---p 00000000 00:00 0 
7f9fb9907000-7f9fb9a05000 rw-p 00000000 00:00 0 
7f9fb9a05000-7f9fb9a08000 ---p 00000000 00:00 0 
7f9fb9a08000-7f9fb9b06000 rw-p 00000000 00:00 0 
7f9fb9b06000-7f9fb9b09000 ---p 00000000 00:00 0 
7f9fb9b09000-7f9fb9c07000 rw-p 00000000 00:00 0 
7f9fb9c07000-7f9fb9d9f000 r--p 00000000 08:03 5281274                    /usr/lib/locale/locale-archive
7f9fb9d9f000-7f9fb9da2000 ---p 00000000 00:00 0 
7f9fb9da2000-7f9fb9ea0000 rw-p 00000000 00:00 0 
7f9fb9ea0000-7f9fb9ea3000 ---p 00000000 00:00 0 
7f9fb9ea3000-7f9fb9fa1000 rw-p 00000000 00:00 0 
7f9fb9fa1000-7f9fb9fa2000 ---p 00000000 00:00 0 
7f9fb9fa2000-7f9fc4000000 rw-p 00000000 00:00 0 
7f9fc4000000-7f9fc4021000 rw-p 00000000 00:00 0 
7f9fc4021000-7f9fc8000000 ---p 00000000 00:00 0 
7f9fc8000000-7f9fc8021000 rw-p 00000000 00:00 0 
7f9fc8021000-7f9fcc000000 ---p 00000000 00:00 0 
7f9fcc000000-7f9fcc021000 rw-p 00000000 00:00 0 
7f9fcc021000-7f9fd0000000 ---p 00000000 00:00 0 
7f9fd0000000-7f9fd0021000 rw-p 00000000 00:00 0 
7f9fd0021000-7f9fd4000000 ---p 00000000 00:00 0 
7f9fd4000000-7f9fd4021000 rw-p 00000000 00:00 0 
7f9fd4021000-7f9fd8000000 ---p 00000000 00:00 0 
7f9fd8000000-7f9fd8021000 rw-p 00000000 00:00 0 
7f9fd8021000-7f9fdc000000 ---p 00000000 00:00 0 
7f9fdc000000-7f9fdc021000 rw-p 00000000 00:00 0 
7f9fdc021000-7f9fe0000000 ---p 00000000 00:00 0 
7f9fe0000000-7f9fe0021000 rw-p 00000000 00:00 0 
7f9fe0021000-7f9fe4000000 ---p 00000000 00:00 0 
7f9fe4000000-7f9fe4001000 rw-s cfd66000 00:06 13745                      /dev/nvidia0
7f9fe4001000-7f9fe4002000 rw-s cfd66000 00:06 13745                      /dev/nvidia0
7f9fe4002000-7f9fe4003000 rw-s cfd66000 00:06 13745                      /dev/nvidia0
7f9fe4003000-7f9fe4004000 rw-s 3cb5df000 00:06 9877                      /dev/nvidiactl
7f9fe4004000-7f9fe4005000 rw-s de060000 00:06 13745                      /dev/nvidia0
7f9fe4005000-7f9fe4006000 rw-s 3cb4a5000 00:06 9877                      /dev/nvidiactl
7f9fe4006000-7f9fe400a000 rw-s 3d526b000 00:06 9877                      /dev/nvidiactl
7f9fe400a000-7f9fe400b000 rw-s cfd66000 00:06 13745                      /dev/nvidia0
7f9fe400b000-7f9fe400c000 rw-s cfd66000 00:06 13745                      /dev/nvidia0
7f9fe400c000-7f9fe400d000 rw-s cfd66000 00:06 13745                      /dev/nvidia0
7f9fe400d000-7f9fe4192000 rw-p 00000000 00:00 0 
7f9fe4192000-7f9fe435f000 r--s 03bec000 08:03 5905403                    /usr/lib/jvm/java-8-openjdk/jre/lib/rt.jar
7f9fe435f000-7f9fe4bfc000 rw-p 00000000 00:00 0 
7f9fe4bfc000-7f9fe4bfd000 ---p 00000000 00:00 0 
7f9fe4bfd000-7f9fe4cfd000 rw-p 00000000 00:00 0 
7f9fe4cfd000-7f9fe4cfe000 ---p 00000000 00:00 0 
7f9fe4cfe000-7f9fe4dfe000 rw-p 00000000 00:00 0 
7f9fe4dfe000-7f9fe4dff000 ---p 00000000 00:00 0 
7f9fe4dff000-7f9fe4eff000 rw-p 00000000 00:00 0 
7f9fe4eff000-7f9fe4f00000 ---p 00000000 00:00 0 
7f9fe4f00000-7f9fe5000000 rw-p 00000000 00:00 0 
7f9fe5000000-7f9fe53f0000 rwxp 00000000 00:00 0 
7f9fe53f0000-7f9ff4000000 ---p 00000000 00:00 0 
7f9ff4000000-7f9ff4a7a000 rw-p 00000000 00:00 0 
7f9ff4a7a000-7f9ff8000000 ---p 00000000 00:00 0 
7f9ff8000000-7f9ff8001000 rw-s 3cb589000 00:06 9877                      /dev/nvidiactl
7f9ff8001000-7f9ff8003000 r--s 00000000 08:03 3279886                    /home/twittumz/Desktop/git/2DMapEditor/libs/jogl/jar/gluegen-rt-natives-linux-amd64.jar
7f9ff8003000-7f9ff8004000 ---p 00000000 00:00 0 
7f9ff8004000-7f9ff8104000 rw-p 00000000 00:00 0 
7f9ff8104000-7f9ff8105000 ---p 00000000 00:00 0 
7f9ff8105000-7f9ff8205000 rw-p 00000000 00:00 0 
7f9ff8205000-7f9ff8206000 ---p 00000000 00:00 0 
7f9ff8206000-7f9ff8306000 rw-p 00000000 00:00 0 
7f9ff8306000-7f9ff8307000 ---p 00000000 00:00 0 
7f9ff8307000-7f9ff845b000 rw-p 00000000 00:00 0 
7f9ff845b000-7f9ff893a000 ---p 00000000 00:00 0 
7f9ff893a000-7f9ff898e000 rw-p 00000000 00:00 0 
7f9ff898e000-7f9ff8e6c000 ---p 00000000 00:00 0 
7f9ff8e6c000-7f9ff8e97000 rw-p 00000000 00:00 0 
7f9ff8e97000-7f9ff9106000 ---p 00000000 00:00 0 
7f9ff9106000-7f9ff9117000 rw-p 00000000 00:00 0 
7f9ff9117000-7f9ff94c7000 ---p 00000000 00:00 0 
7f9ff94c7000-7f9ff94cf000 r-xp 00000000 08:03 5905430                    /usr/lib/jvm/java-8-openjdk/jre/lib/amd64/libzip.so
7f9ff94cf000-7f9ff96ce000 ---p 00008000 08:03 5905430                    /usr/lib/jvm/java-8-openjdk/jre/lib/amd64/libzip.so
7f9ff96ce000-7f9ff96cf000 rw-p 00007000 08:03 5905430                    /usr/lib/jvm/java-8-openjdk/jre/lib/amd64/libzip.so
7f9ff96cf000-7f9ff96da000 r-xp 00000000 08:03 5246155                    /usr/lib/libnss_files-2.23.so
7f9ff96da000-7f9ff98d9000 ---p 0000b000 08:03 5246155                    /usr/lib/libnss_files-2.23.so
7f9ff98d9000-7f9ff98da000 r--p 0000a000 08:03 5246155                    /usr/lib/libnss_files-2.23.so
7f9ff98da000-7f9ff98db000 rw-p 0000b000 08:03 5246155                    /usr/lib/libnss_files-2.23.so
7f9ff98db000-7f9ff98e1000 rw-p 00000000 00:00 0 
7f9ff98e1000-7f9ff990d000 r-xp 00000000 08:03 5905429                    /usr/lib/jvm/java-8-openjdk/jre/lib/amd64/libjava.so
7f9ff990d000-7f9ff9b0d000 ---p 0002c000 08:03 5905429                    /usr/lib/jvm/java-8-openjdk/jre/lib/amd64/libjava.so
7f9ff9b0d000-7f9ff9b0f000 rw-p 0002c000 08:03 5905429                    /usr/lib/jvm/java-8-openjdk/jre/lib/amd64/libjava.so
7f9ff9b0f000-7f9ff9b1c000 r-xp 00000000 08:03 5905422                    /usr/lib/jvm/java-8-openjdk/jre/lib/amd64/libverify.so
7f9ff9b1c000-7f9ff9d1b000 ---p 0000d000 08:03 5905422                    /usr/lib/jvm/java-8-openjdk/jre/lib/amd64/libverify.so
7f9ff9d1b000-7f9ff9d1d000 rw-p 0000c000 08:03 5905422                    /usr/lib/jvm/java-8-openjdk/jre/lib/amd64/libverify.so
7f9ff9d1d000-7f9ff9d24000 r-xp 00000000 08:03 5246163                    /usr/lib/librt-2.23.so
7f9ff9d24000-7f9ff9f23000 ---p 00007000 08:03 5246163                    /usr/lib/librt-2.23.so
7f9ff9f23000-7f9ff9f24000 r--p 00006000 08:03 5246163                    /usr/lib/librt-2.23.so
7f9ff9f24000-7f9ff9f25000 rw-p 00007000 08:03 5246163                    /usr/lib/librt-2.23.so
7f9ff9f25000-7f9ffa028000 r-xp 00000000 08:03 5246160                    /usr/lib/libm-2.23.so
7f9ffa028000-7f9ffa227000 ---p 00103000 08:03 5246160                    /usr/lib/libm-2.23.so
7f9ffa227000-7f9ffa228000 r--p 00102000 08:03 5246160                    /usr/lib/libm-2.23.so
7f9ffa228000-7f9ffa229000 rw-p 00103000 08:03 5246160                    /usr/lib/libm-2.23.so
7f9ffa229000-7f9ffae7e000 r-xp 00000000 08:03 6170591                    /usr/lib/jvm/java-8-openjdk/jre/lib/amd64/server/libjvm.so
7f9ffae7e000-7f9ffb07e000 ---p 00c55000 08:03 6170591                    /usr/lib/jvm/java-8-openjdk/jre/lib/amd64/server/libjvm.so
7f9ffb07e000-7f9ffb13a000 rw-p 00c55000 08:03 6170591                    /usr/lib/jvm/java-8-openjdk/jre/lib/amd64/server/libjvm.so
7f9ffb13a000-7f9ffb16a000 rw-p 00000000 00:00 0 
7f9ffb16a000-7f9ffb301000 r-xp 00000000 08:03 5246102                    /usr/lib/libc-2.23.so
7f9ffb301000-7f9ffb501000 ---p 00197000 08:03 5246102                    /usr/lib/libc-2.23.so
7f9ffb501000-7f9ffb505000 r--p 00197000 08:03 5246102                    /usr/lib/libc-2.23.so
7f9ffb505000-7f9ffb507000 rw-p 0019b000 08:03 5246102                    /usr/lib/libc-2.23.so
7f9ffb507000-7f9ffb50b000 rw-p 00000000 00:00 0 
7f9ffb50b000-7f9ffb50d000 r-xp 00000000 08:03 5246159                    /usr/lib/libdl-2.23.so
7f9ffb50d000-7f9ffb70d000 ---p 00002000 08:03 5246159                    /usr/lib/libdl-2.23.so
7f9ffb70d000-7f9ffb70e000 r--p 00002000 08:03 5246159                    /usr/lib/libdl-2.23.so
7f9ffb70e000-7f9ffb70f000 rw-p 00003000 08:03 5246159                    /usr/lib/libdl-2.23.so
7f9ffb70f000-7f9ffb71c000 r-xp 00000000 08:03 6170588                    /usr/lib/jvm/java-8-openjdk/jre/lib/amd64/jli/libjli.so
7f9ffb71c000-7f9ffb91b000 ---p 0000d000 08:03 6170588                    /usr/lib/jvm/java-8-openjdk/jre/lib/amd64/jli/libjli.so
7f9ffb91b000-7f9ffb91c000 rw-p 0000c000 08:03 6170588                    /usr/lib/jvm/java-8-openjdk/jre/lib/amd64/jli/libjli.so
7f9ffb91c000-7f9ffb931000 r-xp 00000000 08:03 5253324                    /usr/lib/libz.so.1.2.8
7f9ffb931000-7f9ffbb30000 ---p 00015000 08:03 5253324                    /usr/lib/libz.so.1.2.8
7f9ffbb30000-7f9ffbb31000 r--p 00014000 08:03 5253324                    /usr/lib/libz.so.1.2.8
7f9ffbb31000-7f9ffbb32000 rw-p 00015000 08:03 5253324                    /usr/lib/libz.so.1.2.8
7f9ffbb32000-7f9ffbb4a000 r-xp 00000000 08:03 5246083                    /usr/lib/libpthread-2.23.so
7f9ffbb4a000-7f9ffbd49000 ---p 00018000 08:03 5246083                    /usr/lib/libpthread-2.23.so
7f9ffbd49000-7f9ffbd4a000 r--p 00017000 08:03 5246083                    /usr/lib/libpthread-2.23.so
7f9ffbd4a000-7f9ffbd4b000 rw-p 00018000 08:03 5246083                    /usr/lib/libpthread-2.23.so
7f9ffbd4b000-7f9ffbd4f000 rw-p 00000000 00:00 0 
7f9ffbd4f000-7f9ffbd72000 r-xp 00000000 08:03 5246101                    /usr/lib/ld-2.23.so
7f9ffbd72000-7f9ffbd73000 r--s 00036000 08:03 3279976                    /home/twittumz/Desktop/git/2DMapEditor/libs/jogl/jar/jogl-all-natives-linux-amd64.jar
7f9ffbd73000-7f9ffbd74000 r--p 00000000 00:00 0 
7f9ffbd74000-7f9ffbd78000 r--s 00097000 08:03 5905401                    /usr/lib/jvm/java-8-openjdk/jre/lib/jsse.jar
7f9ffbd78000-7f9ffbe3b000 rw-p 00000000 00:00 0 
7f9ffbe3b000-7f9ffbe3e000 ---p 00000000 00:00 0 
7f9ffbe3e000-7f9ffbf40000 rw-p 00000000 00:00 0 
7f9ffbf40000-7f9ffbf46000 r--s 0004f000 08:03 3279895                    /home/twittumz/Desktop/git/2DMapEditor/libs/jogl/jar/gluegen-rt.jar
7f9ffbf46000-7f9ffbf67000 rw-p 00000000 00:00 0 
7f9ffbf67000-7f9ffbf6f000 rw-s 00000000 00:23 109547                     /tmp/hsperfdata_twittumz/917
7f9ffbf6f000-7f9ffbf70000 rw-p 00000000 00:00 0 
7f9ffbf70000-7f9ffbf71000 r--p 00000000 00:00 0 
7f9ffbf71000-7f9ffbf72000 rw-p 00000000 00:00 0 
7f9ffbf72000-7f9ffbf73000 r--p 00023000 08:03 5246101                    /usr/lib/ld-2.23.so
7f9ffbf73000-7f9ffbf74000 rw-p 00024000 08:03 5246101                    /usr/lib/ld-2.23.so
7f9ffbf74000-7f9ffbf75000 rw-p 00000000 00:00 0 
7fff366c5000-7fff366e6000 rw-p 00000000 00:00 0                          [stack]
7fff36714000-7fff36717000 r--p 00000000 00:00 0                          [vvar]
7fff36717000-7fff36719000 r-xp 00000000 00:00 0                          [vdso]
ffffffffff600000-ffffffffff601000 r-xp 00000000 00:00 0                  [vsyscall]

VM Arguments:
jvm_args: -Dfile.encoding=UTF-8 
java_command: Editor.Main
java_class_path (initial): /home/twittumz/Desktop/git/2DMapEditor/2dMapEditor/bin:/home/twittumz/Desktop/git/2DMapEditor/libs/jogl/jar/gluegen-rt.jar:/home/twittumz/Desktop/git/2DMapEditor/libs/jogl/jar/jogl-all.jar
Launcher Type: SUN_STANDARD

Environment Variables:
PATH=/usr/local/sbin:/usr/local/bin:/usr/bin:/usr/lib/jvm/default/bin:/usr/bin/site_perl:/usr/bin/vendor_perl:/usr/bin/core_perl
USERNAME=twittumz
SHELL=/bin/bash
DISPLAY=:1

Signal Handlers:
SIGSEGV: [libjvm.so+0xa5a220], sa_mask[0]=11111111011111111101111111111110, sa_flags=SA_RESTART|SA_SIGINFO
SIGBUS: [libjvm.so+0xa5a220], sa_mask[0]=11111111011111111101111111111110, sa_flags=SA_RESTART|SA_SIGINFO
SIGFPE: [libjvm.so+0x8a5a90], sa_mask[0]=11111111011111111101111111111110, sa_flags=SA_RESTART|SA_SIGINFO
SIGPIPE: [libjvm.so+0x8a5a90], sa_mask[0]=11111111011111111101111111111110, sa_flags=SA_RESTART|SA_SIGINFO
SIGXFSZ: [libjvm.so+0x8a5a90], sa_mask[0]=11111111011111111101111111111110, sa_flags=SA_RESTART|SA_SIGINFO
SIGILL: [libjvm.so+0x8a5a90], sa_mask[0]=11111111011111111101111111111110, sa_flags=SA_RESTART|SA_SIGINFO
SIGUSR1: SIG_DFL, sa_mask[0]=00000000000000000000000000000000, sa_flags=none
SIGUSR2: [libjvm.so+0x8a5940], sa_mask[0]=00100000000000000000000000000000, sa_flags=SA_RESTART|SA_SIGINFO
SIGHUP: [libjvm.so+0x8a5e10], sa_mask[0]=11111111011111111101111111111110, sa_flags=SA_RESTART|SA_SIGINFO
SIGINT: [libjvm.so+0x8a5e10], sa_mask[0]=11111111011111111101111111111110, sa_flags=SA_RESTART|SA_SIGINFO
SIGTERM: [libjvm.so+0x8a5e10], sa_mask[0]=11111111011111111101111111111110, sa_flags=SA_RESTART|SA_SIGINFO
SIGQUIT: [libjvm.so+0x8a5e10], sa_mask[0]=11111111011111111101111111111110, sa_flags=SA_RESTART|SA_SIGINFO


---------------  S Y S T E M  ---------------

OS:NAME="Arch Linux"
ID=arch
PRETTY_NAME="Arch Linux"
ANSI_COLOR="0;36"
HOME_URL="https://www.archlinux.org/"
SUPPORT_URL="https://bbs.archlinux.org/"
BUG_REPORT_URL="https://bugs.archlinux.org/"


uname:Linux 4.6.3-1-ARCH #1 SMP PREEMPT Fri Jun 24 21:19:13 CEST 2016 x86_64
libc:glibc 2.23 NPTL 2.23 
rlimit: STACK 8192k, CORE infinity, NPROC 63849, NOFILE 4096, AS infinity
load average:0.50 0.23 0.14

/proc/meminfo:
MemTotal:       16350744 kB
MemFree:        11949948 kB
MemAvailable:   13114480 kB
Buffers:           66120 kB
Cached:          1348820 kB
SwapCached:            0 kB
Active:          2999588 kB
Inactive:        1072980 kB
Active(anon):    2658556 kB
Inactive(anon):    30760 kB
Active(file):     341032 kB
Inactive(file):  1042220 kB
Unevictable:           0 kB
Mlocked:               0 kB
SwapTotal:       4191228 kB
SwapFree:        4191228 kB
Dirty:               120 kB
Writeback:             0 kB
AnonPages:       2288812 kB
Mapped:           386456 kB
Shmem:             31684 kB
Slab:             118732 kB
SReclaimable:      77224 kB
SUnreclaim:        41508 kB
KernelStack:        9136 kB
PageTables:        29180 kB
NFS_Unstable:          0 kB
Bounce:                0 kB
WritebackTmp:          0 kB
CommitLimit:    12366600 kB
Committed_AS:    5576240 kB
VmallocTotal:   34359738367 kB
VmallocUsed:           0 kB
VmallocChunk:          0 kB
HardwareCorrupted:     0 kB
AnonHugePages:   1366016 kB
HugePages_Total:       0
HugePages_Free:        0
HugePages_Rsvd:        0
HugePages_Surp:        0
Hugepagesize:       2048 kB
DirectMap4k:      228828 kB
DirectMap2M:     5976064 kB
DirectMap1G:    10485760 kB


CPU:total 8 (4 cores per cpu, 2 threads per core) family 6 model 94 stepping 3, cmov, cx8, fxsr, mmx, sse, sse2, sse3, ssse3, sse4.1, sse4.2, popcnt, avx, avx2, aes, clmul, erms, rtm, 3dnowpref, lzcnt, ht, tsc, tscinvbit, bmi1, bmi2, adx

/proc/cpuinfo:
processor	: 0
vendor_id	: GenuineIntel
cpu family	: 6
model		: 94
model name	: Intel(R) Core(TM) i7-6700K CPU @ 4.00GHz
stepping	: 3
microcode	: 0x6a
cpu MHz		: 4103.437
cache size	: 8192 KB
physical id	: 0
siblings	: 8
core id		: 0
cpu cores	: 4
apicid		: 0
initial apicid	: 0
fpu		: yes
fpu_exception	: yes
cpuid level	: 22
wp		: yes
flags		: fpu vme de pse tsc msr pae mce cx8 apic sep mtrr pge mca cmov pat pse36 clflush dts acpi mmx fxsr sse sse2 ss ht tm pbe syscall nx pdpe1gb rdtscp lm constant_tsc art arch_perfmon pebs bts rep_good nopl xtopology nonstop_tsc aperfmperf eagerfpu pni pclmulqdq dtes64 monitor ds_cpl vmx est tm2 ssse3 sdbg fma cx16 xtpr pdcm pcid sse4_1 sse4_2 x2apic movbe popcnt tsc_deadline_timer aes xsave avx f16c rdrand lahf_lm abm 3dnowprefetch epb intel_pt tpr_shadow vnmi flexpriority ept vpid fsgsbase tsc_adjust bmi1 hle avx2 smep bmi2 erms invpcid rtm mpx rdseed adx smap clflushopt xsaveopt xsavec xgetbv1 dtherm ida arat pln pts hwp hwp_notify hwp_act_window hwp_epp
bugs		:
bogomips	: 8019.73
clflush size	: 64
cache_alignment	: 64
address sizes	: 39 bits physical, 48 bits virtual
power management:

processor	: 1
vendor_id	: GenuineIntel
cpu family	: 6
model		: 94
model name	: Intel(R) Core(TM) i7-6700K CPU @ 4.00GHz
stepping	: 3
microcode	: 0x6a
cpu MHz		: 4114.687
cache size	: 8192 KB
physical id	: 0
siblings	: 8
core id		: 1
cpu cores	: 4
apicid		: 2
initial apicid	: 2
fpu		: yes
fpu_exception	: yes
cpuid level	: 22
wp		: yes
flags		: fpu vme de pse tsc msr pae mce cx8 apic sep mtrr pge mca cmov pat pse36 clflush dts acpi mmx fxsr sse sse2 ss ht tm pbe syscall nx pdpe1gb rdtscp lm constant_tsc art arch_perfmon pebs bts rep_good nopl xtopology nonstop_tsc aperfmperf eagerfpu pni pclmulqdq dtes64 monitor ds_cpl vmx est tm2 ssse3 sdbg fma cx16 xtpr pdcm pcid sse4_1 sse4_2 x2apic movbe popcnt tsc_deadline_timer aes xsave avx f16c rdrand lahf_lm abm 3dnowprefetch epb intel_pt tpr_shadow vnmi flexpriority ept vpid fsgsbase tsc_adjust bmi1 hle avx2 smep bmi2 erms invpcid rtm mpx rdseed adx smap clflushopt xsaveopt xsavec xgetbv1 dtherm ida arat pln pts hwp hwp_notify hwp_act_window hwp_epp
bugs		:
bogomips	: 8020.80
clflush size	: 64
cache_alignment	: 64
address sizes	: 39 bits physical, 48 bits virtual
power management:

processor	: 2
vendor_id	: GenuineIntel
cpu family	: 6
model		: 94
model name	: Intel(R) Core(TM) i7-6700K CPU @ 4.00GHz
stepping	: 3
microcode	: 0x6a
cpu MHz		: 4100.000
cache size	: 8192 KB
physical id	: 0
siblings	: 8
core id		: 2
cpu cores	: 4
apicid		: 4
initial apicid	: 4
fpu		: yes
fpu_exception	: yes
cpuid level	: 22
wp		: yes
flags		: fpu vme de pse tsc msr pae mce cx8 apic sep mtrr pge mca cmov pat pse36 clflush dts acpi mmx fxsr sse sse2 ss ht tm pbe syscall nx pdpe1gb rdtscp lm constant_tsc art arch_perfmon pebs bts rep_good nopl xtopology nonstop_tsc aperfmperf eagerfpu pni pclmulqdq dtes64 monitor ds_cpl vmx est tm2 ssse3 sdbg fma cx16 xtpr pdcm pcid sse4_1 sse4_2 x2apic movbe popcnt tsc_deadline_timer aes xsave avx f16c rdrand lahf_lm abm 3dnowprefetch epb intel_pt tpr_shadow vnmi flexpriority ept vpid fsgsbase tsc_adjust bmi1 hle avx2 smep bmi2 erms invpcid rtm mpx rdseed adx smap clflushopt xsaveopt xsavec xgetbv1 dtherm ida arat pln pts hwp hwp_notify hwp_act_window hwp_epp
bugs		:
bogomips	: 8021.87
clflush size	: 64
cache_alignment	: 64
address sizes	: 39 bits physical, 48 bits virtual
power management:

processor	: 3
vendor_id	: GenuineIntel
cpu family	: 6
model		: 94
model name	: Intel(R) Core(TM) i7-6700K CPU @ 4.00GHz
stepping	: 3
microcode	: 0x6a
cpu MHz		: 4100.000
cache size	: 8192 KB
physical id	: 0
siblings	: 8
core id		: 3
cpu cores	: 4
apicid		: 6
initial apicid	: 6
fpu		: yes
fpu_exception	: yes
cpuid level	: 22
wp		: yes
flags		: fpu vme de pse tsc msr pae mce cx8 apic sep mtrr pge mca cmov pat pse36 clflush dts acpi mmx fxsr sse sse2 ss ht tm pbe syscall nx pdpe1gb rdtscp lm constant_tsc art arch_perfmon pebs bts rep_good nopl xtopology nonstop_tsc aperfmperf eagerfpu pni pclmulqdq dtes64 monitor ds_cpl vmx est tm2 ssse3 sdbg fma cx16 xtpr pdcm pcid sse4_1 sse4_2 x2apic movbe popcnt tsc_deadline_timer aes xsave avx f16c rdrand lahf_lm abm 3dnowprefetch epb intel_pt tpr_shadow vnmi flexpriority ept vpid fsgsbase tsc_adjust bmi1 hle avx2 smep bmi2 erms invpcid rtm mpx rdseed adx smap clflushopt xsaveopt xsavec xgetbv1 dtherm ida arat pln pts hwp hwp_notify hwp_act_window hwp_epp
bugs		:
bogomips	: 8021.87
clflush size	: 64
cache_alignment	: 64
address sizes	: 39 bits physical, 48 bits virtual
power management:

processor	: 4
vendor_id	: GenuineIntel
cpu family	: 6
model		: 94
model name	: Intel(R) Core(TM) i7-6700K CPU @ 4.00GHz
stepping	: 3
microcode	: 0x6a
cpu MHz		: 4112.343
cache size	: 8192 KB
physical id	: 0
siblings	: 8
core id		: 0
cpu cores	: 4
apicid		: 1
initial apicid	: 1
fpu		: yes
fpu_exception	: yes
cpuid level	: 22
wp		: yes
flags		: fpu vme de pse tsc msr pae mce cx8 apic sep mtrr pge mca cmov pat pse36 clflush dts acpi mmx fxsr sse sse2 ss ht tm pbe syscall nx pdpe1gb rdtscp lm constant_tsc art arch_perfmon pebs bts rep_good nopl xtopology nonstop_tsc aperfmperf eagerfpu pni pclmulqdq dtes64 monitor ds_cpl vmx est tm2 ssse3 sdbg fma cx16 xtpr pdcm pcid sse4_1 sse4_2 x2apic movbe popcnt tsc_deadline_timer aes xsave avx f16c rdrand lahf_lm abm 3dnowprefetch epb intel_pt tpr_shadow vnmi flexpriority ept vpid fsgsbase tsc_adjust bmi1 hle avx2 smep bmi2 erms invpcid rtm mpx rdseed adx smap clflushopt xsaveopt xsavec xgetbv1 dtherm ida arat pln pts hwp hwp_notify hwp_act_window hwp_epp
bugs		:
bogomips	: 8021.36
clflush size	: 64
cache_alignment	: 64
address sizes	: 39 bits physical, 48 bits virtual
power management:

processor	: 5
vendor_id	: GenuineIntel
cpu family	: 6
model		: 94
model name	: Intel(R) Core(TM) i7-6700K CPU @ 4.00GHz
stepping	: 3
microcode	: 0x6a
cpu MHz		: 4099.843
cache size	: 8192 KB
physical id	: 0
siblings	: 8
core id		: 1
cpu cores	: 4
apicid		: 3
initial apicid	: 3
fpu		: yes
fpu_exception	: yes
cpuid level	: 22
wp		: yes
flags		: fpu vme de pse tsc msr pae mce cx8 apic sep mtrr pge mca cmov pat pse36 clflush dts acpi mmx fxsr sse sse2 ss ht tm pbe syscall nx pdpe1gb rdtscp lm constant_tsc art arch_perfmon pebs bts rep_good nopl xtopology nonstop_tsc aperfmperf eagerfpu pni pclmulqdq dtes64 monitor ds_cpl vmx est tm2 ssse3 sdbg fma cx16 xtpr pdcm pcid sse4_1 sse4_2 x2apic movbe popcnt tsc_deadline_timer aes xsave avx f16c rdrand lahf_lm abm 3dnowprefetch epb intel_pt tpr_shadow vnmi flexpriority ept vpid fsgsbase tsc_adjust bmi1 hle avx2 smep bmi2 erms invpcid rtm mpx rdseed adx smap clflushopt xsaveopt xsavec xgetbv1 dtherm ida arat pln pts hwp hwp_notify hwp_act_window hwp_epp
bugs		:
bogomips	: 8021.92
clflush size	: 64
cache_alignment	: 64
address sizes	: 39 bits physical, 48 bits virtual
power management:

processor	: 6
vendor_id	: GenuineIntel
cpu family	: 6
model		: 94
model name	: Intel(R) Core(TM) i7-6700K CPU @ 4.00GHz
stepping	: 3
microcode	: 0x6a
cpu MHz		: 4100.625
cache size	: 8192 KB
physical id	: 0
siblings	: 8
core id		: 2
cpu cores	: 4
apicid		: 5
initial apicid	: 5
fpu		: yes
fpu_exception	: yes
cpuid level	: 22
wp		: yes
flags		: fpu vme de pse tsc msr pae mce cx8 apic sep mtrr pge mca cmov pat pse36 clflush dts acpi mmx fxsr sse sse2 ss ht tm pbe syscall nx pdpe1gb rdtscp lm constant_tsc art arch_perfmon pebs bts rep_good nopl xtopology nonstop_tsc aperfmperf eagerfpu pni pclmulqdq dtes64 monitor ds_cpl vmx est tm2 ssse3 sdbg fma cx16 xtpr pdcm pcid sse4_1 sse4_2 x2apic movbe popcnt tsc_deadline_timer aes xsave avx f16c rdrand lahf_lm abm 3dnowprefetch epb intel_pt tpr_shadow vnmi flexpriority ept vpid fsgsbase tsc_adjust bmi1 hle avx2 smep bmi2 erms invpcid rtm mpx rdseed adx smap clflushopt xsaveopt xsavec xgetbv1 dtherm ida arat pln pts hwp hwp_notify hwp_act_window hwp_epp
bugs		:
bogomips	: 8021.91
clflush size	: 64
cache_alignment	: 64
address sizes	: 39 bits physical, 48 bits virtual
power management:

processor	: 7
vendor_id	: GenuineIntel
cpu family	: 6
model		: 94
model name	: Intel(R) Core(TM) i7-6700K CPU @ 4.00GHz
stepping	: 3
microcode	: 0x6a
cpu MHz		: 4099.843
cache size	: 8192 KB
physical id	: 0
siblings	: 8
core id		: 3
cpu cores	: 4
apicid		: 7
initial apicid	: 7
fpu		: yes
fpu_exception	: yes
cpuid level	: 22
wp		: yes
flags		: fpu vme de pse tsc msr pae mce cx8 apic sep mtrr pge mca cmov pat pse36 clflush dts acpi mmx fxsr sse sse2 ss ht tm pbe syscall nx pdpe1gb rdtscp lm constant_tsc art arch_perfmon pebs bts rep_good nopl xtopology nonstop_tsc aperfmperf eagerfpu pni pclmulqdq dtes64 monitor ds_cpl vmx est tm2 ssse3 sdbg fma cx16 xtpr pdcm pcid sse4_1 sse4_2 x2apic movbe popcnt tsc_deadline_timer aes xsave avx f16c rdrand lahf_lm abm 3dnowprefetch epb intel_pt tpr_shadow vnmi flexpriority ept vpid fsgsbase tsc_adjust bmi1 hle avx2 smep bmi2 erms invpcid rtm mpx rdseed adx smap clflushopt xsaveopt xsavec xgetbv1 dtherm ida arat pln pts hwp hwp_notify hwp_act_window hwp_epp
bugs		:
bogomips	: 8021.92
clflush size	: 64
cache_alignment	: 64
address sizes	: 39 bits physical, 48 bits virtual
power management:



Memory: 4k page, physical 16350744k(11949948k free), swap 4191228k(4191228k free)

vm_info: OpenJDK 64-Bit Server VM (25.92-b14) for linux-amd64 JRE (1.8.0_92-b14), built on Apr 24 2016 15:02:36 by "builduser" with gcc 5.3.0

time: Mon Jul 25 14:46:27 2016
elapsed time: 2 seconds (0d 0h 0m 2s)

