#
# A fatal error has been detected by the Java Runtime Environment:
#
#  SIGSEGV (0xb) at pc=0x0000000040a33efe, pid=28611, tid=0x00007fabba865700
#
# JRE version: OpenJDK Runtime Environment (8.0_92-b14) (build 1.8.0_92-b14)
# Java VM: OpenJDK 64-Bit Server VM (25.92-b14 mixed mode linux-amd64 compressed oops)
# Problematic frame:
# C  0x0000000040a33efe
#
# Core dump written. Default location: /home/twittumz/Desktop/git/2DMapEditor/2dMapEditor/core or core.28611
#
# If you would like to submit a bug report, please visit:
#   http://bugreport.java.com/bugreport/crash.jsp
# The crash happened outside the Java Virtual Machine in native code.
# See problematic frame for where to report the bug.
#

---------------  T H R E A D  ---------------

Current thread (0x00007fac1c2fd800):  JavaThread "AWT-EventQueue-0" [_thread_in_native, id=28643, stack(0x00007fabba765000,0x00007fabba866000)]

siginfo: si_signo: 11 (SIGSEGV), si_code: 1 (SEGV_MAPERR), si_addr: 0x0000000000000000

Registers:
RAX=0x00007fab8dfc9b60, RBX=0x0000000040941000, RCX=0x0000000000000000, RDX=0x0000000000000004
RSP=0x00007fabba863498, RBP=0x0000000000000040, RSI=0x0000000000000000, RDI=0x0000000000000000
R8 =0x00007faba4223cb0, R9 =0x00000001022e5000, R10=0x0000000000000020, R11=0x0000000000000000
R12=0x0000000000000000, R13=0x0000000000000004, R14=0x0000000000000000, R15=0x00007faba4147f20
RIP=0x0000000040a33efe, EFLAGS=0x0000000000010246, CSGSFS=0x002b000000000033, ERR=0x0000000000000004
  TRAPNO=0x000000000000000e

Top of Stack: (sp=0x00007fabba863498)
0x00007fabba863498:   00007fab8f46f8c4 0000000500000000
0x00007fabba8634a8:   0000000040991fa0 00007fac1c2fd800
0x00007fabba8634b8:   00007fab8f47033e 00007fab8dfc9b60
0x00007fabba8634c8:   0000000040941000 0000000040985df0
0x00007fabba8634d8:   0000000000000005 0000000000000000
0x00007fabba8634e8:   00007fabba863660 00007fac1c2fd800
0x00007fabba8634f8:   00007fab8f05bc78 00007fabba863660
0x00007fabba863508:   00000004b93e6ba8 00007fac1c0ec770
0x00007fabba863518:   00007fac1c2fd800 00007fac1c2fd800
0x00007fabba863528:   00007fabb93e6ba8 00007fabba863590
0x00007fabba863538:   0000000000000000 00007fabb93e6ba8
0x00007fabba863548:   00007fabb8785e78 00007fabba863590
0x00007fabba863558:   00007fabb8a37320 00000004ba706c28
0x00007fabba863568:   0000000500000000 00007fabba863660
0x00007fabba863578:   00007fac1c2fd9e0 00007fabba863618
0x00007fabba863588:   00007fabb8a37320 00007fabba863618
0x00007fabba863598:   00007fac0d017754 00007fabb93e6ba8
0x00007fabba8635a8:   0000000000000000 00007fabb93e6ba8
0x00007fabba8635b8:   00007fabba863660 00007fabba863618
0x00007fabba8635c8:   00007fac0d0174e7 00007fac0d0174a2
0x00007fabba8635d8:   00007fabba8635d8 00007fabb93e6ba8
0x00007fabba8635e8:   00007fabba863660 00007fabb94df028
0x00007fabba8635f8:   0000000000000000 00007fabb93e6ba8
0x00007fabba863608:   0000000000000000 00007fabba863638
0x00007fabba863618:   00007fabba8636a8 00007fac0d007ffd
0x00007fabba863628:   0000000000000000 00007fac0d011278
0x00007fabba863638:   00007fabb8a37320 00007fabba8636a8
0x00007fabba863648:   0000000000000004 0000000000000000
0x00007fabba863658:   0000000000000005 000000076d5143d8
0x00007fabba863668:   00007fabba863668 00007fabb93e6af5
0x00007fabba863678:   00007fabba8636e0 00007fabb94df028
0x00007fabba863688:   0000000000000000 00007fabb93e6b08 

Instructions: (pc=0x0000000040a33efe)
0x0000000040a33ede:   8b d1 49 8b cb 48 be 78 2a 99 40 00 00 00 00 48
0x0000000040a33eee:   8b 36 48 8b 76 08 48 8b f9 48 c1 e7 04 48 03 f7
0x0000000040a33efe:   8b 3e 8b 6e 04 89 38 89 68 04 8b 7e 08 8b 6e 0c
0x0000000040a33f0e:   89 78 08 89 68 0c 48 83 c0 10 ff c1 ff ca 75 c5 

Register to memory mapping:

RAX=0x00007fab8dfc9b60 is an unknown value
RBX=0x0000000040941000 is an unknown value
RCX=0x0000000000000000 is an unknown value
RDX=0x0000000000000004 is an unknown value
RSP=0x00007fabba863498 is pointing into the stack for thread: 0x00007fac1c2fd800
RBP=0x0000000000000040 is an unknown value
RSI=0x0000000000000000 is an unknown value
RDI=0x0000000000000000 is an unknown value
R8 =0x00007faba4223cb0 is an unknown value
R9 =0x00000001022e5000 is an unknown value
R10=0x0000000000000020 is an unknown value
R11=0x0000000000000000 is an unknown value
R12=0x0000000000000000 is an unknown value
R13=0x0000000000000004 is an unknown value
R14=0x0000000000000000 is an unknown value
R15=0x00007faba4147f20 is an unknown value


Stack: [0x00007fabba765000,0x00007fabba866000],  sp=0x00007fabba863498,  free space=1017k
Native frames: (J=compiled Java code, j=interpreted, Vv=VM code, C=native code)
C  0x0000000040a33efe

Java frames: (J=compiled Java code, j=interpreted, Vv=VM code)
j  jogamp.opengl.gl4.GL4bcImpl.dispatch_glDrawArrays1(IIIJ)V+0
j  jogamp.opengl.gl4.GL4bcImpl.glDrawArrays(III)V+45
j  Engine.SpriteRenderer.Draw(Lcom/jogamp/opengl/GL2;)V+32
j  Engine.Engine.Render(Lcom/jogamp/opengl/GLAutoDrawable;)V+22
j  Editor.Window$1.display(Lcom/jogamp/opengl/GLAutoDrawable;)V+22
j  jogamp.opengl.GLDrawableHelper.displayImpl(Lcom/jogamp/opengl/GLAutoDrawable;)V+62
j  jogamp.opengl.GLDrawableHelper.display(Lcom/jogamp/opengl/GLAutoDrawable;)V+2
j  com.jogamp.opengl.awt.GLCanvas$11.run()V+118
j  jogamp.opengl.GLDrawableHelper.invokeGLImpl(Lcom/jogamp/opengl/GLDrawable;Lcom/jogamp/opengl/GLContext;Ljava/lang/Runnable;Ljava/lang/Runnable;)V+203
j  jogamp.opengl.GLDrawableHelper.invokeGL(Lcom/jogamp/opengl/GLDrawable;Lcom/jogamp/opengl/GLContext;Ljava/lang/Runnable;Ljava/lang/Runnable;)V+72
j  com.jogamp.opengl.awt.GLCanvas$12.run()V+104
j  java.awt.event.InvocationEvent.dispatch()V+11
j  java.awt.EventQueue.dispatchEventImpl(Ljava/awt/AWTEvent;Ljava/lang/Object;)V+21
j  java.awt.EventQueue.access$500(Ljava/awt/EventQueue;Ljava/awt/AWTEvent;Ljava/lang/Object;)V+3
j  java.awt.EventQueue$3.run()Ljava/lang/Void;+32
j  java.awt.EventQueue$3.run()Ljava/lang/Object;+1
v  ~StubRoutines::call_stub
j  java.security.AccessController.doPrivileged(Ljava/security/PrivilegedAction;Ljava/security/AccessControlContext;)Ljava/lang/Object;+0
j  java.security.ProtectionDomain$JavaSecurityAccessImpl.doIntersectionPrivilege(Ljava/security/PrivilegedAction;Ljava/security/AccessControlContext;Ljava/security/AccessControlContext;)Ljava/lang/Object;+18
j  java.awt.EventQueue.dispatchEvent(Ljava/awt/AWTEvent;)V+46
j  java.awt.EventDispatchThread.pumpOneEventForFilters(I)V+245
j  java.awt.EventDispatchThread.pumpEventsForFilter(ILjava/awt/Conditional;Ljava/awt/EventFilter;)V+35
j  java.awt.EventDispatchThread.pumpEventsForHierarchy(ILjava/awt/Conditional;Ljava/awt/Component;)V+11
j  java.awt.EventDispatchThread.pumpEvents(ILjava/awt/Conditional;)V+4
j  java.awt.EventDispatchThread.pumpEvents(Ljava/awt/Conditional;)V+3
j  java.awt.EventDispatchThread.run()V+9
v  ~StubRoutines::call_stub

---------------  P R O C E S S  ---------------

Java Threads: ( => current thread )
  0x00007fac1c008000 JavaThread "DestroyJavaVM" [_thread_blocked, id=28614, stack(0x00007fac247b3000,0x00007fac248b4000)]
  0x00007fac1c5f6000 JavaThread "main-AWTAnimator#00" [_thread_blocked, id=28653, stack(0x00007fab947a4000,0x00007fab948a5000)]
  0x00007fac1c4a3000 JavaThread "main-SharedResourceRunner" daemon [_thread_blocked, id=28651, stack(0x00007fab97a19000,0x00007fab97b1a000)]
  0x00007fac1c48d800 JavaThread "main-SharedResourceRunner" daemon [_thread_blocked, id=28650, stack(0x00007fabba03c000,0x00007fabba13d000)]
  0x00007fac1c347000 JavaThread "process reaper" daemon [_thread_blocked, id=28646, stack(0x00007fabf0042000,0x00007fabf007b000)]
=>0x00007fac1c2fd800 JavaThread "AWT-EventQueue-0" [_thread_in_native, id=28643, stack(0x00007fabba765000,0x00007fabba866000)]
  0x00007fac1c2fc000 JavaThread "AWT-Shutdown" [_thread_blocked, id=28642, stack(0x00007fabba866000,0x00007fabba967000)]
  0x00007fac1c2f1000 JavaThread "Image Fetcher 0" daemon [_thread_blocked, id=28641, stack(0x00007fabba967000,0x00007fabbaa68000)]
  0x00007fac1c2b7800 JavaThread "AWT-XAWT" daemon [_thread_blocked, id=28640, stack(0x00007fabbaa68000,0x00007fabbab69000)]
  0x00007fac1c290800 JavaThread "Java2D Disposer" daemon [_thread_blocked, id=28639, stack(0x00007fabf007b000,0x00007fabf017c000)]
  0x00007fac1c0d0000 JavaThread "Service Thread" daemon [_thread_blocked, id=28636, stack(0x00007fabf1c04000,0x00007fabf1d05000)]
  0x00007fac1c0c5000 JavaThread "C1 CompilerThread3" daemon [_thread_blocked, id=28635, stack(0x00007fabf1d05000,0x00007fabf1e06000)]
  0x00007fac1c0c3000 JavaThread "C2 CompilerThread2" daemon [_thread_blocked, id=28634, stack(0x00007fabf1e06000,0x00007fabf1f07000)]
  0x00007fac1c0c1000 JavaThread "C2 CompilerThread1" daemon [_thread_blocked, id=28633, stack(0x00007fabf1f07000,0x00007fabf2008000)]
  0x00007fac1c0be000 JavaThread "C2 CompilerThread0" daemon [_thread_blocked, id=28632, stack(0x00007fabf2008000,0x00007fabf2109000)]
  0x00007fac1c0bc800 JavaThread "Signal Dispatcher" daemon [_thread_blocked, id=28631, stack(0x00007fabf2109000,0x00007fabf220a000)]
  0x00007fac1c08a000 JavaThread "Finalizer" daemon [_thread_blocked, id=28630, stack(0x00007fabf23a2000,0x00007fabf24a3000)]
  0x00007fac1c085800 JavaThread "Reference Handler" daemon [_thread_blocked, id=28629, stack(0x00007fabf24a3000,0x00007fabf25a4000)]

Other Threads:
  0x00007fac1c07e000 VMThread [stack: 0x00007fabf25a4000,0x00007fabf26a5000] [id=28628]
  0x00007fac1c0d2800 WatcherThread [stack: 0x00007fabf1b03000,0x00007fabf1c04000] [id=28637]

VM state:not at safepoint (normal execution)

VM Mutex/Monitor currently owned by a thread: None

Heap:
 PSYoungGen      total 74752K, used 33950K [0x000000076cd80000, 0x0000000772080000, 0x00000007c0000000)
  eden space 64512K, 52% used [0x000000076cd80000,0x000000076eea7ac0,0x0000000770c80000)
  from space 10240K, 0% used [0x0000000771680000,0x0000000771680000,0x0000000772080000)
  to   space 10240K, 0% used [0x0000000770c80000,0x0000000770c80000,0x0000000771680000)
 ParOldGen       total 171008K, used 0K [0x00000006c6800000, 0x00000006d0f00000, 0x000000076cd80000)
  object space 171008K, 0% used [0x00000006c6800000,0x00000006c6800000,0x00000006d0f00000)
 Metaspace       used 17425K, capacity 17636K, committed 18048K, reserved 1064960K
  class space    used 1771K, capacity 1837K, committed 1920K, reserved 1048576K

Card table byte_map: [0x00007fac212b3000,0x00007fac21a80000] byte_map_base: 0x00007fac1dc7f000

Marking Bits: (ParMarkBitMap*) 0x00007fac23ac6540
 Begin Bits: [0x00007fabe0340000, 0x00007fabe41a0000)
 End Bits:   [0x00007fabe41a0000, 0x00007fabe8000000)

Polling page: 0x00007fac248e9000

CodeCache: size=245760Kb used=3495Kb max_used=3495Kb free=242264Kb
 bounds [0x00007fac0d000000, 0x00007fac0d370000, 0x00007fac1c000000]
 total_blobs=1829 nmethods=861 adapters=883
 compilation: enabled

Compilation events (10 events):
Event: 1.201 Thread 0x00007fac1c0c5000 nmethod 856 0x00007fac0d3653d0 code [0x00007fac0d365680, 0x00007fac0d366dc8]
Event: 1.201 Thread 0x00007fac1c0c5000  858       1       com.jogamp.common.util.VersionNumber::getMajor (5 bytes)
Event: 1.201 Thread 0x00007fac1c0c5000 nmethod 858 0x00007fac0d360490 code [0x00007fac0d3605e0, 0x00007fac0d3606f0]
Event: 1.205 Thread 0x00007fac1c0c1000 nmethod 853 0x00007fac0d364010 code [0x00007fac0d3641c0, 0x00007fac0d364cd8]
Event: 1.211 Thread 0x00007fac1c0c5000  859       3       java.util.jar.Attributes$Name::equals (39 bytes)
Event: 1.211 Thread 0x00007fac1c0c5000 nmethod 859 0x00007fac0d35fd10 code [0x00007fac0d35fea0, 0x00007fac0d360348]
Event: 1.211 Thread 0x00007fac1c0c5000  860       3       sun.misc.ASCIICaseInsensitiveComparator::compare (13 bytes)
Event: 1.211 Thread 0x00007fac1c0c5000 nmethod 860 0x00007fac0d361990 code [0x00007fac0d361b20, 0x00007fac0d361e88]
Event: 1.212 Thread 0x00007fac1c0be000  861       4       java.util.concurrent.ConcurrentHashMap::casTabAt (20 bytes)
Event: 1.213 Thread 0x00007fac1c0be000 nmethod 861 0x00007fac0d368ad0 code [0x00007fac0d368c00, 0x00007fac0d368c78]

GC Heap History (0 events):
No events

Deoptimization events (10 events):
Event: 0.954 Thread 0x00007fac1c5f6000 Uncommon trap: reason=unstable_if action=reinterpret pc=0x00007fac0d30c648 method=java.awt.Component.isDisplayable()Z @ 4
Event: 0.954 Thread 0x00007fac1c5f6000 Uncommon trap: reason=unstable_if action=reinterpret pc=0x00007fac0d309acc method=java.awt.Component.isDisplayable()Z @ 4
Event: 0.958 Thread 0x00007fac1c5f6000 Uncommon trap: reason=unstable_if action=reinterpret pc=0x00007fac0d31250c method=java.awt.Component.isDisplayable()Z @ 4
Event: 0.959 Thread 0x00007fac1c5f6000 Uncommon trap: reason=unstable_if action=reinterpret pc=0x00007fac0d33c0b4 method=com.jogamp.opengl.awt.GLCanvas.validateGLDrawable()Z @ 22
Event: 0.960 Thread 0x00007fac1c5f6000 Uncommon trap: reason=unstable_if action=reinterpret pc=0x00007fac0d33ab34 method=com.jogamp.opengl.awt.GLCanvas.validateGLDrawable()Z @ 22
Event: 0.961 Thread 0x00007fac1c5f6000 Uncommon trap: reason=unstable_if action=reinterpret pc=0x00007fac0d343228 method=com.jogamp.opengl.awt.GLCanvas.validateGLDrawable()Z @ 22
Event: 1.036 Thread 0x00007fac1c5f6000 Uncommon trap: reason=unstable_if action=reinterpret pc=0x00007fac0d34b4c0 method=com.jogamp.opengl.awt.GLCanvas.validateGLDrawable()Z @ 43
Event: 1.036 Thread 0x00007fac1c008000 Uncommon trap: reason=unstable_if action=reinterpret pc=0x00007fac0d346ccc method=com.jogamp.opengl.awt.GLCanvas.validateGLDrawable()Z @ 43
Event: 1.036 Thread 0x00007fac1c5f6000 Uncommon trap: reason=unstable_if action=reinterpret pc=0x00007fac0d348c58 method=com.jogamp.opengl.awt.GLCanvas.validateGLDrawable()Z @ 33
Event: 1.036 Thread 0x00007fac1c5f6000 Uncommon trap: reason=unstable_if action=reinterpret pc=0x00007fac0d345448 method=com.jogamp.opengl.awt.GLCanvas.validateGLDrawable()Z @ 33

Internal exceptions (10 events):
Event: 0.082 Thread 0x00007fac1c008000 Exception <a 'java/io/FileNotFoundException'> (0x000000076d0f2018) thrown at [/build/java8-openjdk/src/jdk8u-jdk8u92-b14/hotspot/src/share/vm/prims/jni.cpp, line 709]
Event: 0.082 Thread 0x00007fac1c008000 Exception <a 'java/io/FileNotFoundException'> (0x000000076d0f2a08) thrown at [/build/java8-openjdk/src/jdk8u-jdk8u92-b14/hotspot/src/share/vm/prims/jni.cpp, line 709]
Event: 0.089 Thread 0x00007fac1c008000 Exception <a 'java/lang/ClassNotFoundException': sun/dc/DuctusRenderingEngine> (0x000000076d10ad48) thrown at [/build/java8-openjdk/src/jdk8u-jdk8u92-b14/hotspot/src/share/vm/classfile/systemDictionary.cpp, line 210]
Event: 0.949 Thread 0x00007fac1c008000 Exception <a 'java/lang/reflect/InvocationTargetException'> (0x000000076e337a10) thrown at [/build/java8-openjdk/src/jdk8u-jdk8u92-b14/hotspot/src/share/vm/runtime/reflection.cpp, line 1092]
Event: 0.954 Thread 0x00007fac1c008000 Exception <a 'java/lang/reflect/InvocationTargetException'> (0x000000076e347ad0) thrown at [/build/java8-openjdk/src/jdk8u-jdk8u92-b14/hotspot/src/share/vm/runtime/reflection.cpp, line 1092]
Event: 0.957 Thread 0x00007fac1c008000 Exception <a 'java/lang/reflect/InvocationTargetException'> (0x000000076ec50180) thrown at [/build/java8-openjdk/src/jdk8u-jdk8u92-b14/hotspot/src/share/vm/runtime/reflection.cpp, line 1092]
Event: 0.958 Thread 0x00007fac1c008000 Exception <a 'java/lang/reflect/InvocationTargetException'> (0x000000076ec68d78) thrown at [/build/java8-openjdk/src/jdk8u-jdk8u92-b14/hotspot/src/share/vm/runtime/reflection.cpp, line 1092]
Event: 1.036 Thread 0x00007fac1c2fd800 Exception <a 'java/lang/reflect/InvocationTargetException'> (0x000000076d511388) thrown at [/build/java8-openjdk/src/jdk8u-jdk8u92-b14/hotspot/src/share/vm/runtime/reflection.cpp, line 1092]
Event: 1.036 Thread 0x00007fac1c2fd800 Exception <a 'java/lang/reflect/InvocationTargetException'> (0x000000076d511a38) thrown at [/build/java8-openjdk/src/jdk8u-jdk8u92-b14/hotspot/src/share/vm/runtime/reflection.cpp, line 1092]
Event: 1.039 Thread 0x00007fac1c2fd800 Exception <a 'java/lang/reflect/InvocationTargetException'> (0x000000076d512b70) thrown at [/build/java8-openjdk/src/jdk8u-jdk8u92-b14/hotspot/src/share/vm/runtime/reflection.cpp, line 1092]

Events (10 events):
Event: 1.212 loading class com/jogamp/opengl/glu/gl2/GLUgl2
Event: 1.212 loading class com/jogamp/opengl/glu/gl2/GLUgl2 done
Event: 1.212 loading class com/jogamp/opengl/glu/gl2es1/GLUgl2es1
Event: 1.212 loading class com/jogamp/opengl/glu/gl2es1/GLUgl2es1 done
Event: 1.213 loading class jogamp/opengl/ProjectFloat
Event: 1.213 loading class jogamp/opengl/ProjectFloat done
Event: 1.214 loading class com/jogamp/opengl/math/FloatUtil
Event: 1.214 loading class com/jogamp/opengl/math/FloatUtil done
Event: 1.214 loading class com/jogamp/opengl/math/VectorUtil
Event: 1.214 loading class com/jogamp/opengl/math/VectorUtil done


Dynamic libraries:
00400000-00401000 r-xp 00000000 08:03 5905458                            /usr/lib/jvm/java-8-openjdk/jre/bin/java
00600000-00601000 rw-p 00000000 08:03 5905458                            /usr/lib/jvm/java-8-openjdk/jre/bin/java
02381000-023a2000 rw-p 00000000 00:00 0                                  [heap]
40941000-409e1000 rw-p 00000000 00:00 0 
40a32000-40a34000 r-xs 00000000 00:23 258527                             /tmp/.glIhQPWl (deleted)
41b84000-41c24000 rw-p 00000000 00:00 0 
6c6800000-6d0f00000 rw-p 00000000 00:00 0 
6d0f00000-76cd80000 ---p 00000000 00:00 0 
76cd80000-772080000 rw-p 00000000 00:00 0 
772080000-7c0000000 ---p 00000000 00:00 0 
7c0000000-7c01e0000 rw-p 00000000 00:00 0 
7c01e0000-800000000 ---p 00000000 00:00 0 
7fab88000000-7fab88021000 rw-p 00000000 00:00 0 
7fab88021000-7fab8c000000 ---p 00000000 00:00 0 
7fab8dfc7000-7fab8e0c7000 rw-s 386b49000 00:06 2470                      /dev/nvidiactl
7fab8e0c7000-7fab8e0cb000 r-xp 00000000 08:03 5249369                    /usr/lib/libcap.so.2.25
7fab8e0cb000-7fab8e2ca000 ---p 00004000 08:03 5249369                    /usr/lib/libcap.so.2.25
7fab8e2ca000-7fab8e2cb000 rw-p 00003000 08:03 5249369                    /usr/lib/libcap.so.2.25
7fab8e2cb000-7fab8f660000 r-xp 00000000 08:03 5268236                    /usr/lib/libnvidia-glcore.so.367.27
7fab8f660000-7fab8f680000 rwxp 01395000 08:03 5268236                    /usr/lib/libnvidia-glcore.so.367.27
7fab8f680000-7fab8fa20000 r-xp 013b5000 08:03 5268236                    /usr/lib/libnvidia-glcore.so.367.27
7fab8fa20000-7fab8fc20000 ---p 01755000 08:03 5268236                    /usr/lib/libnvidia-glcore.so.367.27
7fab8fc20000-7fab8ffe8000 rw-p 01755000 08:03 5268236                    /usr/lib/libnvidia-glcore.so.367.27
7fab8ffe8000-7fab90000000 rw-p 00000000 00:00 0 
7fab90000000-7fab904f4000 rw-p 00000000 00:00 0 
7fab904f4000-7fab94000000 ---p 00000000 00:00 0 
7fab94022000-7fab94035000 rw-s 390f46000 00:06 2470                      /dev/nvidiactl
7fab94035000-7fab94055000 rw-s c06a0000 00:06 15871                      /dev/nvidia0
7fab94055000-7fab94095000 rw-s 36d636000 00:06 2470                      /dev/nvidiactl
7fab94095000-7fab940b5000 rw-s 3868cc000 00:06 2470                      /dev/nvidiactl
7fab940b5000-7fab940f5000 rw-s 390d77000 00:06 2470                      /dev/nvidiactl
7fab940f5000-7fab94115000 rw-s 36d5f7000 00:06 2470                      /dev/nvidiactl
7fab94115000-7fab94155000 rw-s 6437a000 00:06 2470                       /dev/nvidiactl
7fab94155000-7fab94169000 r-xp 00000000 08:03 5246162                    /usr/lib/libresolv-2.23.so
7fab94169000-7fab94368000 ---p 00014000 08:03 5246162                    /usr/lib/libresolv-2.23.so
7fab94368000-7fab94369000 r--p 00013000 08:03 5246162                    /usr/lib/libresolv-2.23.so
7fab94369000-7fab9436a000 rw-p 00014000 08:03 5246162                    /usr/lib/libresolv-2.23.so
7fab9436a000-7fab9436c000 rw-p 00000000 00:00 0 
7fab9436c000-7fab94371000 r-xp 00000000 08:03 5246154                    /usr/lib/libnss_dns-2.23.so
7fab94371000-7fab94570000 ---p 00005000 08:03 5246154                    /usr/lib/libnss_dns-2.23.so
7fab94570000-7fab94571000 r--p 00004000 08:03 5246154                    /usr/lib/libnss_dns-2.23.so
7fab94571000-7fab94572000 rw-p 00005000 08:03 5246154                    /usr/lib/libnss_dns-2.23.so
7fab94584000-7fab945a4000 rw-s 6f629000 00:06 2470                       /dev/nvidiactl
7fab945a4000-7fab94764000 rw-p 00000000 00:00 0 
7fab94764000-7fab947a4000 ---p 00000000 00:00 0 
7fab947a4000-7fab947a7000 ---p 00000000 00:00 0 
7fab947a7000-7fab948a5000 rw-p 00000000 00:00 0 
7fab948a5000-7fab94925000 rw-s 3f170d000 00:06 2470                      /dev/nvidiactl
7fab94925000-7fab949a5000 rw-s 390665000 00:06 2470                      /dev/nvidiactl
7fab949a5000-7fab94a25000 rw-s 377564000 00:06 2470                      /dev/nvidiactl
7fab94a25000-7fab94b25000 rw-s 377584000 00:06 2470                      /dev/nvidiactl
7fab94b25000-7fab94b45000 rw-s c0660000 00:06 15871                      /dev/nvidia0
7fab94b45000-7fab94b85000 rw-s 36d60d000 00:06 2470                      /dev/nvidiactl
7fab94b85000-7fab94ba5000 rw-s 386a76000 00:06 2470                      /dev/nvidiactl
7fab94ba5000-7fab94be5000 rw-s 390488000 00:06 2470                      /dev/nvidiactl
7fab94be5000-7fab94c25000 rw-s 38ffff000 00:06 2470                      /dev/nvidiactl
7fab94c25000-7fab94d29000 rw-s 454d4a000 00:06 2470                      /dev/nvidiactl
7fab94d29000-7fab94d2c000 r-xp 00000000 08:03 5773637                    /usr/lib/tls/libnvidia-tls.so.367.27
7fab94d2c000-7fab94f2c000 ---p 00003000 08:03 5773637                    /usr/lib/tls/libnvidia-tls.so.367.27
7fab94f2c000-7fab94f2d000 rw-p 00003000 08:03 5773637                    /usr/lib/tls/libnvidia-tls.so.367.27
7fab94f2d000-7fab94ff5000 r-xp 00000000 08:03 5268220                    /usr/lib/libGLX_nvidia.so.367.27
7fab94ff5000-7fab95029000 rwxp 000c8000 08:03 5268220                    /usr/lib/libGLX_nvidia.so.367.27
7fab95029000-7fab9503c000 r-xp 000fc000 08:03 5268220                    /usr/lib/libGLX_nvidia.so.367.27
7fab9503c000-7fab9523c000 ---p 0010f000 08:03 5268220                    /usr/lib/libGLX_nvidia.so.367.27
7fab9523c000-7fab95264000 rw-p 0010f000 08:03 5268220                    /usr/lib/libGLX_nvidia.so.367.27
7fab95264000-7fab9526b000 rw-p 00000000 00:00 0 
7fab9526b000-7fab9526d000 r-xp 00000000 08:03 5269221                    /usr/lib/libXinerama.so.1.0.0
7fab9526d000-7fab9546c000 ---p 00002000 08:03 5269221                    /usr/lib/libXinerama.so.1.0.0
7fab9546c000-7fab9546d000 r--p 00001000 08:03 5269221                    /usr/lib/libXinerama.so.1.0.0
7fab9546d000-7fab9546e000 rw-p 00002000 08:03 5269221                    /usr/lib/libXinerama.so.1.0.0
7fab9546e000-7fab95479000 r-xp 00000000 08:03 5268224                    /usr/lib/libGLESv1_CM_nvidia.so.367.27
7fab95479000-7fab95678000 ---p 0000b000 08:03 5268224                    /usr/lib/libGLESv1_CM_nvidia.so.367.27
7fab95678000-7fab9567b000 rw-p 0000a000 08:03 5268224                    /usr/lib/libGLESv1_CM_nvidia.so.367.27
7fab9567b000-7fab956bb000 rw-s 00000000 08:03 3156041                    /home/twittumz/#3156041 (deleted)
7fab956bb000-7fab956fb000 r-xs 00000000 08:03 3156041                    /home/twittumz/#3156041 (deleted)
7fab956fb000-7fab9577b000 rw-s 3933ad000 00:06 2470                      /dev/nvidiactl
7fab9577b000-7fab957fb000 rw-s 386b68000 00:06 2470                      /dev/nvidiactl
7fab957fb000-7fab9587b000 rw-s 3bd80a000 00:06 2470                      /dev/nvidiactl
7fab9587b000-7fab9597b000 rw-s 3907cc000 00:06 2470                      /dev/nvidiactl
7fab9597b000-7fab96f47000 r-xp 00000000 08:03 5268233                    /usr/lib/libnvidia-eglcore.so.367.27
7fab96f47000-7fab97147000 ---p 015cc000 08:03 5268233                    /usr/lib/libnvidia-eglcore.so.367.27
7fab97147000-7fab974df000 rw-p 015cc000 08:03 5268233                    /usr/lib/libnvidia-eglcore.so.367.27
7fab974df000-7fab974f3000 rw-p 00000000 00:00 0 
7fab974f3000-7fab97502000 r-xp 00000000 08:03 5268258                    /usr/lib/libGLESv2_nvidia.so.367.27
7fab97502000-7fab97702000 ---p 0000f000 08:03 5268258                    /usr/lib/libGLESv2_nvidia.so.367.27
7fab97702000-7fab97706000 rw-p 0000f000 08:03 5268258                    /usr/lib/libGLESv2_nvidia.so.367.27
7fab97706000-7fab9780a000 rw-s 454d4a000 00:06 2470                      /dev/nvidiactl
7fab9780a000-7fab97818000 r-xp 00000000 08:03 5264554                    /usr/lib/libdrm.so.2.4.0
7fab97818000-7fab97a17000 ---p 0000e000 08:03 5264554                    /usr/lib/libdrm.so.2.4.0
7fab97a17000-7fab97a18000 r--p 0000d000 08:03 5264554                    /usr/lib/libdrm.so.2.4.0
7fab97a18000-7fab97a19000 rw-p 0000e000 08:03 5264554                    /usr/lib/libdrm.so.2.4.0
7fab97a19000-7fab97a1c000 ---p 00000000 00:00 0 
7fab97a1c000-7fab97b1a000 rw-p 00000000 00:00 0 
7fab97b1a000-7fab97b76000 r-xp 00000000 00:23 253901                     /tmp/jogamp_0000/file_cache/jln3974164997529587579/jln8933249226141981697/natives/linux-amd64/libjogl_mobile.so
7fab97b76000-7fab97d76000 ---p 0005c000 00:23 253901                     /tmp/jogamp_0000/file_cache/jln3974164997529587579/jln8933249226141981697/natives/linux-amd64/libjogl_mobile.so
7fab97d76000-7fab97d77000 rw-p 0005c000 00:23 253901                     /tmp/jogamp_0000/file_cache/jln3974164997529587579/jln8933249226141981697/natives/linux-amd64/libjogl_mobile.so
7fab97d77000-7fab97de9000 r-xp 00000000 08:03 5268234                    /usr/lib/libnvidia-glsi.so.367.27
7fab97de9000-7fab97fe8000 ---p 00072000 08:03 5268234                    /usr/lib/libnvidia-glsi.so.367.27
7fab97fe8000-7fab97ff1000 rw-p 00071000 08:03 5268234                    /usr/lib/libnvidia-glsi.so.367.27
7fab97ff1000-7fab98000000 rw-p 00000000 00:00 0 
7fab98000000-7fab98021000 rw-p 00000000 00:00 0 
7fab98021000-7fab9c000000 ---p 00000000 00:00 0 
7fab9c000000-7fab9c55e000 rw-p 00000000 00:00 0 
7fab9c55e000-7faba0000000 ---p 00000000 00:00 0 
7faba0000000-7faba0021000 rw-p 00000000 00:00 0 
7faba0021000-7faba4000000 ---p 00000000 00:00 0 
7faba4000000-7faba51bf000 rw-p 00000000 00:00 0 
7faba51bf000-7faba8000000 ---p 00000000 00:00 0 
7faba8000000-7faba8021000 rw-p 00000000 00:00 0 
7faba8021000-7fabac000000 ---p 00000000 00:00 0 
7fabac000000-7fabac021000 rw-p 00000000 00:00 0 
7fabac021000-7fabb0000000 ---p 00000000 00:00 0 
7fabb0000000-7fabb0021000 rw-p 00000000 00:00 0 
7fabb0021000-7fabb4000000 ---p 00000000 00:00 0 
7fabb4000000-7fabb4021000 rw-p 00000000 00:00 0 
7fabb4021000-7fabb8000000 ---p 00000000 00:00 0 
7fabb800e000-7fabb80d9000 r-xp 00000000 08:03 5268259                    /usr/lib/libEGL_nvidia.so.367.27
7fabb80d9000-7fabb82d8000 ---p 000cb000 08:03 5268259                    /usr/lib/libEGL_nvidia.so.367.27
7fabb82d8000-7fabb8303000 rw-p 000ca000 08:03 5268259                    /usr/lib/libEGL_nvidia.so.367.27
7fabb8303000-7fabb8317000 rw-p 00000000 00:00 0 
7fabb8317000-7fabb831b000 r-xp 00000000 08:03 5773639                    /usr/lib/nvidia/libEGL.so.1
7fabb831b000-7fabb851a000 ---p 00004000 08:03 5773639                    /usr/lib/nvidia/libEGL.so.1
7fabb851a000-7fabb851b000 rw-p 00003000 08:03 5773639                    /usr/lib/nvidia/libEGL.so.1
7fabb851b000-7fabb8520000 r-xp 00000000 08:03 5773617                    /usr/lib/nvidia/libGLESv2.so.2.0.0
7fabb8520000-7fabb8522000 r-xp 00005000 08:03 5773617                    /usr/lib/nvidia/libGLESv2.so.2.0.0
7fabb8522000-7fabb8526000 r-xp 00007000 08:03 5773617                    /usr/lib/nvidia/libGLESv2.so.2.0.0
7fabb8526000-7fabb8725000 ---p 0000b000 08:03 5773617                    /usr/lib/nvidia/libGLESv2.so.2.0.0
7fabb8725000-7fabb8726000 r--p 0000a000 08:03 5773617                    /usr/lib/nvidia/libGLESv2.so.2.0.0
7fabb8726000-7fabb8727000 rw-p 0000b000 08:03 5773617                    /usr/lib/nvidia/libGLESv2.so.2.0.0
7fabb8727000-7fabb87df000 r-xp 00000000 00:23 253900                     /tmp/jogamp_0000/file_cache/jln3974164997529587579/jln8933249226141981697/natives/linux-amd64/libjogl_desktop.so
7fabb87df000-7fabb89df000 ---p 000b8000 00:23 253900                     /tmp/jogamp_0000/file_cache/jln3974164997529587579/jln8933249226141981697/natives/linux-amd64/libjogl_desktop.so
7fabb89df000-7fabb89e0000 rw-p 000b8000 00:23 253900                     /tmp/jogamp_0000/file_cache/jln3974164997529587579/jln8933249226141981697/natives/linux-amd64/libjogl_desktop.so
7fabb89e0000-7fabb8a33000 r-xp 00000000 08:03 5268203                    /usr/lib/libGLdispatch.so.0.0.0
7fabb8a33000-7fabb8a4c000 r-xp 00053000 08:03 5268203                    /usr/lib/libGLdispatch.so.0.0.0
7fabb8a4c000-7fabb8a87000 r-xp 0006c000 08:03 5268203                    /usr/lib/libGLdispatch.so.0.0.0
7fabb8a87000-7fabb8c86000 ---p 000a7000 08:03 5268203                    /usr/lib/libGLdispatch.so.0.0.0
7fabb8c86000-7fabb8c95000 r--p 000a6000 08:03 5268203                    /usr/lib/libGLdispatch.so.0.0.0
7fabb8c95000-7fabb8c96000 rw-p 000b5000 08:03 5268203                    /usr/lib/libGLdispatch.so.0.0.0
7fabb8c96000-7fabb8cb6000 rw-p 00000000 00:00 0 
7fabb8cb6000-7fabb8cc6000 r-xp 00000000 08:03 5268199                    /usr/lib/libGLX.so.0.0.0
7fabb8cc6000-7fabb8ec6000 ---p 00010000 08:03 5268199                    /usr/lib/libGLX.so.0.0.0
7fabb8ec6000-7fabb8ec7000 r--p 00010000 08:03 5268199                    /usr/lib/libGLX.so.0.0.0
7fabb8ec7000-7fabb8ec8000 rw-p 00011000 08:03 5268199                    /usr/lib/libGLX.so.0.0.0
7fabb8ec8000-7fabb8ee8000 rw-p 00000000 00:00 0 
7fabb8ee8000-7fabb8f18000 r-xp 00000000 08:03 5773620                    /usr/lib/nvidia/libGL.so.1.0.0
7fabb8f18000-7fabb8f31000 r-xp 00030000 08:03 5773620                    /usr/lib/nvidia/libGL.so.1.0.0
7fabb8f31000-7fabb8f5c000 r-xp 00049000 08:03 5773620                    /usr/lib/nvidia/libGL.so.1.0.0
7fabb8f5c000-7fabb915c000 ---p 00074000 08:03 5773620                    /usr/lib/nvidia/libGL.so.1.0.0
7fabb915c000-7fabb915d000 r--p 00074000 08:03 5773620                    /usr/lib/nvidia/libGL.so.1.0.0
7fabb915d000-7fabb915e000 rw-p 00075000 08:03 5773620                    /usr/lib/nvidia/libGL.so.1.0.0
7fabb915e000-7fabb935f000 rw-p 00000000 00:00 0 
7fabb935f000-7fabb955f000 rw-p 00000000 00:00 0 
7fabb9564000-7fabb9577000 rw-s 386969000 00:06 2470                      /dev/nvidiactl
7fabb9577000-7fabb9597000 rw-s 37b325000 00:06 2470                      /dev/nvidiactl
7fabb9597000-7fabb95aa000 rw-s 39a89f000 00:06 2470                      /dev/nvidiactl
7fabb95aa000-7fabb95ca000 rw-s c0620000 00:06 15871                      /dev/nvidia0
7fabb95ca000-7fabb960a000 rw-s 39317d000 00:06 2470                      /dev/nvidiactl
7fabb960a000-7fabb962a000 rw-s 37b195000 00:06 2470                      /dev/nvidiactl
7fabb962a000-7fabb9631000 r-xp 00000000 00:23 253903                     /tmp/jogamp_0000/file_cache/jln3974164997529587579/jln8933249226141981697/natives/linux-amd64/libnativewindow_x11.so
7fabb9631000-7fabb9830000 ---p 00007000 00:23 253903                     /tmp/jogamp_0000/file_cache/jln3974164997529587579/jln8933249226141981697/natives/linux-amd64/libnativewindow_x11.so
7fabb9830000-7fabb9831000 rw-p 00006000 00:23 253903                     /tmp/jogamp_0000/file_cache/jln3974164997529587579/jln8933249226141981697/natives/linux-amd64/libnativewindow_x11.so
7fabb9831000-7fabb9836000 r-xp 00000000 08:03 5268760                    /usr/lib/libXxf86vm.so.1.0.0
7fabb9836000-7fabb9a35000 ---p 00005000 08:03 5268760                    /usr/lib/libXxf86vm.so.1.0.0
7fabb9a35000-7fabb9a36000 r--p 00004000 08:03 5268760                    /usr/lib/libXxf86vm.so.1.0.0
7fabb9a36000-7fabb9a37000 rw-p 00005000 08:03 5268760                    /usr/lib/libXxf86vm.so.1.0.0
7fabb9a37000-7fabb9a39000 r-xp 00000000 00:23 253902                     /tmp/jogamp_0000/file_cache/jln3974164997529587579/jln8933249226141981697/natives/linux-amd64/libnativewindow_awt.so
7fabb9a39000-7fabb9c38000 ---p 00002000 00:23 253902                     /tmp/jogamp_0000/file_cache/jln3974164997529587579/jln8933249226141981697/natives/linux-amd64/libnativewindow_awt.so
7fabb9c38000-7fabb9c39000 rw-p 00001000 00:23 253902                     /tmp/jogamp_0000/file_cache/jln3974164997529587579/jln8933249226141981697/natives/linux-amd64/libnativewindow_awt.so
7fabb9c39000-7fabb9c3a000 r-xp 00000000 08:03 5905448                    /usr/lib/jvm/java-8-openjdk/jre/lib/amd64/libjawt.so
7fabb9c3a000-7fabb9e39000 ---p 00001000 08:03 5905448                    /usr/lib/jvm/java-8-openjdk/jre/lib/amd64/libjawt.so
7fabb9e39000-7fabb9e3a000 rw-p 00000000 08:03 5905448                    /usr/lib/jvm/java-8-openjdk/jre/lib/amd64/libjawt.so
7fabb9e3a000-7fabb9e3c000 r-xp 00000000 00:23 253899                     /tmp/jogamp_0000/file_cache/jln3974164997529587579/jln8933249226141981697/natives/linux-amd64/libgluegen-rt.so
7fabb9e3c000-7fabba03b000 ---p 00002000 00:23 253899                     /tmp/jogamp_0000/file_cache/jln3974164997529587579/jln8933249226141981697/natives/linux-amd64/libgluegen-rt.so
7fabba03b000-7fabba03c000 rw-p 00001000 00:23 253899                     /tmp/jogamp_0000/file_cache/jln3974164997529587579/jln8933249226141981697/natives/linux-amd64/libgluegen-rt.so
7fabba03c000-7fabba03f000 ---p 00000000 00:00 0 
7fabba03f000-7fabba13d000 rw-p 00000000 00:00 0 
7fabba13d000-7fabba14e000 r-xp 00000000 08:03 5905443                    /usr/lib/jvm/java-8-openjdk/jre/lib/amd64/libnio.so
7fabba14e000-7fabba34d000 ---p 00011000 08:03 5905443                    /usr/lib/jvm/java-8-openjdk/jre/lib/amd64/libnio.so
7fabba34d000-7fabba34e000 rw-p 00010000 08:03 5905443                    /usr/lib/jvm/java-8-openjdk/jre/lib/amd64/libnio.so
7fabba34e000-7fabba364000 r-xp 00000000 08:03 5905432                    /usr/lib/jvm/java-8-openjdk/jre/lib/amd64/libnet.so
7fabba364000-7fabba564000 ---p 00016000 08:03 5905432                    /usr/lib/jvm/java-8-openjdk/jre/lib/amd64/libnet.so
7fabba564000-7fabba565000 rw-p 00016000 08:03 5905432                    /usr/lib/jvm/java-8-openjdk/jre/lib/amd64/libnet.so
7fabba565000-7fabba765000 rw-p 00000000 00:00 0 
7fabba765000-7fabba768000 ---p 00000000 00:00 0 
7fabba768000-7fabba866000 rw-p 00000000 00:00 0 
7fabba866000-7fabba869000 ---p 00000000 00:00 0 
7fabba869000-7fabba967000 rw-p 00000000 00:00 0 
7fabba967000-7fabba96a000 ---p 00000000 00:00 0 
7fabba96a000-7fabbaa68000 rw-p 00000000 00:00 0 
7fabbaa68000-7fabbaa6b000 ---p 00000000 00:00 0 
7fabbaa6b000-7fabbab69000 rw-p 00000000 00:00 0 
7fabbab69000-7fabbab6e000 r-xp 00000000 08:03 5268766                    /usr/lib/libXfixes.so.3.1.0
7fabbab6e000-7fabbad6d000 ---p 00005000 08:03 5268766                    /usr/lib/libXfixes.so.3.1.0
7fabbad6d000-7fabbad6e000 r--p 00004000 08:03 5268766                    /usr/lib/libXfixes.so.3.1.0
7fabbad6e000-7fabbad6f000 rw-p 00005000 08:03 5268766                    /usr/lib/libXfixes.so.3.1.0
7fabbad6f000-7fabbad79000 r-xp 00000000 08:03 5269218                    /usr/lib/libXcursor.so.1.0.2
7fabbad79000-7fabbaf78000 ---p 0000a000 08:03 5269218                    /usr/lib/libXcursor.so.1.0.2
7fabbaf78000-7fabbaf79000 r--p 00009000 08:03 5269218                    /usr/lib/libXcursor.so.1.0.2
7fabbaf79000-7fabbaf7a000 rw-p 0000a000 08:03 5269218                    /usr/lib/libXcursor.so.1.0.2
7fabbaf7a000-7fabbafec000 r-xp 00000000 08:03 5254181                    /usr/lib/libpcre.so.1.2.7
7fabbafec000-7fabbb1eb000 ---p 00072000 08:03 5254181                    /usr/lib/libpcre.so.1.2.7
7fabbb1eb000-7fabbb1ec000 r--p 00071000 08:03 5254181                    /usr/lib/libpcre.so.1.2.7
7fabbb1ec000-7fabbb1ed000 rw-p 00072000 08:03 5254181                    /usr/lib/libpcre.so.1.2.7
7fabbb1ed000-7fabbb217000 r-xp 00000000 08:03 5264449                    /usr/lib/libgraphite2.so.3.0.1
7fabbb217000-7fabbb416000 ---p 0002a000 08:03 5264449                    /usr/lib/libgraphite2.so.3.0.1
7fabbb416000-7fabbb418000 r--p 00029000 08:03 5264449                    /usr/lib/libgraphite2.so.3.0.1
7fabbb418000-7fabbb419000 rw-p 0002b000 08:03 5264449                    /usr/lib/libgraphite2.so.3.0.1
7fabbb419000-7fabbb526000 r-xp 00000000 08:03 5256081                    /usr/lib/libglib-2.0.so.0.4800.1
7fabbb526000-7fabbb725000 ---p 0010d000 08:03 5256081                    /usr/lib/libglib-2.0.so.0.4800.1
7fabbb725000-7fabbb726000 r--p 0010c000 08:03 5256081                    /usr/lib/libglib-2.0.so.0.4800.1
7fabbb726000-7fabbb727000 rw-p 0010d000 08:03 5256081                    /usr/lib/libglib-2.0.so.0.4800.1
7fabbb727000-7fabbb728000 rw-p 00000000 00:00 0 
7fabbb728000-7fabbb7a2000 r-xp 00000000 08:03 5264460                    /usr/lib/libharfbuzz.so.0.10200.7
7fabbb7a2000-7fabbb9a2000 ---p 0007a000 08:03 5264460                    /usr/lib/libharfbuzz.so.0.10200.7
7fabbb9a2000-7fabbb9a3000 r--p 0007a000 08:03 5264460                    /usr/lib/libharfbuzz.so.0.10200.7
7fabbb9a3000-7fabbb9a4000 rw-p 0007b000 08:03 5264460                    /usr/lib/libharfbuzz.so.0.10200.7
7fabbb9a4000-7fabbb9d8000 r-xp 00000000 08:03 5264433                    /usr/lib/libpng16.so.16.23.0
7fabbb9d8000-7fabbbbd8000 ---p 00034000 08:03 5264433                    /usr/lib/libpng16.so.16.23.0
7fabbbbd8000-7fabbbbd9000 r--p 00034000 08:03 5264433                    /usr/lib/libpng16.so.16.23.0
7fabbbbd9000-7fabbbbda000 rw-p 00035000 08:03 5264433                    /usr/lib/libpng16.so.16.23.0
7fabbbbda000-7fabbbbe9000 r-xp 00000000 08:03 5249251                    /usr/lib/libbz2.so.1.0.6
7fabbbbe9000-7fabbbde8000 ---p 0000f000 08:03 5249251                    /usr/lib/libbz2.so.1.0.6
7fabbbde8000-7fabbbdea000 rw-p 0000e000 08:03 5249251                    /usr/lib/libbz2.so.1.0.6
7fabbbdea000-7fabbbe00000 r-xp 00000000 08:03 5246433                    /usr/lib/libgcc_s.so.1
7fabbbe00000-7fabbbfff000 ---p 00016000 08:03 5246433                    /usr/lib/libgcc_s.so.1
7fabbbfff000-7fabbc000000 rw-p 00015000 08:03 5246433                    /usr/lib/libgcc_s.so.1
7fabbc000000-7fabbc250000 rw-p 00000000 00:00 0 
7fabbc250000-7fabc0000000 ---p 00000000 00:00 0 
7fabc0000000-7fabc0021000 rw-p 00000000 00:00 0 
7fabc0021000-7fabc4000000 ---p 00000000 00:00 0 
7fabc4000000-7fabc4051000 rw-p 00000000 00:00 0 
7fabc4051000-7fabc8000000 ---p 00000000 00:00 0 
7fabc8000000-7fabc81c7000 rw-p 00000000 00:00 0 
7fabc81c7000-7fabcc000000 ---p 00000000 00:00 0 
7fabcc000000-7fabcc021000 rw-p 00000000 00:00 0 
7fabcc021000-7fabd0000000 ---p 00000000 00:00 0 
7fabd0000000-7fabd0154000 rw-p 00000000 00:00 0 
7fabd0154000-7fabd4000000 ---p 00000000 00:00 0 
7fabd4000000-7fabd4021000 rw-p 00000000 00:00 0 
7fabd4021000-7fabd8000000 ---p 00000000 00:00 0 
7fabd8000000-7fabd8021000 rw-p 00000000 00:00 0 
7fabd8021000-7fabdc000000 ---p 00000000 00:00 0 
7fabdc000000-7fabdc021000 rw-p 00000000 00:00 0 
7fabdc021000-7fabe0000000 ---p 00000000 00:00 0 
7fabe0000000-7fabe0004000 rw-s 386bbe000 00:06 2470                      /dev/nvidiactl
7fabe0004000-7fabe0044000 rw-s 390c78000 00:06 2470                      /dev/nvidiactl
7fabe0044000-7fabe0084000 rw-s 37b15b000 00:06 2470                      /dev/nvidiactl
7fabe0084000-7fabe013a000 r-xp 00000000 08:03 5264483                    /usr/lib/libfreetype.so.6.12.5
7fabe013a000-7fabe0339000 ---p 000b6000 08:03 5264483                    /usr/lib/libfreetype.so.6.12.5
7fabe0339000-7fabe033f000 r--p 000b5000 08:03 5264483                    /usr/lib/libfreetype.so.6.12.5
7fabe033f000-7fabe0340000 rw-p 000bb000 08:03 5264483                    /usr/lib/libfreetype.so.6.12.5
7fabe0340000-7fabe8000000 rw-p 00000000 00:00 0 
7fabe8000000-7fabe8021000 rw-p 00000000 00:00 0 
7fabe8021000-7fabec000000 ---p 00000000 00:00 0 
7fabec000000-7fabec021000 rw-p 00000000 00:00 0 
7fabec021000-7fabf0000000 ---p 00000000 00:00 0 
7fabf0002000-7fabf0022000 rw-s 393582000 00:06 2470                      /dev/nvidiactl
7fabf002a000-7fabf002b000 rw-s 3868cd000 00:06 2470                      /dev/nvidiactl
7fabf002b000-7fabf002c000 rw-s cfd6f000 00:06 15871                      /dev/nvidia0
7fabf002c000-7fabf002d000 rw-s cfd6e000 00:06 15871                      /dev/nvidia0
7fabf002d000-7fabf002e000 rw-s cfd6e000 00:06 15871                      /dev/nvidia0
7fabf002e000-7fabf003e000 r-xp 00000000 08:03 5253231                    /usr/lib/libnss_myhostname.so.2
7fabf003e000-7fabf003f000 ---p 00010000 08:03 5253231                    /usr/lib/libnss_myhostname.so.2
7fabf003f000-7fabf0041000 r--p 00010000 08:03 5253231                    /usr/lib/libnss_myhostname.so.2
7fabf0041000-7fabf0042000 rw-p 00012000 08:03 5253231                    /usr/lib/libnss_myhostname.so.2
7fabf0042000-7fabf0045000 ---p 00000000 00:00 0 
7fabf0045000-7fabf007b000 rw-p 00000000 00:00 0 
7fabf007b000-7fabf007e000 ---p 00000000 00:00 0 
7fabf007e000-7fabf017c000 rw-p 00000000 00:00 0 
7fabf017c000-7fabf01dd000 r-xp 00000000 08:03 5905449                    /usr/lib/jvm/java-8-openjdk/jre/lib/amd64/libfontmanager.so
7fabf01dd000-7fabf03dd000 ---p 00061000 08:03 5905449                    /usr/lib/jvm/java-8-openjdk/jre/lib/amd64/libfontmanager.so
7fabf03dd000-7fabf03e1000 rw-p 00061000 08:03 5905449                    /usr/lib/jvm/java-8-openjdk/jre/lib/amd64/libfontmanager.so
7fabf03e1000-7fabf03e6000 r-xp 00000000 08:03 5264426                    /usr/lib/libXdmcp.so.6.0.0
7fabf03e6000-7fabf05e5000 ---p 00005000 08:03 5264426                    /usr/lib/libXdmcp.so.6.0.0
7fabf05e5000-7fabf05e6000 r--p 00004000 08:03 5264426                    /usr/lib/libXdmcp.so.6.0.0
7fabf05e6000-7fabf05e7000 rw-p 00005000 08:03 5264426                    /usr/lib/libXdmcp.so.6.0.0
7fabf05e7000-7fabf05e9000 r-xp 00000000 08:03 5264569                    /usr/lib/libXau.so.6.0.0
7fabf05e9000-7fabf07e9000 ---p 00002000 08:03 5264569                    /usr/lib/libXau.so.6.0.0
7fabf07e9000-7fabf07ea000 r--p 00002000 08:03 5264569                    /usr/lib/libXau.so.6.0.0
7fabf07ea000-7fabf07eb000 rw-p 00003000 08:03 5264569                    /usr/lib/libXau.so.6.0.0
7fabf07eb000-7fabf0813000 r-xp 00000000 08:03 5264668                    /usr/lib/libxcb.so.1.1.0
7fabf0813000-7fabf0a12000 ---p 00028000 08:03 5264668                    /usr/lib/libxcb.so.1.1.0
7fabf0a12000-7fabf0a13000 r--p 00027000 08:03 5264668                    /usr/lib/libxcb.so.1.1.0
7fabf0a13000-7fabf0a14000 rw-p 00028000 08:03 5264668                    /usr/lib/libxcb.so.1.1.0
7fabf0a14000-7fabf0a23000 r-xp 00000000 08:03 5269325                    /usr/lib/libXi.so.6.1.0
7fabf0a23000-7fabf0c22000 ---p 0000f000 08:03 5269325                    /usr/lib/libXi.so.6.1.0
7fabf0c22000-7fabf0c23000 r--p 0000e000 08:03 5269325                    /usr/lib/libXi.so.6.1.0
7fabf0c23000-7fabf0c24000 rw-p 0000f000 08:03 5269325                    /usr/lib/libXi.so.6.1.0
7fabf0c24000-7fabf0c29000 r-xp 00000000 08:03 5269506                    /usr/lib/libXtst.so.6.1.0
7fabf0c29000-7fabf0e28000 ---p 00005000 08:03 5269506                    /usr/lib/libXtst.so.6.1.0
7fabf0e28000-7fabf0e29000 r--p 00004000 08:03 5269506                    /usr/lib/libXtst.so.6.1.0
7fabf0e29000-7fabf0e2a000 rw-p 00005000 08:03 5269506                    /usr/lib/libXtst.so.6.1.0
7fabf0e2a000-7fabf0e33000 r-xp 00000000 08:03 5268501                    /usr/lib/libXrender.so.1.3.0
7fabf0e33000-7fabf1032000 ---p 00009000 08:03 5268501                    /usr/lib/libXrender.so.1.3.0
7fabf1032000-7fabf1033000 r--p 00008000 08:03 5268501                    /usr/lib/libXrender.so.1.3.0
7fabf1033000-7fabf1034000 rw-p 00009000 08:03 5268501                    /usr/lib/libXrender.so.1.3.0
7fabf1034000-7fabf116f000 r-xp 00000000 08:03 5266962                    /usr/lib/libX11.so.6.3.0
7fabf116f000-7fabf136e000 ---p 0013b000 08:03 5266962                    /usr/lib/libX11.so.6.3.0
7fabf136e000-7fabf1370000 r--p 0013a000 08:03 5266962                    /usr/lib/libX11.so.6.3.0
7fabf1370000-7fabf1375000 rw-p 0013c000 08:03 5266962                    /usr/lib/libX11.so.6.3.0
7fabf1375000-7fabf1376000 rw-p 00000000 00:00 0 
7fabf1376000-7fabf1387000 r-xp 00000000 08:03 5268193                    /usr/lib/libXext.so.6.4.0
7fabf1387000-7fabf1586000 ---p 00011000 08:03 5268193                    /usr/lib/libXext.so.6.4.0
7fabf1586000-7fabf1587000 r--p 00010000 08:03 5268193                    /usr/lib/libXext.so.6.4.0
7fabf1587000-7fabf1588000 rw-p 00011000 08:03 5268193                    /usr/lib/libXext.so.6.4.0
7fabf1588000-7fabf1589000 rw-s 641dc000 00:06 2470                       /dev/nvidiactl
7fabf1589000-7fabf15ba000 rw-p 00000000 00:00 0 
7fabf15ba000-7fabf160d000 r-xp 00000000 08:03 5905447                    /usr/lib/jvm/java-8-openjdk/jre/lib/amd64/libawt_xawt.so
7fabf160d000-7fabf180d000 ---p 00053000 08:03 5905447                    /usr/lib/jvm/java-8-openjdk/jre/lib/amd64/libawt_xawt.so
7fabf180d000-7fabf1810000 rw-p 00053000 08:03 5905447                    /usr/lib/jvm/java-8-openjdk/jre/lib/amd64/libawt_xawt.so
7fabf1810000-7fabf1811000 rw-p 00000000 00:00 0 
7fabf1811000-7fabf18af000 r-xp 00000000 08:03 5905442                    /usr/lib/jvm/java-8-openjdk/jre/lib/amd64/libawt.so
7fabf18af000-7fabf1aaf000 ---p 0009e000 08:03 5905442                    /usr/lib/jvm/java-8-openjdk/jre/lib/amd64/libawt.so
7fabf1aaf000-7fabf1abb000 rw-p 0009e000 08:03 5905442                    /usr/lib/jvm/java-8-openjdk/jre/lib/amd64/libawt.so
7fabf1abb000-7fabf1adf000 rw-p 00000000 00:00 0 
7fabf1adf000-7fabf1b03000 r--s 0031e000 08:03 3279997                    /home/twittumz/Desktop/git/2DMapEditor/libs/jogl/jar/jogl-all.jar
7fabf1b03000-7fabf1b04000 ---p 00000000 00:00 0 
7fabf1b04000-7fabf1c04000 rw-p 00000000 00:00 0 
7fabf1c04000-7fabf1c07000 ---p 00000000 00:00 0 
7fabf1c07000-7fabf1d05000 rw-p 00000000 00:00 0 
7fabf1d05000-7fabf1d08000 ---p 00000000 00:00 0 
7fabf1d08000-7fabf1e06000 rw-p 00000000 00:00 0 
7fabf1e06000-7fabf1e09000 ---p 00000000 00:00 0 
7fabf1e09000-7fabf1f07000 rw-p 00000000 00:00 0 
7fabf1f07000-7fabf1f0a000 ---p 00000000 00:00 0 
7fabf1f0a000-7fabf2008000 rw-p 00000000 00:00 0 
7fabf2008000-7fabf200b000 ---p 00000000 00:00 0 
7fabf200b000-7fabf2109000 rw-p 00000000 00:00 0 
7fabf2109000-7fabf210c000 ---p 00000000 00:00 0 
7fabf210c000-7fabf220a000 rw-p 00000000 00:00 0 
7fabf220a000-7fabf23a2000 r--p 00000000 08:03 5281274                    /usr/lib/locale/locale-archive
7fabf23a2000-7fabf23a5000 ---p 00000000 00:00 0 
7fabf23a5000-7fabf24a3000 rw-p 00000000 00:00 0 
7fabf24a3000-7fabf24a6000 ---p 00000000 00:00 0 
7fabf24a6000-7fabf25a4000 rw-p 00000000 00:00 0 
7fabf25a4000-7fabf25a5000 ---p 00000000 00:00 0 
7fabf25a5000-7fabf4000000 rw-p 00000000 00:00 0 
7fabf4000000-7fabf4021000 rw-p 00000000 00:00 0 
7fabf4021000-7fabf8000000 ---p 00000000 00:00 0 
7fabf8000000-7fabf8021000 rw-p 00000000 00:00 0 
7fabf8021000-7fabfc000000 ---p 00000000 00:00 0 
7fabfc000000-7fabfc021000 rw-p 00000000 00:00 0 
7fabfc021000-7fac00000000 ---p 00000000 00:00 0 
7fac00000000-7fac00021000 rw-p 00000000 00:00 0 
7fac00021000-7fac04000000 ---p 00000000 00:00 0 
7fac04000000-7fac04021000 rw-p 00000000 00:00 0 
7fac04021000-7fac08000000 ---p 00000000 00:00 0 
7fac08000000-7fac08021000 rw-p 00000000 00:00 0 
7fac08021000-7fac0c000000 ---p 00000000 00:00 0 
7fac0c000000-7fac0c002000 rw-s 00000000 00:23 258527                     /tmp/.glIhQPWl (deleted)
7fac0c002000-7fac0c003000 rw-s 386968000 00:06 2470                      /dev/nvidiactl
7fac0c003000-7fac0c013000 rw-s 00000000 08:03 3155842                    /home/twittumz/#3155842 (deleted)
7fac0c013000-7fac0d000000 rw-p 00000000 00:00 0 
7fac0d000000-7fac0d370000 rwxp 00000000 00:00 0 
7fac0d370000-7fac1c000000 ---p 00000000 00:00 0 
7fac1c000000-7fac1caa8000 rw-p 00000000 00:00 0 
7fac1caa8000-7fac20000000 ---p 00000000 00:00 0 
7fac20000000-7fac20001000 rw-s cfd6e000 00:06 15871                      /dev/nvidia0
7fac20001000-7fac20002000 rw-s cfd6e000 00:06 15871                      /dev/nvidia0
7fac20002000-7fac20003000 rw-s cfd6e000 00:06 15871                      /dev/nvidia0
7fac20003000-7fac20004000 rw-s 3933bf000 00:06 2470                      /dev/nvidiactl
7fac20004000-7fac20005000 rw-s de060000 00:06 15871                      /dev/nvidia0
7fac20005000-7fac20006000 rw-s 390f67000 00:06 2470                      /dev/nvidiactl
7fac20006000-7fac2000a000 rw-s 39328f000 00:06 2470                      /dev/nvidiactl
7fac2000a000-7fac2000b000 rw-s cfd6e000 00:06 15871                      /dev/nvidia0
7fac2000b000-7fac2000c000 rw-s cfd6e000 00:06 15871                      /dev/nvidia0
7fac2000c000-7fac2000d000 rw-s cfd6e000 00:06 15871                      /dev/nvidia0
7fac2000d000-7fac2000e000 rw-s 390f92000 00:06 2470                      /dev/nvidiactl
7fac2000e000-7fac2001e000 r-xs 00000000 08:03 3155842                    /home/twittumz/#3155842 (deleted)
7fac2001e000-7fac20020000 r--s 00000000 08:03 3279886                    /home/twittumz/Desktop/git/2DMapEditor/libs/jogl/jar/gluegen-rt-natives-linux-amd64.jar
7fac20020000-7fac20335000 rw-p 00000000 00:00 0 
7fac20335000-7fac20502000 r--s 03bec000 08:03 5905403                    /usr/lib/jvm/java-8-openjdk/jre/lib/rt.jar
7fac20502000-7fac20578000 rw-p 00000000 00:00 0 
7fac20578000-7fac20579000 ---p 00000000 00:00 0 
7fac20579000-7fac20679000 rw-p 00000000 00:00 0 
7fac20679000-7fac2067a000 ---p 00000000 00:00 0 
7fac2067a000-7fac2077a000 rw-p 00000000 00:00 0 
7fac2077a000-7fac2077b000 ---p 00000000 00:00 0 
7fac2077b000-7fac2087b000 rw-p 00000000 00:00 0 
7fac2087b000-7fac2087c000 ---p 00000000 00:00 0 
7fac2087c000-7fac2097c000 rw-p 00000000 00:00 0 
7fac2097c000-7fac2097d000 ---p 00000000 00:00 0 
7fac2097d000-7fac20a7d000 rw-p 00000000 00:00 0 
7fac20a7d000-7fac20a7e000 ---p 00000000 00:00 0 
7fac20a7e000-7fac20b7e000 rw-p 00000000 00:00 0 
7fac20b7e000-7fac20b7f000 ---p 00000000 00:00 0 
7fac20b7f000-7fac20c7f000 rw-p 00000000 00:00 0 
7fac20c7f000-7fac20c80000 ---p 00000000 00:00 0 
7fac20c80000-7fac20dd4000 rw-p 00000000 00:00 0 
7fac20dd4000-7fac212b3000 ---p 00000000 00:00 0 
7fac212b3000-7fac21307000 rw-p 00000000 00:00 0 
7fac21307000-7fac217e5000 ---p 00000000 00:00 0 
7fac217e5000-7fac21810000 rw-p 00000000 00:00 0 
7fac21810000-7fac21a7f000 ---p 00000000 00:00 0 
7fac21a7f000-7fac21a8e000 rw-p 00000000 00:00 0 
7fac21a8e000-7fac21e40000 ---p 00000000 00:00 0 
7fac21e40000-7fac21e48000 r-xp 00000000 08:03 5905430                    /usr/lib/jvm/java-8-openjdk/jre/lib/amd64/libzip.so
7fac21e48000-7fac22047000 ---p 00008000 08:03 5905430                    /usr/lib/jvm/java-8-openjdk/jre/lib/amd64/libzip.so
7fac22047000-7fac22048000 rw-p 00007000 08:03 5905430                    /usr/lib/jvm/java-8-openjdk/jre/lib/amd64/libzip.so
7fac22048000-7fac22053000 r-xp 00000000 08:03 5246155                    /usr/lib/libnss_files-2.23.so
7fac22053000-7fac22252000 ---p 0000b000 08:03 5246155                    /usr/lib/libnss_files-2.23.so
7fac22252000-7fac22253000 r--p 0000a000 08:03 5246155                    /usr/lib/libnss_files-2.23.so
7fac22253000-7fac22254000 rw-p 0000b000 08:03 5246155                    /usr/lib/libnss_files-2.23.so
7fac22254000-7fac2225a000 rw-p 00000000 00:00 0 
7fac2225a000-7fac22286000 r-xp 00000000 08:03 5905429                    /usr/lib/jvm/java-8-openjdk/jre/lib/amd64/libjava.so
7fac22286000-7fac22486000 ---p 0002c000 08:03 5905429                    /usr/lib/jvm/java-8-openjdk/jre/lib/amd64/libjava.so
7fac22486000-7fac22488000 rw-p 0002c000 08:03 5905429                    /usr/lib/jvm/java-8-openjdk/jre/lib/amd64/libjava.so
7fac22488000-7fac22495000 r-xp 00000000 08:03 5905422                    /usr/lib/jvm/java-8-openjdk/jre/lib/amd64/libverify.so
7fac22495000-7fac22694000 ---p 0000d000 08:03 5905422                    /usr/lib/jvm/java-8-openjdk/jre/lib/amd64/libverify.so
7fac22694000-7fac22696000 rw-p 0000c000 08:03 5905422                    /usr/lib/jvm/java-8-openjdk/jre/lib/amd64/libverify.so
7fac22696000-7fac2269d000 r-xp 00000000 08:03 5246163                    /usr/lib/librt-2.23.so
7fac2269d000-7fac2289c000 ---p 00007000 08:03 5246163                    /usr/lib/librt-2.23.so
7fac2289c000-7fac2289d000 r--p 00006000 08:03 5246163                    /usr/lib/librt-2.23.so
7fac2289d000-7fac2289e000 rw-p 00007000 08:03 5246163                    /usr/lib/librt-2.23.so
7fac2289e000-7fac229a1000 r-xp 00000000 08:03 5246160                    /usr/lib/libm-2.23.so
7fac229a1000-7fac22ba0000 ---p 00103000 08:03 5246160                    /usr/lib/libm-2.23.so
7fac22ba0000-7fac22ba1000 r--p 00102000 08:03 5246160                    /usr/lib/libm-2.23.so
7fac22ba1000-7fac22ba2000 rw-p 00103000 08:03 5246160                    /usr/lib/libm-2.23.so
7fac22ba2000-7fac237f7000 r-xp 00000000 08:03 6170591                    /usr/lib/jvm/java-8-openjdk/jre/lib/amd64/server/libjvm.so
7fac237f7000-7fac239f7000 ---p 00c55000 08:03 6170591                    /usr/lib/jvm/java-8-openjdk/jre/lib/amd64/server/libjvm.so
7fac239f7000-7fac23ab3000 rw-p 00c55000 08:03 6170591                    /usr/lib/jvm/java-8-openjdk/jre/lib/amd64/server/libjvm.so
7fac23ab3000-7fac23ae3000 rw-p 00000000 00:00 0 
7fac23ae3000-7fac23c7a000 r-xp 00000000 08:03 5246102                    /usr/lib/libc-2.23.so
7fac23c7a000-7fac23e7a000 ---p 00197000 08:03 5246102                    /usr/lib/libc-2.23.so
7fac23e7a000-7fac23e7e000 r--p 00197000 08:03 5246102                    /usr/lib/libc-2.23.so
7fac23e7e000-7fac23e80000 rw-p 0019b000 08:03 5246102                    /usr/lib/libc-2.23.so
7fac23e80000-7fac23e84000 rw-p 00000000 00:00 0 
7fac23e84000-7fac23e86000 r-xp 00000000 08:03 5246159                    /usr/lib/libdl-2.23.so
7fac23e86000-7fac24086000 ---p 00002000 08:03 5246159                    /usr/lib/libdl-2.23.so
7fac24086000-7fac24087000 r--p 00002000 08:03 5246159                    /usr/lib/libdl-2.23.so
7fac24087000-7fac24088000 rw-p 00003000 08:03 5246159                    /usr/lib/libdl-2.23.so
7fac24088000-7fac24095000 r-xp 00000000 08:03 6170588                    /usr/lib/jvm/java-8-openjdk/jre/lib/amd64/jli/libjli.so
7fac24095000-7fac24294000 ---p 0000d000 08:03 6170588                    /usr/lib/jvm/java-8-openjdk/jre/lib/amd64/jli/libjli.so
7fac24294000-7fac24295000 rw-p 0000c000 08:03 6170588                    /usr/lib/jvm/java-8-openjdk/jre/lib/amd64/jli/libjli.so
7fac24295000-7fac242aa000 r-xp 00000000 08:03 5253324                    /usr/lib/libz.so.1.2.8
7fac242aa000-7fac244a9000 ---p 00015000 08:03 5253324                    /usr/lib/libz.so.1.2.8
7fac244a9000-7fac244aa000 r--p 00014000 08:03 5253324                    /usr/lib/libz.so.1.2.8
7fac244aa000-7fac244ab000 rw-p 00015000 08:03 5253324                    /usr/lib/libz.so.1.2.8
7fac244ab000-7fac244c3000 r-xp 00000000 08:03 5246083                    /usr/lib/libpthread-2.23.so
7fac244c3000-7fac246c2000 ---p 00018000 08:03 5246083                    /usr/lib/libpthread-2.23.so
7fac246c2000-7fac246c3000 r--p 00017000 08:03 5246083                    /usr/lib/libpthread-2.23.so
7fac246c3000-7fac246c4000 rw-p 00018000 08:03 5246083                    /usr/lib/libpthread-2.23.so
7fac246c4000-7fac246c8000 rw-p 00000000 00:00 0 
7fac246c8000-7fac246eb000 r-xp 00000000 08:03 5246101                    /usr/lib/ld-2.23.so
7fac246eb000-7fac246ec000 r--s 00036000 08:03 3279976                    /home/twittumz/Desktop/git/2DMapEditor/libs/jogl/jar/jogl-all-natives-linux-amd64.jar
7fac246ec000-7fac246ed000 r--p 00000000 00:00 0 
7fac246ed000-7fac246f1000 r--s 00097000 08:03 5905401                    /usr/lib/jvm/java-8-openjdk/jre/lib/jsse.jar
7fac246f1000-7fac24704000 r--s 00345000 08:03 5905402                    /usr/lib/jvm/java-8-openjdk/jre/lib/resources.jar
7fac24704000-7fac2470a000 r--s 0004f000 08:03 3279895                    /home/twittumz/Desktop/git/2DMapEditor/libs/jogl/jar/gluegen-rt.jar
7fac2470a000-7fac247b3000 rw-p 00000000 00:00 0 
7fac247b3000-7fac247b6000 ---p 00000000 00:00 0 
7fac247b6000-7fac248e0000 rw-p 00000000 00:00 0 
7fac248e0000-7fac248e8000 rw-s 00000000 00:23 252927                     /tmp/hsperfdata_twittumz/28611
7fac248e8000-7fac248e9000 rw-p 00000000 00:00 0 
7fac248e9000-7fac248ea000 r--p 00000000 00:00 0 
7fac248ea000-7fac248eb000 rw-p 00000000 00:00 0 
7fac248eb000-7fac248ec000 r--p 00023000 08:03 5246101                    /usr/lib/ld-2.23.so
7fac248ec000-7fac248ed000 rw-p 00024000 08:03 5246101                    /usr/lib/ld-2.23.so
7fac248ed000-7fac248ee000 rw-p 00000000 00:00 0 
7ffd8dd45000-7ffd8dd66000 rw-p 00000000 00:00 0                          [stack]
7ffd8ddb2000-7ffd8ddb5000 r--p 00000000 00:00 0                          [vvar]
7ffd8ddb5000-7ffd8ddb7000 r-xp 00000000 00:00 0                          [vdso]
ffffffffff600000-ffffffffff601000 r-xp 00000000 00:00 0                  [vsyscall]

VM Arguments:
jvm_args: -Dfile.encoding=UTF-8 
java_command: Editor.Main
java_class_path (initial): /home/twittumz/Desktop/git/2DMapEditor/2dMapEditor/bin:/home/twittumz/Desktop/git/2DMapEditor/libs/jogl/jar/gluegen-rt.jar:/home/twittumz/Desktop/git/2DMapEditor/libs/jogl/jar/jogl-all.jar
Launcher Type: SUN_STANDARD

Environment Variables:
PATH=/usr/local/sbin:/usr/local/bin:/usr/bin:/usr/lib/jvm/default/bin:/usr/bin/site_perl:/usr/bin/vendor_perl:/usr/bin/core_perl
USERNAME=twittumz
SHELL=/bin/bash
DISPLAY=:1

Signal Handlers:
SIGSEGV: [libjvm.so+0xa5a220], sa_mask[0]=11111111011111111101111111111110, sa_flags=SA_RESTART|SA_SIGINFO
SIGBUS: [libjvm.so+0xa5a220], sa_mask[0]=11111111011111111101111111111110, sa_flags=SA_RESTART|SA_SIGINFO
SIGFPE: [libjvm.so+0x8a5a90], sa_mask[0]=11111111011111111101111111111110, sa_flags=SA_RESTART|SA_SIGINFO
SIGPIPE: [libjvm.so+0x8a5a90], sa_mask[0]=11111111011111111101111111111110, sa_flags=SA_RESTART|SA_SIGINFO
SIGXFSZ: [libjvm.so+0x8a5a90], sa_mask[0]=11111111011111111101111111111110, sa_flags=SA_RESTART|SA_SIGINFO
SIGILL: [libjvm.so+0x8a5a90], sa_mask[0]=11111111011111111101111111111110, sa_flags=SA_RESTART|SA_SIGINFO
SIGUSR1: SIG_DFL, sa_mask[0]=00000000000000000000000000000000, sa_flags=none
SIGUSR2: [libjvm.so+0x8a5940], sa_mask[0]=00100000000000000000000000000000, sa_flags=SA_RESTART|SA_SIGINFO
SIGHUP: [libjvm.so+0x8a5e10], sa_mask[0]=11111111011111111101111111111110, sa_flags=SA_RESTART|SA_SIGINFO
SIGINT: [libjvm.so+0x8a5e10], sa_mask[0]=11111111011111111101111111111110, sa_flags=SA_RESTART|SA_SIGINFO
SIGTERM: [libjvm.so+0x8a5e10], sa_mask[0]=11111111011111111101111111111110, sa_flags=SA_RESTART|SA_SIGINFO
SIGQUIT: [libjvm.so+0x8a5e10], sa_mask[0]=11111111011111111101111111111110, sa_flags=SA_RESTART|SA_SIGINFO


---------------  S Y S T E M  ---------------

OS:NAME="Arch Linux"
ID=arch
PRETTY_NAME="Arch Linux"
ANSI_COLOR="0;36"
HOME_URL="https://www.archlinux.org/"
SUPPORT_URL="https://bbs.archlinux.org/"
BUG_REPORT_URL="https://bugs.archlinux.org/"


uname:Linux 4.6.3-1-ARCH #1 SMP PREEMPT Fri Jun 24 21:19:13 CEST 2016 x86_64
libc:glibc 2.23 NPTL 2.23 
rlimit: STACK 8192k, CORE infinity, NPROC 63849, NOFILE 4096, AS infinity
load average:0.83 0.71 0.78

/proc/meminfo:
MemTotal:       16350744 kB
MemFree:        11403384 kB
MemAvailable:   12255164 kB
Buffers:           84336 kB
Cached:          1026752 kB
SwapCached:            0 kB
Active:          3766936 kB
Inactive:         760288 kB
Active(anon):    3422084 kB
Inactive(anon):    31720 kB
Active(file):     344852 kB
Inactive(file):   728568 kB
Unevictable:          16 kB
Mlocked:              16 kB
SwapTotal:       4191228 kB
SwapFree:        4191228 kB
Dirty:              4680 kB
Writeback:             0 kB
AnonPages:       3012172 kB
Mapped:           549756 kB
Shmem:             37672 kB
Slab:             131976 kB
SReclaimable:      71380 kB
SUnreclaim:        60596 kB
KernelStack:       11616 kB
PageTables:        38672 kB
NFS_Unstable:          0 kB
Bounce:                0 kB
WritebackTmp:          0 kB
CommitLimit:    12366600 kB
Committed_AS:    7791120 kB
VmallocTotal:   34359738367 kB
VmallocUsed:           0 kB
VmallocChunk:          0 kB
HardwareCorrupted:     0 kB
AnonHugePages:   1554432 kB
HugePages_Total:       0
HugePages_Free:        0
HugePages_Rsvd:        0
HugePages_Surp:        0
Hugepagesize:       2048 kB
DirectMap4k:      325084 kB
DirectMap2M:     6928384 kB
DirectMap1G:     9437184 kB


CPU:total 8 (4 cores per cpu, 2 threads per core) family 6 model 94 stepping 3, cmov, cx8, fxsr, mmx, sse, sse2, sse3, ssse3, sse4.1, sse4.2, popcnt, avx, avx2, aes, clmul, erms, rtm, 3dnowpref, lzcnt, ht, tsc, tscinvbit, bmi1, bmi2, adx

/proc/cpuinfo:
processor	: 0
vendor_id	: GenuineIntel
cpu family	: 6
model		: 94
model name	: Intel(R) Core(TM) i7-6700K CPU @ 4.00GHz
stepping	: 3
microcode	: 0x6a
cpu MHz		: 4100.000
cache size	: 8192 KB
physical id	: 0
siblings	: 8
core id		: 0
cpu cores	: 4
apicid		: 0
initial apicid	: 0
fpu		: yes
fpu_exception	: yes
cpuid level	: 22
wp		: yes
flags		: fpu vme de pse tsc msr pae mce cx8 apic sep mtrr pge mca cmov pat pse36 clflush dts acpi mmx fxsr sse sse2 ss ht tm pbe syscall nx pdpe1gb rdtscp lm constant_tsc art arch_perfmon pebs bts rep_good nopl xtopology nonstop_tsc aperfmperf eagerfpu pni pclmulqdq dtes64 monitor ds_cpl vmx est tm2 ssse3 sdbg fma cx16 xtpr pdcm pcid sse4_1 sse4_2 x2apic movbe popcnt tsc_deadline_timer aes xsave avx f16c rdrand lahf_lm abm 3dnowprefetch epb intel_pt tpr_shadow vnmi flexpriority ept vpid fsgsbase tsc_adjust bmi1 hle avx2 smep bmi2 erms invpcid rtm mpx rdseed adx smap clflushopt xsaveopt xsavec xgetbv1 dtherm ida arat pln pts hwp hwp_notify hwp_act_window hwp_epp
bugs		:
bogomips	: 8019.75
clflush size	: 64
cache_alignment	: 64
address sizes	: 39 bits physical, 48 bits virtual
power management:

processor	: 1
vendor_id	: GenuineIntel
cpu family	: 6
model		: 94
model name	: Intel(R) Core(TM) i7-6700K CPU @ 4.00GHz
stepping	: 3
microcode	: 0x6a
cpu MHz		: 4126.406
cache size	: 8192 KB
physical id	: 0
siblings	: 8
core id		: 1
cpu cores	: 4
apicid		: 2
initial apicid	: 2
fpu		: yes
fpu_exception	: yes
cpuid level	: 22
wp		: yes
flags		: fpu vme de pse tsc msr pae mce cx8 apic sep mtrr pge mca cmov pat pse36 clflush dts acpi mmx fxsr sse sse2 ss ht tm pbe syscall nx pdpe1gb rdtscp lm constant_tsc art arch_perfmon pebs bts rep_good nopl xtopology nonstop_tsc aperfmperf eagerfpu pni pclmulqdq dtes64 monitor ds_cpl vmx est tm2 ssse3 sdbg fma cx16 xtpr pdcm pcid sse4_1 sse4_2 x2apic movbe popcnt tsc_deadline_timer aes xsave avx f16c rdrand lahf_lm abm 3dnowprefetch epb intel_pt tpr_shadow vnmi flexpriority ept vpid fsgsbase tsc_adjust bmi1 hle avx2 smep bmi2 erms invpcid rtm mpx rdseed adx smap clflushopt xsaveopt xsavec xgetbv1 dtherm ida arat pln pts hwp hwp_notify hwp_act_window hwp_epp
bugs		:
bogomips	: 8020.82
clflush size	: 64
cache_alignment	: 64
address sizes	: 39 bits physical, 48 bits virtual
power management:

processor	: 2
vendor_id	: GenuineIntel
cpu family	: 6
model		: 94
model name	: Intel(R) Core(TM) i7-6700K CPU @ 4.00GHz
stepping	: 3
microcode	: 0x6a
cpu MHz		: 4110.468
cache size	: 8192 KB
physical id	: 0
siblings	: 8
core id		: 2
cpu cores	: 4
apicid		: 4
initial apicid	: 4
fpu		: yes
fpu_exception	: yes
cpuid level	: 22
wp		: yes
flags		: fpu vme de pse tsc msr pae mce cx8 apic sep mtrr pge mca cmov pat pse36 clflush dts acpi mmx fxsr sse sse2 ss ht tm pbe syscall nx pdpe1gb rdtscp lm constant_tsc art arch_perfmon pebs bts rep_good nopl xtopology nonstop_tsc aperfmperf eagerfpu pni pclmulqdq dtes64 monitor ds_cpl vmx est tm2 ssse3 sdbg fma cx16 xtpr pdcm pcid sse4_1 sse4_2 x2apic movbe popcnt tsc_deadline_timer aes xsave avx f16c rdrand lahf_lm abm 3dnowprefetch epb intel_pt tpr_shadow vnmi flexpriority ept vpid fsgsbase tsc_adjust bmi1 hle avx2 smep bmi2 erms invpcid rtm mpx rdseed adx smap clflushopt xsaveopt xsavec xgetbv1 dtherm ida arat pln pts hwp hwp_notify hwp_act_window hwp_epp
bugs		:
bogomips	: 8020.86
clflush size	: 64
cache_alignment	: 64
address sizes	: 39 bits physical, 48 bits virtual
power management:

processor	: 3
vendor_id	: GenuineIntel
cpu family	: 6
model		: 94
model name	: Intel(R) Core(TM) i7-6700K CPU @ 4.00GHz
stepping	: 3
microcode	: 0x6a
cpu MHz		: 4100.000
cache size	: 8192 KB
physical id	: 0
siblings	: 8
core id		: 3
cpu cores	: 4
apicid		: 6
initial apicid	: 6
fpu		: yes
fpu_exception	: yes
cpuid level	: 22
wp		: yes
flags		: fpu vme de pse tsc msr pae mce cx8 apic sep mtrr pge mca cmov pat pse36 clflush dts acpi mmx fxsr sse sse2 ss ht tm pbe syscall nx pdpe1gb rdtscp lm constant_tsc art arch_perfmon pebs bts rep_good nopl xtopology nonstop_tsc aperfmperf eagerfpu pni pclmulqdq dtes64 monitor ds_cpl vmx est tm2 ssse3 sdbg fma cx16 xtpr pdcm pcid sse4_1 sse4_2 x2apic movbe popcnt tsc_deadline_timer aes xsave avx f16c rdrand lahf_lm abm 3dnowprefetch epb intel_pt tpr_shadow vnmi flexpriority ept vpid fsgsbase tsc_adjust bmi1 hle avx2 smep bmi2 erms invpcid rtm mpx rdseed adx smap clflushopt xsaveopt xsavec xgetbv1 dtherm ida arat pln pts hwp hwp_notify hwp_act_window hwp_epp
bugs		:
bogomips	: 8021.92
clflush size	: 64
cache_alignment	: 64
address sizes	: 39 bits physical, 48 bits virtual
power management:

processor	: 4
vendor_id	: GenuineIntel
cpu family	: 6
model		: 94
model name	: Intel(R) Core(TM) i7-6700K CPU @ 4.00GHz
stepping	: 3
microcode	: 0x6a
cpu MHz		: 4099.843
cache size	: 8192 KB
physical id	: 0
siblings	: 8
core id		: 0
cpu cores	: 4
apicid		: 1
initial apicid	: 1
fpu		: yes
fpu_exception	: yes
cpuid level	: 22
wp		: yes
flags		: fpu vme de pse tsc msr pae mce cx8 apic sep mtrr pge mca cmov pat pse36 clflush dts acpi mmx fxsr sse sse2 ss ht tm pbe syscall nx pdpe1gb rdtscp lm constant_tsc art arch_perfmon pebs bts rep_good nopl xtopology nonstop_tsc aperfmperf eagerfpu pni pclmulqdq dtes64 monitor ds_cpl vmx est tm2 ssse3 sdbg fma cx16 xtpr pdcm pcid sse4_1 sse4_2 x2apic movbe popcnt tsc_deadline_timer aes xsave avx f16c rdrand lahf_lm abm 3dnowprefetch epb intel_pt tpr_shadow vnmi flexpriority ept vpid fsgsbase tsc_adjust bmi1 hle avx2 smep bmi2 erms invpcid rtm mpx rdseed adx smap clflushopt xsaveopt xsavec xgetbv1 dtherm ida arat pln pts hwp hwp_notify hwp_act_window hwp_epp
bugs		:
bogomips	: 8021.42
clflush size	: 64
cache_alignment	: 64
address sizes	: 39 bits physical, 48 bits virtual
power management:

processor	: 5
vendor_id	: GenuineIntel
cpu family	: 6
model		: 94
model name	: Intel(R) Core(TM) i7-6700K CPU @ 4.00GHz
stepping	: 3
microcode	: 0x6a
cpu MHz		: 4102.656
cache size	: 8192 KB
physical id	: 0
siblings	: 8
core id		: 1
cpu cores	: 4
apicid		: 3
initial apicid	: 3
fpu		: yes
fpu_exception	: yes
cpuid level	: 22
wp		: yes
flags		: fpu vme de pse tsc msr pae mce cx8 apic sep mtrr pge mca cmov pat pse36 clflush dts acpi mmx fxsr sse sse2 ss ht tm pbe syscall nx pdpe1gb rdtscp lm constant_tsc art arch_perfmon pebs bts rep_good nopl xtopology nonstop_tsc aperfmperf eagerfpu pni pclmulqdq dtes64 monitor ds_cpl vmx est tm2 ssse3 sdbg fma cx16 xtpr pdcm pcid sse4_1 sse4_2 x2apic movbe popcnt tsc_deadline_timer aes xsave avx f16c rdrand lahf_lm abm 3dnowprefetch epb intel_pt tpr_shadow vnmi flexpriority ept vpid fsgsbase tsc_adjust bmi1 hle avx2 smep bmi2 erms invpcid rtm mpx rdseed adx smap clflushopt xsaveopt xsavec xgetbv1 dtherm ida arat pln pts hwp hwp_notify hwp_act_window hwp_epp
bugs		:
bogomips	: 8021.92
clflush size	: 64
cache_alignment	: 64
address sizes	: 39 bits physical, 48 bits virtual
power management:

processor	: 6
vendor_id	: GenuineIntel
cpu family	: 6
model		: 94
model name	: Intel(R) Core(TM) i7-6700K CPU @ 4.00GHz
stepping	: 3
microcode	: 0x6a
cpu MHz		: 4121.718
cache size	: 8192 KB
physical id	: 0
siblings	: 8
core id		: 2
cpu cores	: 4
apicid		: 5
initial apicid	: 5
fpu		: yes
fpu_exception	: yes
cpuid level	: 22
wp		: yes
flags		: fpu vme de pse tsc msr pae mce cx8 apic sep mtrr pge mca cmov pat pse36 clflush dts acpi mmx fxsr sse sse2 ss ht tm pbe syscall nx pdpe1gb rdtscp lm constant_tsc art arch_perfmon pebs bts rep_good nopl xtopology nonstop_tsc aperfmperf eagerfpu pni pclmulqdq dtes64 monitor ds_cpl vmx est tm2 ssse3 sdbg fma cx16 xtpr pdcm pcid sse4_1 sse4_2 x2apic movbe popcnt tsc_deadline_timer aes xsave avx f16c rdrand lahf_lm abm 3dnowprefetch epb intel_pt tpr_shadow vnmi flexpriority ept vpid fsgsbase tsc_adjust bmi1 hle avx2 smep bmi2 erms invpcid rtm mpx rdseed adx smap clflushopt xsaveopt xsavec xgetbv1 dtherm ida arat pln pts hwp hwp_notify hwp_act_window hwp_epp
bugs		:
bogomips	: 8021.93
clflush size	: 64
cache_alignment	: 64
address sizes	: 39 bits physical, 48 bits virtual
power management:

processor	: 7
vendor_id	: GenuineIntel
cpu family	: 6
model		: 94
model name	: Intel(R) Core(TM) i7-6700K CPU @ 4.00GHz
stepping	: 3
microcode	: 0x6a
cpu MHz		: 4105.625
cache size	: 8192 KB
physical id	: 0
siblings	: 8
core id		: 3
cpu cores	: 4
apicid		: 7
initial apicid	: 7
fpu		: yes
fpu_exception	: yes
cpuid level	: 22
wp		: yes
flags		: fpu vme de pse tsc msr pae mce cx8 apic sep mtrr pge mca cmov pat pse36 clflush dts acpi mmx fxsr sse sse2 ss ht tm pbe syscall nx pdpe1gb rdtscp lm constant_tsc art arch_perfmon pebs bts rep_good nopl xtopology nonstop_tsc aperfmperf eagerfpu pni pclmulqdq dtes64 monitor ds_cpl vmx est tm2 ssse3 sdbg fma cx16 xtpr pdcm pcid sse4_1 sse4_2 x2apic movbe popcnt tsc_deadline_timer aes xsave avx f16c rdrand lahf_lm abm 3dnowprefetch epb intel_pt tpr_shadow vnmi flexpriority ept vpid fsgsbase tsc_adjust bmi1 hle avx2 smep bmi2 erms invpcid rtm mpx rdseed adx smap clflushopt xsaveopt xsavec xgetbv1 dtherm ida arat pln pts hwp hwp_notify hwp_act_window hwp_epp
bugs		:
bogomips	: 8021.89
clflush size	: 64
cache_alignment	: 64
address sizes	: 39 bits physical, 48 bits virtual
power management:



Memory: 4k page, physical 16350744k(11403384k free), swap 4191228k(4191228k free)

vm_info: OpenJDK 64-Bit Server VM (25.92-b14) for linux-amd64 JRE (1.8.0_92-b14), built on Apr 24 2016 15:02:36 by "builduser" with gcc 5.3.0

time: Sun Jul 31 15:26:42 2016
elapsed time: 1 seconds (0d 0h 0m 1s)

