#
# A fatal error has been detected by the Java Runtime Environment:
#
#  SIGSEGV (0xb) at pc=0x0000000040863efe, pid=25879, tid=0x00007f1e4a4a8700
#
# JRE version: OpenJDK Runtime Environment (8.0_92-b14) (build 1.8.0_92-b14)
# Java VM: OpenJDK 64-Bit Server VM (25.92-b14 mixed mode linux-amd64 compressed oops)
# Problematic frame:
# C  0x0000000040863efe
#
# Core dump written. Default location: /home/twittumz/Desktop/git/2DMapEditor/2dMapEditor/core or core.25879
#
# If you would like to submit a bug report, please visit:
#   http://bugreport.java.com/bugreport/crash.jsp
# The crash happened outside the Java Virtual Machine in native code.
# See problematic frame for where to report the bug.
#

---------------  T H R E A D  ---------------

Current thread (0x00007f1e702a6000):  JavaThread "AWT-EventQueue-0" [_thread_in_native, id=25907, stack(0x00007f1e4a3a8000,0x00007f1e4a4a9000)]

siginfo: si_signo: 11 (SIGSEGV), si_code: 1 (SEGV_MAPERR), si_addr: 0x0000000000000000

Registers:
RAX=0x00007f1e2c03cb60, RBX=0x0000000041fa9000, RCX=0x0000000000000000, RDX=0x0000000000000003
RSP=0x00007f1e4a4a6498, RBP=0x0000000000000030, RSI=0x0000000000000000, RDI=0x0000000000000000
R8 =0x00007f1df4144d90, R9 =0x00000001020e5000, R10=0x00007f1df51ae520, R11=0x0000000000000000
R12=0x0000000000000000, R13=0x0000000000000003, R14=0x0000000000000000, R15=0x00007f1df4147f20
RIP=0x0000000040863efe, EFLAGS=0x0000000000010246, CSGSFS=0x002b000000000033, ERR=0x0000000000000004
  TRAPNO=0x000000000000000e

Top of Stack: (sp=0x00007f1e4a4a6498)
0x00007f1e4a4a6498:   00007f1de746f8c4 0000000500000000
0x00007f1e4a4a64a8:   0000000041ff9fa0 00007f1e702a6000
0x00007f1e4a4a64b8:   00007f1de747033e 00007f1e2c03cb60
0x00007f1e4a4a64c8:   0000000041fa9000 0000000041feddf0
0x00007f1e4a4a64d8:   0000000000000005 0000000000000000
0x00007f1e4a4a64e8:   00007f1e4a4a6660 00007f1e702a6000
0x00007f1e4a4a64f8:   00007f1de705bc78 00007f1e4a4a6660
0x00007f1e4a4a6508:   0000000349029ba8 00007f1e700f48c0
0x00007f1e4a4a6518:   00007f1e702a6000 00007f1e702a6000
0x00007f1e4a4a6528:   00007f1e49029ba8 00007f1e4a4a6590
0x00007f1e4a4a6538:   0000000000000000 00007f1e49029ba8
0x00007f1e4a4a6548:   00007f1e483c8e78 00007f1e4a4a6590
0x00007f1e4a4a6558:   00007f1e4867a320 000000034a349c28
0x00007f1e4a4a6568:   0000000500000000 00007f1e4a4a6660
0x00007f1e4a4a6578:   00007f1e702a61e0 00007f1e4a4a6618
0x00007f1e4a4a6588:   00007f1e4867a320 00007f1e4a4a6618
0x00007f1e4a4a6598:   00007f1e61017754 00007f1e49029ba8
0x00007f1e4a4a65a8:   0000000000000000 00007f1e49029ba8
0x00007f1e4a4a65b8:   00007f1e4a4a6660 00007f1e4a4a6618
0x00007f1e4a4a65c8:   00007f1e610174e7 00007f1e610174a2
0x00007f1e4a4a65d8:   00007f1e4a4a65d8 00007f1e49029ba8
0x00007f1e4a4a65e8:   00007f1e4a4a6660 00007f1e49122028
0x00007f1e4a4a65f8:   0000000000000000 00007f1e49029ba8
0x00007f1e4a4a6608:   0000000000000000 00007f1e4a4a6638
0x00007f1e4a4a6618:   00007f1e4a4a66a8 00007f1e61007ffd
0x00007f1e4a4a6628:   0000000000000000 00007f1e61011278
0x00007f1e4a4a6638:   00007f1e4867a320 00007f1e4a4a66a8
0x00007f1e4a4a6648:   0000000000000003 0000000000000000
0x00007f1e4a4a6658:   0000000000000005 000000076d514378
0x00007f1e4a4a6668:   00007f1e4a4a6668 00007f1e49029af5
0x00007f1e4a4a6678:   00007f1e4a4a66e0 00007f1e49122028
0x00007f1e4a4a6688:   0000000000000000 00007f1e49029b08 

Instructions: (pc=0x0000000040863efe)
0x0000000040863ede:   8b d1 49 8b cb 48 be 78 aa ff 41 00 00 00 00 48
0x0000000040863eee:   8b 36 48 8b 76 08 48 8b f9 48 c1 e7 04 48 03 f7
0x0000000040863efe:   8b 3e 8b 6e 04 89 38 89 68 04 8b 7e 08 8b 6e 0c
0x0000000040863f0e:   89 78 08 89 68 0c 48 83 c0 10 ff c1 ff ca 75 c5 

Register to memory mapping:

RAX=0x00007f1e2c03cb60 is an unknown value
RBX=0x0000000041fa9000 is an unknown value
RCX=0x0000000000000000 is an unknown value
RDX=0x0000000000000003 is an unknown value
RSP=0x00007f1e4a4a6498 is pointing into the stack for thread: 0x00007f1e702a6000
RBP=0x0000000000000030 is an unknown value
RSI=0x0000000000000000 is an unknown value
RDI=0x0000000000000000 is an unknown value
R8 =0x00007f1df4144d90 is an unknown value
R9 =0x00000001020e5000 is an unknown value
R10=0x00007f1df51ae520 is an unknown value
R11=0x0000000000000000 is an unknown value
R12=0x0000000000000000 is an unknown value
R13=0x0000000000000003 is an unknown value
R14=0x0000000000000000 is an unknown value
R15=0x00007f1df4147f20 is an unknown value


Stack: [0x00007f1e4a3a8000,0x00007f1e4a4a9000],  sp=0x00007f1e4a4a6498,  free space=1017k
Native frames: (J=compiled Java code, j=interpreted, Vv=VM code, C=native code)
C  0x0000000040863efe

Java frames: (J=compiled Java code, j=interpreted, Vv=VM code)
j  jogamp.opengl.gl4.GL4bcImpl.dispatch_glDrawArrays1(IIIJ)V+0
j  jogamp.opengl.gl4.GL4bcImpl.glDrawArrays(III)V+45
j  Engine.SpriteRenderer.Draw(Lcom/jogamp/opengl/GL2;)V+74
j  Engine.Engine.Render(Lcom/jogamp/opengl/GLAutoDrawable;)V+22
j  Editor.Window$1.display(Lcom/jogamp/opengl/GLAutoDrawable;)V+22
j  jogamp.opengl.GLDrawableHelper.displayImpl(Lcom/jogamp/opengl/GLAutoDrawable;)V+62
j  jogamp.opengl.GLDrawableHelper.display(Lcom/jogamp/opengl/GLAutoDrawable;)V+2
j  com.jogamp.opengl.awt.GLCanvas$11.run()V+118
j  jogamp.opengl.GLDrawableHelper.invokeGLImpl(Lcom/jogamp/opengl/GLDrawable;Lcom/jogamp/opengl/GLContext;Ljava/lang/Runnable;Ljava/lang/Runnable;)V+203
j  jogamp.opengl.GLDrawableHelper.invokeGL(Lcom/jogamp/opengl/GLDrawable;Lcom/jogamp/opengl/GLContext;Ljava/lang/Runnable;Ljava/lang/Runnable;)V+72
j  com.jogamp.opengl.awt.GLCanvas$12.run()V+104
j  java.awt.event.InvocationEvent.dispatch()V+11
j  java.awt.EventQueue.dispatchEventImpl(Ljava/awt/AWTEvent;Ljava/lang/Object;)V+21
j  java.awt.EventQueue.access$500(Ljava/awt/EventQueue;Ljava/awt/AWTEvent;Ljava/lang/Object;)V+3
j  java.awt.EventQueue$3.run()Ljava/lang/Void;+32
j  java.awt.EventQueue$3.run()Ljava/lang/Object;+1
v  ~StubRoutines::call_stub
j  java.security.AccessController.doPrivileged(Ljava/security/PrivilegedAction;Ljava/security/AccessControlContext;)Ljava/lang/Object;+0
j  java.security.ProtectionDomain$JavaSecurityAccessImpl.doIntersectionPrivilege(Ljava/security/PrivilegedAction;Ljava/security/AccessControlContext;Ljava/security/AccessControlContext;)Ljava/lang/Object;+18
j  java.awt.EventQueue.dispatchEvent(Ljava/awt/AWTEvent;)V+46
j  java.awt.EventDispatchThread.pumpOneEventForFilters(I)V+245
j  java.awt.EventDispatchThread.pumpEventsForFilter(ILjava/awt/Conditional;Ljava/awt/EventFilter;)V+35
j  java.awt.EventDispatchThread.pumpEventsForHierarchy(ILjava/awt/Conditional;Ljava/awt/Component;)V+11
j  java.awt.EventDispatchThread.pumpEvents(ILjava/awt/Conditional;)V+4
j  java.awt.EventDispatchThread.pumpEvents(Ljava/awt/Conditional;)V+3
j  java.awt.EventDispatchThread.run()V+9
v  ~StubRoutines::call_stub

---------------  P R O C E S S  ---------------

Java Threads: ( => current thread )
  0x00007f1e70008000 JavaThread "DestroyJavaVM" [_thread_blocked, id=25884, stack(0x00007f1e78729000,0x00007f1e7882a000)]
  0x00007f1e705b6000 JavaThread "main-AWTAnimator#00" [_thread_blocked, id=25916, stack(0x00007f1e403c6000,0x00007f1e404c7000)]
  0x00007f1e7046b000 JavaThread "main-SharedResourceRunner" daemon [_thread_blocked, id=25915, stack(0x00007f1e4805d000,0x00007f1e4815e000)]
  0x00007f1e7044e000 JavaThread "main-SharedResourceRunner" daemon [_thread_blocked, id=25914, stack(0x00007f1e49c7f000,0x00007f1e49d80000)]
  0x00007f1e702ef000 JavaThread "process reaper" daemon [_thread_blocked, id=25910, stack(0x00007f1e500bf000,0x00007f1e500f8000)]
=>0x00007f1e702a6000 JavaThread "AWT-EventQueue-0" [_thread_in_native, id=25907, stack(0x00007f1e4a3a8000,0x00007f1e4a4a9000)]
  0x00007f1e702a4000 JavaThread "AWT-Shutdown" [_thread_blocked, id=25906, stack(0x00007f1e4a4a9000,0x00007f1e4a5aa000)]
  0x00007f1e70299000 JavaThread "Image Fetcher 0" daemon [_thread_blocked, id=25905, stack(0x00007f1e4a5aa000,0x00007f1e4a6ab000)]
  0x00007f1e70260000 JavaThread "AWT-XAWT" daemon [_thread_blocked, id=25904, stack(0x00007f1e4a6ab000,0x00007f1e4a7ac000)]
  0x00007f1e70238800 JavaThread "Java2D Disposer" daemon [_thread_blocked, id=25903, stack(0x00007f1e4abbd000,0x00007f1e4acbe000)]
  0x00007f1e700ea000 JavaThread "Service Thread" daemon [_thread_blocked, id=25901, stack(0x00007f1e51b80000,0x00007f1e51c81000)]
  0x00007f1e700c5000 JavaThread "C1 CompilerThread3" daemon [_thread_blocked, id=25900, stack(0x00007f1e51c81000,0x00007f1e51d82000)]
  0x00007f1e700c3000 JavaThread "C2 CompilerThread2" daemon [_thread_blocked, id=25899, stack(0x00007f1e51d82000,0x00007f1e51e83000)]
  0x00007f1e700c1000 JavaThread "C2 CompilerThread1" daemon [_thread_blocked, id=25898, stack(0x00007f1e51e83000,0x00007f1e51f84000)]
  0x00007f1e700be000 JavaThread "C2 CompilerThread0" daemon [_thread_blocked, id=25897, stack(0x00007f1e51f84000,0x00007f1e52085000)]
  0x00007f1e700bc800 JavaThread "Signal Dispatcher" daemon [_thread_blocked, id=25896, stack(0x00007f1e52085000,0x00007f1e52186000)]
  0x00007f1e7008a000 JavaThread "Finalizer" daemon [_thread_blocked, id=25895, stack(0x00007f1e5231e000,0x00007f1e5241f000)]
  0x00007f1e70085800 JavaThread "Reference Handler" daemon [_thread_blocked, id=25894, stack(0x00007f1e5241f000,0x00007f1e52520000)]

Other Threads:
  0x00007f1e7007e000 VMThread [stack: 0x00007f1e52520000,0x00007f1e52621000] [id=25893]
  0x00007f1e700ec800 WatcherThread [stack: 0x00007f1e51a7f000,0x00007f1e51b80000] [id=25902]

VM state:not at safepoint (normal execution)

VM Mutex/Monitor currently owned by a thread: None

Heap:
 PSYoungGen      total 74752K, used 33950K [0x000000076cd80000, 0x0000000772080000, 0x00000007c0000000)
  eden space 64512K, 52% used [0x000000076cd80000,0x000000076eea7ab8,0x0000000770c80000)
  from space 10240K, 0% used [0x0000000771680000,0x0000000771680000,0x0000000772080000)
  to   space 10240K, 0% used [0x0000000770c80000,0x0000000770c80000,0x0000000771680000)
 ParOldGen       total 171008K, used 0K [0x00000006c6800000, 0x00000006d0f00000, 0x000000076cd80000)
  object space 171008K, 0% used [0x00000006c6800000,0x00000006c6800000,0x00000006d0f00000)
 Metaspace       used 17489K, capacity 17732K, committed 18048K, reserved 1064960K
  class space    used 1781K, capacity 1869K, committed 1920K, reserved 1048576K

Card table byte_map: [0x00007f1e75229000,0x00007f1e759f6000] byte_map_base: 0x00007f1e71bf5000

Marking Bits: (ParMarkBitMap*) 0x00007f1e77a3c540
 Begin Bits: [0x00007f1e2c340000, 0x00007f1e301a0000)
 End Bits:   [0x00007f1e301a0000, 0x00007f1e34000000)

Polling page: 0x00007f1e7885f000

CodeCache: size=245760Kb used=3507Kb max_used=3507Kb free=242252Kb
 bounds [0x00007f1e61000000, 0x00007f1e61370000, 0x00007f1e70000000]
 total_blobs=1836 nmethods=864 adapters=887
 compilation: enabled

Compilation events (10 events):
Event: 1.044 Thread 0x00007f1e700c5000 nmethod 860 0x00007f1e6136cbd0 code [0x00007f1e6136cd60, 0x00007f1e6136d168]
Event: 1.044 Thread 0x00007f1e700c5000  858       3       java.util.regex.Pattern$GroupTail::match (111 bytes)
Event: 1.044 Thread 0x00007f1e700c5000 nmethod 858 0x00007f1e6136d2d0 code [0x00007f1e6136d460, 0x00007f1e6136d828]
Event: 1.044 Thread 0x00007f1e700c5000  861       3       java.lang.String::subSequence (7 bytes)
Event: 1.044 Thread 0x00007f1e700c5000 nmethod 861 0x00007f1e6136db10 code [0x00007f1e6136dc80, 0x00007f1e6136de88]
Event: 1.044 Thread 0x00007f1e700c5000  862       3       java.util.regex.Pattern$Branch::match (66 bytes)
Event: 1.044 Thread 0x00007f1e700c5000 nmethod 862 0x00007f1e6136df10 code [0x00007f1e6136e0c0, 0x00007f1e6136e5b8]
Event: 1.044 Thread 0x00007f1e700c5000  863       1       java.util.Formatter::access$000 (5 bytes)
Event: 1.044 Thread 0x00007f1e700c5000 nmethod 863 0x00007f1e6136e7d0 code [0x00007f1e6136e920, 0x00007f1e6136ea10]
Event: 1.044 Thread 0x00007f1e700c5000  864   !   3       java.lang.ClassLoader::findNative (86 bytes)

GC Heap History (0 events):
No events

Deoptimization events (10 events):
Event: 0.820 Thread 0x00007f1e70008000 Uncommon trap: reason=unstable_if action=reinterpret pc=0x00007f1e612c38c4 method=java.lang.reflect.Field.setFieldAccessor(Lsun/reflect/FieldAccessor;Z)V @ 1
Event: 0.843 Thread 0x00007f1e705b6000 Uncommon trap: reason=unstable_if action=reinterpret pc=0x00007f1e61317ecc method=java.awt.Component.isDisplayable()Z @ 4
Event: 0.843 Thread 0x00007f1e705b6000 Uncommon trap: reason=unstable_if action=reinterpret pc=0x00007f1e6131678c method=java.awt.Component.isDisplayable()Z @ 4
Event: 0.843 Thread 0x00007f1e705b6000 Uncommon trap: reason=unstable_if action=reinterpret pc=0x00007f1e61319688 method=java.awt.Component.isDisplayable()Z @ 4
Event: 0.843 Thread 0x00007f1e705b6000 Uncommon trap: reason=unstable_if action=reinterpret pc=0x00007f1e6131ba0c method=java.awt.Component.isDisplayable()Z @ 4
Event: 0.851 Thread 0x00007f1e705b6000 Uncommon trap: reason=unstable_if action=reinterpret pc=0x00007f1e61328f34 method=com.jogamp.opengl.awt.GLCanvas.validateGLDrawable()Z @ 22
Event: 0.852 Thread 0x00007f1e705b6000 Uncommon trap: reason=unstable_if action=reinterpret pc=0x00007f1e61332228 method=com.jogamp.opengl.awt.GLCanvas.validateGLDrawable()Z @ 22
Event: 0.863 Thread 0x00007f1e705b6000 Uncommon trap: reason=unstable_if action=reinterpret pc=0x00007f1e61336810 method=com.jogamp.opengl.awt.GLCanvas.validateGLDrawable()Z @ 22
Event: 0.916 Thread 0x00007f1e705b6000 Uncommon trap: reason=unstable_if action=reinterpret pc=0x00007f1e61346050 method=com.jogamp.opengl.awt.GLCanvas.display()V @ 4
Event: 0.916 Thread 0x00007f1e705b6000 Uncommon trap: reason=unstable_if action=reinterpret pc=0x00007f1e61343f50 method=com.jogamp.opengl.awt.GLCanvas.display()V @ 4

Internal exceptions (10 events):
Event: 0.068 Thread 0x00007f1e70008000 Exception <a 'java/io/FileNotFoundException'> (0x000000076d0f2018) thrown at [/build/java8-openjdk/src/jdk8u-jdk8u92-b14/hotspot/src/share/vm/prims/jni.cpp, line 709]
Event: 0.068 Thread 0x00007f1e70008000 Exception <a 'java/io/FileNotFoundException'> (0x000000076d0f2a08) thrown at [/build/java8-openjdk/src/jdk8u-jdk8u92-b14/hotspot/src/share/vm/prims/jni.cpp, line 709]
Event: 0.075 Thread 0x00007f1e70008000 Exception <a 'java/lang/ClassNotFoundException': sun/dc/DuctusRenderingEngine> (0x000000076d10ad48) thrown at [/build/java8-openjdk/src/jdk8u-jdk8u92-b14/hotspot/src/share/vm/classfile/systemDictionary.cpp, line 210]
Event: 0.838 Thread 0x00007f1e70008000 Exception <a 'java/lang/reflect/InvocationTargetException'> (0x000000076e337a48) thrown at [/build/java8-openjdk/src/jdk8u-jdk8u92-b14/hotspot/src/share/vm/runtime/reflection.cpp, line 1092]
Event: 0.842 Thread 0x00007f1e70008000 Exception <a 'java/lang/reflect/InvocationTargetException'> (0x000000076e347b08) thrown at [/build/java8-openjdk/src/jdk8u-jdk8u92-b14/hotspot/src/share/vm/runtime/reflection.cpp, line 1092]
Event: 0.848 Thread 0x00007f1e70008000 Exception <a 'java/lang/reflect/InvocationTargetException'> (0x000000076ec502a0) thrown at [/build/java8-openjdk/src/jdk8u-jdk8u92-b14/hotspot/src/share/vm/runtime/reflection.cpp, line 1092]
Event: 0.850 Thread 0x00007f1e70008000 Exception <a 'java/lang/reflect/InvocationTargetException'> (0x000000076ec68e98) thrown at [/build/java8-openjdk/src/jdk8u-jdk8u92-b14/hotspot/src/share/vm/runtime/reflection.cpp, line 1092]
Event: 0.916 Thread 0x00007f1e702a6000 Exception <a 'java/lang/reflect/InvocationTargetException'> (0x000000076d511348) thrown at [/build/java8-openjdk/src/jdk8u-jdk8u92-b14/hotspot/src/share/vm/runtime/reflection.cpp, line 1092]
Event: 0.916 Thread 0x00007f1e702a6000 Exception <a 'java/lang/reflect/InvocationTargetException'> (0x000000076d5119f8) thrown at [/build/java8-openjdk/src/jdk8u-jdk8u92-b14/hotspot/src/share/vm/runtime/reflection.cpp, line 1092]
Event: 0.918 Thread 0x00007f1e702a6000 Exception <a 'java/lang/reflect/InvocationTargetException'> (0x000000076d512b30) thrown at [/build/java8-openjdk/src/jdk8u-jdk8u92-b14/hotspot/src/share/vm/runtime/reflection.cpp, line 1092]

Events (10 events):
Event: 1.042 loading class com/jogamp/opengl/math/VectorUtil
Event: 1.042 loading class com/jogamp/opengl/math/VectorUtil done
Event: 1.042 loading class sun/misc/FormattedFloatingDecimal$Form
Event: 1.042 loading class sun/misc/FormattedFloatingDecimal$Form done
Event: 1.042 loading class sun/misc/FormattedFloatingDecimal
Event: 1.042 loading class sun/misc/FormattedFloatingDecimal done
Event: 1.042 loading class sun/misc/FormattedFloatingDecimal$1
Event: 1.042 loading class sun/misc/FormattedFloatingDecimal$1 done
Event: 1.043 loading class sun/misc/FormattedFloatingDecimal$2
Event: 1.043 loading class sun/misc/FormattedFloatingDecimal$2 done


Dynamic libraries:
00400000-00401000 r-xp 00000000 08:03 5905458                            /usr/lib/jvm/java-8-openjdk/jre/bin/java
00600000-00601000 rw-p 00000000 08:03 5905458                            /usr/lib/jvm/java-8-openjdk/jre/bin/java
0110a000-0112b000 rw-p 00000000 00:00 0                                  [heap]
400c3000-40163000 rw-p 00000000 00:00 0 
40862000-40864000 r-xs 00000000 00:23 162770                             /tmp/.glkUVxiz (deleted)
41fa9000-42049000 rw-p 00000000 00:00 0 
6c6800000-6d0f00000 rw-p 00000000 00:00 0 
6d0f00000-76cd80000 ---p 00000000 00:00 0 
76cd80000-772080000 rw-p 00000000 00:00 0 
772080000-7c0000000 ---p 00000000 00:00 0 
7c0000000-7c01e0000 rw-p 00000000 00:00 0 
7c01e0000-800000000 ---p 00000000 00:00 0 
7f1ddc000000-7f1ddc021000 rw-p 00000000 00:00 0 
7f1ddc021000-7f1de0000000 ---p 00000000 00:00 0 
7f1de0000000-7f1de04f2000 rw-p 00000000 00:00 0 
7f1de04f2000-7f1de4000000 ---p 00000000 00:00 0 
7f1de5eb0000-7f1de5eb4000 r-xp 00000000 08:03 5249369                    /usr/lib/libcap.so.2.25
7f1de5eb4000-7f1de60b3000 ---p 00004000 08:03 5249369                    /usr/lib/libcap.so.2.25
7f1de60b3000-7f1de60b4000 rw-p 00003000 08:03 5249369                    /usr/lib/libcap.so.2.25
7f1de60b4000-7f1de60c8000 r-xp 00000000 08:03 5246162                    /usr/lib/libresolv-2.23.so
7f1de60c8000-7f1de62c7000 ---p 00014000 08:03 5246162                    /usr/lib/libresolv-2.23.so
7f1de62c7000-7f1de62c8000 r--p 00013000 08:03 5246162                    /usr/lib/libresolv-2.23.so
7f1de62c8000-7f1de62c9000 rw-p 00014000 08:03 5246162                    /usr/lib/libresolv-2.23.so
7f1de62c9000-7f1de62cb000 rw-p 00000000 00:00 0 
7f1de62cb000-7f1de7660000 r-xp 00000000 08:03 5268236                    /usr/lib/libnvidia-glcore.so.367.27
7f1de7660000-7f1de7680000 rwxp 01395000 08:03 5268236                    /usr/lib/libnvidia-glcore.so.367.27
7f1de7680000-7f1de7a20000 r-xp 013b5000 08:03 5268236                    /usr/lib/libnvidia-glcore.so.367.27
7f1de7a20000-7f1de7c20000 ---p 01755000 08:03 5268236                    /usr/lib/libnvidia-glcore.so.367.27
7f1de7c20000-7f1de7fe8000 rw-p 01755000 08:03 5268236                    /usr/lib/libnvidia-glcore.so.367.27
7f1de7fe8000-7f1de8000000 rw-p 00000000 00:00 0 
7f1de8000000-7f1de8021000 rw-p 00000000 00:00 0 
7f1de8021000-7f1dec000000 ---p 00000000 00:00 0 
7f1dec000000-7f1dec55e000 rw-p 00000000 00:00 0 
7f1dec55e000-7f1df0000000 ---p 00000000 00:00 0 
7f1df0000000-7f1df0021000 rw-p 00000000 00:00 0 
7f1df0021000-7f1df4000000 ---p 00000000 00:00 0 
7f1df4000000-7f1df51c1000 rw-p 00000000 00:00 0 
7f1df51c1000-7f1df8000000 ---p 00000000 00:00 0 
7f1df8000000-7f1df8021000 rw-p 00000000 00:00 0 
7f1df8021000-7f1dfc000000 ---p 00000000 00:00 0 
7f1dfc000000-7f1dfc027000 rw-p 00000000 00:00 0 
7f1dfc027000-7f1e00000000 ---p 00000000 00:00 0 
7f1e00000000-7f1e00021000 rw-p 00000000 00:00 0 
7f1e00021000-7f1e04000000 ---p 00000000 00:00 0 
7f1e04000000-7f1e04021000 rw-p 00000000 00:00 0 
7f1e04021000-7f1e08000000 ---p 00000000 00:00 0 
7f1e08000000-7f1e082aa000 rw-p 00000000 00:00 0 
7f1e082aa000-7f1e0c000000 ---p 00000000 00:00 0 
7f1e0c000000-7f1e0c021000 rw-p 00000000 00:00 0 
7f1e0c021000-7f1e10000000 ---p 00000000 00:00 0 
7f1e10000000-7f1e10141000 rw-p 00000000 00:00 0 
7f1e10141000-7f1e14000000 ---p 00000000 00:00 0 
7f1e14000000-7f1e1405d000 rw-p 00000000 00:00 0 
7f1e1405d000-7f1e18000000 ---p 00000000 00:00 0 
7f1e18000000-7f1e18021000 rw-p 00000000 00:00 0 
7f1e18021000-7f1e1c000000 ---p 00000000 00:00 0 
7f1e1c000000-7f1e1c1d0000 rw-p 00000000 00:00 0 
7f1e1c1d0000-7f1e20000000 ---p 00000000 00:00 0 
7f1e20000000-7f1e20021000 rw-p 00000000 00:00 0 
7f1e20021000-7f1e24000000 ---p 00000000 00:00 0 
7f1e24000000-7f1e24021000 rw-p 00000000 00:00 0 
7f1e24021000-7f1e28000000 ---p 00000000 00:00 0 
7f1e28000000-7f1e28021000 rw-p 00000000 00:00 0 
7f1e28021000-7f1e2c000000 ---p 00000000 00:00 0 
7f1e2c03a000-7f1e2c13a000 rw-s 80b80000 00:06 15720                      /dev/nvidiactl
7f1e2c13a000-7f1e2c13f000 r-xp 00000000 08:03 5246154                    /usr/lib/libnss_dns-2.23.so
7f1e2c13f000-7f1e2c33e000 ---p 00005000 08:03 5246154                    /usr/lib/libnss_dns-2.23.so
7f1e2c33e000-7f1e2c33f000 r--p 00004000 08:03 5246154                    /usr/lib/libnss_dns-2.23.so
7f1e2c33f000-7f1e2c340000 rw-p 00005000 08:03 5246154                    /usr/lib/libnss_dns-2.23.so
7f1e2c340000-7f1e34000000 rw-p 00000000 00:00 0 
7f1e34000000-7f1e34021000 rw-p 00000000 00:00 0 
7f1e34021000-7f1e38000000 ---p 00000000 00:00 0 
7f1e38000000-7f1e38021000 rw-p 00000000 00:00 0 
7f1e38021000-7f1e3c000000 ---p 00000000 00:00 0 
7f1e3c000000-7f1e3c021000 rw-p 00000000 00:00 0 
7f1e3c021000-7f1e40000000 ---p 00000000 00:00 0 
7f1e40073000-7f1e40086000 rw-s 6ff16000 00:06 15720                      /dev/nvidiactl
7f1e40086000-7f1e400a6000 rw-s c02a0000 00:06 16655                      /dev/nvidia0
7f1e400a6000-7f1e400e6000 rw-s 77ca6000 00:06 15720                      /dev/nvidiactl
7f1e400e6000-7f1e40106000 rw-s 6ac09000 00:06 15720                      /dev/nvidiactl
7f1e40106000-7f1e40146000 rw-s 3cb657000 00:06 15720                     /dev/nvidiactl
7f1e40146000-7f1e40166000 rw-s 37607e000 00:06 15720                     /dev/nvidiactl
7f1e40166000-7f1e401a6000 rw-s 44aa5c000 00:06 15720                     /dev/nvidiactl
7f1e401a6000-7f1e401c6000 rw-s 43d18c000 00:06 15720                     /dev/nvidiactl
7f1e401c6000-7f1e40386000 rw-p 00000000 00:00 0 
7f1e40386000-7f1e403c6000 ---p 00000000 00:00 0 
7f1e403c6000-7f1e403c9000 ---p 00000000 00:00 0 
7f1e403c9000-7f1e404c7000 rw-p 00000000 00:00 0 
7f1e404c7000-7f1e40547000 rw-s 3690ec000 00:06 15720                     /dev/nvidiactl
7f1e40547000-7f1e405c7000 rw-s 3c9456000 00:06 15720                     /dev/nvidiactl
7f1e405c7000-7f1e40647000 rw-s 3dad9b000 00:06 15720                     /dev/nvidiactl
7f1e40647000-7f1e40747000 rw-s 3e969f000 00:06 15720                     /dev/nvidiactl
7f1e40747000-7f1e40767000 rw-s c0260000 00:06 16655                      /dev/nvidia0
7f1e40767000-7f1e407a7000 rw-s 403447000 00:06 15720                     /dev/nvidiactl
7f1e407a7000-7f1e407e7000 rw-s 3e5880000 00:06 15720                     /dev/nvidiactl
7f1e407e7000-7f1e40827000 rw-s 43d327000 00:06 15720                     /dev/nvidiactl
7f1e40827000-7f1e4092b000 rw-s 448ce6000 00:06 15720                     /dev/nvidiactl
7f1e4092b000-7f1e4092e000 r-xp 00000000 08:03 5773637                    /usr/lib/tls/libnvidia-tls.so.367.27
7f1e4092e000-7f1e40b2e000 ---p 00003000 08:03 5773637                    /usr/lib/tls/libnvidia-tls.so.367.27
7f1e40b2e000-7f1e40b2f000 rw-p 00003000 08:03 5773637                    /usr/lib/tls/libnvidia-tls.so.367.27
7f1e40b2f000-7f1e40bf7000 r-xp 00000000 08:03 5268220                    /usr/lib/libGLX_nvidia.so.367.27
7f1e40bf7000-7f1e40c2b000 rwxp 000c8000 08:03 5268220                    /usr/lib/libGLX_nvidia.so.367.27
7f1e40c2b000-7f1e40c3e000 r-xp 000fc000 08:03 5268220                    /usr/lib/libGLX_nvidia.so.367.27
7f1e40c3e000-7f1e40e3e000 ---p 0010f000 08:03 5268220                    /usr/lib/libGLX_nvidia.so.367.27
7f1e40e3e000-7f1e40e66000 rw-p 0010f000 08:03 5268220                    /usr/lib/libGLX_nvidia.so.367.27
7f1e40e66000-7f1e40e6d000 rw-p 00000000 00:00 0 
7f1e40e6d000-7f1e40e6f000 r-xp 00000000 08:03 5269221                    /usr/lib/libXinerama.so.1.0.0
7f1e40e6f000-7f1e4106e000 ---p 00002000 08:03 5269221                    /usr/lib/libXinerama.so.1.0.0
7f1e4106e000-7f1e4106f000 r--p 00001000 08:03 5269221                    /usr/lib/libXinerama.so.1.0.0
7f1e4106f000-7f1e41070000 rw-p 00002000 08:03 5269221                    /usr/lib/libXinerama.so.1.0.0
7f1e41070000-7f1e4107b000 r-xp 00000000 08:03 5268224                    /usr/lib/libGLESv1_CM_nvidia.so.367.27
7f1e4107b000-7f1e4127a000 ---p 0000b000 08:03 5268224                    /usr/lib/libGLESv1_CM_nvidia.so.367.27
7f1e4127a000-7f1e4127d000 rw-p 0000a000 08:03 5268224                    /usr/lib/libGLESv1_CM_nvidia.so.367.27
7f1e4128f000-7f1e412af000 rw-s 43d32a000 00:06 15720                     /dev/nvidiactl
7f1e412af000-7f1e412ef000 rw-s 00000000 08:03 3153263                    /home/twittumz/#3153263 (deleted)
7f1e412ef000-7f1e4136f000 rw-s 3dade7000 00:06 15720                     /dev/nvidiactl
7f1e4136f000-7f1e413ef000 rw-s 63c69000 00:06 15720                      /dev/nvidiactl
7f1e413ef000-7f1e4146f000 rw-s 6ff08000 00:06 15720                      /dev/nvidiactl
7f1e4146f000-7f1e4156f000 rw-s 6fd91000 00:06 15720                      /dev/nvidiactl
7f1e4156f000-7f1e42b3b000 r-xp 00000000 08:03 5268233                    /usr/lib/libnvidia-eglcore.so.367.27
7f1e42b3b000-7f1e42d3b000 ---p 015cc000 08:03 5268233                    /usr/lib/libnvidia-eglcore.so.367.27
7f1e42d3b000-7f1e430d3000 rw-p 015cc000 08:03 5268233                    /usr/lib/libnvidia-eglcore.so.367.27
7f1e430d3000-7f1e430e7000 rw-p 00000000 00:00 0 
7f1e430e7000-7f1e430f6000 r-xp 00000000 08:03 5268258                    /usr/lib/libGLESv2_nvidia.so.367.27
7f1e430f6000-7f1e432f6000 ---p 0000f000 08:03 5268258                    /usr/lib/libGLESv2_nvidia.so.367.27
7f1e432f6000-7f1e432fa000 rw-p 0000f000 08:03 5268258                    /usr/lib/libGLESv2_nvidia.so.367.27
7f1e432fa000-7f1e433fe000 rw-s 448ce6000 00:06 15720                     /dev/nvidiactl
7f1e433fe000-7f1e4340c000 r-xp 00000000 08:03 5264554                    /usr/lib/libdrm.so.2.4.0
7f1e4340c000-7f1e4360b000 ---p 0000e000 08:03 5264554                    /usr/lib/libdrm.so.2.4.0
7f1e4360b000-7f1e4360c000 r--p 0000d000 08:03 5264554                    /usr/lib/libdrm.so.2.4.0
7f1e4360c000-7f1e4360d000 rw-p 0000e000 08:03 5264554                    /usr/lib/libdrm.so.2.4.0
7f1e4360d000-7f1e43669000 r-xp 00000000 00:23 170188                     /tmp/jogamp_0000/file_cache/jln5958308378457191494/jln5177092176168815902/natives/linux-amd64/libjogl_mobile.so
7f1e43669000-7f1e43869000 ---p 0005c000 00:23 170188                     /tmp/jogamp_0000/file_cache/jln5958308378457191494/jln5177092176168815902/natives/linux-amd64/libjogl_mobile.so
7f1e43869000-7f1e4386a000 rw-p 0005c000 00:23 170188                     /tmp/jogamp_0000/file_cache/jln5958308378457191494/jln5177092176168815902/natives/linux-amd64/libjogl_mobile.so
7f1e4386a000-7f1e438dc000 r-xp 00000000 08:03 5268234                    /usr/lib/libnvidia-glsi.so.367.27
7f1e438dc000-7f1e43adb000 ---p 00072000 08:03 5268234                    /usr/lib/libnvidia-glsi.so.367.27
7f1e43adb000-7f1e43ae4000 rw-p 00071000 08:03 5268234                    /usr/lib/libnvidia-glsi.so.367.27
7f1e43ae4000-7f1e43af3000 rw-p 00000000 00:00 0 
7f1e43af3000-7f1e43bbe000 r-xp 00000000 08:03 5268259                    /usr/lib/libEGL_nvidia.so.367.27
7f1e43bbe000-7f1e43dbd000 ---p 000cb000 08:03 5268259                    /usr/lib/libEGL_nvidia.so.367.27
7f1e43dbd000-7f1e43de8000 rw-p 000ca000 08:03 5268259                    /usr/lib/libEGL_nvidia.so.367.27
7f1e43de8000-7f1e43dfc000 rw-p 00000000 00:00 0 
7f1e43dfc000-7f1e43e00000 r-xp 00000000 08:03 5773639                    /usr/lib/nvidia/libEGL.so.1
7f1e43e00000-7f1e43fff000 ---p 00004000 08:03 5773639                    /usr/lib/nvidia/libEGL.so.1
7f1e43fff000-7f1e44000000 rw-p 00003000 08:03 5773639                    /usr/lib/nvidia/libEGL.so.1
7f1e44000000-7f1e44021000 rw-p 00000000 00:00 0 
7f1e44021000-7f1e48000000 ---p 00000000 00:00 0 
7f1e4800a000-7f1e4801d000 rw-s 40c4d6000 00:06 15720                     /dev/nvidiactl
7f1e4801d000-7f1e4805d000 r-xs 00000000 08:03 3153263                    /home/twittumz/#3153263 (deleted)
7f1e4805d000-7f1e48060000 ---p 00000000 00:00 0 
7f1e48060000-7f1e4815e000 rw-p 00000000 00:00 0 
7f1e4815e000-7f1e48163000 r-xp 00000000 08:03 5773617                    /usr/lib/nvidia/libGLESv2.so.2.0.0
7f1e48163000-7f1e48165000 r-xp 00005000 08:03 5773617                    /usr/lib/nvidia/libGLESv2.so.2.0.0
7f1e48165000-7f1e48169000 r-xp 00007000 08:03 5773617                    /usr/lib/nvidia/libGLESv2.so.2.0.0
7f1e48169000-7f1e48368000 ---p 0000b000 08:03 5773617                    /usr/lib/nvidia/libGLESv2.so.2.0.0
7f1e48368000-7f1e48369000 r--p 0000a000 08:03 5773617                    /usr/lib/nvidia/libGLESv2.so.2.0.0
7f1e48369000-7f1e4836a000 rw-p 0000b000 08:03 5773617                    /usr/lib/nvidia/libGLESv2.so.2.0.0
7f1e4836a000-7f1e48422000 r-xp 00000000 00:23 170187                     /tmp/jogamp_0000/file_cache/jln5958308378457191494/jln5177092176168815902/natives/linux-amd64/libjogl_desktop.so
7f1e48422000-7f1e48622000 ---p 000b8000 00:23 170187                     /tmp/jogamp_0000/file_cache/jln5958308378457191494/jln5177092176168815902/natives/linux-amd64/libjogl_desktop.so
7f1e48622000-7f1e48623000 rw-p 000b8000 00:23 170187                     /tmp/jogamp_0000/file_cache/jln5958308378457191494/jln5177092176168815902/natives/linux-amd64/libjogl_desktop.so
7f1e48623000-7f1e48676000 r-xp 00000000 08:03 5268203                    /usr/lib/libGLdispatch.so.0.0.0
7f1e48676000-7f1e4868f000 r-xp 00053000 08:03 5268203                    /usr/lib/libGLdispatch.so.0.0.0
7f1e4868f000-7f1e486ca000 r-xp 0006c000 08:03 5268203                    /usr/lib/libGLdispatch.so.0.0.0
7f1e486ca000-7f1e488c9000 ---p 000a7000 08:03 5268203                    /usr/lib/libGLdispatch.so.0.0.0
7f1e488c9000-7f1e488d8000 r--p 000a6000 08:03 5268203                    /usr/lib/libGLdispatch.so.0.0.0
7f1e488d8000-7f1e488d9000 rw-p 000b5000 08:03 5268203                    /usr/lib/libGLdispatch.so.0.0.0
7f1e488d9000-7f1e488f9000 rw-p 00000000 00:00 0 
7f1e488f9000-7f1e48909000 r-xp 00000000 08:03 5268199                    /usr/lib/libGLX.so.0.0.0
7f1e48909000-7f1e48b09000 ---p 00010000 08:03 5268199                    /usr/lib/libGLX.so.0.0.0
7f1e48b09000-7f1e48b0a000 r--p 00010000 08:03 5268199                    /usr/lib/libGLX.so.0.0.0
7f1e48b0a000-7f1e48b0b000 rw-p 00011000 08:03 5268199                    /usr/lib/libGLX.so.0.0.0
7f1e48b0b000-7f1e48b2b000 rw-p 00000000 00:00 0 
7f1e48b2b000-7f1e48b5b000 r-xp 00000000 08:03 5773620                    /usr/lib/nvidia/libGL.so.1.0.0
7f1e48b5b000-7f1e48b74000 r-xp 00030000 08:03 5773620                    /usr/lib/nvidia/libGL.so.1.0.0
7f1e48b74000-7f1e48b9f000 r-xp 00049000 08:03 5773620                    /usr/lib/nvidia/libGL.so.1.0.0
7f1e48b9f000-7f1e48d9f000 ---p 00074000 08:03 5773620                    /usr/lib/nvidia/libGL.so.1.0.0
7f1e48d9f000-7f1e48da0000 r--p 00074000 08:03 5773620                    /usr/lib/nvidia/libGL.so.1.0.0
7f1e48da0000-7f1e48da1000 rw-p 00075000 08:03 5773620                    /usr/lib/nvidia/libGL.so.1.0.0
7f1e48da1000-7f1e48fa2000 rw-p 00000000 00:00 0 
7f1e48fa2000-7f1e491a2000 rw-p 00000000 00:00 0 
7f1e491ad000-7f1e491cd000 rw-s 3e94b0000 00:06 15720                     /dev/nvidiactl
7f1e491cd000-7f1e491ed000 rw-s c0220000 00:06 16655                      /dev/nvidia0
7f1e491ed000-7f1e4922d000 rw-s 3eda1a000 00:06 15720                     /dev/nvidiactl
7f1e4922d000-7f1e4926d000 rw-s 4308b2000 00:06 15720                     /dev/nvidiactl
7f1e4926d000-7f1e49274000 r-xp 00000000 00:23 170190                     /tmp/jogamp_0000/file_cache/jln5958308378457191494/jln5177092176168815902/natives/linux-amd64/libnativewindow_x11.so
7f1e49274000-7f1e49473000 ---p 00007000 00:23 170190                     /tmp/jogamp_0000/file_cache/jln5958308378457191494/jln5177092176168815902/natives/linux-amd64/libnativewindow_x11.so
7f1e49473000-7f1e49474000 rw-p 00006000 00:23 170190                     /tmp/jogamp_0000/file_cache/jln5958308378457191494/jln5177092176168815902/natives/linux-amd64/libnativewindow_x11.so
7f1e49474000-7f1e49479000 r-xp 00000000 08:03 5268760                    /usr/lib/libXxf86vm.so.1.0.0
7f1e49479000-7f1e49678000 ---p 00005000 08:03 5268760                    /usr/lib/libXxf86vm.so.1.0.0
7f1e49678000-7f1e49679000 r--p 00004000 08:03 5268760                    /usr/lib/libXxf86vm.so.1.0.0
7f1e49679000-7f1e4967a000 rw-p 00005000 08:03 5268760                    /usr/lib/libXxf86vm.so.1.0.0
7f1e4967a000-7f1e4967c000 r-xp 00000000 00:23 170189                     /tmp/jogamp_0000/file_cache/jln5958308378457191494/jln5177092176168815902/natives/linux-amd64/libnativewindow_awt.so
7f1e4967c000-7f1e4987b000 ---p 00002000 00:23 170189                     /tmp/jogamp_0000/file_cache/jln5958308378457191494/jln5177092176168815902/natives/linux-amd64/libnativewindow_awt.so
7f1e4987b000-7f1e4987c000 rw-p 00001000 00:23 170189                     /tmp/jogamp_0000/file_cache/jln5958308378457191494/jln5177092176168815902/natives/linux-amd64/libnativewindow_awt.so
7f1e4987c000-7f1e4987d000 r-xp 00000000 08:03 5905448                    /usr/lib/jvm/java-8-openjdk/jre/lib/amd64/libjawt.so
7f1e4987d000-7f1e49a7c000 ---p 00001000 08:03 5905448                    /usr/lib/jvm/java-8-openjdk/jre/lib/amd64/libjawt.so
7f1e49a7c000-7f1e49a7d000 rw-p 00000000 08:03 5905448                    /usr/lib/jvm/java-8-openjdk/jre/lib/amd64/libjawt.so
7f1e49a7d000-7f1e49a7f000 r-xp 00000000 00:23 170186                     /tmp/jogamp_0000/file_cache/jln5958308378457191494/jln5177092176168815902/natives/linux-amd64/libgluegen-rt.so
7f1e49a7f000-7f1e49c7e000 ---p 00002000 00:23 170186                     /tmp/jogamp_0000/file_cache/jln5958308378457191494/jln5177092176168815902/natives/linux-amd64/libgluegen-rt.so
7f1e49c7e000-7f1e49c7f000 rw-p 00001000 00:23 170186                     /tmp/jogamp_0000/file_cache/jln5958308378457191494/jln5177092176168815902/natives/linux-amd64/libgluegen-rt.so
7f1e49c7f000-7f1e49c82000 ---p 00000000 00:00 0 
7f1e49c82000-7f1e49d80000 rw-p 00000000 00:00 0 
7f1e49d80000-7f1e49d91000 r-xp 00000000 08:03 5905443                    /usr/lib/jvm/java-8-openjdk/jre/lib/amd64/libnio.so
7f1e49d91000-7f1e49f90000 ---p 00011000 08:03 5905443                    /usr/lib/jvm/java-8-openjdk/jre/lib/amd64/libnio.so
7f1e49f90000-7f1e49f91000 rw-p 00010000 08:03 5905443                    /usr/lib/jvm/java-8-openjdk/jre/lib/amd64/libnio.so
7f1e49f91000-7f1e49fa7000 r-xp 00000000 08:03 5905432                    /usr/lib/jvm/java-8-openjdk/jre/lib/amd64/libnet.so
7f1e49fa7000-7f1e4a1a7000 ---p 00016000 08:03 5905432                    /usr/lib/jvm/java-8-openjdk/jre/lib/amd64/libnet.so
7f1e4a1a7000-7f1e4a1a8000 rw-p 00016000 08:03 5905432                    /usr/lib/jvm/java-8-openjdk/jre/lib/amd64/libnet.so
7f1e4a1a8000-7f1e4a3a8000 rw-p 00000000 00:00 0 
7f1e4a3a8000-7f1e4a3ab000 ---p 00000000 00:00 0 
7f1e4a3ab000-7f1e4a4a9000 rw-p 00000000 00:00 0 
7f1e4a4a9000-7f1e4a4ac000 ---p 00000000 00:00 0 
7f1e4a4ac000-7f1e4a5aa000 rw-p 00000000 00:00 0 
7f1e4a5aa000-7f1e4a5ad000 ---p 00000000 00:00 0 
7f1e4a5ad000-7f1e4a6ab000 rw-p 00000000 00:00 0 
7f1e4a6ab000-7f1e4a6ae000 ---p 00000000 00:00 0 
7f1e4a6ae000-7f1e4a7ac000 rw-p 00000000 00:00 0 
7f1e4a7ac000-7f1e4a7b1000 r-xp 00000000 08:03 5268766                    /usr/lib/libXfixes.so.3.1.0
7f1e4a7b1000-7f1e4a9b0000 ---p 00005000 08:03 5268766                    /usr/lib/libXfixes.so.3.1.0
7f1e4a9b0000-7f1e4a9b1000 r--p 00004000 08:03 5268766                    /usr/lib/libXfixes.so.3.1.0
7f1e4a9b1000-7f1e4a9b2000 rw-p 00005000 08:03 5268766                    /usr/lib/libXfixes.so.3.1.0
7f1e4a9b2000-7f1e4a9bc000 r-xp 00000000 08:03 5269218                    /usr/lib/libXcursor.so.1.0.2
7f1e4a9bc000-7f1e4abbb000 ---p 0000a000 08:03 5269218                    /usr/lib/libXcursor.so.1.0.2
7f1e4abbb000-7f1e4abbc000 r--p 00009000 08:03 5269218                    /usr/lib/libXcursor.so.1.0.2
7f1e4abbc000-7f1e4abbd000 rw-p 0000a000 08:03 5269218                    /usr/lib/libXcursor.so.1.0.2
7f1e4abbd000-7f1e4abc0000 ---p 00000000 00:00 0 
7f1e4abc0000-7f1e4acbe000 rw-p 00000000 00:00 0 
7f1e4acbe000-7f1e4ad30000 r-xp 00000000 08:03 5254181                    /usr/lib/libpcre.so.1.2.7
7f1e4ad30000-7f1e4af2f000 ---p 00072000 08:03 5254181                    /usr/lib/libpcre.so.1.2.7
7f1e4af2f000-7f1e4af30000 r--p 00071000 08:03 5254181                    /usr/lib/libpcre.so.1.2.7
7f1e4af30000-7f1e4af31000 rw-p 00072000 08:03 5254181                    /usr/lib/libpcre.so.1.2.7
7f1e4af31000-7f1e4af5b000 r-xp 00000000 08:03 5264449                    /usr/lib/libgraphite2.so.3.0.1
7f1e4af5b000-7f1e4b15a000 ---p 0002a000 08:03 5264449                    /usr/lib/libgraphite2.so.3.0.1
7f1e4b15a000-7f1e4b15c000 r--p 00029000 08:03 5264449                    /usr/lib/libgraphite2.so.3.0.1
7f1e4b15c000-7f1e4b15d000 rw-p 0002b000 08:03 5264449                    /usr/lib/libgraphite2.so.3.0.1
7f1e4b15d000-7f1e4b26a000 r-xp 00000000 08:03 5256081                    /usr/lib/libglib-2.0.so.0.4800.1
7f1e4b26a000-7f1e4b469000 ---p 0010d000 08:03 5256081                    /usr/lib/libglib-2.0.so.0.4800.1
7f1e4b469000-7f1e4b46a000 r--p 0010c000 08:03 5256081                    /usr/lib/libglib-2.0.so.0.4800.1
7f1e4b46a000-7f1e4b46b000 rw-p 0010d000 08:03 5256081                    /usr/lib/libglib-2.0.so.0.4800.1
7f1e4b46b000-7f1e4b46c000 rw-p 00000000 00:00 0 
7f1e4b46c000-7f1e4b4e6000 r-xp 00000000 08:03 5264460                    /usr/lib/libharfbuzz.so.0.10200.7
7f1e4b4e6000-7f1e4b6e6000 ---p 0007a000 08:03 5264460                    /usr/lib/libharfbuzz.so.0.10200.7
7f1e4b6e6000-7f1e4b6e7000 r--p 0007a000 08:03 5264460                    /usr/lib/libharfbuzz.so.0.10200.7
7f1e4b6e7000-7f1e4b6e8000 rw-p 0007b000 08:03 5264460                    /usr/lib/libharfbuzz.so.0.10200.7
7f1e4b6e8000-7f1e4b71c000 r-xp 00000000 08:03 5264433                    /usr/lib/libpng16.so.16.23.0
7f1e4b71c000-7f1e4b91c000 ---p 00034000 08:03 5264433                    /usr/lib/libpng16.so.16.23.0
7f1e4b91c000-7f1e4b91d000 r--p 00034000 08:03 5264433                    /usr/lib/libpng16.so.16.23.0
7f1e4b91d000-7f1e4b91e000 rw-p 00035000 08:03 5264433                    /usr/lib/libpng16.so.16.23.0
7f1e4b91e000-7f1e4b92d000 r-xp 00000000 08:03 5249251                    /usr/lib/libbz2.so.1.0.6
7f1e4b92d000-7f1e4bb2c000 ---p 0000f000 08:03 5249251                    /usr/lib/libbz2.so.1.0.6
7f1e4bb2c000-7f1e4bb2e000 rw-p 0000e000 08:03 5249251                    /usr/lib/libbz2.so.1.0.6
7f1e4bb2e000-7f1e4bb44000 r-xp 00000000 08:03 5246433                    /usr/lib/libgcc_s.so.1
7f1e4bb44000-7f1e4bd43000 ---p 00016000 08:03 5246433                    /usr/lib/libgcc_s.so.1
7f1e4bd43000-7f1e4bd44000 rw-p 00015000 08:03 5246433                    /usr/lib/libgcc_s.so.1
7f1e4bd44000-7f1e4bdfa000 r-xp 00000000 08:03 5264483                    /usr/lib/libfreetype.so.6.12.5
7f1e4bdfa000-7f1e4bff9000 ---p 000b6000 08:03 5264483                    /usr/lib/libfreetype.so.6.12.5
7f1e4bff9000-7f1e4bfff000 r--p 000b5000 08:03 5264483                    /usr/lib/libfreetype.so.6.12.5
7f1e4bfff000-7f1e4c000000 rw-p 000bb000 08:03 5264483                    /usr/lib/libfreetype.so.6.12.5
7f1e4c000000-7f1e4c021000 rw-p 00000000 00:00 0 
7f1e4c021000-7f1e50000000 ---p 00000000 00:00 0 
7f1e50003000-7f1e50005000 rw-s 00000000 00:23 162770                     /tmp/.glkUVxiz (deleted)
7f1e50005000-7f1e50006000 rw-s 372f76000 00:06 15720                     /dev/nvidiactl
7f1e50006000-7f1e5000a000 rw-s 3ebb9a000 00:06 15720                     /dev/nvidiactl
7f1e5000a000-7f1e5000b000 rw-s cfd65000 00:06 16655                      /dev/nvidia0
7f1e5000b000-7f1e5000c000 rw-s cfd65000 00:06 16655                      /dev/nvidia0
7f1e5000c000-7f1e5001f000 rw-s 6af37000 00:06 15720                      /dev/nvidiactl
7f1e5001f000-7f1e5003f000 rw-s 40c46c000 00:06 15720                     /dev/nvidiactl
7f1e5003f000-7f1e5005f000 rw-s 3d7259000 00:06 15720                     /dev/nvidiactl
7f1e5005f000-7f1e5009f000 rw-s 372e76000 00:06 15720                     /dev/nvidiactl
7f1e500a6000-7f1e500a7000 rw-s 80b27000 00:06 15720                      /dev/nvidiactl
7f1e500a7000-7f1e500a8000 rw-s cfd66000 00:06 16655                      /dev/nvidia0
7f1e500a8000-7f1e500a9000 rw-s cfd65000 00:06 16655                      /dev/nvidia0
7f1e500a9000-7f1e500aa000 rw-s cfd65000 00:06 16655                      /dev/nvidia0
7f1e500aa000-7f1e500ab000 rw-s 3d7132000 00:06 15720                     /dev/nvidiactl
7f1e500ab000-7f1e500bb000 r-xp 00000000 08:03 5253231                    /usr/lib/libnss_myhostname.so.2
7f1e500bb000-7f1e500bc000 ---p 00010000 08:03 5253231                    /usr/lib/libnss_myhostname.so.2
7f1e500bc000-7f1e500be000 r--p 00010000 08:03 5253231                    /usr/lib/libnss_myhostname.so.2
7f1e500be000-7f1e500bf000 rw-p 00012000 08:03 5253231                    /usr/lib/libnss_myhostname.so.2
7f1e500bf000-7f1e500c2000 ---p 00000000 00:00 0 
7f1e500c2000-7f1e500f8000 rw-p 00000000 00:00 0 
7f1e500f8000-7f1e50159000 r-xp 00000000 08:03 5905449                    /usr/lib/jvm/java-8-openjdk/jre/lib/amd64/libfontmanager.so
7f1e50159000-7f1e50359000 ---p 00061000 08:03 5905449                    /usr/lib/jvm/java-8-openjdk/jre/lib/amd64/libfontmanager.so
7f1e50359000-7f1e5035d000 rw-p 00061000 08:03 5905449                    /usr/lib/jvm/java-8-openjdk/jre/lib/amd64/libfontmanager.so
7f1e5035d000-7f1e50362000 r-xp 00000000 08:03 5264426                    /usr/lib/libXdmcp.so.6.0.0
7f1e50362000-7f1e50561000 ---p 00005000 08:03 5264426                    /usr/lib/libXdmcp.so.6.0.0
7f1e50561000-7f1e50562000 r--p 00004000 08:03 5264426                    /usr/lib/libXdmcp.so.6.0.0
7f1e50562000-7f1e50563000 rw-p 00005000 08:03 5264426                    /usr/lib/libXdmcp.so.6.0.0
7f1e50563000-7f1e50565000 r-xp 00000000 08:03 5264569                    /usr/lib/libXau.so.6.0.0
7f1e50565000-7f1e50765000 ---p 00002000 08:03 5264569                    /usr/lib/libXau.so.6.0.0
7f1e50765000-7f1e50766000 r--p 00002000 08:03 5264569                    /usr/lib/libXau.so.6.0.0
7f1e50766000-7f1e50767000 rw-p 00003000 08:03 5264569                    /usr/lib/libXau.so.6.0.0
7f1e50767000-7f1e5078f000 r-xp 00000000 08:03 5264668                    /usr/lib/libxcb.so.1.1.0
7f1e5078f000-7f1e5098e000 ---p 00028000 08:03 5264668                    /usr/lib/libxcb.so.1.1.0
7f1e5098e000-7f1e5098f000 r--p 00027000 08:03 5264668                    /usr/lib/libxcb.so.1.1.0
7f1e5098f000-7f1e50990000 rw-p 00028000 08:03 5264668                    /usr/lib/libxcb.so.1.1.0
7f1e50990000-7f1e5099f000 r-xp 00000000 08:03 5269325                    /usr/lib/libXi.so.6.1.0
7f1e5099f000-7f1e50b9e000 ---p 0000f000 08:03 5269325                    /usr/lib/libXi.so.6.1.0
7f1e50b9e000-7f1e50b9f000 r--p 0000e000 08:03 5269325                    /usr/lib/libXi.so.6.1.0
7f1e50b9f000-7f1e50ba0000 rw-p 0000f000 08:03 5269325                    /usr/lib/libXi.so.6.1.0
7f1e50ba0000-7f1e50ba5000 r-xp 00000000 08:03 5269506                    /usr/lib/libXtst.so.6.1.0
7f1e50ba5000-7f1e50da4000 ---p 00005000 08:03 5269506                    /usr/lib/libXtst.so.6.1.0
7f1e50da4000-7f1e50da5000 r--p 00004000 08:03 5269506                    /usr/lib/libXtst.so.6.1.0
7f1e50da5000-7f1e50da6000 rw-p 00005000 08:03 5269506                    /usr/lib/libXtst.so.6.1.0
7f1e50da6000-7f1e50daf000 r-xp 00000000 08:03 5268501                    /usr/lib/libXrender.so.1.3.0
7f1e50daf000-7f1e50fae000 ---p 00009000 08:03 5268501                    /usr/lib/libXrender.so.1.3.0
7f1e50fae000-7f1e50faf000 r--p 00008000 08:03 5268501                    /usr/lib/libXrender.so.1.3.0
7f1e50faf000-7f1e50fb0000 rw-p 00009000 08:03 5268501                    /usr/lib/libXrender.so.1.3.0
7f1e50fb0000-7f1e510eb000 r-xp 00000000 08:03 5266962                    /usr/lib/libX11.so.6.3.0
7f1e510eb000-7f1e512ea000 ---p 0013b000 08:03 5266962                    /usr/lib/libX11.so.6.3.0
7f1e512ea000-7f1e512ec000 r--p 0013a000 08:03 5266962                    /usr/lib/libX11.so.6.3.0
7f1e512ec000-7f1e512f1000 rw-p 0013c000 08:03 5266962                    /usr/lib/libX11.so.6.3.0
7f1e512f1000-7f1e512f2000 rw-p 00000000 00:00 0 
7f1e512f2000-7f1e51303000 r-xp 00000000 08:03 5268193                    /usr/lib/libXext.so.6.4.0
7f1e51303000-7f1e51502000 ---p 00011000 08:03 5268193                    /usr/lib/libXext.so.6.4.0
7f1e51502000-7f1e51503000 r--p 00010000 08:03 5268193                    /usr/lib/libXext.so.6.4.0
7f1e51503000-7f1e51504000 rw-p 00011000 08:03 5268193                    /usr/lib/libXext.so.6.4.0
7f1e51504000-7f1e51505000 rw-s cfd65000 00:06 16655                      /dev/nvidia0
7f1e51505000-7f1e51536000 rw-p 00000000 00:00 0 
7f1e51536000-7f1e51589000 r-xp 00000000 08:03 5905447                    /usr/lib/jvm/java-8-openjdk/jre/lib/amd64/libawt_xawt.so
7f1e51589000-7f1e51789000 ---p 00053000 08:03 5905447                    /usr/lib/jvm/java-8-openjdk/jre/lib/amd64/libawt_xawt.so
7f1e51789000-7f1e5178c000 rw-p 00053000 08:03 5905447                    /usr/lib/jvm/java-8-openjdk/jre/lib/amd64/libawt_xawt.so
7f1e5178c000-7f1e5178d000 rw-p 00000000 00:00 0 
7f1e5178d000-7f1e5182b000 r-xp 00000000 08:03 5905442                    /usr/lib/jvm/java-8-openjdk/jre/lib/amd64/libawt.so
7f1e5182b000-7f1e51a2b000 ---p 0009e000 08:03 5905442                    /usr/lib/jvm/java-8-openjdk/jre/lib/amd64/libawt.so
7f1e51a2b000-7f1e51a37000 rw-p 0009e000 08:03 5905442                    /usr/lib/jvm/java-8-openjdk/jre/lib/amd64/libawt.so
7f1e51a37000-7f1e51a5b000 rw-p 00000000 00:00 0 
7f1e51a5b000-7f1e51a7f000 r--s 0031e000 08:03 3279997                    /home/twittumz/Desktop/git/2DMapEditor/libs/jogl/jar/jogl-all.jar
7f1e51a7f000-7f1e51a80000 ---p 00000000 00:00 0 
7f1e51a80000-7f1e51b80000 rw-p 00000000 00:00 0 
7f1e51b80000-7f1e51b83000 ---p 00000000 00:00 0 
7f1e51b83000-7f1e51c81000 rw-p 00000000 00:00 0 
7f1e51c81000-7f1e51c84000 ---p 00000000 00:00 0 
7f1e51c84000-7f1e51d82000 rw-p 00000000 00:00 0 
7f1e51d82000-7f1e51d85000 ---p 00000000 00:00 0 
7f1e51d85000-7f1e51e83000 rw-p 00000000 00:00 0 
7f1e51e83000-7f1e51e86000 ---p 00000000 00:00 0 
7f1e51e86000-7f1e51f84000 rw-p 00000000 00:00 0 
7f1e51f84000-7f1e51f87000 ---p 00000000 00:00 0 
7f1e51f87000-7f1e52085000 rw-p 00000000 00:00 0 
7f1e52085000-7f1e52088000 ---p 00000000 00:00 0 
7f1e52088000-7f1e52186000 rw-p 00000000 00:00 0 
7f1e52186000-7f1e5231e000 r--p 00000000 08:03 5281274                    /usr/lib/locale/locale-archive
7f1e5231e000-7f1e52321000 ---p 00000000 00:00 0 
7f1e52321000-7f1e5241f000 rw-p 00000000 00:00 0 
7f1e5241f000-7f1e52422000 ---p 00000000 00:00 0 
7f1e52422000-7f1e52520000 rw-p 00000000 00:00 0 
7f1e52520000-7f1e52521000 ---p 00000000 00:00 0 
7f1e52521000-7f1e54000000 rw-p 00000000 00:00 0 
7f1e54000000-7f1e54021000 rw-p 00000000 00:00 0 
7f1e54021000-7f1e58000000 ---p 00000000 00:00 0 
7f1e58000000-7f1e58021000 rw-p 00000000 00:00 0 
7f1e58021000-7f1e5c000000 ---p 00000000 00:00 0 
7f1e5c000000-7f1e5c021000 rw-p 00000000 00:00 0 
7f1e5c021000-7f1e60000000 ---p 00000000 00:00 0 
7f1e60000000-7f1e60001000 rw-s 3e97b3000 00:06 15720                     /dev/nvidiactl
7f1e60001000-7f1e60002000 rw-s de060000 00:06 16655                      /dev/nvidia0
7f1e60002000-7f1e60003000 rw-s 6fd87000 00:06 15720                      /dev/nvidiactl
7f1e60003000-7f1e60013000 rw-s 00000000 08:03 3153262                    /home/twittumz/#3153262 (deleted)
7f1e60013000-7f1e61000000 rw-p 00000000 00:00 0 
7f1e61000000-7f1e61370000 rwxp 00000000 00:00 0 
7f1e61370000-7f1e70000000 ---p 00000000 00:00 0 
7f1e70000000-7f1e70a58000 rw-p 00000000 00:00 0 
7f1e70a58000-7f1e74000000 ---p 00000000 00:00 0 
7f1e74000000-7f1e74004000 rw-s 80065000 00:06 15720                      /dev/nvidiactl
7f1e74004000-7f1e74005000 rw-s cfd65000 00:06 16655                      /dev/nvidia0
7f1e74005000-7f1e74006000 rw-s cfd65000 00:06 16655                      /dev/nvidia0
7f1e74006000-7f1e74007000 rw-s cfd65000 00:06 16655                      /dev/nvidia0
7f1e74007000-7f1e74008000 rw-s 3daf0e000 00:06 15720                     /dev/nvidiactl
7f1e74008000-7f1e74018000 r-xs 00000000 08:03 3153262                    /home/twittumz/#3153262 (deleted)
7f1e74018000-7f1e7401a000 r--s 00000000 08:03 3279886                    /home/twittumz/Desktop/git/2DMapEditor/libs/jogl/jar/gluegen-rt-natives-linux-amd64.jar
7f1e7401a000-7f1e742ab000 rw-p 00000000 00:00 0 
7f1e742ab000-7f1e74478000 r--s 03bec000 08:03 5905403                    /usr/lib/jvm/java-8-openjdk/jre/lib/rt.jar
7f1e74478000-7f1e744ee000 rw-p 00000000 00:00 0 
7f1e744ee000-7f1e744ef000 ---p 00000000 00:00 0 
7f1e744ef000-7f1e745ef000 rw-p 00000000 00:00 0 
7f1e745ef000-7f1e745f0000 ---p 00000000 00:00 0 
7f1e745f0000-7f1e746f0000 rw-p 00000000 00:00 0 
7f1e746f0000-7f1e746f1000 ---p 00000000 00:00 0 
7f1e746f1000-7f1e747f1000 rw-p 00000000 00:00 0 
7f1e747f1000-7f1e747f2000 ---p 00000000 00:00 0 
7f1e747f2000-7f1e748f2000 rw-p 00000000 00:00 0 
7f1e748f2000-7f1e748f3000 ---p 00000000 00:00 0 
7f1e748f3000-7f1e749f3000 rw-p 00000000 00:00 0 
7f1e749f3000-7f1e749f4000 ---p 00000000 00:00 0 
7f1e749f4000-7f1e74af4000 rw-p 00000000 00:00 0 
7f1e74af4000-7f1e74af5000 ---p 00000000 00:00 0 
7f1e74af5000-7f1e74bf5000 rw-p 00000000 00:00 0 
7f1e74bf5000-7f1e74bf6000 ---p 00000000 00:00 0 
7f1e74bf6000-7f1e74d4a000 rw-p 00000000 00:00 0 
7f1e74d4a000-7f1e75229000 ---p 00000000 00:00 0 
7f1e75229000-7f1e7527d000 rw-p 00000000 00:00 0 
7f1e7527d000-7f1e7575b000 ---p 00000000 00:00 0 
7f1e7575b000-7f1e75786000 rw-p 00000000 00:00 0 
7f1e75786000-7f1e759f5000 ---p 00000000 00:00 0 
7f1e759f5000-7f1e75a04000 rw-p 00000000 00:00 0 
7f1e75a04000-7f1e75db6000 ---p 00000000 00:00 0 
7f1e75db6000-7f1e75dbe000 r-xp 00000000 08:03 5905430                    /usr/lib/jvm/java-8-openjdk/jre/lib/amd64/libzip.so
7f1e75dbe000-7f1e75fbd000 ---p 00008000 08:03 5905430                    /usr/lib/jvm/java-8-openjdk/jre/lib/amd64/libzip.so
7f1e75fbd000-7f1e75fbe000 rw-p 00007000 08:03 5905430                    /usr/lib/jvm/java-8-openjdk/jre/lib/amd64/libzip.so
7f1e75fbe000-7f1e75fc9000 r-xp 00000000 08:03 5246155                    /usr/lib/libnss_files-2.23.so
7f1e75fc9000-7f1e761c8000 ---p 0000b000 08:03 5246155                    /usr/lib/libnss_files-2.23.so
7f1e761c8000-7f1e761c9000 r--p 0000a000 08:03 5246155                    /usr/lib/libnss_files-2.23.so
7f1e761c9000-7f1e761ca000 rw-p 0000b000 08:03 5246155                    /usr/lib/libnss_files-2.23.so
7f1e761ca000-7f1e761d0000 rw-p 00000000 00:00 0 
7f1e761d0000-7f1e761fc000 r-xp 00000000 08:03 5905429                    /usr/lib/jvm/java-8-openjdk/jre/lib/amd64/libjava.so
7f1e761fc000-7f1e763fc000 ---p 0002c000 08:03 5905429                    /usr/lib/jvm/java-8-openjdk/jre/lib/amd64/libjava.so
7f1e763fc000-7f1e763fe000 rw-p 0002c000 08:03 5905429                    /usr/lib/jvm/java-8-openjdk/jre/lib/amd64/libjava.so
7f1e763fe000-7f1e7640b000 r-xp 00000000 08:03 5905422                    /usr/lib/jvm/java-8-openjdk/jre/lib/amd64/libverify.so
7f1e7640b000-7f1e7660a000 ---p 0000d000 08:03 5905422                    /usr/lib/jvm/java-8-openjdk/jre/lib/amd64/libverify.so
7f1e7660a000-7f1e7660c000 rw-p 0000c000 08:03 5905422                    /usr/lib/jvm/java-8-openjdk/jre/lib/amd64/libverify.so
7f1e7660c000-7f1e76613000 r-xp 00000000 08:03 5246163                    /usr/lib/librt-2.23.so
7f1e76613000-7f1e76812000 ---p 00007000 08:03 5246163                    /usr/lib/librt-2.23.so
7f1e76812000-7f1e76813000 r--p 00006000 08:03 5246163                    /usr/lib/librt-2.23.so
7f1e76813000-7f1e76814000 rw-p 00007000 08:03 5246163                    /usr/lib/librt-2.23.so
7f1e76814000-7f1e76917000 r-xp 00000000 08:03 5246160                    /usr/lib/libm-2.23.so
7f1e76917000-7f1e76b16000 ---p 00103000 08:03 5246160                    /usr/lib/libm-2.23.so
7f1e76b16000-7f1e76b17000 r--p 00102000 08:03 5246160                    /usr/lib/libm-2.23.so
7f1e76b17000-7f1e76b18000 rw-p 00103000 08:03 5246160                    /usr/lib/libm-2.23.so
7f1e76b18000-7f1e7776d000 r-xp 00000000 08:03 6170591                    /usr/lib/jvm/java-8-openjdk/jre/lib/amd64/server/libjvm.so
7f1e7776d000-7f1e7796d000 ---p 00c55000 08:03 6170591                    /usr/lib/jvm/java-8-openjdk/jre/lib/amd64/server/libjvm.so
7f1e7796d000-7f1e77a29000 rw-p 00c55000 08:03 6170591                    /usr/lib/jvm/java-8-openjdk/jre/lib/amd64/server/libjvm.so
7f1e77a29000-7f1e77a59000 rw-p 00000000 00:00 0 
7f1e77a59000-7f1e77bf0000 r-xp 00000000 08:03 5246102                    /usr/lib/libc-2.23.so
7f1e77bf0000-7f1e77df0000 ---p 00197000 08:03 5246102                    /usr/lib/libc-2.23.so
7f1e77df0000-7f1e77df4000 r--p 00197000 08:03 5246102                    /usr/lib/libc-2.23.so
7f1e77df4000-7f1e77df6000 rw-p 0019b000 08:03 5246102                    /usr/lib/libc-2.23.so
7f1e77df6000-7f1e77dfa000 rw-p 00000000 00:00 0 
7f1e77dfa000-7f1e77dfc000 r-xp 00000000 08:03 5246159                    /usr/lib/libdl-2.23.so
7f1e77dfc000-7f1e77ffc000 ---p 00002000 08:03 5246159                    /usr/lib/libdl-2.23.so
7f1e77ffc000-7f1e77ffd000 r--p 00002000 08:03 5246159                    /usr/lib/libdl-2.23.so
7f1e77ffd000-7f1e77ffe000 rw-p 00003000 08:03 5246159                    /usr/lib/libdl-2.23.so
7f1e77ffe000-7f1e7800b000 r-xp 00000000 08:03 6170588                    /usr/lib/jvm/java-8-openjdk/jre/lib/amd64/jli/libjli.so
7f1e7800b000-7f1e7820a000 ---p 0000d000 08:03 6170588                    /usr/lib/jvm/java-8-openjdk/jre/lib/amd64/jli/libjli.so
7f1e7820a000-7f1e7820b000 rw-p 0000c000 08:03 6170588                    /usr/lib/jvm/java-8-openjdk/jre/lib/amd64/jli/libjli.so
7f1e7820b000-7f1e78220000 r-xp 00000000 08:03 5253324                    /usr/lib/libz.so.1.2.8
7f1e78220000-7f1e7841f000 ---p 00015000 08:03 5253324                    /usr/lib/libz.so.1.2.8
7f1e7841f000-7f1e78420000 r--p 00014000 08:03 5253324                    /usr/lib/libz.so.1.2.8
7f1e78420000-7f1e78421000 rw-p 00015000 08:03 5253324                    /usr/lib/libz.so.1.2.8
7f1e78421000-7f1e78439000 r-xp 00000000 08:03 5246083                    /usr/lib/libpthread-2.23.so
7f1e78439000-7f1e78638000 ---p 00018000 08:03 5246083                    /usr/lib/libpthread-2.23.so
7f1e78638000-7f1e78639000 r--p 00017000 08:03 5246083                    /usr/lib/libpthread-2.23.so
7f1e78639000-7f1e7863a000 rw-p 00018000 08:03 5246083                    /usr/lib/libpthread-2.23.so
7f1e7863a000-7f1e7863e000 rw-p 00000000 00:00 0 
7f1e7863e000-7f1e78661000 r-xp 00000000 08:03 5246101                    /usr/lib/ld-2.23.so
7f1e78661000-7f1e78662000 r--s 00036000 08:03 3279976                    /home/twittumz/Desktop/git/2DMapEditor/libs/jogl/jar/jogl-all-natives-linux-amd64.jar
7f1e78662000-7f1e78663000 r--p 00000000 00:00 0 
7f1e78663000-7f1e78667000 r--s 00097000 08:03 5905401                    /usr/lib/jvm/java-8-openjdk/jre/lib/jsse.jar
7f1e78667000-7f1e7867a000 r--s 00345000 08:03 5905402                    /usr/lib/jvm/java-8-openjdk/jre/lib/resources.jar
7f1e7867a000-7f1e78680000 r--s 0004f000 08:03 3279895                    /home/twittumz/Desktop/git/2DMapEditor/libs/jogl/jar/gluegen-rt.jar
7f1e78680000-7f1e78729000 rw-p 00000000 00:00 0 
7f1e78729000-7f1e7872c000 ---p 00000000 00:00 0 
7f1e7872c000-7f1e78856000 rw-p 00000000 00:00 0 
7f1e78856000-7f1e7885e000 rw-s 00000000 00:23 165514                     /tmp/hsperfdata_twittumz/25879
7f1e7885e000-7f1e7885f000 rw-p 00000000 00:00 0 
7f1e7885f000-7f1e78860000 r--p 00000000 00:00 0 
7f1e78860000-7f1e78861000 rw-p 00000000 00:00 0 
7f1e78861000-7f1e78862000 r--p 00023000 08:03 5246101                    /usr/lib/ld-2.23.so
7f1e78862000-7f1e78863000 rw-p 00024000 08:03 5246101                    /usr/lib/ld-2.23.so
7f1e78863000-7f1e78864000 rw-p 00000000 00:00 0 
7fffb83ce000-7fffb83ef000 rw-p 00000000 00:00 0                          [stack]
7fffb83f2000-7fffb83f5000 r--p 00000000 00:00 0                          [vvar]
7fffb83f5000-7fffb83f7000 r-xp 00000000 00:00 0                          [vdso]
ffffffffff600000-ffffffffff601000 r-xp 00000000 00:00 0                  [vsyscall]

VM Arguments:
jvm_args: -Dfile.encoding=UTF-8 
java_command: Editor.Main
java_class_path (initial): /home/twittumz/Desktop/git/2DMapEditor/2dMapEditor/bin:/home/twittumz/Desktop/git/2DMapEditor/libs/jogl/jar/gluegen-rt.jar:/home/twittumz/Desktop/git/2DMapEditor/libs/jogl/jar/jogl-all.jar
Launcher Type: SUN_STANDARD

Environment Variables:
PATH=/usr/local/sbin:/usr/local/bin:/usr/bin:/usr/lib/jvm/default/bin:/usr/bin/site_perl:/usr/bin/vendor_perl:/usr/bin/core_perl
USERNAME=twittumz
SHELL=/bin/bash
DISPLAY=:1

Signal Handlers:
SIGSEGV: [libjvm.so+0xa5a220], sa_mask[0]=11111111011111111101111111111110, sa_flags=SA_RESTART|SA_SIGINFO
SIGBUS: [libjvm.so+0xa5a220], sa_mask[0]=11111111011111111101111111111110, sa_flags=SA_RESTART|SA_SIGINFO
SIGFPE: [libjvm.so+0x8a5a90], sa_mask[0]=11111111011111111101111111111110, sa_flags=SA_RESTART|SA_SIGINFO
SIGPIPE: [libjvm.so+0x8a5a90], sa_mask[0]=11111111011111111101111111111110, sa_flags=SA_RESTART|SA_SIGINFO
SIGXFSZ: [libjvm.so+0x8a5a90], sa_mask[0]=11111111011111111101111111111110, sa_flags=SA_RESTART|SA_SIGINFO
SIGILL: [libjvm.so+0x8a5a90], sa_mask[0]=11111111011111111101111111111110, sa_flags=SA_RESTART|SA_SIGINFO
SIGUSR1: SIG_DFL, sa_mask[0]=00000000000000000000000000000000, sa_flags=none
SIGUSR2: [libjvm.so+0x8a5940], sa_mask[0]=00100000000000000000000000000000, sa_flags=SA_RESTART|SA_SIGINFO
SIGHUP: [libjvm.so+0x8a5e10], sa_mask[0]=11111111011111111101111111111110, sa_flags=SA_RESTART|SA_SIGINFO
SIGINT: [libjvm.so+0x8a5e10], sa_mask[0]=11111111011111111101111111111110, sa_flags=SA_RESTART|SA_SIGINFO
SIGTERM: [libjvm.so+0x8a5e10], sa_mask[0]=11111111011111111101111111111110, sa_flags=SA_RESTART|SA_SIGINFO
SIGQUIT: [libjvm.so+0x8a5e10], sa_mask[0]=11111111011111111101111111111110, sa_flags=SA_RESTART|SA_SIGINFO


---------------  S Y S T E M  ---------------

OS:NAME="Arch Linux"
ID=arch
PRETTY_NAME="Arch Linux"
ANSI_COLOR="0;36"
HOME_URL="https://www.archlinux.org/"
SUPPORT_URL="https://bbs.archlinux.org/"
BUG_REPORT_URL="https://bugs.archlinux.org/"


uname:Linux 4.6.3-1-ARCH #1 SMP PREEMPT Fri Jun 24 21:19:13 CEST 2016 x86_64
libc:glibc 2.23 NPTL 2.23 
rlimit: STACK 8192k, CORE infinity, NPROC 63849, NOFILE 4096, AS infinity
load average:0.79 0.57 0.58

/proc/meminfo:
MemTotal:       16350744 kB
MemFree:        11736876 kB
MemAvailable:   12979428 kB
Buffers:           86488 kB
Cached:          1393000 kB
SwapCached:            0 kB
Active:          3425816 kB
Inactive:         834036 kB
Active(anon):    2781600 kB
Inactive(anon):    32004 kB
Active(file):     644216 kB
Inactive(file):   802032 kB
Unevictable:          16 kB
Mlocked:              16 kB
SwapTotal:       4191228 kB
SwapFree:        4191228 kB
Dirty:               452 kB
Writeback:             0 kB
AnonPages:       2440156 kB
Mapped:           405192 kB
Shmem:             33240 kB
Slab:             149804 kB
SReclaimable:     107272 kB
SUnreclaim:        42532 kB
KernelStack:       10256 kB
PageTables:        32520 kB
NFS_Unstable:          0 kB
Bounce:                0 kB
WritebackTmp:          0 kB
CommitLimit:    12366600 kB
Committed_AS:    6310660 kB
VmallocTotal:   34359738367 kB
VmallocUsed:           0 kB
VmallocChunk:          0 kB
HardwareCorrupted:     0 kB
AnonHugePages:   1146880 kB
HugePages_Total:       0
HugePages_Free:        0
HugePages_Rsvd:        0
HugePages_Surp:        0
Hugepagesize:       2048 kB
DirectMap4k:      275932 kB
DirectMap2M:     6977536 kB
DirectMap1G:     9437184 kB


CPU:total 8 (4 cores per cpu, 2 threads per core) family 6 model 94 stepping 3, cmov, cx8, fxsr, mmx, sse, sse2, sse3, ssse3, sse4.1, sse4.2, popcnt, avx, avx2, aes, clmul, erms, rtm, 3dnowpref, lzcnt, ht, tsc, tscinvbit, bmi1, bmi2, adx

/proc/cpuinfo:
processor	: 0
vendor_id	: GenuineIntel
cpu family	: 6
model		: 94
model name	: Intel(R) Core(TM) i7-6700K CPU @ 4.00GHz
stepping	: 3
microcode	: 0x6a
cpu MHz		: 4130.468
cache size	: 8192 KB
physical id	: 0
siblings	: 8
core id		: 0
cpu cores	: 4
apicid		: 0
initial apicid	: 0
fpu		: yes
fpu_exception	: yes
cpuid level	: 22
wp		: yes
flags		: fpu vme de pse tsc msr pae mce cx8 apic sep mtrr pge mca cmov pat pse36 clflush dts acpi mmx fxsr sse sse2 ss ht tm pbe syscall nx pdpe1gb rdtscp lm constant_tsc art arch_perfmon pebs bts rep_good nopl xtopology nonstop_tsc aperfmperf eagerfpu pni pclmulqdq dtes64 monitor ds_cpl vmx est tm2 ssse3 sdbg fma cx16 xtpr pdcm pcid sse4_1 sse4_2 x2apic movbe popcnt tsc_deadline_timer aes xsave avx f16c rdrand lahf_lm abm 3dnowprefetch epb intel_pt tpr_shadow vnmi flexpriority ept vpid fsgsbase tsc_adjust bmi1 hle avx2 smep bmi2 erms invpcid rtm mpx rdseed adx smap clflushopt xsaveopt xsavec xgetbv1 dtherm ida arat pln pts hwp hwp_notify hwp_act_window hwp_epp
bugs		:
bogomips	: 8019.75
clflush size	: 64
cache_alignment	: 64
address sizes	: 39 bits physical, 48 bits virtual
power management:

processor	: 1
vendor_id	: GenuineIntel
cpu family	: 6
model		: 94
model name	: Intel(R) Core(TM) i7-6700K CPU @ 4.00GHz
stepping	: 3
microcode	: 0x6a
cpu MHz		: 4150.000
cache size	: 8192 KB
physical id	: 0
siblings	: 8
core id		: 1
cpu cores	: 4
apicid		: 2
initial apicid	: 2
fpu		: yes
fpu_exception	: yes
cpuid level	: 22
wp		: yes
flags		: fpu vme de pse tsc msr pae mce cx8 apic sep mtrr pge mca cmov pat pse36 clflush dts acpi mmx fxsr sse sse2 ss ht tm pbe syscall nx pdpe1gb rdtscp lm constant_tsc art arch_perfmon pebs bts rep_good nopl xtopology nonstop_tsc aperfmperf eagerfpu pni pclmulqdq dtes64 monitor ds_cpl vmx est tm2 ssse3 sdbg fma cx16 xtpr pdcm pcid sse4_1 sse4_2 x2apic movbe popcnt tsc_deadline_timer aes xsave avx f16c rdrand lahf_lm abm 3dnowprefetch epb intel_pt tpr_shadow vnmi flexpriority ept vpid fsgsbase tsc_adjust bmi1 hle avx2 smep bmi2 erms invpcid rtm mpx rdseed adx smap clflushopt xsaveopt xsavec xgetbv1 dtherm ida arat pln pts hwp hwp_notify hwp_act_window hwp_epp
bugs		:
bogomips	: 8020.83
clflush size	: 64
cache_alignment	: 64
address sizes	: 39 bits physical, 48 bits virtual
power management:

processor	: 2
vendor_id	: GenuineIntel
cpu family	: 6
model		: 94
model name	: Intel(R) Core(TM) i7-6700K CPU @ 4.00GHz
stepping	: 3
microcode	: 0x6a
cpu MHz		: 4179.062
cache size	: 8192 KB
physical id	: 0
siblings	: 8
core id		: 2
cpu cores	: 4
apicid		: 4
initial apicid	: 4
fpu		: yes
fpu_exception	: yes
cpuid level	: 22
wp		: yes
flags		: fpu vme de pse tsc msr pae mce cx8 apic sep mtrr pge mca cmov pat pse36 clflush dts acpi mmx fxsr sse sse2 ss ht tm pbe syscall nx pdpe1gb rdtscp lm constant_tsc art arch_perfmon pebs bts rep_good nopl xtopology nonstop_tsc aperfmperf eagerfpu pni pclmulqdq dtes64 monitor ds_cpl vmx est tm2 ssse3 sdbg fma cx16 xtpr pdcm pcid sse4_1 sse4_2 x2apic movbe popcnt tsc_deadline_timer aes xsave avx f16c rdrand lahf_lm abm 3dnowprefetch epb intel_pt tpr_shadow vnmi flexpriority ept vpid fsgsbase tsc_adjust bmi1 hle avx2 smep bmi2 erms invpcid rtm mpx rdseed adx smap clflushopt xsaveopt xsavec xgetbv1 dtherm ida arat pln pts hwp hwp_notify hwp_act_window hwp_epp
bugs		:
bogomips	: 8021.89
clflush size	: 64
cache_alignment	: 64
address sizes	: 39 bits physical, 48 bits virtual
power management:

processor	: 3
vendor_id	: GenuineIntel
cpu family	: 6
model		: 94
model name	: Intel(R) Core(TM) i7-6700K CPU @ 4.00GHz
stepping	: 3
microcode	: 0x6a
cpu MHz		: 4218.281
cache size	: 8192 KB
physical id	: 0
siblings	: 8
core id		: 3
cpu cores	: 4
apicid		: 6
initial apicid	: 6
fpu		: yes
fpu_exception	: yes
cpuid level	: 22
wp		: yes
flags		: fpu vme de pse tsc msr pae mce cx8 apic sep mtrr pge mca cmov pat pse36 clflush dts acpi mmx fxsr sse sse2 ss ht tm pbe syscall nx pdpe1gb rdtscp lm constant_tsc art arch_perfmon pebs bts rep_good nopl xtopology nonstop_tsc aperfmperf eagerfpu pni pclmulqdq dtes64 monitor ds_cpl vmx est tm2 ssse3 sdbg fma cx16 xtpr pdcm pcid sse4_1 sse4_2 x2apic movbe popcnt tsc_deadline_timer aes xsave avx f16c rdrand lahf_lm abm 3dnowprefetch epb intel_pt tpr_shadow vnmi flexpriority ept vpid fsgsbase tsc_adjust bmi1 hle avx2 smep bmi2 erms invpcid rtm mpx rdseed adx smap clflushopt xsaveopt xsavec xgetbv1 dtherm ida arat pln pts hwp hwp_notify hwp_act_window hwp_epp
bugs		:
bogomips	: 8021.88
clflush size	: 64
cache_alignment	: 64
address sizes	: 39 bits physical, 48 bits virtual
power management:

processor	: 4
vendor_id	: GenuineIntel
cpu family	: 6
model		: 94
model name	: Intel(R) Core(TM) i7-6700K CPU @ 4.00GHz
stepping	: 3
microcode	: 0x6a
cpu MHz		: 4135.468
cache size	: 8192 KB
physical id	: 0
siblings	: 8
core id		: 0
cpu cores	: 4
apicid		: 1
initial apicid	: 1
fpu		: yes
fpu_exception	: yes
cpuid level	: 22
wp		: yes
flags		: fpu vme de pse tsc msr pae mce cx8 apic sep mtrr pge mca cmov pat pse36 clflush dts acpi mmx fxsr sse sse2 ss ht tm pbe syscall nx pdpe1gb rdtscp lm constant_tsc art arch_perfmon pebs bts rep_good nopl xtopology nonstop_tsc aperfmperf eagerfpu pni pclmulqdq dtes64 monitor ds_cpl vmx est tm2 ssse3 sdbg fma cx16 xtpr pdcm pcid sse4_1 sse4_2 x2apic movbe popcnt tsc_deadline_timer aes xsave avx f16c rdrand lahf_lm abm 3dnowprefetch epb intel_pt tpr_shadow vnmi flexpriority ept vpid fsgsbase tsc_adjust bmi1 hle avx2 smep bmi2 erms invpcid rtm mpx rdseed adx smap clflushopt xsaveopt xsavec xgetbv1 dtherm ida arat pln pts hwp hwp_notify hwp_act_window hwp_epp
bugs		:
bogomips	: 8021.32
clflush size	: 64
cache_alignment	: 64
address sizes	: 39 bits physical, 48 bits virtual
power management:

processor	: 5
vendor_id	: GenuineIntel
cpu family	: 6
model		: 94
model name	: Intel(R) Core(TM) i7-6700K CPU @ 4.00GHz
stepping	: 3
microcode	: 0x6a
cpu MHz		: 4101.406
cache size	: 8192 KB
physical id	: 0
siblings	: 8
core id		: 1
cpu cores	: 4
apicid		: 3
initial apicid	: 3
fpu		: yes
fpu_exception	: yes
cpuid level	: 22
wp		: yes
flags		: fpu vme de pse tsc msr pae mce cx8 apic sep mtrr pge mca cmov pat pse36 clflush dts acpi mmx fxsr sse sse2 ss ht tm pbe syscall nx pdpe1gb rdtscp lm constant_tsc art arch_perfmon pebs bts rep_good nopl xtopology nonstop_tsc aperfmperf eagerfpu pni pclmulqdq dtes64 monitor ds_cpl vmx est tm2 ssse3 sdbg fma cx16 xtpr pdcm pcid sse4_1 sse4_2 x2apic movbe popcnt tsc_deadline_timer aes xsave avx f16c rdrand lahf_lm abm 3dnowprefetch epb intel_pt tpr_shadow vnmi flexpriority ept vpid fsgsbase tsc_adjust bmi1 hle avx2 smep bmi2 erms invpcid rtm mpx rdseed adx smap clflushopt xsaveopt xsavec xgetbv1 dtherm ida arat pln pts hwp hwp_notify hwp_act_window hwp_epp
bugs		:
bogomips	: 8021.93
clflush size	: 64
cache_alignment	: 64
address sizes	: 39 bits physical, 48 bits virtual
power management:

processor	: 6
vendor_id	: GenuineIntel
cpu family	: 6
model		: 94
model name	: Intel(R) Core(TM) i7-6700K CPU @ 4.00GHz
stepping	: 3
microcode	: 0x6a
cpu MHz		: 4102.968
cache size	: 8192 KB
physical id	: 0
siblings	: 8
core id		: 2
cpu cores	: 4
apicid		: 5
initial apicid	: 5
fpu		: yes
fpu_exception	: yes
cpuid level	: 22
wp		: yes
flags		: fpu vme de pse tsc msr pae mce cx8 apic sep mtrr pge mca cmov pat pse36 clflush dts acpi mmx fxsr sse sse2 ss ht tm pbe syscall nx pdpe1gb rdtscp lm constant_tsc art arch_perfmon pebs bts rep_good nopl xtopology nonstop_tsc aperfmperf eagerfpu pni pclmulqdq dtes64 monitor ds_cpl vmx est tm2 ssse3 sdbg fma cx16 xtpr pdcm pcid sse4_1 sse4_2 x2apic movbe popcnt tsc_deadline_timer aes xsave avx f16c rdrand lahf_lm abm 3dnowprefetch epb intel_pt tpr_shadow vnmi flexpriority ept vpid fsgsbase tsc_adjust bmi1 hle avx2 smep bmi2 erms invpcid rtm mpx rdseed adx smap clflushopt xsaveopt xsavec xgetbv1 dtherm ida arat pln pts hwp hwp_notify hwp_act_window hwp_epp
bugs		:
bogomips	: 8021.92
clflush size	: 64
cache_alignment	: 64
address sizes	: 39 bits physical, 48 bits virtual
power management:

processor	: 7
vendor_id	: GenuineIntel
cpu family	: 6
model		: 94
model name	: Intel(R) Core(TM) i7-6700K CPU @ 4.00GHz
stepping	: 3
microcode	: 0x6a
cpu MHz		: 4203.750
cache size	: 8192 KB
physical id	: 0
siblings	: 8
core id		: 3
cpu cores	: 4
apicid		: 7
initial apicid	: 7
fpu		: yes
fpu_exception	: yes
cpuid level	: 22
wp		: yes
flags		: fpu vme de pse tsc msr pae mce cx8 apic sep mtrr pge mca cmov pat pse36 clflush dts acpi mmx fxsr sse sse2 ss ht tm pbe syscall nx pdpe1gb rdtscp lm constant_tsc art arch_perfmon pebs bts rep_good nopl xtopology nonstop_tsc aperfmperf eagerfpu pni pclmulqdq dtes64 monitor ds_cpl vmx est tm2 ssse3 sdbg fma cx16 xtpr pdcm pcid sse4_1 sse4_2 x2apic movbe popcnt tsc_deadline_timer aes xsave avx f16c rdrand lahf_lm abm 3dnowprefetch epb intel_pt tpr_shadow vnmi flexpriority ept vpid fsgsbase tsc_adjust bmi1 hle avx2 smep bmi2 erms invpcid rtm mpx rdseed adx smap clflushopt xsaveopt xsavec xgetbv1 dtherm ida arat pln pts hwp hwp_notify hwp_act_window hwp_epp
bugs		:
bogomips	: 8021.93
clflush size	: 64
cache_alignment	: 64
address sizes	: 39 bits physical, 48 bits virtual
power management:



Memory: 4k page, physical 16350744k(11736876k free), swap 4191228k(4191228k free)

vm_info: OpenJDK 64-Bit Server VM (25.92-b14) for linux-amd64 JRE (1.8.0_92-b14), built on Apr 24 2016 15:02:36 by "builduser" with gcc 5.3.0

time: Sat Jul 30 21:20:16 2016
elapsed time: 1 seconds (0d 0h 0m 1s)

